INFO:root:Namespace(m='wvgg9k4', d='cifar10', s=2, R=100, K=5, M=10, P=10, partition='exdir', alpha=[2, 10.0], optim='sgd', lr=0.1, lr_decay=1.0, momentum=0.0, weight_decay=0.0001, global_lr=1.0, batch_size=20, seed=1234, clip=10, log='Log', eval_num=100, tail_eval_num=0, device=0, save_model=0, start_round=0, case=2)
INFO:root:record_name: FedAvg-VI2_M10_P10_K5_R100_wvgg9k4_cifar10_exdir2,10.0_sgd0.1,1.0,0.0,0.0001_b20_seed1234_clip10
INFO:root:VGG(
  (features): Sequential(
    (0): Conv2d(3, 32, kernel_size=(3, 3), stride=(1, 1), padding=(1, 1))
    (1): ReLU(inplace=True)
    (2): MaxPool2d(kernel_size=2, stride=2, padding=0, dilation=1, ceil_mode=False)
    (3): Conv2d(32, 64, kernel_size=(3, 3), stride=(1, 1), padding=(1, 1))
    (4): ReLU(inplace=True)
    (5): MaxPool2d(kernel_size=2, stride=2, padding=0, dilation=1, ceil_mode=False)
    (6): Conv2d(64, 128, kernel_size=(3, 3), stride=(1, 1), padding=(1, 1))
    (7): ReLU(inplace=True)
    (8): Conv2d(128, 128, kernel_size=(3, 3), stride=(1, 1), padding=(1, 1))
    (9): ReLU(inplace=True)
    (10): MaxPool2d(kernel_size=2, stride=2, padding=0, dilation=1, ceil_mode=False)
    (11): Conv2d(128, 256, kernel_size=(3, 3), stride=(1, 1), padding=(1, 1))
    (12): ReLU(inplace=True)
    (13): Conv2d(256, 256, kernel_size=(3, 3), stride=(1, 1), padding=(1, 1))
    (14): ReLU(inplace=True)
    (15): MaxPool2d(kernel_size=2, stride=2, padding=0, dilation=1, ceil_mode=False)
    (16): Conv2d(256, 256, kernel_size=(3, 3), stride=(1, 1), padding=(1, 1))
    (17): ReLU(inplace=True)
    (18): Conv2d(256, 256, kernel_size=(3, 3), stride=(1, 1), padding=(1, 1))
    (19): ReLU(inplace=True)
    (20): MaxPool2d(kernel_size=2, stride=2, padding=0, dilation=1, ceil_mode=False)
  )
  (avgpool): AdaptiveAvgPool2d(output_size=(1, 1))
  (flatten): Flatten(start_dim=1, end_dim=-1)
  (classifier): Linear(in_features=256, out_features=10, bias=True)
)
INFO:root:Before reset: [0.02, 0.60, 1.92, 0.00, 0.00]
INFO:root:Round 1's server1 train acc:  10.00%, train loss: 2.3061
INFO:root:After inference1: [0.00, 0.00, 0.00, 0.22, 0.91]
INFO:root:Round 1's server  test  acc:  10.00%, test  loss: 2.3060
INFO:root:After inference2: [0.01, 0.13, 0.36, 0.22, 1.10]
INFO:root:Round 2's server1 train acc:  10.00%, train loss: 2.3381
INFO:root:After inference1: [0.01, 0.13, 0.36, 0.28, 1.91]
INFO:root:Round 2's server  test  acc:  10.00%, test  loss: 2.3380
INFO:root:After inference2: [0.01, 0.26, 0.72, 0.28, 2.09]
INFO:root:Round 3's server1 train acc:  10.49%, train loss: 2.3299
INFO:root:After inference1: [0.02, 0.26, 0.73, 0.33, 2.90]
INFO:root:Round 3's server  test  acc:  10.62%, test  loss: 2.3301
INFO:root:After inference2: [0.02, 0.39, 1.09, 0.33, 3.08]
INFO:root:Round 4's server1 train acc:   9.99%, train loss: 2.3204
INFO:root:After inference1: [0.02, 0.39, 1.09, 0.39, 3.89]
INFO:root:Round 4's server  test  acc:   9.99%, test  loss: 2.3204
INFO:root:After inference2: [0.03, 0.52, 1.45, 0.39, 4.08]
INFO:root:Round 5's server1 train acc:  10.00%, train loss: 2.4121
INFO:root:After inference1: [0.03, 0.52, 1.45, 0.45, 4.88]
INFO:root:Round 5's server  test  acc:  10.00%, test  loss: 2.4119
INFO:root:After inference2: [0.03, 0.64, 1.81, 0.45, 5.07]
INFO:root:Round 6's server1 train acc:  10.00%, train loss: 2.3625
INFO:root:After inference1: [0.04, 0.64, 1.82, 0.50, 5.87]
INFO:root:Round 6's server  test  acc:  10.00%, test  loss: 2.3626
INFO:root:After inference2: [0.04, 0.78, 2.18, 0.50, 6.06]
INFO:root:Round 7's server1 train acc:  10.11%, train loss: 2.3536
INFO:root:After inference1: [0.04, 0.78, 2.18, 0.56, 6.87]
INFO:root:Round 7's server  test  acc:  10.08%, test  loss: 2.3535
INFO:root:After inference2: [0.04, 0.91, 2.55, 0.56, 7.06]
INFO:root:Round 8's server1 train acc:  10.00%, train loss: 2.3453
INFO:root:After inference1: [0.05, 0.91, 2.55, 0.62, 7.86]
INFO:root:Round 8's server  test  acc:  10.00%, test  loss: 2.3451
INFO:root:After inference2: [0.05, 1.03, 2.91, 0.62, 8.05]
INFO:root:Round 9's server1 train acc:  10.00%, train loss: 2.3175
INFO:root:After inference1: [0.05, 1.03, 2.91, 0.67, 8.86]
INFO:root:Round 9's server  test  acc:  10.00%, test  loss: 2.3173
INFO:root:After inference2: [0.06, 1.16, 3.27, 0.67, 9.05]
INFO:root:Round 10's server1 train acc:  10.00%, train loss: 2.3067
INFO:root:After inference1: [0.06, 1.16, 3.28, 0.73, 9.85]
INFO:root:Round 10's server  test  acc:  10.00%, test  loss: 2.3067
INFO:root:After inference2: [0.06, 1.29, 3.64, 0.73, 10.04]
INFO:root:Round 11's server1 train acc:  10.00%, train loss: 2.3368
INFO:root:After inference1: [0.07, 1.29, 3.64, 0.79, 10.85]
INFO:root:Round 11's server  test  acc:  10.00%, test  loss: 2.3368
INFO:root:After inference2: [0.07, 1.42, 4.01, 0.79, 11.04]
INFO:root:Round 12's server1 train acc:  10.00%, train loss: 2.3113
INFO:root:After inference1: [0.07, 1.42, 4.01, 0.84, 11.84]
INFO:root:Round 12's server  test  acc:  10.00%, test  loss: 2.3115
INFO:root:After inference2: [0.08, 1.55, 4.37, 0.84, 12.03]
INFO:root:Round 13's server1 train acc:  10.00%, train loss: 2.3040
INFO:root:After inference1: [0.08, 1.55, 4.37, 0.90, 12.84]
INFO:root:Round 13's server  test  acc:  10.00%, test  loss: 2.3041
INFO:root:After inference2: [0.08, 1.68, 4.73, 0.90, 13.03]
INFO:root:Round 14's server1 train acc:  10.00%, train loss: 2.3384
INFO:root:After inference1: [0.08, 1.68, 4.74, 0.96, 13.83]
INFO:root:Round 14's server  test  acc:  10.00%, test  loss: 2.3388
INFO:root:After inference2: [0.09, 1.81, 5.10, 0.96, 14.02]
INFO:root:Round 15's server1 train acc:  10.09%, train loss: 2.3084
INFO:root:After inference1: [0.09, 1.81, 5.10, 1.01, 14.83]
INFO:root:Round 15's server  test  acc:  10.06%, test  loss: 2.3086
INFO:root:After inference2: [0.09, 1.94, 5.47, 1.01, 15.01]
INFO:root:Round 16's server1 train acc:  10.00%, train loss: 2.3538
INFO:root:After inference1: [0.10, 1.94, 5.47, 1.06, 15.82]
INFO:root:Round 16's server  test  acc:  10.00%, test  loss: 2.3543
INFO:root:After inference2: [0.10, 2.07, 5.83, 1.06, 16.01]
INFO:root:Round 17's server1 train acc:  10.00%, train loss: 2.3255
INFO:root:After inference1: [0.10, 2.07, 5.83, 1.12, 16.81]
INFO:root:Round 17's server  test  acc:  10.00%, test  loss: 2.3258
INFO:root:After inference2: [0.11, 2.20, 6.19, 1.12, 17.00]
INFO:root:Round 18's server1 train acc:  10.89%, train loss: 2.3271
INFO:root:After inference1: [0.11, 2.20, 6.20, 1.18, 17.81]
INFO:root:Round 18's server  test  acc:  10.69%, test  loss: 2.3275
INFO:root:After inference2: [0.11, 2.33, 6.56, 1.18, 18.00]
INFO:root:Round 19's server1 train acc:  10.93%, train loss: 2.3413
INFO:root:After inference1: [0.11, 2.33, 6.56, 1.23, 18.80]
INFO:root:Round 19's server  test  acc:  10.97%, test  loss: 2.3416
INFO:root:After inference2: [0.12, 2.46, 6.93, 1.23, 18.99]
INFO:root:Round 20's server1 train acc:  11.10%, train loss: 2.2927
INFO:root:After inference1: [0.12, 2.46, 6.93, 1.29, 19.80]
INFO:root:Round 20's server  test  acc:  11.42%, test  loss: 2.2931
INFO:root:After inference2: [0.12, 2.59, 7.29, 1.29, 19.99]
INFO:root:Round 21's server1 train acc:  11.68%, train loss: 2.3006
INFO:root:After inference1: [0.13, 2.59, 7.29, 1.35, 20.80]
INFO:root:Round 21's server  test  acc:  11.62%, test  loss: 2.3008
INFO:root:After inference2: [0.13, 2.72, 7.65, 1.35, 20.98]
INFO:root:Round 22's server1 train acc:  10.00%, train loss: 2.2866
INFO:root:After inference1: [0.13, 2.72, 7.66, 1.40, 21.79]
INFO:root:Round 22's server  test  acc:  10.00%, test  loss: 2.2870
INFO:root:After inference2: [0.14, 2.85, 8.02, 1.40, 21.98]
INFO:root:Round 23's server1 train acc:  12.11%, train loss: 2.2935
INFO:root:After inference1: [0.14, 2.85, 8.02, 1.46, 22.78]
INFO:root:Round 23's server  test  acc:  12.05%, test  loss: 2.2937
INFO:root:After inference2: [0.14, 2.98, 8.38, 1.46, 22.97]
INFO:root:Round 24's server1 train acc:  13.22%, train loss: 2.2766
INFO:root:After inference1: [0.15, 2.98, 8.38, 1.52, 23.77]
INFO:root:Round 24's server  test  acc:  13.26%, test  loss: 2.2768
INFO:root:After inference2: [0.15, 3.11, 8.74, 1.52, 23.96]
INFO:root:Round 25's server1 train acc:  10.00%, train loss: 2.2736
INFO:root:After inference1: [0.15, 3.11, 8.75, 1.57, 24.77]
INFO:root:Round 25's server  test  acc:  10.00%, test  loss: 2.2745
INFO:root:After inference2: [0.16, 3.24, 9.11, 1.57, 24.95]
INFO:root:Round 26's server1 train acc:  10.03%, train loss: 2.2860
INFO:root:After inference1: [0.16, 3.24, 9.11, 1.63, 25.76]
INFO:root:Round 26's server  test  acc:  10.01%, test  loss: 2.2863
INFO:root:After inference2: [0.16, 3.37, 9.47, 1.63, 25.94]
INFO:root:Round 27's server1 train acc:  10.00%, train loss: 2.2690
INFO:root:After inference1: [0.16, 3.37, 9.47, 1.69, 26.75]
INFO:root:Round 27's server  test  acc:  10.00%, test  loss: 2.2700
INFO:root:After inference2: [0.17, 3.50, 9.83, 1.69, 26.94]
INFO:root:Round 28's server1 train acc:  10.52%, train loss: 2.2645
INFO:root:After inference1: [0.17, 3.50, 9.84, 1.74, 27.74]
INFO:root:Round 28's server  test  acc:  10.41%, test  loss: 2.2649
INFO:root:After inference2: [0.17, 3.63, 10.20, 1.74, 27.93]
INFO:root:Round 29's server1 train acc:  15.48%, train loss: 2.2340
INFO:root:After inference1: [0.18, 3.63, 10.20, 1.80, 28.73]
INFO:root:Round 29's server  test  acc:  15.95%, test  loss: 2.2346
INFO:root:After inference2: [0.18, 3.77, 10.56, 1.80, 28.92]
INFO:root:Round 30's server1 train acc:  14.21%, train loss: 2.2273
INFO:root:After inference1: [0.18, 3.77, 10.57, 1.86, 29.73]
INFO:root:Round 30's server  test  acc:  14.46%, test  loss: 2.2277
INFO:root:After inference2: [0.19, 3.90, 10.93, 1.86, 29.91]
INFO:root:Round 31's server1 train acc:  16.48%, train loss: 2.2014
INFO:root:After inference1: [0.19, 3.90, 10.93, 1.91, 30.72]
INFO:root:Round 31's server  test  acc:  16.52%, test  loss: 2.2019
INFO:root:After inference2: [0.19, 4.03, 11.29, 1.91, 30.91]
INFO:root:Round 32's server1 train acc:  18.83%, train loss: 2.2049
INFO:root:After inference1: [0.20, 4.03, 11.29, 1.97, 31.71]
INFO:root:Round 32's server  test  acc:  19.39%, test  loss: 2.2052
INFO:root:After inference2: [0.20, 4.16, 11.66, 1.97, 31.90]
INFO:root:Round 33's server1 train acc:  17.63%, train loss: 2.1708
INFO:root:After inference1: [0.20, 4.16, 11.66, 2.03, 32.70]
INFO:root:Round 33's server  test  acc:  18.03%, test  loss: 2.1712
INFO:root:After inference2: [0.21, 4.28, 12.02, 2.03, 32.89]
INFO:root:Round 34's server1 train acc:  16.67%, train loss: 2.1641
INFO:root:After inference1: [0.21, 4.28, 12.02, 2.08, 33.70]
INFO:root:Round 34's server  test  acc:  16.81%, test  loss: 2.1648
INFO:root:After inference2: [0.21, 4.42, 12.38, 2.08, 33.89]
INFO:root:Round 35's server1 train acc:  20.39%, train loss: 2.1479
INFO:root:After inference1: [0.21, 4.42, 12.39, 2.14, 34.69]
INFO:root:Round 35's server  test  acc:  21.06%, test  loss: 2.1480
INFO:root:After inference2: [0.22, 4.55, 12.75, 2.14, 34.88]
INFO:root:Round 36's server1 train acc:  19.45%, train loss: 2.1498
INFO:root:After inference1: [0.22, 4.55, 12.75, 2.20, 35.68]
INFO:root:Round 36's server  test  acc:  19.14%, test  loss: 2.1503
INFO:root:After inference2: [0.22, 4.68, 13.11, 2.20, 35.87]
INFO:root:Round 37's server1 train acc:  12.89%, train loss: 2.2273
INFO:root:After inference1: [0.23, 4.68, 13.12, 2.25, 36.68]
INFO:root:Round 37's server  test  acc:  12.83%, test  loss: 2.2261
INFO:root:After inference2: [0.23, 4.81, 13.48, 2.25, 36.86]
INFO:root:Round 38's server1 train acc:  17.21%, train loss: 2.1437
INFO:root:After inference1: [0.23, 4.81, 13.48, 2.31, 37.67]
INFO:root:Round 38's server  test  acc:  17.02%, test  loss: 2.1444
INFO:root:After inference2: [0.24, 4.94, 13.84, 2.31, 37.86]
INFO:root:Round 39's server1 train acc:  19.26%, train loss: 2.1420
INFO:root:After inference1: [0.24, 4.94, 13.84, 2.36, 38.66]
INFO:root:Round 39's server  test  acc:  19.01%, test  loss: 2.1445
INFO:root:After inference2: [0.24, 5.07, 14.20, 2.36, 38.85]
INFO:root:Round 40's server1 train acc:  15.13%, train loss: 2.1437
INFO:root:After inference1: [0.25, 5.07, 14.21, 2.42, 39.66]
INFO:root:Round 40's server  test  acc:  14.63%, test  loss: 2.1452
INFO:root:After inference2: [0.25, 5.20, 14.57, 2.42, 39.84]
INFO:root:Round 41's server1 train acc:  19.48%, train loss: 2.1330
INFO:root:After inference1: [0.25, 5.20, 14.57, 2.48, 40.65]
INFO:root:Round 41's server  test  acc:  19.08%, test  loss: 2.1356
INFO:root:After inference2: [0.25, 5.33, 14.93, 2.48, 40.84]
INFO:root:Round 42's server1 train acc:  17.59%, train loss: 2.1197
INFO:root:After inference1: [0.26, 5.33, 14.93, 2.54, 41.65]
INFO:root:Round 42's server  test  acc:  17.53%, test  loss: 2.1218
INFO:root:After inference2: [0.26, 5.46, 15.30, 2.54, 41.83]
INFO:root:Round 43's server1 train acc:  17.34%, train loss: 2.1021
INFO:root:After inference1: [0.26, 5.46, 15.30, 2.59, 42.64]
INFO:root:Round 43's server  test  acc:  17.23%, test  loss: 2.1027
INFO:root:After inference2: [0.27, 5.59, 15.66, 2.59, 42.83]
INFO:root:Round 44's server1 train acc:  20.38%, train loss: 2.1169
INFO:root:After inference1: [0.27, 5.59, 15.66, 2.65, 43.64]
INFO:root:Round 44's server  test  acc:  20.01%, test  loss: 2.1175
INFO:root:After inference2: [0.27, 5.72, 16.03, 2.65, 43.83]
INFO:root:Round 45's server1 train acc:  19.57%, train loss: 2.0974
INFO:root:After inference1: [0.28, 5.72, 16.03, 2.70, 44.63]
INFO:root:Round 45's server  test  acc:  19.36%, test  loss: 2.1001
INFO:root:After inference2: [0.28, 5.85, 16.39, 2.70, 44.82]
INFO:root:Round 46's server1 train acc:  21.41%, train loss: 2.0792
INFO:root:After inference1: [0.28, 5.85, 16.39, 2.76, 45.63]
INFO:root:Round 46's server  test  acc:  20.97%, test  loss: 2.0791
INFO:root:After inference2: [0.29, 5.98, 16.76, 2.76, 45.82]
INFO:root:Round 47's server1 train acc:  20.14%, train loss: 2.0900
INFO:root:After inference1: [0.29, 5.98, 16.76, 2.81, 46.62]
INFO:root:Round 47's server  test  acc:  19.98%, test  loss: 2.0916
INFO:root:After inference2: [0.29, 6.11, 17.12, 2.81, 46.81]
INFO:root:Round 48's server1 train acc:  18.40%, train loss: 2.0673
INFO:root:After inference1: [0.29, 6.11, 17.12, 2.87, 47.62]
INFO:root:Round 48's server  test  acc:  18.34%, test  loss: 2.0662
INFO:root:After inference2: [0.30, 6.24, 17.48, 2.87, 47.81]
INFO:root:Round 49's server1 train acc:  17.22%, train loss: 2.1222
INFO:root:After inference1: [0.30, 6.24, 17.49, 2.93, 48.61]
INFO:root:Round 49's server  test  acc:  16.74%, test  loss: 2.1206
INFO:root:After inference2: [0.30, 6.37, 17.85, 2.93, 48.80]
INFO:root:Round 50's server1 train acc:  19.50%, train loss: 2.1017
INFO:root:After inference1: [0.31, 6.37, 17.85, 2.98, 49.61]
INFO:root:Round 50's server  test  acc:  18.98%, test  loss: 2.1024
INFO:root:After inference2: [0.31, 6.50, 18.21, 2.98, 49.80]
INFO:root:Round 51's server1 train acc:  18.54%, train loss: 2.0697
INFO:root:After inference1: [0.31, 6.50, 18.21, 3.04, 50.61]
INFO:root:Round 51's server  test  acc:  18.37%, test  loss: 2.0723
INFO:root:After inference2: [0.32, 6.63, 18.58, 3.04, 50.79]
INFO:root:Round 52's server1 train acc:  22.85%, train loss: 2.0450
INFO:root:After inference1: [0.32, 6.63, 18.58, 3.10, 51.60]
INFO:root:Round 52's server  test  acc:  23.06%, test  loss: 2.0479
INFO:root:After inference2: [0.32, 6.76, 18.94, 3.10, 51.79]
INFO:root:Round 53's server1 train acc:  25.01%, train loss: 2.0287
INFO:root:After inference1: [0.33, 6.76, 18.94, 3.15, 52.60]
INFO:root:Round 53's server  test  acc:  25.01%, test  loss: 2.0285
INFO:root:After inference2: [0.33, 6.89, 19.31, 3.15, 52.78]
INFO:root:Round 54's server1 train acc:  16.26%, train loss: 2.0702
INFO:root:After inference1: [0.33, 6.89, 19.31, 3.21, 53.59]
INFO:root:Round 54's server  test  acc:  16.05%, test  loss: 2.0690
INFO:root:After inference2: [0.33, 7.02, 19.67, 3.21, 53.78]
INFO:root:Round 55's server1 train acc:  18.02%, train loss: 2.0269
INFO:root:After inference1: [0.34, 7.02, 19.67, 3.27, 54.59]
INFO:root:Round 55's server  test  acc:  17.83%, test  loss: 2.0260
INFO:root:After inference2: [0.34, 7.15, 20.03, 3.27, 54.77]
INFO:root:Round 56's server1 train acc:  21.55%, train loss: 2.0404
INFO:root:After inference1: [0.34, 7.15, 20.03, 3.32, 55.58]
INFO:root:Round 56's server  test  acc:  20.94%, test  loss: 2.0438
INFO:root:After inference2: [0.35, 7.28, 20.40, 3.32, 55.77]
INFO:root:Round 57's server1 train acc:  19.98%, train loss: 2.0545
INFO:root:After inference1: [0.35, 7.28, 20.40, 3.38, 56.58]
INFO:root:Round 57's server  test  acc:  19.69%, test  loss: 2.0522
INFO:root:After inference2: [0.35, 7.40, 20.76, 3.38, 56.76]
INFO:root:Round 58's server1 train acc:  17.47%, train loss: 2.0416
INFO:root:After inference1: [0.36, 7.40, 20.76, 3.44, 57.57]
INFO:root:Round 58's server  test  acc:  17.15%, test  loss: 2.0391
INFO:root:After inference2: [0.36, 7.53, 21.13, 3.44, 57.76]
INFO:root:Round 59's server1 train acc:  17.69%, train loss: 2.0079
INFO:root:After inference1: [0.36, 7.53, 21.13, 3.49, 58.57]
INFO:root:Round 59's server  test  acc:  17.32%, test  loss: 2.0076
INFO:root:After inference2: [0.36, 7.66, 21.49, 3.49, 58.76]
INFO:root:Round 60's server1 train acc:  18.03%, train loss: 2.0274
INFO:root:After inference1: [0.37, 7.66, 21.49, 3.54, 59.56]
INFO:root:Round 60's server  test  acc:  17.55%, test  loss: 2.0251
INFO:root:After inference2: [0.37, 7.79, 21.85, 3.54, 59.75]
INFO:root:Round 61's server1 train acc:  21.00%, train loss: 1.9841
INFO:root:After inference1: [0.37, 7.79, 21.86, 3.60, 60.56]
INFO:root:Round 61's server  test  acc:  20.73%, test  loss: 1.9848
INFO:root:After inference2: [0.38, 7.92, 22.22, 3.60, 60.75]
INFO:root:Round 62's server1 train acc:  21.15%, train loss: 2.0063
INFO:root:After inference1: [0.38, 7.92, 22.22, 3.65, 61.55]
INFO:root:Round 62's server  test  acc:  20.94%, test  loss: 2.0069
INFO:root:After inference2: [0.38, 8.05, 22.58, 3.65, 61.74]
INFO:root:Round 63's server1 train acc:  23.44%, train loss: 1.9752
INFO:root:After inference1: [0.39, 8.05, 22.59, 3.71, 62.55]
INFO:root:Round 63's server  test  acc:  22.89%, test  loss: 1.9743
INFO:root:After inference2: [0.39, 8.18, 22.95, 3.71, 62.74]
INFO:root:Round 64's server1 train acc:  24.26%, train loss: 1.9720
INFO:root:After inference1: [0.39, 8.18, 22.95, 3.77, 63.54]
INFO:root:Round 64's server  test  acc:  24.81%, test  loss: 1.9692
INFO:root:After inference2: [0.40, 8.31, 23.31, 3.77, 63.73]
INFO:root:Round 65's server1 train acc:  25.81%, train loss: 1.9536
INFO:root:After inference1: [0.40, 8.31, 23.31, 3.82, 64.53]
INFO:root:Round 65's server  test  acc:  25.70%, test  loss: 1.9510
INFO:root:After inference2: [0.40, 8.44, 23.68, 3.82, 64.72]
INFO:root:Round 66's server1 train acc:  19.81%, train loss: 1.9703
INFO:root:After inference1: [0.40, 8.44, 23.68, 3.88, 65.53]
INFO:root:Round 66's server  test  acc:  19.46%, test  loss: 1.9688
INFO:root:After inference2: [0.41, 8.57, 24.04, 3.88, 65.71]
INFO:root:Round 67's server1 train acc:  27.55%, train loss: 1.9805
INFO:root:After inference1: [0.41, 8.57, 24.04, 3.93, 66.52]
INFO:root:Round 67's server  test  acc:  27.53%, test  loss: 1.9766
INFO:root:After inference2: [0.41, 8.70, 24.40, 3.93, 66.71]
INFO:root:Round 68's server1 train acc:  23.60%, train loss: 1.9489
INFO:root:After inference1: [0.42, 8.70, 24.40, 3.99, 67.51]
INFO:root:Round 68's server  test  acc:  23.57%, test  loss: 1.9476
INFO:root:After inference2: [0.42, 8.83, 24.76, 3.99, 67.70]
INFO:root:Round 69's server1 train acc:  25.96%, train loss: 1.9463
INFO:root:After inference1: [0.42, 8.83, 24.77, 4.05, 68.50]
INFO:root:Round 69's server  test  acc:  26.26%, test  loss: 1.9433
INFO:root:After inference2: [0.43, 8.96, 25.13, 4.05, 68.69]
INFO:root:Round 70's server1 train acc:  25.93%, train loss: 1.9626
INFO:root:After inference1: [0.43, 8.96, 25.13, 4.10, 69.50]
INFO:root:Round 70's server  test  acc:  25.70%, test  loss: 1.9618
INFO:root:After inference2: [0.43, 9.09, 25.49, 4.10, 69.68]
INFO:root:Round 71's server1 train acc:  28.45%, train loss: 1.9373
INFO:root:After inference1: [0.44, 9.09, 25.49, 4.16, 70.49]
INFO:root:Round 71's server  test  acc:  28.66%, test  loss: 1.9334
INFO:root:After inference2: [0.44, 9.22, 25.85, 4.16, 70.68]
INFO:root:Round 72's server1 train acc:  30.50%, train loss: 1.9155
INFO:root:After inference1: [0.44, 9.22, 25.86, 4.22, 71.48]
INFO:root:Round 72's server  test  acc:  30.97%, test  loss: 1.9148
INFO:root:After inference2: [0.45, 9.35, 26.22, 4.22, 71.67]
INFO:root:Round 73's server1 train acc:  26.30%, train loss: 1.9681
INFO:root:After inference1: [0.45, 9.35, 26.22, 4.27, 72.48]
INFO:root:Round 73's server  test  acc:  26.21%, test  loss: 1.9646
INFO:root:After inference2: [0.45, 9.48, 26.58, 4.27, 72.66]
INFO:root:Round 74's server1 train acc:  30.02%, train loss: 1.9123
INFO:root:After inference1: [0.45, 9.48, 26.58, 4.33, 73.47]
INFO:root:Round 74's server  test  acc:  30.21%, test  loss: 1.9084
INFO:root:After inference2: [0.46, 9.61, 26.95, 4.33, 73.66]
INFO:root:Round 75's server1 train acc:  30.21%, train loss: 1.9066
INFO:root:After inference1: [0.46, 9.61, 26.95, 4.39, 74.47]
INFO:root:Round 75's server  test  acc:  30.16%, test  loss: 1.9029
INFO:root:After inference2: [0.46, 9.74, 27.31, 4.39, 74.66]
INFO:root:Round 76's server1 train acc:  27.69%, train loss: 1.9334
INFO:root:After inference1: [0.47, 9.74, 27.31, 4.44, 75.46]
INFO:root:Round 76's server  test  acc:  27.51%, test  loss: 1.9313
INFO:root:After inference2: [0.47, 9.87, 27.67, 4.44, 75.65]
INFO:root:Round 77's server1 train acc:  28.12%, train loss: 1.8812
INFO:root:After inference1: [0.47, 9.87, 27.68, 4.50, 76.46]
INFO:root:Round 77's server  test  acc:  28.26%, test  loss: 1.8782
INFO:root:After inference2: [0.48, 10.00, 28.04, 4.50, 76.65]
INFO:root:Round 78's server1 train acc:  29.94%, train loss: 1.9255
INFO:root:After inference1: [0.48, 10.00, 28.04, 4.56, 77.45]
INFO:root:Round 78's server  test  acc:  29.79%, test  loss: 1.9237
INFO:root:After inference2: [0.48, 10.13, 28.40, 4.56, 77.64]
INFO:root:Round 79's server1 train acc:  30.20%, train loss: 1.8977
INFO:root:After inference1: [0.49, 10.13, 28.40, 4.61, 78.45]
INFO:root:Round 79's server  test  acc:  30.35%, test  loss: 1.8927
INFO:root:After inference2: [0.49, 10.26, 28.76, 4.61, 78.63]
INFO:root:Round 80's server1 train acc:  28.49%, train loss: 1.8925
INFO:root:After inference1: [0.49, 10.26, 28.77, 4.67, 79.44]
INFO:root:Round 80's server  test  acc:  28.61%, test  loss: 1.8865
INFO:root:After inference2: [0.49, 10.39, 29.13, 4.67, 79.63]
INFO:root:Round 81's server1 train acc:  29.34%, train loss: 1.8820
INFO:root:After inference1: [0.50, 10.39, 29.13, 4.73, 80.44]
INFO:root:Round 81's server  test  acc:  29.48%, test  loss: 1.8771
INFO:root:After inference2: [0.50, 10.52, 29.49, 4.73, 80.62]
INFO:root:Round 82's server1 train acc:  27.13%, train loss: 1.9185
INFO:root:After inference1: [0.50, 10.52, 29.50, 4.78, 81.43]
INFO:root:Round 82's server  test  acc:  27.31%, test  loss: 1.9132
INFO:root:After inference2: [0.51, 10.65, 29.86, 4.78, 81.62]
INFO:root:Round 83's server1 train acc:  26.80%, train loss: 1.9070
INFO:root:After inference1: [0.51, 10.65, 29.86, 4.84, 82.43]
INFO:root:Round 83's server  test  acc:  26.70%, test  loss: 1.9001
INFO:root:After inference2: [0.51, 10.77, 30.22, 4.84, 82.61]
INFO:root:Round 84's server1 train acc:  29.37%, train loss: 1.8717
INFO:root:After inference1: [0.52, 10.77, 30.22, 4.90, 83.42]
INFO:root:Round 84's server  test  acc:  29.80%, test  loss: 1.8683
INFO:root:After inference2: [0.52, 10.90, 30.58, 4.90, 83.61]
INFO:root:Round 85's server1 train acc:  28.00%, train loss: 1.8927
INFO:root:After inference1: [0.52, 10.90, 30.59, 4.95, 84.42]
INFO:root:Round 85's server  test  acc:  28.12%, test  loss: 1.8903
INFO:root:After inference2: [0.52, 11.03, 30.95, 4.95, 84.61]
INFO:root:Round 86's server1 train acc:  26.46%, train loss: 1.8767
INFO:root:After inference1: [0.53, 11.03, 30.95, 5.01, 85.41]
INFO:root:Round 86's server  test  acc:  26.68%, test  loss: 1.8697
INFO:root:After inference2: [0.53, 11.16, 31.31, 5.01, 85.60]
INFO:root:Round 87's server1 train acc:  28.75%, train loss: 1.8929
INFO:root:After inference1: [0.53, 11.16, 31.31, 5.07, 86.41]
INFO:root:Round 87's server  test  acc:  28.71%, test  loss: 1.8928
INFO:root:After inference2: [0.54, 11.29, 31.67, 5.07, 86.60]
INFO:root:Round 88's server1 train acc:  29.42%, train loss: 1.8501
INFO:root:After inference1: [0.54, 11.29, 31.68, 5.12, 87.40]
INFO:root:Round 88's server  test  acc:  29.72%, test  loss: 1.8453
INFO:root:After inference2: [0.54, 11.42, 32.04, 5.12, 87.59]
INFO:root:Round 89's server1 train acc:  30.85%, train loss: 1.8563
INFO:root:After inference1: [0.55, 11.42, 32.04, 5.18, 88.40]
INFO:root:Round 89's server  test  acc:  31.06%, test  loss: 1.8518
INFO:root:After inference2: [0.55, 11.55, 32.40, 5.18, 88.59]
INFO:root:Round 90's server1 train acc:  30.85%, train loss: 1.8495
INFO:root:After inference1: [0.55, 11.55, 32.41, 5.24, 89.40]
INFO:root:Round 90's server  test  acc:  31.17%, test  loss: 1.8461
INFO:root:After inference2: [0.56, 11.68, 32.77, 5.24, 89.58]
INFO:root:Round 91's server1 train acc:  30.58%, train loss: 1.8621
INFO:root:After inference1: [0.56, 11.68, 32.77, 5.29, 90.39]
INFO:root:Round 91's server  test  acc:  31.05%, test  loss: 1.8622
INFO:root:After inference2: [0.56, 11.81, 33.13, 5.29, 90.58]
INFO:root:Round 92's server1 train acc:  28.36%, train loss: 1.8709
INFO:root:After inference1: [0.56, 11.81, 33.13, 5.35, 91.39]
INFO:root:Round 92's server  test  acc:  28.43%, test  loss: 1.8638
INFO:root:After inference2: [0.57, 11.94, 33.50, 5.35, 91.58]
INFO:root:Round 93's server1 train acc:  31.35%, train loss: 1.8660
INFO:root:After inference1: [0.57, 11.94, 33.50, 5.41, 92.38]
INFO:root:Round 93's server  test  acc:  31.31%, test  loss: 1.8646
INFO:root:After inference2: [0.57, 12.07, 33.86, 5.41, 92.57]
INFO:root:Round 94's server1 train acc:  29.95%, train loss: 1.8795
INFO:root:After inference1: [0.58, 12.07, 33.87, 5.46, 93.38]
INFO:root:Round 94's server  test  acc:  30.02%, test  loss: 1.8734
INFO:root:After inference2: [0.58, 12.20, 34.23, 5.46, 93.57]
INFO:root:Round 95's server1 train acc:  30.31%, train loss: 1.8382
INFO:root:After inference1: [0.58, 12.20, 34.23, 5.52, 94.38]
INFO:root:Round 95's server  test  acc:  30.71%, test  loss: 1.8368
INFO:root:After inference2: [0.59, 12.33, 34.59, 5.52, 94.57]
INFO:root:Round 96's server1 train acc:  30.44%, train loss: 1.8371
INFO:root:After inference1: [0.59, 12.33, 34.59, 5.58, 95.37]
INFO:root:Round 96's server  test  acc:  30.62%, test  loss: 1.8331
INFO:root:After inference2: [0.59, 12.46, 34.96, 5.58, 95.56]
INFO:root:Round 97's server1 train acc:  31.48%, train loss: 1.8266
INFO:root:After inference1: [0.60, 12.46, 34.96, 5.63, 96.37]
INFO:root:Round 97's server  test  acc:  31.60%, test  loss: 1.8235
INFO:root:After inference2: [0.60, 12.59, 35.32, 5.63, 96.56]
INFO:root:Round 98's server1 train acc:  31.02%, train loss: 1.8163
INFO:root:After inference1: [0.60, 12.59, 35.32, 5.69, 97.37]
INFO:root:Round 98's server  test  acc:  31.32%, test  loss: 1.8130
INFO:root:After inference2: [0.60, 12.72, 35.69, 5.69, 97.56]
INFO:root:Round 99's server1 train acc:  28.17%, train loss: 1.8617
INFO:root:After inference1: [0.61, 12.72, 35.69, 5.75, 98.36]
INFO:root:Round 99's server  test  acc:  28.53%, test  loss: 1.8570
INFO:root:After inference2: [0.61, 12.85, 36.05, 5.75, 98.55]
INFO:root:Round 100's server1 train acc:  30.80%, train loss: 1.8288
INFO:root:After inference1: [0.61, 12.85, 36.06, 5.80, 99.36]
INFO:root:Round 100's server  test  acc:  31.11%, test  loss: 1.8246
INFO:root:After inference2: [0.62, 12.98, 36.42, 5.80, 99.55]
INFO:root:Record Time: |0.03| 0.00| 0.01| 5.80| 0.29| 0.00| 0.26| 80.77| 0.30| 12.98| 36.15| 18.77| = 155.36
INFO:root:Total Training Time 174.00; Other Time 18.63
