INFO:root:Namespace(m='wvgg9k4', d='cifar10', s=2, R=100, K=5, M=500, P=10, partition='exdir', alpha=[2, 10.0], optim='sgd', lr=0.1, lr_decay=1.0, momentum=0.0, weight_decay=0.0001, global_lr=1.0, batch_size=20, seed=1234, clip=10, log='Log', eval_num=100, tail_eval_num=0, device=0, save_model=0, start_round=0, case=2)
INFO:root:record_name: FedAvg-VI2_M500_P10_K5_R100_wvgg9k4_cifar10_exdir2,10.0_sgd0.1,1.0,0.0,0.0001_b20_seed1234_clip10
INFO:root:VGG(
  (features): Sequential(
    (0): Conv2d(3, 32, kernel_size=(3, 3), stride=(1, 1), padding=(1, 1))
    (1): ReLU(inplace=True)
    (2): MaxPool2d(kernel_size=2, stride=2, padding=0, dilation=1, ceil_mode=False)
    (3): Conv2d(32, 64, kernel_size=(3, 3), stride=(1, 1), padding=(1, 1))
    (4): ReLU(inplace=True)
    (5): MaxPool2d(kernel_size=2, stride=2, padding=0, dilation=1, ceil_mode=False)
    (6): Conv2d(64, 128, kernel_size=(3, 3), stride=(1, 1), padding=(1, 1))
    (7): ReLU(inplace=True)
    (8): Conv2d(128, 128, kernel_size=(3, 3), stride=(1, 1), padding=(1, 1))
    (9): ReLU(inplace=True)
    (10): MaxPool2d(kernel_size=2, stride=2, padding=0, dilation=1, ceil_mode=False)
    (11): Conv2d(128, 256, kernel_size=(3, 3), stride=(1, 1), padding=(1, 1))
    (12): ReLU(inplace=True)
    (13): Conv2d(256, 256, kernel_size=(3, 3), stride=(1, 1), padding=(1, 1))
    (14): ReLU(inplace=True)
    (15): MaxPool2d(kernel_size=2, stride=2, padding=0, dilation=1, ceil_mode=False)
    (16): Conv2d(256, 256, kernel_size=(3, 3), stride=(1, 1), padding=(1, 1))
    (17): ReLU(inplace=True)
    (18): Conv2d(256, 256, kernel_size=(3, 3), stride=(1, 1), padding=(1, 1))
    (19): ReLU(inplace=True)
    (20): MaxPool2d(kernel_size=2, stride=2, padding=0, dilation=1, ceil_mode=False)
  )
  (avgpool): AdaptiveAvgPool2d(output_size=(1, 1))
  (flatten): Flatten(start_dim=1, end_dim=-1)
  (classifier): Linear(in_features=256, out_features=10, bias=True)
)
INFO:root:Before reset: [0.02, 0.60, 1.84, 0.00, 0.00]
INFO:root:Round 1's server1 train acc:  21.15%, train loss: 2.2841
INFO:root:After inference1: [0.00, 0.00, 0.00, 0.35, 0.06]
INFO:root:Round 1's server  test  acc:  10.00%, test  loss: 2.3031
INFO:root:After inference2: [0.00, 0.13, 0.36, 0.35, 0.25]
INFO:root:Round 2's server1 train acc:  17.62%, train loss: 2.2886
INFO:root:After inference1: [0.00, 0.13, 0.36, 0.49, 0.28]
INFO:root:Round 2's server  test  acc:  10.00%, test  loss: 2.3037
INFO:root:After inference2: [0.01, 0.26, 0.73, 0.49, 0.47]
INFO:root:Round 3's server1 train acc:   5.97%, train loss: 2.2837
INFO:root:After inference1: [0.01, 0.26, 0.73, 0.60, 0.51]
INFO:root:Round 3's server  test  acc:  10.00%, test  loss: 2.3056
INFO:root:After inference2: [0.01, 0.39, 1.09, 0.60, 0.69]
INFO:root:Round 4's server1 train acc:  18.15%, train loss: 2.2099
INFO:root:After inference1: [0.01, 0.39, 1.09, 0.67, 0.71]
INFO:root:Round 4's server  test  acc:  10.00%, test  loss: 2.7208
INFO:root:After inference2: [0.01, 0.52, 1.46, 0.67, 0.90]
INFO:root:Round 5's server1 train acc:  24.95%, train loss: 2.2167
INFO:root:After inference1: [0.01, 0.52, 1.46, 0.74, 0.93]
INFO:root:Round 5's server  test  acc:  10.00%, test  loss: 2.3276
INFO:root:After inference2: [0.02, 0.66, 1.83, 0.74, 1.12]
INFO:root:Round 6's server1 train acc:   8.85%, train loss: 2.3606
INFO:root:After inference1: [0.02, 0.66, 1.83, 0.81, 1.14]
INFO:root:Round 6's server  test  acc:  10.00%, test  loss: 2.3641
INFO:root:After inference2: [0.02, 0.79, 2.19, 0.81, 1.32]
INFO:root:Round 7's server1 train acc:   5.50%, train loss: 2.3060
INFO:root:After inference1: [0.02, 0.79, 2.19, 0.88, 1.34]
INFO:root:Round 7's server  test  acc:  10.00%, test  loss: 2.3637
INFO:root:After inference2: [0.02, 0.92, 2.56, 0.88, 1.53]
INFO:root:Round 8's server1 train acc:  13.38%, train loss: 2.2366
INFO:root:After inference1: [0.02, 0.92, 2.56, 0.95, 1.55]
INFO:root:Round 8's server  test  acc:  11.09%, test  loss: 2.3216
INFO:root:After inference2: [0.03, 1.05, 2.93, 0.95, 1.74]
INFO:root:Round 9's server1 train acc:  12.43%, train loss: 2.3046
INFO:root:After inference1: [0.03, 1.05, 2.93, 1.01, 1.76]
INFO:root:Round 9's server  test  acc:   9.89%, test  loss: 2.3089
INFO:root:After inference2: [0.03, 1.18, 3.29, 1.01, 1.95]
INFO:root:Round 10's server1 train acc:  18.67%, train loss: 2.2820
INFO:root:After inference1: [0.03, 1.18, 3.29, 1.07, 1.97]
INFO:root:Round 10's server  test  acc:  10.00%, test  loss: 2.3146
INFO:root:After inference2: [0.03, 1.32, 3.66, 1.07, 2.16]
INFO:root:Round 11's server1 train acc:  26.67%, train loss: 2.2847
INFO:root:After inference1: [0.03, 1.32, 3.66, 1.12, 2.18]
INFO:root:Round 11's server  test  acc:  10.00%, test  loss: 2.6782
INFO:root:After inference2: [0.03, 1.45, 4.02, 1.12, 2.36]
INFO:root:Round 12's server1 train acc:  14.70%, train loss: 2.1553
INFO:root:After inference1: [0.03, 1.45, 4.02, 1.18, 2.38]
INFO:root:Round 12's server  test  acc:  10.00%, test  loss: 2.3184
INFO:root:After inference2: [0.04, 1.58, 4.39, 1.18, 2.57]
INFO:root:Round 13's server1 train acc:  23.77%, train loss: 2.0629
INFO:root:After inference1: [0.04, 1.58, 4.39, 1.24, 2.59]
INFO:root:Round 13's server  test  acc:  10.00%, test  loss: 2.4030
INFO:root:After inference2: [0.04, 1.71, 4.75, 1.24, 2.77]
INFO:root:Round 14's server1 train acc:  15.98%, train loss: 2.1251
INFO:root:After inference1: [0.04, 1.71, 4.75, 1.30, 2.79]
INFO:root:Round 14's server  test  acc:  10.00%, test  loss: 2.4768
INFO:root:After inference2: [0.04, 1.84, 5.11, 1.30, 2.98]
INFO:root:Round 15's server1 train acc:  19.25%, train loss: 2.2343
INFO:root:After inference1: [0.04, 1.84, 5.11, 1.36, 3.00]
INFO:root:Round 15's server  test  acc:  10.00%, test  loss: 2.3085
INFO:root:After inference2: [0.05, 1.97, 5.48, 1.36, 3.19]
INFO:root:Round 16's server1 train acc:  18.85%, train loss: 2.0938
INFO:root:After inference1: [0.05, 1.97, 5.48, 1.41, 3.21]
INFO:root:Round 16's server  test  acc:  10.00%, test  loss: 2.4494
INFO:root:After inference2: [0.05, 2.10, 5.84, 1.41, 3.39]
INFO:root:Round 17's server1 train acc:  21.51%, train loss: 2.1519
INFO:root:After inference1: [0.05, 2.10, 5.84, 1.47, 3.41]
INFO:root:Round 17's server  test  acc:  13.04%, test  loss: 2.3568
INFO:root:After inference2: [0.05, 2.24, 6.21, 1.47, 3.60]
INFO:root:Round 18's server1 train acc:  18.40%, train loss: 2.1462
INFO:root:After inference1: [0.05, 2.24, 6.21, 1.53, 3.62]
INFO:root:Round 18's server  test  acc:  10.00%, test  loss: 2.4309
INFO:root:After inference2: [0.06, 2.37, 6.57, 1.53, 3.81]
INFO:root:Round 19's server1 train acc:  22.73%, train loss: 2.0853
INFO:root:After inference1: [0.06, 2.37, 6.57, 1.59, 3.82]
INFO:root:Round 19's server  test  acc:  10.00%, test  loss: 2.4688
INFO:root:After inference2: [0.06, 2.50, 6.94, 1.59, 4.01]
INFO:root:Round 20's server1 train acc:  25.31%, train loss: 2.1961
INFO:root:After inference1: [0.06, 2.50, 6.94, 1.64, 4.03]
INFO:root:Round 20's server  test  acc:  13.39%, test  loss: 2.3316
INFO:root:After inference2: [0.06, 2.63, 7.30, 1.64, 4.22]
INFO:root:Round 21's server1 train acc:  19.89%, train loss: 2.2133
INFO:root:After inference1: [0.06, 2.63, 7.30, 1.70, 4.23]
INFO:root:Round 21's server  test  acc:  10.00%, test  loss: 2.3254
INFO:root:After inference2: [0.07, 2.76, 7.67, 1.70, 4.42]
INFO:root:Round 22's server1 train acc:  14.78%, train loss: 2.1852
INFO:root:After inference1: [0.07, 2.76, 7.67, 1.76, 4.44]
INFO:root:Round 22's server  test  acc:  10.50%, test  loss: 2.3009
INFO:root:After inference2: [0.07, 2.89, 8.03, 1.76, 4.63]
INFO:root:Round 23's server1 train acc:  20.67%, train loss: 2.0938
INFO:root:After inference1: [0.07, 2.89, 8.03, 1.82, 4.64]
INFO:root:Round 23's server  test  acc:  10.36%, test  loss: 2.3466
INFO:root:After inference2: [0.07, 3.03, 8.40, 1.82, 4.83]
INFO:root:Round 24's server1 train acc:  16.27%, train loss: 2.2028
INFO:root:After inference1: [0.07, 3.03, 8.40, 1.88, 4.85]
INFO:root:Round 24's server  test  acc:  10.10%, test  loss: 2.2692
INFO:root:After inference2: [0.08, 3.16, 8.76, 1.88, 5.04]
INFO:root:Round 25's server1 train acc:  23.46%, train loss: 2.1833
INFO:root:After inference1: [0.08, 3.16, 8.76, 1.93, 5.06]
INFO:root:Round 25's server  test  acc:  14.77%, test  loss: 2.2830
INFO:root:After inference2: [0.08, 3.29, 9.13, 1.93, 5.24]
INFO:root:Round 26's server1 train acc:  17.38%, train loss: 2.1568
INFO:root:After inference1: [0.08, 3.29, 9.13, 1.99, 5.26]
INFO:root:Round 26's server  test  acc:  10.00%, test  loss: 2.2936
INFO:root:After inference2: [0.08, 3.42, 9.49, 1.99, 5.45]
INFO:root:Round 27's server1 train acc:  31.67%, train loss: 2.0798
INFO:root:After inference1: [0.08, 3.42, 9.49, 2.05, 5.47]
INFO:root:Round 27's server  test  acc:  16.01%, test  loss: 2.2799
INFO:root:After inference2: [0.08, 3.55, 9.86, 2.05, 5.66]
INFO:root:Round 28's server1 train acc:  26.14%, train loss: 2.1392
INFO:root:After inference1: [0.09, 3.55, 9.86, 2.11, 5.68]
INFO:root:Round 28's server  test  acc:  15.73%, test  loss: 2.2773
INFO:root:After inference2: [0.09, 3.69, 10.22, 2.11, 5.86]
INFO:root:Round 29's server1 train acc:  20.30%, train loss: 2.1054
INFO:root:After inference1: [0.09, 3.69, 10.22, 2.16, 5.88]
INFO:root:Round 29's server  test  acc:  10.01%, test  loss: 2.2627
INFO:root:After inference2: [0.09, 3.82, 10.59, 2.16, 6.07]
INFO:root:Round 30's server1 train acc:  27.60%, train loss: 1.9874
INFO:root:After inference1: [0.09, 3.82, 10.59, 2.22, 6.09]
INFO:root:Round 30's server  test  acc:  13.64%, test  loss: 2.3658
INFO:root:After inference2: [0.09, 3.95, 10.96, 2.22, 6.28]
INFO:root:Round 31's server1 train acc:  26.99%, train loss: 2.1080
INFO:root:After inference1: [0.09, 3.95, 10.96, 2.29, 6.29]
INFO:root:Round 31's server  test  acc:  19.47%, test  loss: 2.2364
INFO:root:After inference2: [0.10, 4.08, 11.32, 2.29, 6.48]
INFO:root:Round 32's server1 train acc:  22.91%, train loss: 2.1336
INFO:root:After inference1: [0.10, 4.08, 11.32, 2.35, 6.50]
INFO:root:Round 32's server  test  acc:  11.93%, test  loss: 2.3173
INFO:root:After inference2: [0.10, 4.21, 11.68, 2.35, 6.69]
INFO:root:Round 33's server1 train acc:  30.56%, train loss: 2.0746
INFO:root:After inference1: [0.10, 4.21, 11.69, 2.41, 6.71]
INFO:root:Round 33's server  test  acc:  15.00%, test  loss: 2.2449
INFO:root:After inference2: [0.10, 4.34, 12.05, 2.41, 6.89]
INFO:root:Round 34's server1 train acc:  23.49%, train loss: 2.0401
INFO:root:After inference1: [0.10, 4.34, 12.05, 2.46, 6.91]
INFO:root:Round 34's server  test  acc:  10.07%, test  loss: 2.2681
INFO:root:After inference2: [0.11, 4.47, 12.42, 2.46, 7.10]
INFO:root:Round 35's server1 train acc:  33.64%, train loss: 2.0624
INFO:root:After inference1: [0.11, 4.47, 12.42, 2.52, 7.12]
INFO:root:Round 35's server  test  acc:  16.83%, test  loss: 2.1969
INFO:root:After inference2: [0.11, 4.61, 12.78, 2.52, 7.31]
INFO:root:Round 36's server1 train acc:  29.68%, train loss: 2.0699
INFO:root:After inference1: [0.11, 4.61, 12.78, 2.58, 7.32]
INFO:root:Round 36's server  test  acc:  15.90%, test  loss: 2.1612
INFO:root:After inference2: [0.11, 4.74, 13.14, 2.58, 7.51]
INFO:root:Round 37's server1 train acc:  29.28%, train loss: 2.0403
INFO:root:After inference1: [0.11, 4.74, 13.14, 2.64, 7.53]
INFO:root:Round 37's server  test  acc:  16.08%, test  loss: 2.2226
INFO:root:After inference2: [0.12, 4.87, 13.51, 2.64, 7.72]
INFO:root:Round 38's server1 train acc:  23.57%, train loss: 2.0371
INFO:root:After inference1: [0.12, 4.87, 13.51, 2.69, 7.74]
INFO:root:Round 38's server  test  acc:  10.05%, test  loss: 2.4163
INFO:root:After inference2: [0.12, 5.00, 13.88, 2.69, 7.92]
INFO:root:Round 39's server1 train acc:  25.28%, train loss: 2.0645
INFO:root:After inference1: [0.12, 5.00, 13.88, 2.75, 7.94]
INFO:root:Round 39's server  test  acc:  10.00%, test  loss: 2.3191
INFO:root:After inference2: [0.12, 5.13, 14.24, 2.75, 8.13]
INFO:root:Round 40's server1 train acc:  25.82%, train loss: 2.0231
INFO:root:After inference1: [0.12, 5.13, 14.24, 2.81, 8.15]
INFO:root:Round 40's server  test  acc:  14.05%, test  loss: 2.2622
INFO:root:After inference2: [0.13, 5.26, 14.61, 2.81, 8.33]
INFO:root:Round 41's server1 train acc:  31.36%, train loss: 1.9345
INFO:root:After inference1: [0.13, 5.26, 14.61, 2.87, 8.35]
INFO:root:Round 41's server  test  acc:  16.86%, test  loss: 2.2186
INFO:root:After inference2: [0.13, 5.40, 14.97, 2.87, 8.54]
INFO:root:Round 42's server1 train acc:  42.27%, train loss: 1.7788
INFO:root:After inference1: [0.13, 5.40, 14.97, 2.92, 8.56]
INFO:root:Round 42's server  test  acc:  16.67%, test  loss: 2.2420
INFO:root:After inference2: [0.13, 5.53, 15.33, 2.92, 8.74]
INFO:root:Round 43's server1 train acc:  27.31%, train loss: 2.0446
INFO:root:After inference1: [0.13, 5.53, 15.33, 2.98, 8.76]
INFO:root:Round 43's server  test  acc:  16.17%, test  loss: 2.1373
INFO:root:After inference2: [0.13, 5.66, 15.70, 2.98, 8.95]
INFO:root:Round 44's server1 train acc:  17.31%, train loss: 2.0533
INFO:root:After inference1: [0.14, 5.66, 15.70, 3.04, 8.97]
INFO:root:Round 44's server  test  acc:  14.89%, test  loss: 2.2104
INFO:root:After inference2: [0.14, 5.79, 16.06, 3.04, 9.15]
INFO:root:Round 45's server1 train acc:  20.86%, train loss: 2.0863
INFO:root:After inference1: [0.14, 5.79, 16.06, 3.10, 9.17]
INFO:root:Round 45's server  test  acc:  14.88%, test  loss: 2.1416
INFO:root:After inference2: [0.14, 5.92, 16.43, 3.10, 9.36]
INFO:root:Round 46's server1 train acc:  31.32%, train loss: 1.9636
INFO:root:After inference1: [0.14, 5.92, 16.43, 3.16, 9.38]
INFO:root:Round 46's server  test  acc:  18.48%, test  loss: 2.1229
INFO:root:After inference2: [0.14, 6.05, 16.79, 3.16, 9.56]
INFO:root:Round 47's server1 train acc:  34.83%, train loss: 1.9437
INFO:root:After inference1: [0.14, 6.05, 16.79, 3.21, 9.58]
INFO:root:Round 47's server  test  acc:  16.03%, test  loss: 2.1495
INFO:root:After inference2: [0.15, 6.19, 17.16, 3.21, 9.77]
INFO:root:Round 48's server1 train acc:  33.57%, train loss: 1.8446
INFO:root:After inference1: [0.15, 6.19, 17.16, 3.27, 9.79]
INFO:root:Round 48's server  test  acc:  13.69%, test  loss: 2.3067
INFO:root:After inference2: [0.15, 6.32, 17.52, 3.27, 9.98]
INFO:root:Round 49's server1 train acc:  26.61%, train loss: 2.0556
INFO:root:After inference1: [0.15, 6.32, 17.52, 3.33, 9.99]
INFO:root:Round 49's server  test  acc:  17.66%, test  loss: 2.1151
INFO:root:After inference2: [0.15, 6.45, 17.89, 3.33, 10.18]
INFO:root:Round 50's server1 train acc:  27.24%, train loss: 1.9415
INFO:root:After inference1: [0.15, 6.45, 17.89, 3.39, 10.20]
INFO:root:Round 50's server  test  acc:  15.84%, test  loss: 2.1401
INFO:root:After inference2: [0.16, 6.58, 18.25, 3.39, 10.38]
INFO:root:Round 51's server1 train acc:  30.14%, train loss: 1.8215
INFO:root:After inference1: [0.16, 6.58, 18.25, 3.44, 10.40]
INFO:root:Round 51's server  test  acc:  11.63%, test  loss: 2.1776
INFO:root:After inference2: [0.16, 6.71, 18.62, 3.44, 10.59]
INFO:root:Round 52's server1 train acc:  22.82%, train loss: 1.9747
INFO:root:After inference1: [0.16, 6.71, 18.62, 3.50, 10.61]
INFO:root:Round 52's server  test  acc:  17.00%, test  loss: 2.1104
INFO:root:After inference2: [0.16, 6.85, 18.98, 3.50, 10.79]
INFO:root:Round 53's server1 train acc:  24.48%, train loss: 2.0135
INFO:root:After inference1: [0.16, 6.85, 18.98, 3.56, 10.81]
INFO:root:Round 53's server  test  acc:  15.95%, test  loss: 2.1611
INFO:root:After inference2: [0.17, 6.98, 19.35, 3.56, 11.00]
INFO:root:Round 54's server1 train acc:  25.32%, train loss: 1.8930
INFO:root:After inference1: [0.17, 6.98, 19.35, 3.62, 11.02]
INFO:root:Round 54's server  test  acc:  17.32%, test  loss: 2.1832
INFO:root:After inference2: [0.17, 7.11, 19.71, 3.62, 11.21]
INFO:root:Round 55's server1 train acc:  28.31%, train loss: 1.9396
INFO:root:After inference1: [0.17, 7.11, 19.71, 3.68, 11.22]
INFO:root:Round 55's server  test  acc:  16.34%, test  loss: 2.1633
INFO:root:After inference2: [0.17, 7.24, 20.08, 3.68, 11.41]
INFO:root:Round 56's server1 train acc:  41.80%, train loss: 1.6646
INFO:root:After inference1: [0.17, 7.24, 20.08, 3.73, 11.43]
INFO:root:Round 56's server  test  acc:  12.72%, test  loss: 2.3847
INFO:root:After inference2: [0.18, 7.38, 20.45, 3.73, 11.62]
INFO:root:Round 57's server1 train acc:  43.60%, train loss: 1.7598
INFO:root:After inference1: [0.18, 7.38, 20.45, 3.79, 11.64]
INFO:root:Round 57's server  test  acc:  17.89%, test  loss: 2.2388
INFO:root:After inference2: [0.18, 7.51, 20.82, 3.79, 11.83]
INFO:root:Round 58's server1 train acc:  30.28%, train loss: 1.8812
INFO:root:After inference1: [0.18, 7.51, 20.82, 3.85, 11.85]
INFO:root:Round 58's server  test  acc:  18.24%, test  loss: 2.1410
INFO:root:After inference2: [0.18, 7.64, 21.18, 3.85, 12.03]
INFO:root:Round 59's server1 train acc:  39.01%, train loss: 1.8208
INFO:root:After inference1: [0.18, 7.64, 21.18, 3.91, 12.05]
INFO:root:Round 59's server  test  acc:  20.07%, test  loss: 2.1722
INFO:root:After inference2: [0.18, 7.77, 21.55, 3.91, 12.24]
INFO:root:Round 60's server1 train acc:  33.21%, train loss: 1.8747
INFO:root:After inference1: [0.18, 7.77, 21.55, 3.96, 12.26]
INFO:root:Round 60's server  test  acc:  21.07%, test  loss: 2.0645
INFO:root:After inference2: [0.19, 7.91, 21.91, 3.96, 12.45]
INFO:root:Round 61's server1 train acc:  25.29%, train loss: 1.9872
INFO:root:After inference1: [0.19, 7.91, 21.91, 4.02, 12.47]
INFO:root:Round 61's server  test  acc:  16.22%, test  loss: 2.1730
INFO:root:After inference2: [0.19, 8.04, 22.27, 4.02, 12.65]
INFO:root:Round 62's server1 train acc:  30.00%, train loss: 1.8617
INFO:root:After inference1: [0.19, 8.04, 22.27, 4.08, 12.67]
INFO:root:Round 62's server  test  acc:  18.79%, test  loss: 2.0609
INFO:root:After inference2: [0.19, 8.17, 22.64, 4.08, 12.86]
INFO:root:Round 63's server1 train acc:  29.25%, train loss: 1.8983
INFO:root:After inference1: [0.19, 8.17, 22.64, 4.13, 12.88]
INFO:root:Round 63's server  test  acc:  18.09%, test  loss: 2.1452
INFO:root:After inference2: [0.20, 8.30, 23.01, 4.13, 13.06]
INFO:root:Round 64's server1 train acc:  37.11%, train loss: 1.8342
INFO:root:After inference1: [0.20, 8.30, 23.01, 4.19, 13.08]
INFO:root:Round 64's server  test  acc:  16.86%, test  loss: 2.1542
INFO:root:After inference2: [0.20, 8.43, 23.37, 4.19, 13.27]
INFO:root:Round 65's server1 train acc:  35.82%, train loss: 1.8837
INFO:root:After inference1: [0.20, 8.43, 23.37, 4.25, 13.29]
INFO:root:Round 65's server  test  acc:  20.19%, test  loss: 2.0642
INFO:root:After inference2: [0.20, 8.57, 23.74, 4.25, 13.47]
INFO:root:Round 66's server1 train acc:  34.44%, train loss: 1.8154
INFO:root:After inference1: [0.20, 8.57, 23.74, 4.31, 13.49]
INFO:root:Round 66's server  test  acc:  18.08%, test  loss: 2.1210
INFO:root:After inference2: [0.21, 8.70, 24.10, 4.31, 13.68]
INFO:root:Round 67's server1 train acc:  37.10%, train loss: 1.8770
INFO:root:After inference1: [0.21, 8.70, 24.10, 4.36, 13.70]
INFO:root:Round 67's server  test  acc:  17.87%, test  loss: 2.0582
INFO:root:After inference2: [0.21, 8.83, 24.46, 4.36, 13.88]
INFO:root:Round 68's server1 train acc:  36.20%, train loss: 1.8273
INFO:root:After inference1: [0.21, 8.83, 24.46, 4.42, 13.90]
INFO:root:Round 68's server  test  acc:  19.72%, test  loss: 2.0806
INFO:root:After inference2: [0.21, 8.96, 24.83, 4.42, 14.09]
INFO:root:Round 69's server1 train acc:  29.96%, train loss: 1.8898
INFO:root:After inference1: [0.21, 8.96, 24.83, 4.48, 14.11]
INFO:root:Round 69's server  test  acc:  16.64%, test  loss: 2.1098
INFO:root:After inference2: [0.22, 9.09, 25.19, 4.48, 14.30]
INFO:root:Round 70's server1 train acc:  34.28%, train loss: 1.7830
INFO:root:After inference1: [0.22, 9.09, 25.19, 4.53, 14.31]
INFO:root:Round 70's server  test  acc:  17.52%, test  loss: 2.0655
INFO:root:After inference2: [0.22, 9.23, 25.56, 4.53, 14.50]
INFO:root:Round 71's server1 train acc:  30.13%, train loss: 1.9481
INFO:root:After inference1: [0.22, 9.23, 25.56, 4.59, 14.52]
INFO:root:Round 71's server  test  acc:  17.31%, test  loss: 2.0818
INFO:root:After inference2: [0.22, 9.36, 25.92, 4.59, 14.70]
INFO:root:Round 72's server1 train acc:  25.00%, train loss: 1.8855
INFO:root:After inference1: [0.22, 9.36, 25.92, 4.65, 14.73]
INFO:root:Round 72's server  test  acc:  19.35%, test  loss: 2.0202
INFO:root:After inference2: [0.23, 9.49, 26.29, 4.65, 14.91]
INFO:root:Round 73's server1 train acc:  26.58%, train loss: 1.8898
INFO:root:After inference1: [0.23, 9.49, 26.29, 4.71, 14.93]
INFO:root:Round 73's server  test  acc:  17.27%, test  loss: 2.0301
INFO:root:After inference2: [0.23, 9.62, 26.65, 4.71, 15.12]
INFO:root:Round 74's server1 train acc:  31.22%, train loss: 1.8294
INFO:root:After inference1: [0.23, 9.62, 26.65, 4.77, 15.13]
INFO:root:Round 74's server  test  acc:  17.10%, test  loss: 1.9911
INFO:root:After inference2: [0.23, 9.75, 27.02, 4.77, 15.32]
INFO:root:Round 75's server1 train acc:  31.78%, train loss: 1.8554
INFO:root:After inference1: [0.23, 9.75, 27.02, 4.82, 15.34]
INFO:root:Round 75's server  test  acc:  19.98%, test  loss: 1.9983
INFO:root:After inference2: [0.23, 9.88, 27.38, 4.82, 15.53]
INFO:root:Round 76's server1 train acc:  37.02%, train loss: 1.7530
INFO:root:After inference1: [0.23, 9.88, 27.38, 4.88, 15.54]
INFO:root:Round 76's server  test  acc:  21.40%, test  loss: 2.0199
INFO:root:After inference2: [0.24, 10.02, 27.75, 4.88, 15.73]
INFO:root:Round 77's server1 train acc:  33.11%, train loss: 1.8912
INFO:root:After inference1: [0.24, 10.02, 27.75, 4.93, 15.75]
INFO:root:Round 77's server  test  acc:  24.58%, test  loss: 1.9869
INFO:root:After inference2: [0.24, 10.15, 28.11, 4.93, 15.94]
INFO:root:Round 78's server1 train acc:  31.60%, train loss: 1.8445
INFO:root:After inference1: [0.24, 10.15, 28.11, 4.99, 15.96]
INFO:root:Round 78's server  test  acc:  16.72%, test  loss: 2.1142
INFO:root:After inference2: [0.24, 10.28, 28.48, 4.99, 16.14]
INFO:root:Round 79's server1 train acc:  36.70%, train loss: 1.7796
INFO:root:After inference1: [0.24, 10.28, 28.48, 5.05, 16.16]
INFO:root:Round 79's server  test  acc:  19.79%, test  loss: 2.0434
INFO:root:After inference2: [0.25, 10.41, 28.84, 5.05, 16.35]
INFO:root:Round 80's server1 train acc:  31.15%, train loss: 1.7828
INFO:root:After inference1: [0.25, 10.41, 28.84, 5.11, 16.37]
INFO:root:Round 80's server  test  acc:  18.23%, test  loss: 2.1039
INFO:root:After inference2: [0.25, 10.54, 29.21, 5.11, 16.55]
INFO:root:Round 81's server1 train acc:  31.32%, train loss: 1.8764
INFO:root:After inference1: [0.25, 10.54, 29.21, 5.16, 16.57]
INFO:root:Round 81's server  test  acc:  17.45%, test  loss: 2.0420
INFO:root:After inference2: [0.25, 10.68, 29.57, 5.16, 16.76]
INFO:root:Round 82's server1 train acc:  33.48%, train loss: 1.7333
INFO:root:After inference1: [0.25, 10.68, 29.57, 5.22, 16.78]
INFO:root:Round 82's server  test  acc:  16.00%, test  loss: 2.1668
INFO:root:After inference2: [0.26, 10.81, 29.93, 5.22, 16.97]
INFO:root:Round 83's server1 train acc:  22.41%, train loss: 1.9359
INFO:root:After inference1: [0.26, 10.81, 29.93, 5.28, 16.99]
INFO:root:Round 83's server  test  acc:  16.29%, test  loss: 2.0892
INFO:root:After inference2: [0.26, 10.94, 30.30, 5.28, 17.17]
INFO:root:Round 84's server1 train acc:  43.47%, train loss: 1.5827
INFO:root:After inference1: [0.26, 10.94, 30.30, 5.34, 17.19]
INFO:root:Round 84's server  test  acc:  17.19%, test  loss: 2.2224
INFO:root:After inference2: [0.26, 11.07, 30.67, 5.34, 17.38]
INFO:root:Round 85's server1 train acc:  40.88%, train loss: 1.6035
INFO:root:After inference1: [0.26, 11.07, 30.67, 5.40, 17.40]
INFO:root:Round 85's server  test  acc:  18.07%, test  loss: 2.1198
INFO:root:After inference2: [0.27, 11.20, 31.03, 5.40, 17.59]
INFO:root:Round 86's server1 train acc:  36.73%, train loss: 1.6718
INFO:root:After inference1: [0.27, 11.20, 31.03, 5.45, 17.61]
INFO:root:Round 86's server  test  acc:  21.17%, test  loss: 2.0854
INFO:root:After inference2: [0.27, 11.33, 31.39, 5.45, 17.79]
INFO:root:Round 87's server1 train acc:  39.12%, train loss: 1.6572
INFO:root:After inference1: [0.27, 11.33, 31.39, 5.51, 17.81]
INFO:root:Round 87's server  test  acc:  19.86%, test  loss: 2.0426
INFO:root:After inference2: [0.27, 11.46, 31.76, 5.51, 18.00]
INFO:root:Round 88's server1 train acc:  38.36%, train loss: 1.7578
INFO:root:After inference1: [0.27, 11.46, 31.76, 5.57, 18.02]
INFO:root:Round 88's server  test  acc:  16.20%, test  loss: 2.0387
INFO:root:After inference2: [0.27, 11.59, 32.12, 5.57, 18.21]
INFO:root:Round 89's server1 train acc:  25.23%, train loss: 1.8650
INFO:root:After inference1: [0.28, 11.59, 32.12, 5.63, 18.23]
INFO:root:Round 89's server  test  acc:  19.01%, test  loss: 1.9772
INFO:root:After inference2: [0.28, 11.73, 32.49, 5.63, 18.41]
INFO:root:Round 90's server1 train acc:  52.19%, train loss: 1.4278
INFO:root:After inference1: [0.28, 11.73, 32.49, 5.68, 18.43]
INFO:root:Round 90's server  test  acc:  18.10%, test  loss: 2.1908
INFO:root:After inference2: [0.28, 11.86, 32.85, 5.68, 18.62]
INFO:root:Round 91's server1 train acc:  42.00%, train loss: 1.6164
INFO:root:After inference1: [0.28, 11.86, 32.85, 5.74, 18.64]
INFO:root:Round 91's server  test  acc:  17.96%, test  loss: 2.2840
INFO:root:After inference2: [0.28, 11.99, 33.22, 5.74, 18.83]
INFO:root:Round 92's server1 train acc:  43.93%, train loss: 1.6261
INFO:root:After inference1: [0.28, 11.99, 33.22, 5.80, 18.85]
INFO:root:Round 92's server  test  acc:  22.67%, test  loss: 2.0620
INFO:root:After inference2: [0.29, 12.12, 33.58, 5.80, 19.03]
INFO:root:Round 93's server1 train acc:  37.30%, train loss: 1.8137
INFO:root:After inference1: [0.29, 12.12, 33.58, 5.85, 19.05]
INFO:root:Round 93's server  test  acc:  21.84%, test  loss: 2.0841
INFO:root:After inference2: [0.29, 12.26, 33.95, 5.85, 19.24]
INFO:root:Round 94's server1 train acc:  41.72%, train loss: 1.7085
INFO:root:After inference1: [0.29, 12.26, 33.95, 5.91, 19.26]
INFO:root:Round 94's server  test  acc:  24.06%, test  loss: 2.0116
INFO:root:After inference2: [0.29, 12.39, 34.31, 5.91, 19.44]
INFO:root:Round 95's server1 train acc:  33.54%, train loss: 1.8293
INFO:root:After inference1: [0.29, 12.39, 34.31, 5.97, 19.46]
INFO:root:Round 95's server  test  acc:  16.62%, test  loss: 2.0404
INFO:root:After inference2: [0.30, 12.52, 34.68, 5.97, 19.65]
INFO:root:Round 96's server1 train acc:  30.66%, train loss: 1.7683
INFO:root:After inference1: [0.30, 12.52, 34.68, 6.03, 19.67]
INFO:root:Round 96's server  test  acc:  20.13%, test  loss: 1.9932
INFO:root:After inference2: [0.30, 12.65, 35.04, 6.03, 19.86]
INFO:root:Round 97's server1 train acc:  31.34%, train loss: 1.8333
INFO:root:After inference1: [0.30, 12.65, 35.04, 6.09, 19.87]
INFO:root:Round 97's server  test  acc:  26.98%, test  loss: 1.9374
INFO:root:After inference2: [0.30, 12.78, 35.41, 6.09, 20.06]
INFO:root:Round 98's server1 train acc:  31.66%, train loss: 1.8059
INFO:root:After inference1: [0.30, 12.78, 35.41, 6.14, 20.08]
INFO:root:Round 98's server  test  acc:  21.78%, test  loss: 1.9846
INFO:root:After inference2: [0.31, 12.91, 35.77, 6.14, 20.27]
INFO:root:Round 99's server1 train acc:  37.25%, train loss: 1.6209
INFO:root:After inference1: [0.31, 12.91, 35.77, 6.21, 20.28]
INFO:root:Round 99's server  test  acc:  18.23%, test  loss: 2.1244
INFO:root:After inference2: [0.31, 13.04, 36.14, 6.21, 20.47]
INFO:root:Round 100's server1 train acc:  42.20%, train loss: 1.5721
INFO:root:After inference1: [0.31, 13.04, 36.14, 6.26, 20.49]
INFO:root:Round 100's server  test  acc:  17.88%, test  loss: 2.0771
INFO:root:After inference2: [0.31, 13.18, 36.50, 6.26, 20.68]
INFO:root:Record Time: |0.01| 0.00| 0.01| 6.26| 0.01| 0.00| 0.01| 1.94| 0.29| 13.18| 36.49| 18.74| = 76.94
INFO:root:Total Training Time 82.60; Other Time 5.66
