INFO:root:Namespace(m='wvgg9k4', d='cifar10', s=2, R=100, K=5, M=500, P=10, partition='exdir', alpha=[2, 10.0], optim='sgd', lr=0.1, lr_decay=1.0, momentum=0.0, weight_decay=0.0001, global_lr=1.0, batch_size=20, seed=1234, clip=10, log='Log', eval_num=100, tail_eval_num=0, device=0, save_model=0, start_round=0, case=3)
INFO:root:record_name: FedAvg-VI3_M500_P10_K5_R100_wvgg9k4_cifar10_exdir2,10.0_sgd0.1,1.0,0.0,0.0001_b20_seed1234_clip10
INFO:root:VGG(
  (features): Sequential(
    (0): Conv2d(3, 32, kernel_size=(3, 3), stride=(1, 1), padding=(1, 1))
    (1): ReLU(inplace=True)
    (2): MaxPool2d(kernel_size=2, stride=2, padding=0, dilation=1, ceil_mode=False)
    (3): Conv2d(32, 64, kernel_size=(3, 3), stride=(1, 1), padding=(1, 1))
    (4): ReLU(inplace=True)
    (5): MaxPool2d(kernel_size=2, stride=2, padding=0, dilation=1, ceil_mode=False)
    (6): Conv2d(64, 128, kernel_size=(3, 3), stride=(1, 1), padding=(1, 1))
    (7): ReLU(inplace=True)
    (8): Conv2d(128, 128, kernel_size=(3, 3), stride=(1, 1), padding=(1, 1))
    (9): ReLU(inplace=True)
    (10): MaxPool2d(kernel_size=2, stride=2, padding=0, dilation=1, ceil_mode=False)
    (11): Conv2d(128, 256, kernel_size=(3, 3), stride=(1, 1), padding=(1, 1))
    (12): ReLU(inplace=True)
    (13): Conv2d(256, 256, kernel_size=(3, 3), stride=(1, 1), padding=(1, 1))
    (14): ReLU(inplace=True)
    (15): MaxPool2d(kernel_size=2, stride=2, padding=0, dilation=1, ceil_mode=False)
    (16): Conv2d(256, 256, kernel_size=(3, 3), stride=(1, 1), padding=(1, 1))
    (17): ReLU(inplace=True)
    (18): Conv2d(256, 256, kernel_size=(3, 3), stride=(1, 1), padding=(1, 1))
    (19): ReLU(inplace=True)
    (20): MaxPool2d(kernel_size=2, stride=2, padding=0, dilation=1, ceil_mode=False)
  )
  (avgpool): AdaptiveAvgPool2d(output_size=(1, 1))
  (flatten): Flatten(start_dim=1, end_dim=-1)
  (classifier): Linear(in_features=256, out_features=10, bias=True)
)
INFO:root:Before reset: [0.01, 0.60, 0.00, 0.00, 0.00]
INFO:root:Round 1's server1 train acc:  21.15%, train loss: 2.2841
INFO:root:After inference1: [0.00, 0.00, 0.07, 0.33, 0.06]
INFO:root:Round 1's server  test  acc:  10.00%, test  loss: 2.3031
INFO:root:After inference2: [0.00, 0.13, 0.43, 0.33, 0.25]
INFO:root:Round 2's server1 train acc:  17.62%, train loss: 2.2886
INFO:root:After inference1: [0.00, 0.13, 0.50, 0.47, 0.28]
INFO:root:Round 2's server  test  acc:  10.00%, test  loss: 2.3037
INFO:root:After inference2: [0.01, 0.26, 0.86, 0.47, 0.47]
INFO:root:Round 3's server1 train acc:   5.97%, train loss: 2.2837
INFO:root:After inference1: [0.01, 0.26, 0.93, 0.58, 0.51]
INFO:root:Round 3's server  test  acc:  10.00%, test  loss: 2.3056
INFO:root:After inference2: [0.01, 0.39, 1.29, 0.58, 0.70]
INFO:root:Round 4's server1 train acc:  18.15%, train loss: 2.2099
INFO:root:After inference1: [0.01, 0.39, 1.36, 0.65, 0.72]
INFO:root:Round 4's server  test  acc:  10.00%, test  loss: 2.7208
INFO:root:After inference2: [0.01, 0.52, 1.72, 0.65, 0.90]
INFO:root:Round 5's server1 train acc:  24.95%, train loss: 2.2167
INFO:root:After inference1: [0.01, 0.52, 1.79, 0.72, 0.93]
INFO:root:Round 5's server  test  acc:  10.00%, test  loss: 2.3276
INFO:root:After inference2: [0.02, 0.65, 2.15, 0.72, 1.12]
INFO:root:Round 6's server1 train acc:   8.85%, train loss: 2.3606
INFO:root:After inference1: [0.02, 0.65, 2.22, 0.80, 1.14]
INFO:root:Round 6's server  test  acc:  10.00%, test  loss: 2.3641
INFO:root:After inference2: [0.02, 0.78, 2.58, 0.80, 1.32]
INFO:root:Round 7's server1 train acc:   5.50%, train loss: 2.3060
INFO:root:After inference1: [0.02, 0.78, 2.65, 0.87, 1.34]
INFO:root:Round 7's server  test  acc:  10.00%, test  loss: 2.3637
INFO:root:After inference2: [0.02, 0.91, 3.01, 0.87, 1.53]
INFO:root:Round 8's server1 train acc:  13.38%, train loss: 2.2366
INFO:root:After inference1: [0.02, 0.91, 3.07, 0.94, 1.55]
INFO:root:Round 8's server  test  acc:  11.09%, test  loss: 2.3216
INFO:root:After inference2: [0.03, 1.04, 3.43, 0.94, 1.74]
INFO:root:Round 9's server1 train acc:  12.43%, train loss: 2.3046
INFO:root:After inference1: [0.03, 1.04, 3.50, 1.00, 1.77]
INFO:root:Round 9's server  test  acc:   9.89%, test  loss: 2.3089
INFO:root:After inference2: [0.03, 1.17, 3.86, 1.00, 1.95]
INFO:root:Round 10's server1 train acc:  18.67%, train loss: 2.2820
INFO:root:After inference1: [0.03, 1.17, 3.93, 1.06, 1.97]
INFO:root:Round 10's server  test  acc:  10.00%, test  loss: 2.3146
INFO:root:After inference2: [0.03, 1.30, 4.29, 1.06, 2.16]
INFO:root:Round 11's server1 train acc:  26.67%, train loss: 2.2847
INFO:root:After inference1: [0.03, 1.30, 4.36, 1.11, 2.18]
INFO:root:Round 11's server  test  acc:  10.00%, test  loss: 2.6782
INFO:root:After inference2: [0.04, 1.44, 4.72, 1.11, 2.36]
INFO:root:Round 12's server1 train acc:  14.70%, train loss: 2.1553
INFO:root:After inference1: [0.04, 1.44, 4.79, 1.17, 2.38]
INFO:root:Round 12's server  test  acc:  10.00%, test  loss: 2.3184
INFO:root:After inference2: [0.04, 1.56, 5.15, 1.17, 2.57]
INFO:root:Round 13's server1 train acc:  23.77%, train loss: 2.0629
INFO:root:After inference1: [0.04, 1.56, 5.22, 1.23, 2.59]
INFO:root:Round 13's server  test  acc:  10.00%, test  loss: 2.4030
INFO:root:After inference2: [0.04, 1.70, 5.58, 1.23, 2.78]
INFO:root:Round 14's server1 train acc:  15.98%, train loss: 2.1251
INFO:root:After inference1: [0.04, 1.70, 5.65, 1.29, 2.80]
INFO:root:Round 14's server  test  acc:  10.00%, test  loss: 2.4768
INFO:root:After inference2: [0.05, 1.83, 6.01, 1.29, 2.98]
INFO:root:Round 15's server1 train acc:  19.25%, train loss: 2.2343
INFO:root:After inference1: [0.05, 1.83, 6.08, 1.35, 3.01]
INFO:root:Round 15's server  test  acc:  10.00%, test  loss: 2.3085
INFO:root:After inference2: [0.05, 1.96, 6.44, 1.35, 3.19]
INFO:root:Round 16's server1 train acc:  18.85%, train loss: 2.0938
INFO:root:After inference1: [0.05, 1.96, 6.51, 1.41, 3.22]
INFO:root:Round 16's server  test  acc:  10.00%, test  loss: 2.4494
INFO:root:After inference2: [0.05, 2.09, 6.87, 1.41, 3.40]
INFO:root:Round 17's server1 train acc:  21.51%, train loss: 2.1519
INFO:root:After inference1: [0.05, 2.09, 6.95, 1.47, 3.43]
INFO:root:Round 17's server  test  acc:  13.04%, test  loss: 2.3568
INFO:root:After inference2: [0.06, 2.22, 7.31, 1.47, 3.61]
INFO:root:Round 18's server1 train acc:  18.40%, train loss: 2.1462
INFO:root:After inference1: [0.06, 2.22, 7.37, 1.52, 3.63]
INFO:root:Round 18's server  test  acc:  10.00%, test  loss: 2.4309
INFO:root:After inference2: [0.06, 2.35, 7.73, 1.52, 3.82]
INFO:root:Round 19's server1 train acc:  22.73%, train loss: 2.0853
INFO:root:After inference1: [0.06, 2.35, 7.80, 1.58, 3.84]
INFO:root:Round 19's server  test  acc:  10.00%, test  loss: 2.4688
INFO:root:After inference2: [0.06, 2.48, 8.16, 1.58, 4.03]
INFO:root:Round 20's server1 train acc:  25.31%, train loss: 2.1961
INFO:root:After inference1: [0.06, 2.48, 8.23, 1.64, 4.04]
INFO:root:Round 20's server  test  acc:  13.39%, test  loss: 2.3316
INFO:root:After inference2: [0.07, 2.61, 8.59, 1.64, 4.23]
INFO:root:Round 21's server1 train acc:  19.89%, train loss: 2.2133
INFO:root:After inference1: [0.07, 2.61, 8.66, 1.70, 4.25]
INFO:root:Round 21's server  test  acc:  10.00%, test  loss: 2.3254
INFO:root:After inference2: [0.07, 2.74, 9.02, 1.70, 4.44]
INFO:root:Round 22's server1 train acc:  14.78%, train loss: 2.1852
INFO:root:After inference1: [0.07, 2.74, 9.09, 1.76, 4.46]
INFO:root:Round 22's server  test  acc:  10.50%, test  loss: 2.3009
INFO:root:After inference2: [0.07, 2.87, 9.45, 1.76, 4.64]
INFO:root:Round 23's server1 train acc:  20.67%, train loss: 2.0938
INFO:root:After inference1: [0.07, 2.87, 9.52, 1.82, 4.66]
INFO:root:Round 23's server  test  acc:  10.36%, test  loss: 2.3466
INFO:root:After inference2: [0.08, 3.00, 9.88, 1.82, 4.85]
INFO:root:Round 24's server1 train acc:  16.27%, train loss: 2.2028
INFO:root:After inference1: [0.08, 3.00, 9.95, 1.88, 4.87]
INFO:root:Round 24's server  test  acc:  10.10%, test  loss: 2.2692
INFO:root:After inference2: [0.08, 3.13, 10.31, 1.88, 5.06]
INFO:root:Round 25's server1 train acc:  23.46%, train loss: 2.1833
INFO:root:After inference1: [0.08, 3.13, 10.38, 1.94, 5.08]
INFO:root:Round 25's server  test  acc:  14.77%, test  loss: 2.2830
INFO:root:After inference2: [0.08, 3.26, 10.74, 1.94, 5.26]
INFO:root:Round 26's server1 train acc:  17.38%, train loss: 2.1568
INFO:root:After inference1: [0.08, 3.26, 10.81, 1.99, 5.28]
INFO:root:Round 26's server  test  acc:  10.00%, test  loss: 2.2936
INFO:root:After inference2: [0.09, 3.39, 11.17, 1.99, 5.47]
INFO:root:Round 27's server1 train acc:  31.67%, train loss: 2.0798
INFO:root:After inference1: [0.09, 3.39, 11.24, 2.05, 5.49]
INFO:root:Round 27's server  test  acc:  16.01%, test  loss: 2.2799
INFO:root:After inference2: [0.09, 3.53, 11.61, 2.05, 5.68]
INFO:root:Round 28's server1 train acc:  26.14%, train loss: 2.1392
INFO:root:After inference1: [0.09, 3.53, 11.67, 2.11, 5.70]
INFO:root:Round 28's server  test  acc:  15.73%, test  loss: 2.2773
INFO:root:After inference2: [0.09, 3.66, 12.03, 2.11, 5.89]
INFO:root:Round 29's server1 train acc:  20.30%, train loss: 2.1054
INFO:root:After inference1: [0.09, 3.66, 12.10, 2.17, 5.91]
INFO:root:Round 29's server  test  acc:  10.01%, test  loss: 2.2627
INFO:root:After inference2: [0.10, 3.79, 12.46, 2.17, 6.09]
INFO:root:Round 30's server1 train acc:  27.60%, train loss: 1.9874
INFO:root:After inference1: [0.10, 3.79, 12.53, 2.23, 6.11]
INFO:root:Round 30's server  test  acc:  13.64%, test  loss: 2.3658
INFO:root:After inference2: [0.10, 3.92, 12.90, 2.23, 6.30]
INFO:root:Round 31's server1 train acc:  26.99%, train loss: 2.1080
INFO:root:After inference1: [0.10, 3.92, 12.96, 2.30, 6.32]
INFO:root:Round 31's server  test  acc:  19.47%, test  loss: 2.2364
INFO:root:After inference2: [0.10, 4.05, 13.33, 2.30, 6.51]
INFO:root:Round 32's server1 train acc:  22.91%, train loss: 2.1336
INFO:root:After inference1: [0.10, 4.05, 13.39, 2.36, 6.53]
INFO:root:Round 32's server  test  acc:  11.93%, test  loss: 2.3173
INFO:root:After inference2: [0.11, 4.18, 13.75, 2.36, 6.71]
INFO:root:Round 33's server1 train acc:  30.56%, train loss: 2.0746
INFO:root:After inference1: [0.11, 4.18, 13.82, 2.41, 6.73]
INFO:root:Round 33's server  test  acc:  15.00%, test  loss: 2.2449
INFO:root:After inference2: [0.11, 4.31, 14.18, 2.41, 6.92]
INFO:root:Round 34's server1 train acc:  23.49%, train loss: 2.0401
INFO:root:After inference1: [0.11, 4.31, 14.25, 2.47, 6.94]
INFO:root:Round 34's server  test  acc:  10.07%, test  loss: 2.2681
INFO:root:After inference2: [0.11, 4.44, 14.61, 2.47, 7.13]
INFO:root:Round 35's server1 train acc:  33.64%, train loss: 2.0624
INFO:root:After inference1: [0.11, 4.44, 14.68, 2.53, 7.15]
INFO:root:Round 35's server  test  acc:  16.83%, test  loss: 2.1969
INFO:root:After inference2: [0.12, 4.57, 15.04, 2.53, 7.33]
INFO:root:Round 36's server1 train acc:  29.68%, train loss: 2.0699
INFO:root:After inference1: [0.12, 4.57, 15.11, 2.59, 7.35]
INFO:root:Round 36's server  test  acc:  15.90%, test  loss: 2.1612
INFO:root:After inference2: [0.12, 4.70, 15.47, 2.59, 7.54]
INFO:root:Round 37's server1 train acc:  29.28%, train loss: 2.0403
INFO:root:After inference1: [0.12, 4.70, 15.54, 2.65, 7.56]
INFO:root:Round 37's server  test  acc:  16.08%, test  loss: 2.2226
INFO:root:After inference2: [0.12, 4.83, 15.90, 2.65, 7.75]
INFO:root:Round 38's server1 train acc:  23.57%, train loss: 2.0371
INFO:root:After inference1: [0.12, 4.83, 15.97, 2.71, 7.77]
INFO:root:Round 38's server  test  acc:  10.05%, test  loss: 2.4163
INFO:root:After inference2: [0.13, 4.96, 16.33, 2.71, 7.95]
INFO:root:Round 39's server1 train acc:  25.28%, train loss: 2.0645
INFO:root:After inference1: [0.13, 4.96, 16.40, 2.77, 7.97]
INFO:root:Round 39's server  test  acc:  10.00%, test  loss: 2.3191
INFO:root:After inference2: [0.13, 5.09, 16.76, 2.77, 8.16]
INFO:root:Round 40's server1 train acc:  25.82%, train loss: 2.0231
INFO:root:After inference1: [0.13, 5.09, 16.82, 2.82, 8.18]
INFO:root:Round 40's server  test  acc:  14.05%, test  loss: 2.2622
INFO:root:After inference2: [0.13, 5.22, 17.19, 2.82, 8.36]
INFO:root:Round 41's server1 train acc:  31.36%, train loss: 1.9345
INFO:root:After inference1: [0.13, 5.22, 17.25, 2.88, 8.38]
INFO:root:Round 41's server  test  acc:  16.86%, test  loss: 2.2186
INFO:root:After inference2: [0.14, 5.35, 17.61, 2.88, 8.57]
INFO:root:Round 42's server1 train acc:  42.27%, train loss: 1.7788
INFO:root:After inference1: [0.14, 5.35, 17.68, 2.94, 8.59]
INFO:root:Round 42's server  test  acc:  16.67%, test  loss: 2.2420
INFO:root:After inference2: [0.14, 5.48, 18.04, 2.94, 8.77]
INFO:root:Round 43's server1 train acc:  27.31%, train loss: 2.0446
INFO:root:After inference1: [0.14, 5.48, 18.11, 3.00, 8.80]
INFO:root:Round 43's server  test  acc:  16.17%, test  loss: 2.1373
INFO:root:After inference2: [0.14, 5.61, 18.47, 3.00, 8.98]
INFO:root:Round 44's server1 train acc:  17.31%, train loss: 2.0533
INFO:root:After inference1: [0.14, 5.61, 18.53, 3.06, 9.00]
INFO:root:Round 44's server  test  acc:  14.89%, test  loss: 2.2104
INFO:root:After inference2: [0.15, 5.74, 18.89, 3.06, 9.19]
INFO:root:Round 45's server1 train acc:  20.86%, train loss: 2.0863
INFO:root:After inference1: [0.15, 5.74, 18.96, 3.12, 9.21]
INFO:root:Round 45's server  test  acc:  14.88%, test  loss: 2.1416
INFO:root:After inference2: [0.15, 5.87, 19.32, 3.12, 9.39]
INFO:root:Round 46's server1 train acc:  31.32%, train loss: 1.9636
INFO:root:After inference1: [0.15, 5.87, 19.39, 3.18, 9.41]
INFO:root:Round 46's server  test  acc:  18.48%, test  loss: 2.1229
INFO:root:After inference2: [0.15, 6.00, 19.75, 3.18, 9.60]
INFO:root:Round 47's server1 train acc:  34.83%, train loss: 1.9437
INFO:root:After inference1: [0.15, 6.00, 19.82, 3.23, 9.62]
INFO:root:Round 47's server  test  acc:  16.03%, test  loss: 2.1495
INFO:root:After inference2: [0.16, 6.13, 20.18, 3.23, 9.81]
INFO:root:Round 48's server1 train acc:  33.57%, train loss: 1.8446
INFO:root:After inference1: [0.16, 6.13, 20.24, 3.29, 9.83]
INFO:root:Round 48's server  test  acc:  13.69%, test  loss: 2.3067
INFO:root:After inference2: [0.16, 6.26, 20.60, 3.29, 10.01]
INFO:root:Round 49's server1 train acc:  26.61%, train loss: 2.0556
INFO:root:After inference1: [0.16, 6.26, 20.67, 3.35, 10.03]
INFO:root:Round 49's server  test  acc:  17.66%, test  loss: 2.1151
INFO:root:After inference2: [0.16, 6.39, 21.03, 3.35, 10.22]
INFO:root:Round 50's server1 train acc:  27.24%, train loss: 1.9415
INFO:root:After inference1: [0.16, 6.39, 21.10, 3.41, 10.24]
INFO:root:Round 50's server  test  acc:  15.84%, test  loss: 2.1401
INFO:root:After inference2: [0.17, 6.52, 21.46, 3.41, 10.42]
INFO:root:Round 51's server1 train acc:  30.14%, train loss: 1.8215
INFO:root:After inference1: [0.17, 6.52, 21.52, 3.47, 10.44]
INFO:root:Round 51's server  test  acc:  11.63%, test  loss: 2.1776
INFO:root:After inference2: [0.17, 6.65, 21.88, 3.47, 10.63]
INFO:root:Round 52's server1 train acc:  22.82%, train loss: 1.9747
INFO:root:After inference1: [0.17, 6.65, 21.94, 3.53, 10.64]
INFO:root:Round 52's server  test  acc:  17.00%, test  loss: 2.1104
INFO:root:After inference2: [0.17, 6.78, 22.30, 3.53, 10.83]
INFO:root:Round 53's server1 train acc:  24.48%, train loss: 2.0135
INFO:root:After inference1: [0.17, 6.78, 22.37, 3.58, 10.85]
INFO:root:Round 53's server  test  acc:  15.95%, test  loss: 2.1611
INFO:root:After inference2: [0.17, 6.91, 22.73, 3.58, 11.04]
INFO:root:Round 54's server1 train acc:  25.32%, train loss: 1.8930
INFO:root:After inference1: [0.18, 6.91, 22.80, 3.64, 11.06]
INFO:root:Round 54's server  test  acc:  17.32%, test  loss: 2.1832
INFO:root:After inference2: [0.18, 7.04, 23.16, 3.64, 11.24]
INFO:root:Round 55's server1 train acc:  28.31%, train loss: 1.9396
INFO:root:After inference1: [0.18, 7.04, 23.22, 3.70, 11.26]
INFO:root:Round 55's server  test  acc:  16.34%, test  loss: 2.1633
INFO:root:After inference2: [0.18, 7.17, 23.58, 3.70, 11.45]
INFO:root:Round 56's server1 train acc:  41.80%, train loss: 1.6646
INFO:root:After inference1: [0.18, 7.17, 23.66, 3.76, 11.47]
INFO:root:Round 56's server  test  acc:  12.72%, test  loss: 2.3847
INFO:root:After inference2: [0.18, 7.31, 24.02, 3.76, 11.66]
INFO:root:Round 57's server1 train acc:  43.60%, train loss: 1.7598
INFO:root:After inference1: [0.19, 7.31, 24.09, 3.82, 11.68]
INFO:root:Round 57's server  test  acc:  17.89%, test  loss: 2.2388
INFO:root:After inference2: [0.19, 7.44, 24.45, 3.82, 11.86]
INFO:root:Round 58's server1 train acc:  30.28%, train loss: 1.8812
INFO:root:After inference1: [0.19, 7.44, 24.51, 3.88, 11.88]
INFO:root:Round 58's server  test  acc:  18.24%, test  loss: 2.1410
INFO:root:After inference2: [0.19, 7.56, 24.87, 3.88, 12.07]
INFO:root:Round 59's server1 train acc:  39.01%, train loss: 1.8208
INFO:root:After inference1: [0.19, 7.56, 24.94, 3.94, 12.09]
INFO:root:Round 59's server  test  acc:  20.07%, test  loss: 2.1722
INFO:root:After inference2: [0.19, 7.69, 25.30, 3.94, 12.27]
INFO:root:Round 60's server1 train acc:  33.21%, train loss: 1.8747
INFO:root:After inference1: [0.19, 7.69, 25.37, 3.99, 12.29]
INFO:root:Round 60's server  test  acc:  21.07%, test  loss: 2.0645
INFO:root:After inference2: [0.20, 7.82, 25.73, 3.99, 12.48]
INFO:root:Round 61's server1 train acc:  25.29%, train loss: 1.9872
INFO:root:After inference1: [0.20, 7.82, 25.80, 4.05, 12.50]
INFO:root:Round 61's server  test  acc:  16.22%, test  loss: 2.1730
INFO:root:After inference2: [0.20, 7.96, 26.16, 4.05, 12.69]
INFO:root:Round 62's server1 train acc:  30.00%, train loss: 1.8617
INFO:root:After inference1: [0.20, 7.96, 26.22, 4.11, 12.71]
INFO:root:Round 62's server  test  acc:  18.79%, test  loss: 2.0609
INFO:root:After inference2: [0.20, 8.09, 26.58, 4.11, 12.89]
INFO:root:Round 63's server1 train acc:  29.25%, train loss: 1.8983
INFO:root:After inference1: [0.20, 8.09, 26.65, 4.17, 12.91]
INFO:root:Round 63's server  test  acc:  18.09%, test  loss: 2.1452
INFO:root:After inference2: [0.21, 8.22, 27.01, 4.17, 13.10]
INFO:root:Round 64's server1 train acc:  37.11%, train loss: 1.8342
INFO:root:After inference1: [0.21, 8.22, 27.08, 4.23, 13.12]
INFO:root:Round 64's server  test  acc:  16.86%, test  loss: 2.1542
INFO:root:After inference2: [0.21, 8.35, 27.45, 4.23, 13.31]
INFO:root:Round 65's server1 train acc:  35.82%, train loss: 1.8837
INFO:root:After inference1: [0.21, 8.35, 27.51, 4.29, 13.32]
INFO:root:Round 65's server  test  acc:  20.19%, test  loss: 2.0642
INFO:root:After inference2: [0.21, 8.48, 27.87, 4.29, 13.51]
INFO:root:Round 66's server1 train acc:  34.44%, train loss: 1.8154
INFO:root:After inference1: [0.21, 8.48, 27.94, 4.35, 13.53]
INFO:root:Round 66's server  test  acc:  18.08%, test  loss: 2.1210
INFO:root:After inference2: [0.22, 8.61, 28.30, 4.35, 13.72]
INFO:root:Round 67's server1 train acc:  37.10%, train loss: 1.8770
INFO:root:After inference1: [0.22, 8.61, 28.37, 4.40, 13.73]
INFO:root:Round 67's server  test  acc:  17.87%, test  loss: 2.0582
INFO:root:After inference2: [0.22, 8.74, 28.73, 4.40, 13.92]
INFO:root:Round 68's server1 train acc:  36.20%, train loss: 1.8273
INFO:root:After inference1: [0.22, 8.74, 28.79, 4.46, 13.94]
INFO:root:Round 68's server  test  acc:  19.72%, test  loss: 2.0806
INFO:root:After inference2: [0.22, 8.87, 29.15, 4.46, 14.13]
INFO:root:Round 69's server1 train acc:  29.96%, train loss: 1.8898
INFO:root:After inference1: [0.22, 8.87, 29.22, 4.52, 14.15]
INFO:root:Round 69's server  test  acc:  16.64%, test  loss: 2.1098
INFO:root:After inference2: [0.23, 9.00, 29.59, 4.52, 14.33]
INFO:root:Round 70's server1 train acc:  34.28%, train loss: 1.7830
INFO:root:After inference1: [0.23, 9.00, 29.65, 4.58, 14.35]
INFO:root:Round 70's server  test  acc:  17.52%, test  loss: 2.0655
INFO:root:After inference2: [0.23, 9.13, 30.01, 4.58, 14.54]
INFO:root:Round 71's server1 train acc:  30.13%, train loss: 1.9481
INFO:root:After inference1: [0.23, 9.13, 30.08, 4.64, 14.56]
INFO:root:Round 71's server  test  acc:  17.31%, test  loss: 2.0818
INFO:root:After inference2: [0.23, 9.26, 30.44, 4.64, 14.74]
INFO:root:Round 72's server1 train acc:  25.00%, train loss: 1.8855
INFO:root:After inference1: [0.23, 9.26, 30.51, 4.70, 14.77]
INFO:root:Round 72's server  test  acc:  19.35%, test  loss: 2.0202
INFO:root:After inference2: [0.24, 9.39, 30.88, 4.70, 14.95]
INFO:root:Round 73's server1 train acc:  26.58%, train loss: 1.8898
INFO:root:After inference1: [0.24, 9.39, 30.94, 4.75, 14.97]
INFO:root:Round 73's server  test  acc:  17.27%, test  loss: 2.0301
INFO:root:After inference2: [0.24, 9.52, 31.31, 4.75, 15.16]
INFO:root:Round 74's server1 train acc:  31.22%, train loss: 1.8294
INFO:root:After inference1: [0.24, 9.52, 31.37, 4.81, 15.18]
INFO:root:Round 74's server  test  acc:  17.10%, test  loss: 1.9911
INFO:root:After inference2: [0.24, 9.66, 31.73, 4.81, 15.37]
INFO:root:Round 75's server1 train acc:  31.78%, train loss: 1.8554
INFO:root:After inference1: [0.24, 9.66, 31.80, 4.87, 15.39]
INFO:root:Round 75's server  test  acc:  19.98%, test  loss: 1.9983
INFO:root:After inference2: [0.25, 9.79, 32.16, 4.87, 15.57]
INFO:root:Round 76's server1 train acc:  37.02%, train loss: 1.7530
INFO:root:After inference1: [0.25, 9.79, 32.22, 4.93, 15.59]
INFO:root:Round 76's server  test  acc:  21.40%, test  loss: 2.0199
INFO:root:After inference2: [0.25, 9.92, 32.58, 4.93, 15.78]
INFO:root:Round 77's server1 train acc:  33.11%, train loss: 1.8912
INFO:root:After inference1: [0.25, 9.92, 32.65, 4.99, 15.80]
INFO:root:Round 77's server  test  acc:  24.58%, test  loss: 1.9869
INFO:root:After inference2: [0.25, 10.05, 33.01, 4.99, 15.98]
INFO:root:Round 78's server1 train acc:  31.60%, train loss: 1.8445
INFO:root:After inference1: [0.25, 10.05, 33.07, 5.05, 16.00]
INFO:root:Round 78's server  test  acc:  16.72%, test  loss: 2.1142
INFO:root:After inference2: [0.26, 10.18, 33.43, 5.05, 16.19]
INFO:root:Round 79's server1 train acc:  36.70%, train loss: 1.7796
INFO:root:After inference1: [0.26, 10.18, 33.50, 5.10, 16.21]
INFO:root:Round 79's server  test  acc:  19.79%, test  loss: 2.0434
INFO:root:After inference2: [0.26, 10.31, 33.86, 5.10, 16.40]
INFO:root:Round 80's server1 train acc:  31.15%, train loss: 1.7828
INFO:root:After inference1: [0.26, 10.31, 33.92, 5.16, 16.42]
INFO:root:Round 80's server  test  acc:  18.23%, test  loss: 2.1039
INFO:root:After inference2: [0.26, 10.44, 34.28, 5.16, 16.60]
INFO:root:Round 81's server1 train acc:  31.32%, train loss: 1.8764
INFO:root:After inference1: [0.26, 10.44, 34.35, 5.22, 16.62]
INFO:root:Round 81's server  test  acc:  17.45%, test  loss: 2.0420
INFO:root:After inference2: [0.27, 10.57, 34.71, 5.22, 16.81]
INFO:root:Round 82's server1 train acc:  33.48%, train loss: 1.7333
INFO:root:After inference1: [0.27, 10.57, 34.78, 5.28, 16.83]
INFO:root:Round 82's server  test  acc:  16.00%, test  loss: 2.1668
INFO:root:After inference2: [0.27, 10.70, 35.14, 5.28, 17.01]
INFO:root:Round 83's server1 train acc:  22.41%, train loss: 1.9359
INFO:root:After inference1: [0.27, 10.70, 35.21, 5.34, 17.04]
INFO:root:Round 83's server  test  acc:  16.29%, test  loss: 2.0892
INFO:root:After inference2: [0.27, 10.83, 35.57, 5.34, 17.22]
INFO:root:Round 84's server1 train acc:  43.47%, train loss: 1.5827
INFO:root:After inference1: [0.27, 10.83, 35.63, 5.40, 17.24]
INFO:root:Round 84's server  test  acc:  17.19%, test  loss: 2.2224
INFO:root:After inference2: [0.28, 10.96, 35.99, 5.40, 17.43]
INFO:root:Round 85's server1 train acc:  40.88%, train loss: 1.6035
INFO:root:After inference1: [0.28, 10.96, 36.06, 5.45, 17.45]
INFO:root:Round 85's server  test  acc:  18.07%, test  loss: 2.1198
INFO:root:After inference2: [0.28, 11.09, 36.42, 5.45, 17.64]
INFO:root:Round 86's server1 train acc:  36.73%, train loss: 1.6718
INFO:root:After inference1: [0.28, 11.09, 36.49, 5.51, 17.66]
INFO:root:Round 86's server  test  acc:  21.17%, test  loss: 2.0854
INFO:root:After inference2: [0.28, 11.22, 36.85, 5.51, 17.85]
INFO:root:Round 87's server1 train acc:  39.12%, train loss: 1.6572
INFO:root:After inference1: [0.28, 11.22, 36.92, 5.57, 17.87]
INFO:root:Round 87's server  test  acc:  19.86%, test  loss: 2.0426
INFO:root:After inference2: [0.29, 11.35, 37.29, 5.57, 18.05]
INFO:root:Round 88's server1 train acc:  38.36%, train loss: 1.7578
INFO:root:After inference1: [0.29, 11.35, 37.36, 5.63, 18.07]
INFO:root:Round 88's server  test  acc:  16.20%, test  loss: 2.0387
INFO:root:After inference2: [0.29, 11.48, 37.72, 5.63, 18.26]
INFO:root:Round 89's server1 train acc:  25.23%, train loss: 1.8650
INFO:root:After inference1: [0.29, 11.48, 37.79, 5.69, 18.28]
INFO:root:Round 89's server  test  acc:  19.01%, test  loss: 1.9772
INFO:root:After inference2: [0.29, 11.61, 38.15, 5.69, 18.47]
INFO:root:Round 90's server1 train acc:  52.19%, train loss: 1.4278
INFO:root:After inference1: [0.29, 11.61, 38.22, 5.75, 18.49]
INFO:root:Round 90's server  test  acc:  18.10%, test  loss: 2.1908
INFO:root:After inference2: [0.30, 11.74, 38.58, 5.75, 18.68]
INFO:root:Round 91's server1 train acc:  42.00%, train loss: 1.6164
INFO:root:After inference1: [0.30, 11.74, 38.65, 5.80, 18.70]
INFO:root:Round 91's server  test  acc:  17.96%, test  loss: 2.2840
INFO:root:After inference2: [0.30, 11.87, 39.01, 5.80, 18.89]
INFO:root:Round 92's server1 train acc:  43.93%, train loss: 1.6261
INFO:root:After inference1: [0.30, 11.87, 39.08, 5.86, 18.91]
INFO:root:Round 92's server  test  acc:  22.67%, test  loss: 2.0620
INFO:root:After inference2: [0.30, 12.00, 39.44, 5.86, 19.10]
INFO:root:Round 93's server1 train acc:  37.30%, train loss: 1.8137
INFO:root:After inference1: [0.30, 12.00, 39.50, 5.92, 19.12]
INFO:root:Round 93's server  test  acc:  21.84%, test  loss: 2.0841
INFO:root:After inference2: [0.31, 12.13, 39.87, 5.92, 19.30]
INFO:root:Round 94's server1 train acc:  41.72%, train loss: 1.7085
INFO:root:After inference1: [0.31, 12.13, 39.93, 5.98, 19.32]
INFO:root:Round 94's server  test  acc:  24.06%, test  loss: 2.0116
INFO:root:After inference2: [0.31, 12.26, 40.29, 5.98, 19.51]
INFO:root:Round 95's server1 train acc:  33.54%, train loss: 1.8293
INFO:root:After inference1: [0.31, 12.26, 40.36, 6.04, 19.53]
INFO:root:Round 95's server  test  acc:  16.62%, test  loss: 2.0404
INFO:root:After inference2: [0.31, 12.39, 40.72, 6.04, 19.71]
INFO:root:Round 96's server1 train acc:  30.66%, train loss: 1.7683
INFO:root:After inference1: [0.31, 12.39, 40.79, 6.10, 19.74]
INFO:root:Round 96's server  test  acc:  20.13%, test  loss: 1.9932
INFO:root:After inference2: [0.32, 12.52, 41.15, 6.10, 19.92]
INFO:root:Round 97's server1 train acc:  31.34%, train loss: 1.8333
INFO:root:After inference1: [0.32, 12.52, 41.22, 6.15, 19.94]
INFO:root:Round 97's server  test  acc:  26.98%, test  loss: 1.9374
INFO:root:After inference2: [0.32, 12.65, 41.58, 6.15, 20.13]
INFO:root:Round 98's server1 train acc:  31.66%, train loss: 1.8059
INFO:root:After inference1: [0.32, 12.65, 41.64, 6.21, 20.15]
INFO:root:Round 98's server  test  acc:  21.78%, test  loss: 1.9846
INFO:root:After inference2: [0.32, 12.79, 42.00, 6.21, 20.34]
INFO:root:Round 99's server1 train acc:  37.25%, train loss: 1.6209
INFO:root:After inference1: [0.32, 12.79, 42.07, 6.27, 20.36]
INFO:root:Round 99's server  test  acc:  18.23%, test  loss: 2.1244
INFO:root:After inference2: [0.33, 12.92, 42.43, 6.27, 20.55]
INFO:root:Round 100's server1 train acc:  42.20%, train loss: 1.5721
INFO:root:After inference1: [0.33, 12.92, 42.50, 6.33, 20.57]
INFO:root:Round 100's server  test  acc:  17.88%, test  loss: 2.0771
INFO:root:After inference2: [0.33, 13.04, 42.86, 6.33, 20.76]
INFO:root:Record Time: |0.02| 0.00| 3.40| 6.33| 0.01| 0.00| 3.34| 2.09| 0.30| 13.04| 36.12| 18.67| = 83.32
INFO:root:Total Training Time 88.96; Other Time 5.64
