INFO:root:Namespace(m='wvgg9k4', d='cifar10', s=2, R=100, K=5, M=500, P=10, partition='exdir', alpha=[2, 10.0], optim='sgd', lr=0.1, lr_decay=1.0, momentum=0.0, weight_decay=0.0001, global_lr=1.0, batch_size=20, seed=1234, clip=10, log='Log', eval_num=100, tail_eval_num=0, device=0, save_model=0, start_round=0, case=1)
INFO:root:record_name: FedAvg-VI1_M500_P10_K5_R100_wvgg9k4_cifar10_exdir2,10.0_sgd0.1,1.0,0.0,0.0001_b20_seed1234_clip10
INFO:root:VGG(
  (features): Sequential(
    (0): Conv2d(3, 32, kernel_size=(3, 3), stride=(1, 1), padding=(1, 1))
    (1): ReLU(inplace=True)
    (2): MaxPool2d(kernel_size=2, stride=2, padding=0, dilation=1, ceil_mode=False)
    (3): Conv2d(32, 64, kernel_size=(3, 3), stride=(1, 1), padding=(1, 1))
    (4): ReLU(inplace=True)
    (5): MaxPool2d(kernel_size=2, stride=2, padding=0, dilation=1, ceil_mode=False)
    (6): Conv2d(64, 128, kernel_size=(3, 3), stride=(1, 1), padding=(1, 1))
    (7): ReLU(inplace=True)
    (8): Conv2d(128, 128, kernel_size=(3, 3), stride=(1, 1), padding=(1, 1))
    (9): ReLU(inplace=True)
    (10): MaxPool2d(kernel_size=2, stride=2, padding=0, dilation=1, ceil_mode=False)
    (11): Conv2d(128, 256, kernel_size=(3, 3), stride=(1, 1), padding=(1, 1))
    (12): ReLU(inplace=True)
    (13): Conv2d(256, 256, kernel_size=(3, 3), stride=(1, 1), padding=(1, 1))
    (14): ReLU(inplace=True)
    (15): MaxPool2d(kernel_size=2, stride=2, padding=0, dilation=1, ceil_mode=False)
    (16): Conv2d(256, 256, kernel_size=(3, 3), stride=(1, 1), padding=(1, 1))
    (17): ReLU(inplace=True)
    (18): Conv2d(256, 256, kernel_size=(3, 3), stride=(1, 1), padding=(1, 1))
    (19): ReLU(inplace=True)
    (20): MaxPool2d(kernel_size=2, stride=2, padding=0, dilation=1, ceil_mode=False)
  )
  (avgpool): AdaptiveAvgPool2d(output_size=(1, 1))
  (flatten): Flatten(start_dim=1, end_dim=-1)
  (classifier): Linear(in_features=256, out_features=10, bias=True)
)
INFO:root:Before reset: [0.00, 0.00, 0.00, 0.00, 0.00]
INFO:root:Round 1's server1 train acc:  21.15%, train loss: 2.2841
INFO:root:After inference1: [0.00, 0.03, 0.07, 0.32, 0.06]
INFO:root:Round 1's server  test  acc:  10.00%, test  loss: 2.3031
INFO:root:After inference2: [0.00, 0.15, 0.43, 0.32, 0.25]
INFO:root:Round 2's server1 train acc:  17.62%, train loss: 2.2886
INFO:root:After inference1: [0.00, 0.18, 0.50, 0.46, 0.28]
INFO:root:Round 2's server  test  acc:  10.00%, test  loss: 2.3037
INFO:root:After inference2: [0.01, 0.31, 0.85, 0.46, 0.47]
INFO:root:Round 3's server1 train acc:   5.97%, train loss: 2.2837
INFO:root:After inference1: [0.01, 0.33, 0.93, 0.57, 0.51]
INFO:root:Round 3's server  test  acc:  10.00%, test  loss: 2.3056
INFO:root:After inference2: [0.01, 0.46, 1.28, 0.57, 0.70]
INFO:root:Round 4's server1 train acc:  18.15%, train loss: 2.2099
INFO:root:After inference1: [0.01, 0.49, 1.36, 0.64, 0.72]
INFO:root:Round 4's server  test  acc:  10.00%, test  loss: 2.7208
INFO:root:After inference2: [0.02, 0.62, 1.71, 0.64, 0.91]
INFO:root:Round 5's server1 train acc:  24.95%, train loss: 2.2167
INFO:root:After inference1: [0.02, 0.64, 1.78, 0.71, 0.94]
INFO:root:Round 5's server  test  acc:  10.00%, test  loss: 2.3276
INFO:root:After inference2: [0.02, 0.77, 2.14, 0.71, 1.13]
INFO:root:Round 6's server1 train acc:   8.85%, train loss: 2.3606
INFO:root:After inference1: [0.02, 0.79, 2.21, 0.79, 1.14]
INFO:root:Round 6's server  test  acc:  10.00%, test  loss: 2.3641
INFO:root:After inference2: [0.02, 0.92, 2.56, 0.79, 1.33]
INFO:root:Round 7's server1 train acc:   5.50%, train loss: 2.3060
INFO:root:After inference1: [0.02, 0.95, 2.63, 0.86, 1.35]
INFO:root:Round 7's server  test  acc:  10.00%, test  loss: 2.3637
INFO:root:After inference2: [0.03, 1.07, 2.99, 0.86, 1.54]
INFO:root:Round 8's server1 train acc:  13.38%, train loss: 2.2366
INFO:root:After inference1: [0.03, 1.10, 3.06, 0.93, 1.56]
INFO:root:Round 8's server  test  acc:  11.09%, test  loss: 2.3216
INFO:root:After inference2: [0.03, 1.23, 3.41, 0.93, 1.74]
INFO:root:Round 9's server1 train acc:  12.43%, train loss: 2.3046
INFO:root:After inference1: [0.03, 1.25, 3.48, 0.99, 1.78]
INFO:root:Round 9's server  test  acc:   9.89%, test  loss: 2.3089
INFO:root:After inference2: [0.03, 1.38, 3.84, 0.99, 1.96]
INFO:root:Round 10's server1 train acc:  18.67%, train loss: 2.2820
INFO:root:After inference1: [0.03, 1.41, 3.91, 1.05, 1.98]
INFO:root:Round 10's server  test  acc:  10.00%, test  loss: 2.3146
INFO:root:After inference2: [0.04, 1.54, 4.26, 1.05, 2.17]
INFO:root:Round 11's server1 train acc:  26.67%, train loss: 2.2847
INFO:root:After inference1: [0.04, 1.56, 4.33, 1.10, 2.19]
INFO:root:Round 11's server  test  acc:  10.00%, test  loss: 2.6782
INFO:root:After inference2: [0.04, 1.69, 4.69, 1.10, 2.38]
INFO:root:Round 12's server1 train acc:  14.70%, train loss: 2.1553
INFO:root:After inference1: [0.04, 1.72, 4.76, 1.16, 2.40]
INFO:root:Round 12's server  test  acc:  10.00%, test  loss: 2.3184
INFO:root:After inference2: [0.04, 1.84, 5.12, 1.16, 2.59]
INFO:root:Round 13's server1 train acc:  23.77%, train loss: 2.0629
INFO:root:After inference1: [0.05, 1.87, 5.19, 1.22, 2.60]
INFO:root:Round 13's server  test  acc:  10.00%, test  loss: 2.4030
INFO:root:After inference2: [0.05, 2.00, 5.55, 1.22, 2.79]
INFO:root:Round 14's server1 train acc:  15.98%, train loss: 2.1251
INFO:root:After inference1: [0.05, 2.02, 5.62, 1.28, 2.81]
INFO:root:Round 14's server  test  acc:  10.00%, test  loss: 2.4768
INFO:root:After inference2: [0.05, 2.15, 5.98, 1.28, 3.00]
INFO:root:Round 15's server1 train acc:  19.25%, train loss: 2.2343
INFO:root:After inference1: [0.05, 2.18, 6.06, 1.34, 3.02]
INFO:root:Round 15's server  test  acc:  10.00%, test  loss: 2.3085
INFO:root:After inference2: [0.06, 2.31, 6.42, 1.34, 3.21]
INFO:root:Round 16's server1 train acc:  18.85%, train loss: 2.0938
INFO:root:After inference1: [0.06, 2.34, 6.49, 1.40, 3.23]
INFO:root:Round 16's server  test  acc:  10.00%, test  loss: 2.4494
INFO:root:After inference2: [0.06, 2.47, 6.85, 1.40, 3.42]
INFO:root:Round 17's server1 train acc:  21.51%, train loss: 2.1519
INFO:root:After inference1: [0.06, 2.49, 6.92, 1.46, 3.45]
INFO:root:Round 17's server  test  acc:  13.04%, test  loss: 2.3568
INFO:root:After inference2: [0.06, 2.62, 7.28, 1.46, 3.63]
INFO:root:Round 18's server1 train acc:  18.40%, train loss: 2.1462
INFO:root:After inference1: [0.06, 2.65, 7.34, 1.51, 3.65]
INFO:root:Round 18's server  test  acc:  10.00%, test  loss: 2.4309
INFO:root:After inference2: [0.07, 2.77, 7.70, 1.51, 3.84]
INFO:root:Round 19's server1 train acc:  22.73%, train loss: 2.0853
INFO:root:After inference1: [0.07, 2.80, 7.77, 1.57, 3.86]
INFO:root:Round 19's server  test  acc:  10.00%, test  loss: 2.4688
INFO:root:After inference2: [0.07, 2.93, 8.13, 1.57, 4.05]
INFO:root:Round 20's server1 train acc:  25.31%, train loss: 2.1961
INFO:root:After inference1: [0.07, 2.95, 8.19, 1.63, 4.07]
INFO:root:Round 20's server  test  acc:  13.39%, test  loss: 2.3316
INFO:root:After inference2: [0.07, 3.08, 8.55, 1.63, 4.25]
INFO:root:Round 21's server1 train acc:  19.89%, train loss: 2.2133
INFO:root:After inference1: [0.08, 3.10, 8.62, 1.69, 4.27]
INFO:root:Round 21's server  test  acc:  10.00%, test  loss: 2.3254
INFO:root:After inference2: [0.08, 3.23, 8.97, 1.69, 4.46]
INFO:root:Round 22's server1 train acc:  14.78%, train loss: 2.1852
INFO:root:After inference1: [0.08, 3.26, 9.04, 1.75, 4.48]
INFO:root:Round 22's server  test  acc:  10.50%, test  loss: 2.3009
INFO:root:After inference2: [0.08, 3.38, 9.40, 1.75, 4.67]
INFO:root:Round 23's server1 train acc:  20.67%, train loss: 2.0938
INFO:root:After inference1: [0.08, 3.41, 9.47, 1.81, 4.69]
INFO:root:Round 23's server  test  acc:  10.36%, test  loss: 2.3466
INFO:root:After inference2: [0.09, 3.54, 9.82, 1.81, 4.87]
INFO:root:Round 24's server1 train acc:  16.27%, train loss: 2.2028
INFO:root:After inference1: [0.09, 3.56, 9.90, 1.87, 4.89]
INFO:root:Round 24's server  test  acc:  10.10%, test  loss: 2.2692
INFO:root:After inference2: [0.09, 3.69, 10.25, 1.87, 5.08]
INFO:root:Round 25's server1 train acc:  23.46%, train loss: 2.1833
INFO:root:After inference1: [0.09, 3.72, 10.32, 1.93, 5.10]
INFO:root:Round 25's server  test  acc:  14.77%, test  loss: 2.2830
INFO:root:After inference2: [0.09, 3.84, 10.68, 1.93, 5.29]
INFO:root:Round 26's server1 train acc:  17.38%, train loss: 2.1568
INFO:root:After inference1: [0.09, 3.87, 10.76, 1.98, 5.31]
INFO:root:Round 26's server  test  acc:  10.00%, test  loss: 2.2936
INFO:root:After inference2: [0.10, 4.00, 11.11, 1.98, 5.50]
INFO:root:Round 27's server1 train acc:  31.67%, train loss: 2.0798
INFO:root:After inference1: [0.10, 4.03, 11.19, 2.04, 5.52]
INFO:root:Round 27's server  test  acc:  16.01%, test  loss: 2.2799
INFO:root:After inference2: [0.10, 4.15, 11.54, 2.04, 5.71]
INFO:root:Round 28's server1 train acc:  26.14%, train loss: 2.1392
INFO:root:After inference1: [0.10, 4.18, 11.61, 2.10, 5.73]
INFO:root:Round 28's server  test  acc:  15.73%, test  loss: 2.2773
INFO:root:After inference2: [0.10, 4.31, 11.97, 2.10, 5.92]
INFO:root:Round 29's server1 train acc:  20.30%, train loss: 2.1054
INFO:root:After inference1: [0.11, 4.33, 12.05, 2.16, 5.94]
INFO:root:Round 29's server  test  acc:  10.01%, test  loss: 2.2627
INFO:root:After inference2: [0.11, 4.46, 12.40, 2.16, 6.12]
INFO:root:Round 30's server1 train acc:  27.60%, train loss: 1.9874
INFO:root:After inference1: [0.11, 4.49, 12.47, 2.22, 6.15]
INFO:root:Round 30's server  test  acc:  13.64%, test  loss: 2.3658
INFO:root:After inference2: [0.11, 4.62, 12.83, 2.22, 6.33]
INFO:root:Round 31's server1 train acc:  26.99%, train loss: 2.1080
INFO:root:After inference1: [0.11, 4.64, 12.90, 2.29, 6.35]
INFO:root:Round 31's server  test  acc:  19.47%, test  loss: 2.2364
INFO:root:After inference2: [0.12, 4.77, 13.26, 2.29, 6.54]
INFO:root:Round 32's server1 train acc:  22.91%, train loss: 2.1336
INFO:root:After inference1: [0.12, 4.80, 13.33, 2.35, 6.56]
INFO:root:Round 32's server  test  acc:  11.93%, test  loss: 2.3173
INFO:root:After inference2: [0.12, 4.93, 13.69, 2.35, 6.75]
INFO:root:Round 33's server1 train acc:  30.56%, train loss: 2.0746
INFO:root:After inference1: [0.12, 4.95, 13.76, 2.40, 6.77]
INFO:root:Round 33's server  test  acc:  15.00%, test  loss: 2.2449
INFO:root:After inference2: [0.12, 5.08, 14.12, 2.40, 6.96]
INFO:root:Round 34's server1 train acc:  23.49%, train loss: 2.0401
INFO:root:After inference1: [0.12, 5.10, 14.19, 2.46, 6.98]
INFO:root:Round 34's server  test  acc:  10.07%, test  loss: 2.2681
INFO:root:After inference2: [0.13, 5.23, 14.55, 2.46, 7.17]
INFO:root:Round 35's server1 train acc:  33.64%, train loss: 2.0624
INFO:root:After inference1: [0.13, 5.26, 14.62, 2.52, 7.19]
INFO:root:Round 35's server  test  acc:  16.83%, test  loss: 2.1969
INFO:root:After inference2: [0.13, 5.39, 14.97, 2.52, 7.38]
INFO:root:Round 36's server1 train acc:  29.68%, train loss: 2.0699
INFO:root:After inference1: [0.13, 5.41, 15.05, 2.58, 7.40]
INFO:root:Round 36's server  test  acc:  15.90%, test  loss: 2.1612
INFO:root:After inference2: [0.13, 5.54, 15.40, 2.58, 7.58]
INFO:root:Round 37's server1 train acc:  29.28%, train loss: 2.0403
INFO:root:After inference1: [0.13, 5.57, 15.47, 2.64, 7.61]
INFO:root:Round 37's server  test  acc:  16.08%, test  loss: 2.2226
INFO:root:After inference2: [0.14, 5.69, 15.83, 2.64, 7.79]
INFO:root:Round 38's server1 train acc:  23.57%, train loss: 2.0371
INFO:root:After inference1: [0.14, 5.72, 15.90, 2.70, 7.82]
INFO:root:Round 38's server  test  acc:  10.05%, test  loss: 2.4163
INFO:root:After inference2: [0.14, 5.85, 16.26, 2.70, 8.00]
INFO:root:Round 39's server1 train acc:  25.28%, train loss: 2.0645
INFO:root:After inference1: [0.14, 5.88, 16.33, 2.75, 8.02]
INFO:root:Round 39's server  test  acc:  10.00%, test  loss: 2.3191
INFO:root:After inference2: [0.15, 6.01, 16.69, 2.75, 8.21]
INFO:root:Round 40's server1 train acc:  25.82%, train loss: 2.0231
INFO:root:After inference1: [0.15, 6.03, 16.76, 2.81, 8.23]
INFO:root:Round 40's server  test  acc:  14.05%, test  loss: 2.2622
INFO:root:After inference2: [0.15, 6.16, 17.12, 2.81, 8.42]
INFO:root:Round 41's server1 train acc:  31.36%, train loss: 1.9345
INFO:root:After inference1: [0.15, 6.18, 17.19, 2.87, 8.44]
INFO:root:Round 41's server  test  acc:  16.86%, test  loss: 2.2186
INFO:root:After inference2: [0.15, 6.31, 17.55, 2.87, 8.63]
INFO:root:Round 42's server1 train acc:  42.27%, train loss: 1.7788
INFO:root:After inference1: [0.15, 6.34, 17.62, 2.93, 8.65]
INFO:root:Round 42's server  test  acc:  16.67%, test  loss: 2.2420
INFO:root:After inference2: [0.16, 6.46, 17.98, 2.93, 8.83]
INFO:root:Round 43's server1 train acc:  27.31%, train loss: 2.0446
INFO:root:After inference1: [0.16, 6.49, 18.05, 2.99, 8.86]
INFO:root:Round 43's server  test  acc:  16.17%, test  loss: 2.1373
INFO:root:After inference2: [0.16, 6.62, 18.41, 2.99, 9.04]
INFO:root:Round 44's server1 train acc:  17.31%, train loss: 2.0533
INFO:root:After inference1: [0.16, 6.64, 18.48, 3.05, 9.06]
INFO:root:Round 44's server  test  acc:  14.89%, test  loss: 2.2104
INFO:root:After inference2: [0.16, 6.77, 18.83, 3.05, 9.25]
INFO:root:Round 45's server1 train acc:  20.86%, train loss: 2.0863
INFO:root:After inference1: [0.16, 6.79, 18.90, 3.10, 9.27]
INFO:root:Round 45's server  test  acc:  14.88%, test  loss: 2.1416
INFO:root:After inference2: [0.17, 6.92, 19.26, 3.10, 9.46]
INFO:root:Round 46's server1 train acc:  31.32%, train loss: 1.9636
INFO:root:After inference1: [0.17, 6.95, 19.33, 3.16, 9.48]
INFO:root:Round 46's server  test  acc:  18.48%, test  loss: 2.1229
INFO:root:After inference2: [0.17, 7.08, 19.68, 3.16, 9.67]
INFO:root:Round 47's server1 train acc:  34.83%, train loss: 1.9437
INFO:root:After inference1: [0.17, 7.10, 19.76, 3.22, 9.69]
INFO:root:Round 47's server  test  acc:  16.03%, test  loss: 2.1495
INFO:root:After inference2: [0.17, 7.23, 20.12, 3.22, 9.88]
INFO:root:Round 48's server1 train acc:  33.57%, train loss: 1.8446
INFO:root:After inference1: [0.18, 7.26, 20.19, 3.28, 9.90]
INFO:root:Round 48's server  test  acc:  13.69%, test  loss: 2.3067
INFO:root:After inference2: [0.18, 7.38, 20.54, 3.28, 10.09]
INFO:root:Round 49's server1 train acc:  26.61%, train loss: 2.0556
INFO:root:After inference1: [0.18, 7.41, 20.62, 3.34, 10.11]
INFO:root:Round 49's server  test  acc:  17.66%, test  loss: 2.1151
INFO:root:After inference2: [0.18, 7.54, 20.97, 3.34, 10.30]
INFO:root:Round 50's server1 train acc:  27.24%, train loss: 1.9415
INFO:root:After inference1: [0.18, 7.56, 21.04, 3.40, 10.32]
INFO:root:Round 50's server  test  acc:  15.84%, test  loss: 2.1401
INFO:root:After inference2: [0.19, 7.69, 21.40, 3.40, 10.50]
INFO:root:Round 51's server1 train acc:  30.14%, train loss: 1.8215
INFO:root:After inference1: [0.19, 7.72, 21.47, 3.46, 10.52]
INFO:root:Round 51's server  test  acc:  11.63%, test  loss: 2.1776
INFO:root:After inference2: [0.19, 7.85, 21.83, 3.46, 10.71]
INFO:root:Round 52's server1 train acc:  22.82%, train loss: 1.9747
INFO:root:After inference1: [0.19, 7.87, 21.89, 3.51, 10.73]
INFO:root:Round 52's server  test  acc:  17.00%, test  loss: 2.1104
INFO:root:After inference2: [0.19, 8.00, 22.25, 3.51, 10.92]
INFO:root:Round 53's server1 train acc:  24.48%, train loss: 2.0135
INFO:root:After inference1: [0.19, 8.03, 22.33, 3.57, 10.94]
INFO:root:Round 53's server  test  acc:  15.95%, test  loss: 2.1611
INFO:root:After inference2: [0.20, 8.16, 22.68, 3.57, 11.13]
INFO:root:Round 54's server1 train acc:  25.32%, train loss: 1.8930
INFO:root:After inference1: [0.20, 8.18, 22.75, 3.63, 11.15]
INFO:root:Round 54's server  test  acc:  17.32%, test  loss: 2.1832
INFO:root:After inference2: [0.20, 8.31, 23.11, 3.63, 11.33]
INFO:root:Round 55's server1 train acc:  28.31%, train loss: 1.9396
INFO:root:After inference1: [0.20, 8.34, 23.18, 3.69, 11.36]
INFO:root:Round 55's server  test  acc:  16.34%, test  loss: 2.1633
INFO:root:After inference2: [0.20, 8.46, 23.54, 3.69, 11.54]
INFO:root:Round 56's server1 train acc:  41.80%, train loss: 1.6646
INFO:root:After inference1: [0.21, 8.49, 23.62, 3.75, 11.57]
INFO:root:Round 56's server  test  acc:  12.72%, test  loss: 2.3847
INFO:root:After inference2: [0.21, 8.62, 23.98, 3.75, 11.75]
INFO:root:Round 57's server1 train acc:  43.60%, train loss: 1.7598
INFO:root:After inference1: [0.21, 8.65, 24.05, 3.81, 11.77]
INFO:root:Round 57's server  test  acc:  17.89%, test  loss: 2.2388
INFO:root:After inference2: [0.21, 8.77, 24.41, 3.81, 11.96]
INFO:root:Round 58's server1 train acc:  30.28%, train loss: 1.8812
INFO:root:After inference1: [0.21, 8.80, 24.48, 3.87, 11.98]
INFO:root:Round 58's server  test  acc:  18.24%, test  loss: 2.1410
INFO:root:After inference2: [0.22, 8.93, 24.84, 3.87, 12.17]
INFO:root:Round 59's server1 train acc:  39.01%, train loss: 1.8208
INFO:root:After inference1: [0.22, 8.96, 24.91, 3.93, 12.19]
INFO:root:Round 59's server  test  acc:  20.07%, test  loss: 2.1722
INFO:root:After inference2: [0.22, 9.08, 25.27, 3.93, 12.38]
INFO:root:Round 60's server1 train acc:  33.21%, train loss: 1.8747
INFO:root:After inference1: [0.22, 9.11, 25.35, 3.98, 12.40]
INFO:root:Round 60's server  test  acc:  21.07%, test  loss: 2.0645
INFO:root:After inference2: [0.22, 9.24, 25.71, 3.98, 12.59]
INFO:root:Round 61's server1 train acc:  25.29%, train loss: 1.9872
INFO:root:After inference1: [0.22, 9.27, 25.78, 4.04, 12.61]
INFO:root:Round 61's server  test  acc:  16.22%, test  loss: 2.1730
INFO:root:After inference2: [0.23, 9.40, 26.15, 4.04, 12.80]
INFO:root:Round 62's server1 train acc:  30.00%, train loss: 1.8617
INFO:root:After inference1: [0.23, 9.42, 26.22, 4.10, 12.82]
INFO:root:Round 62's server  test  acc:  18.79%, test  loss: 2.0609
INFO:root:After inference2: [0.23, 9.55, 26.58, 4.10, 13.01]
INFO:root:Round 63's server1 train acc:  29.25%, train loss: 1.8983
INFO:root:After inference1: [0.23, 9.58, 26.65, 4.16, 13.03]
INFO:root:Round 63's server  test  acc:  18.09%, test  loss: 2.1452
INFO:root:After inference2: [0.23, 9.71, 27.01, 4.16, 13.22]
INFO:root:Round 64's server1 train acc:  37.11%, train loss: 1.8342
INFO:root:After inference1: [0.23, 9.74, 27.09, 4.22, 13.24]
INFO:root:Round 64's server  test  acc:  16.86%, test  loss: 2.1542
INFO:root:After inference2: [0.24, 9.87, 27.45, 4.22, 13.43]
INFO:root:Round 65's server1 train acc:  35.82%, train loss: 1.8837
INFO:root:After inference1: [0.24, 9.89, 27.52, 4.28, 13.45]
INFO:root:Round 65's server  test  acc:  20.19%, test  loss: 2.0642
INFO:root:After inference2: [0.24, 10.02, 27.88, 4.28, 13.64]
INFO:root:Round 66's server1 train acc:  34.44%, train loss: 1.8154
INFO:root:After inference1: [0.24, 10.05, 27.96, 4.34, 13.66]
INFO:root:Round 66's server  test  acc:  18.08%, test  loss: 2.1210
INFO:root:After inference2: [0.25, 10.18, 28.32, 4.34, 13.85]
INFO:root:Round 67's server1 train acc:  37.10%, train loss: 1.8770
INFO:root:After inference1: [0.25, 10.20, 28.39, 4.40, 13.87]
INFO:root:Round 67's server  test  acc:  17.87%, test  loss: 2.0582
INFO:root:After inference2: [0.25, 10.33, 28.75, 4.40, 14.05]
INFO:root:Round 68's server1 train acc:  36.20%, train loss: 1.8273
INFO:root:After inference1: [0.25, 10.35, 28.82, 4.45, 14.07]
INFO:root:Round 68's server  test  acc:  19.72%, test  loss: 2.0806
INFO:root:After inference2: [0.25, 10.48, 29.18, 4.45, 14.26]
INFO:root:Round 69's server1 train acc:  29.96%, train loss: 1.8898
INFO:root:After inference1: [0.25, 10.51, 29.25, 4.51, 14.29]
INFO:root:Round 69's server  test  acc:  16.64%, test  loss: 2.1098
INFO:root:After inference2: [0.26, 10.64, 29.61, 4.51, 14.47]
INFO:root:Round 70's server1 train acc:  34.28%, train loss: 1.7830
INFO:root:After inference1: [0.26, 10.66, 29.68, 4.57, 14.49]
INFO:root:Round 70's server  test  acc:  17.52%, test  loss: 2.0655
INFO:root:After inference2: [0.26, 10.79, 30.04, 4.57, 14.68]
INFO:root:Round 71's server1 train acc:  30.13%, train loss: 1.9481
INFO:root:After inference1: [0.26, 10.82, 30.11, 4.63, 14.70]
INFO:root:Round 71's server  test  acc:  17.31%, test  loss: 2.0818
INFO:root:After inference2: [0.26, 10.95, 30.47, 4.63, 14.89]
INFO:root:Round 72's server1 train acc:  25.00%, train loss: 1.8855
INFO:root:After inference1: [0.26, 10.97, 30.55, 4.69, 14.91]
INFO:root:Round 72's server  test  acc:  19.35%, test  loss: 2.0202
INFO:root:After inference2: [0.27, 11.10, 30.90, 4.69, 15.10]
INFO:root:Round 73's server1 train acc:  26.58%, train loss: 1.8898
INFO:root:After inference1: [0.27, 11.13, 30.98, 4.75, 15.12]
INFO:root:Round 73's server  test  acc:  17.27%, test  loss: 2.0301
INFO:root:After inference2: [0.27, 11.26, 31.34, 4.75, 15.31]
INFO:root:Round 74's server1 train acc:  31.22%, train loss: 1.8294
INFO:root:After inference1: [0.27, 11.28, 31.41, 4.81, 15.33]
INFO:root:Round 74's server  test  acc:  17.10%, test  loss: 1.9911
INFO:root:After inference2: [0.28, 11.41, 31.77, 4.81, 15.52]
INFO:root:Round 75's server1 train acc:  31.78%, train loss: 1.8554
INFO:root:After inference1: [0.28, 11.44, 31.84, 4.87, 15.54]
INFO:root:Round 75's server  test  acc:  19.98%, test  loss: 1.9983
INFO:root:After inference2: [0.28, 11.57, 32.20, 4.87, 15.73]
INFO:root:Round 76's server1 train acc:  37.02%, train loss: 1.7530
INFO:root:After inference1: [0.28, 11.59, 32.27, 4.92, 15.75]
INFO:root:Round 76's server  test  acc:  21.40%, test  loss: 2.0199
INFO:root:After inference2: [0.28, 11.72, 32.62, 4.92, 15.94]
INFO:root:Round 77's server1 train acc:  33.11%, train loss: 1.8912
INFO:root:After inference1: [0.28, 11.75, 32.70, 4.98, 15.96]
INFO:root:Round 77's server  test  acc:  24.58%, test  loss: 1.9869
INFO:root:After inference2: [0.29, 11.88, 33.06, 4.98, 16.15]
INFO:root:Round 78's server1 train acc:  31.60%, train loss: 1.8445
INFO:root:After inference1: [0.29, 11.90, 33.12, 5.04, 16.17]
INFO:root:Round 78's server  test  acc:  16.72%, test  loss: 2.1142
INFO:root:After inference2: [0.29, 12.03, 33.48, 5.04, 16.36]
INFO:root:Round 79's server1 train acc:  36.70%, train loss: 1.7796
INFO:root:After inference1: [0.29, 12.06, 33.55, 5.10, 16.38]
INFO:root:Round 79's server  test  acc:  19.79%, test  loss: 2.0434
INFO:root:After inference2: [0.29, 12.18, 33.91, 5.10, 16.57]
INFO:root:Round 80's server1 train acc:  31.15%, train loss: 1.7828
INFO:root:After inference1: [0.29, 12.21, 33.98, 5.16, 16.59]
INFO:root:Round 80's server  test  acc:  18.23%, test  loss: 2.1039
INFO:root:After inference2: [0.30, 12.34, 34.34, 5.16, 16.78]
INFO:root:Round 81's server1 train acc:  31.32%, train loss: 1.8764
INFO:root:After inference1: [0.30, 12.37, 34.42, 5.22, 16.80]
INFO:root:Round 81's server  test  acc:  17.45%, test  loss: 2.0420
INFO:root:After inference2: [0.30, 12.50, 34.77, 5.22, 16.99]
INFO:root:Round 82's server1 train acc:  33.48%, train loss: 1.7333
INFO:root:After inference1: [0.30, 12.52, 34.84, 5.28, 17.01]
INFO:root:Round 82's server  test  acc:  16.00%, test  loss: 2.1668
INFO:root:After inference2: [0.30, 12.65, 35.20, 5.28, 17.20]
INFO:root:Round 83's server1 train acc:  22.41%, train loss: 1.9359
INFO:root:After inference1: [0.31, 12.68, 35.28, 5.33, 17.22]
INFO:root:Round 83's server  test  acc:  16.29%, test  loss: 2.0892
INFO:root:After inference2: [0.31, 12.81, 35.64, 5.33, 17.41]
INFO:root:Round 84's server1 train acc:  43.47%, train loss: 1.5827
INFO:root:After inference1: [0.31, 12.83, 35.71, 5.39, 17.43]
INFO:root:Round 84's server  test  acc:  17.19%, test  loss: 2.2224
INFO:root:After inference2: [0.31, 12.96, 36.07, 5.39, 17.62]
INFO:root:Round 85's server1 train acc:  40.88%, train loss: 1.6035
INFO:root:After inference1: [0.31, 12.99, 36.14, 5.45, 17.64]
INFO:root:Round 85's server  test  acc:  18.07%, test  loss: 2.1198
INFO:root:After inference2: [0.32, 13.12, 36.50, 5.45, 17.83]
INFO:root:Round 86's server1 train acc:  36.73%, train loss: 1.6718
INFO:root:After inference1: [0.32, 13.15, 36.57, 5.51, 17.85]
INFO:root:Round 86's server  test  acc:  21.17%, test  loss: 2.0854
INFO:root:After inference2: [0.32, 13.28, 36.93, 5.51, 18.04]
INFO:root:Round 87's server1 train acc:  39.12%, train loss: 1.6572
INFO:root:After inference1: [0.32, 13.30, 37.01, 5.57, 18.06]
INFO:root:Round 87's server  test  acc:  19.86%, test  loss: 2.0426
INFO:root:After inference2: [0.32, 13.43, 37.37, 5.57, 18.25]
INFO:root:Round 88's server1 train acc:  38.36%, train loss: 1.7578
INFO:root:After inference1: [0.32, 13.46, 37.44, 5.63, 18.27]
INFO:root:Round 88's server  test  acc:  16.20%, test  loss: 2.0387
INFO:root:After inference2: [0.33, 13.59, 37.80, 5.63, 18.46]
INFO:root:Round 89's server1 train acc:  25.23%, train loss: 1.8650
INFO:root:After inference1: [0.33, 13.62, 37.88, 5.69, 18.49]
INFO:root:Round 89's server  test  acc:  19.01%, test  loss: 1.9772
INFO:root:After inference2: [0.33, 13.74, 38.24, 5.69, 18.67]
INFO:root:Round 90's server1 train acc:  52.19%, train loss: 1.4278
INFO:root:After inference1: [0.33, 13.77, 38.31, 5.74, 18.70]
INFO:root:Round 90's server  test  acc:  18.10%, test  loss: 2.1908
INFO:root:After inference2: [0.33, 13.90, 38.67, 5.74, 18.89]
INFO:root:Round 91's server1 train acc:  42.00%, train loss: 1.6164
INFO:root:After inference1: [0.34, 13.93, 38.74, 5.80, 18.91]
INFO:root:Round 91's server  test  acc:  17.96%, test  loss: 2.2840
INFO:root:After inference2: [0.34, 14.05, 39.10, 5.80, 19.10]
INFO:root:Round 92's server1 train acc:  43.93%, train loss: 1.6261
INFO:root:After inference1: [0.34, 14.08, 39.17, 5.86, 19.12]
INFO:root:Round 92's server  test  acc:  22.67%, test  loss: 2.0620
INFO:root:After inference2: [0.34, 14.21, 39.53, 5.86, 19.30]
INFO:root:Round 93's server1 train acc:  37.30%, train loss: 1.8137
INFO:root:After inference1: [0.34, 14.23, 39.60, 5.92, 19.32]
INFO:root:Round 93's server  test  acc:  21.84%, test  loss: 2.0841
INFO:root:After inference2: [0.35, 14.36, 39.96, 5.92, 19.51]
INFO:root:Round 94's server1 train acc:  41.72%, train loss: 1.7085
INFO:root:After inference1: [0.35, 14.39, 40.03, 5.98, 19.53]
INFO:root:Round 94's server  test  acc:  24.06%, test  loss: 2.0116
INFO:root:After inference2: [0.35, 14.52, 40.39, 5.98, 19.72]
INFO:root:Round 95's server1 train acc:  33.54%, train loss: 1.8293
INFO:root:After inference1: [0.35, 14.54, 40.46, 6.04, 19.74]
INFO:root:Round 95's server  test  acc:  16.62%, test  loss: 2.0404
INFO:root:After inference2: [0.35, 14.67, 40.82, 6.04, 19.93]
INFO:root:Round 96's server1 train acc:  30.66%, train loss: 1.7683
INFO:root:After inference1: [0.35, 14.70, 40.90, 6.10, 19.96]
INFO:root:Round 96's server  test  acc:  20.13%, test  loss: 1.9932
INFO:root:After inference2: [0.36, 14.83, 41.26, 6.10, 20.14]
INFO:root:Round 97's server1 train acc:  31.34%, train loss: 1.8333
INFO:root:After inference1: [0.36, 14.85, 41.33, 6.15, 20.16]
INFO:root:Round 97's server  test  acc:  26.98%, test  loss: 1.9374
INFO:root:After inference2: [0.36, 14.98, 41.69, 6.15, 20.35]
INFO:root:Round 98's server1 train acc:  31.66%, train loss: 1.8059
INFO:root:After inference1: [0.36, 15.01, 41.76, 6.21, 20.37]
INFO:root:Round 98's server  test  acc:  21.78%, test  loss: 1.9846
INFO:root:After inference2: [0.36, 15.14, 42.11, 6.21, 20.56]
INFO:root:Round 99's server1 train acc:  37.25%, train loss: 1.6209
INFO:root:After inference1: [0.36, 15.16, 42.19, 6.27, 20.58]
INFO:root:Round 99's server  test  acc:  18.23%, test  loss: 2.1244
INFO:root:After inference2: [0.37, 15.29, 42.54, 6.27, 20.77]
INFO:root:Round 100's server1 train acc:  42.20%, train loss: 1.5721
INFO:root:After inference1: [0.37, 15.32, 42.62, 6.33, 20.79]
INFO:root:Round 100's server  test  acc:  17.88%, test  loss: 2.0771
INFO:root:After inference2: [0.37, 15.45, 42.98, 6.33, 20.98]
INFO:root:Record Time: |0.04| 1.28| 3.60| 6.33| 0.04| 1.29| 3.60| 2.16| 0.29| 12.88| 35.78| 18.82| = 86.12
INFO:root:Total Training Time 91.92; Other Time 5.81
