INFO:root:Namespace(m='wvgg9k4', d='cifar10', s=2, R=100, K=5, M=500, P=10, partition='exdir', alpha=[2, 10.0], optim='sgd', lr=0.1, lr_decay=1.0, momentum=0.0, weight_decay=0.0001, global_lr=1.0, batch_size=20, seed=1234, clip=10, log='Log', eval_num=100, tail_eval_num=0, device=0, save_model=0, start_round=0, case=1)
INFO:root:record_name: FedAvg-VI1_M500_P10_K5_R100_wvgg9k4_cifar10_exdir2,10.0_sgd0.1,1.0,0.0,0.0001_b20_seed1234_clip10
INFO:root:VGG(
  (features): Sequential(
    (0): Conv2d(3, 32, kernel_size=(3, 3), stride=(1, 1), padding=(1, 1))
    (1): ReLU(inplace=True)
    (2): MaxPool2d(kernel_size=2, stride=2, padding=0, dilation=1, ceil_mode=False)
    (3): Conv2d(32, 64, kernel_size=(3, 3), stride=(1, 1), padding=(1, 1))
    (4): ReLU(inplace=True)
    (5): MaxPool2d(kernel_size=2, stride=2, padding=0, dilation=1, ceil_mode=False)
    (6): Conv2d(64, 128, kernel_size=(3, 3), stride=(1, 1), padding=(1, 1))
    (7): ReLU(inplace=True)
    (8): Conv2d(128, 128, kernel_size=(3, 3), stride=(1, 1), padding=(1, 1))
    (9): ReLU(inplace=True)
    (10): MaxPool2d(kernel_size=2, stride=2, padding=0, dilation=1, ceil_mode=False)
    (11): Conv2d(128, 256, kernel_size=(3, 3), stride=(1, 1), padding=(1, 1))
    (12): ReLU(inplace=True)
    (13): Conv2d(256, 256, kernel_size=(3, 3), stride=(1, 1), padding=(1, 1))
    (14): ReLU(inplace=True)
    (15): MaxPool2d(kernel_size=2, stride=2, padding=0, dilation=1, ceil_mode=False)
    (16): Conv2d(256, 256, kernel_size=(3, 3), stride=(1, 1), padding=(1, 1))
    (17): ReLU(inplace=True)
    (18): Conv2d(256, 256, kernel_size=(3, 3), stride=(1, 1), padding=(1, 1))
    (19): ReLU(inplace=True)
    (20): MaxPool2d(kernel_size=2, stride=2, padding=0, dilation=1, ceil_mode=False)
  )
  (avgpool): AdaptiveAvgPool2d(output_size=(1, 1))
  (flatten): Flatten(start_dim=1, end_dim=-1)
  (classifier): Linear(in_features=256, out_features=10, bias=True)
)
INFO:root:Before reset: [0.00, 0.00, 0.00, 0.00, 0.00]
INFO:root:Round 1's server1 train acc:  17.08%, train loss: 2.2802
INFO:root:After inference1: [0.00, 0.03, 0.14, 0.32, 0.07]
INFO:root:Round 1's server  test  acc:  10.00%, test  loss: 2.3037
INFO:root:After inference2: [0.00, 0.16, 0.51, 0.32, 0.26]
INFO:root:Round 2's server1 train acc:  11.68%, train loss: 2.2855
INFO:root:After inference1: [0.01, 0.19, 0.65, 0.47, 0.29]
INFO:root:Round 2's server  test  acc:  10.00%, test  loss: 2.3063
INFO:root:After inference2: [0.01, 0.32, 1.02, 0.47, 0.48]
INFO:root:Round 3's server1 train acc:   8.36%, train loss: 2.3141
INFO:root:After inference1: [0.01, 0.35, 1.17, 0.58, 0.52]
INFO:root:Round 3's server  test  acc:  10.00%, test  loss: 2.3203
INFO:root:After inference2: [0.01, 0.48, 1.53, 0.58, 0.71]
INFO:root:Round 4's server1 train acc:  18.15%, train loss: 2.2545
INFO:root:After inference1: [0.01, 0.51, 1.68, 0.65, 0.73]
INFO:root:Round 4's server  test  acc:  10.00%, test  loss: 2.3084
INFO:root:After inference2: [0.02, 0.64, 2.05, 0.65, 0.92]
INFO:root:Round 5's server1 train acc:  14.72%, train loss: 2.2316
INFO:root:After inference1: [0.02, 0.66, 2.19, 0.72, 0.95]
INFO:root:Round 5's server  test  acc:  10.55%, test  loss: 2.3278
INFO:root:After inference2: [0.02, 0.80, 2.56, 0.72, 1.15]
INFO:root:Round 6's server1 train acc:   8.85%, train loss: 2.3861
INFO:root:After inference1: [0.02, 0.82, 2.70, 0.80, 1.17]
INFO:root:Round 6's server  test  acc:  10.00%, test  loss: 2.3712
INFO:root:After inference2: [0.02, 0.96, 3.07, 0.80, 1.36]
INFO:root:Round 7's server1 train acc:  18.55%, train loss: 2.2373
INFO:root:After inference1: [0.03, 0.98, 3.22, 0.87, 1.38]
INFO:root:Round 7's server  test  acc:  10.00%, test  loss: 2.3232
INFO:root:After inference2: [0.03, 1.12, 3.59, 0.87, 1.57]
INFO:root:Round 8's server1 train acc:  17.04%, train loss: 2.2304
INFO:root:After inference1: [0.03, 1.14, 3.73, 0.93, 1.59]
INFO:root:Round 8's server  test  acc:   9.96%, test  loss: 2.4308
INFO:root:After inference2: [0.03, 1.27, 4.09, 0.93, 1.77]
INFO:root:Round 9's server1 train acc:  14.35%, train loss: 2.3059
INFO:root:After inference1: [0.03, 1.30, 4.23, 0.99, 1.81]
INFO:root:Round 9's server  test  acc:  10.00%, test  loss: 2.3039
INFO:root:After inference2: [0.04, 1.43, 4.60, 0.99, 2.00]
INFO:root:Round 10's server1 train acc:  18.67%, train loss: 2.2853
INFO:root:After inference1: [0.04, 1.46, 4.75, 1.05, 2.02]
INFO:root:Round 10's server  test  acc:  10.00%, test  loss: 2.3619
INFO:root:After inference2: [0.04, 1.59, 5.11, 1.05, 2.21]
INFO:root:Round 11's server1 train acc:  26.67%, train loss: 2.2209
INFO:root:After inference1: [0.04, 1.62, 5.25, 1.11, 2.23]
INFO:root:Round 11's server  test  acc:  10.00%, test  loss: 2.3082
INFO:root:After inference2: [0.04, 1.75, 5.62, 1.11, 2.42]
INFO:root:Round 12's server1 train acc:  24.13%, train loss: 2.0841
INFO:root:After inference1: [0.05, 1.78, 5.76, 1.17, 2.44]
INFO:root:Round 12's server  test  acc:  10.00%, test  loss: 2.4411
INFO:root:After inference2: [0.05, 1.91, 6.12, 1.17, 2.63]
INFO:root:Round 13's server1 train acc:  23.77%, train loss: 2.1016
INFO:root:After inference1: [0.05, 1.94, 6.27, 1.23, 2.65]
INFO:root:Round 13's server  test  acc:  10.00%, test  loss: 2.5410
INFO:root:After inference2: [0.05, 2.07, 6.63, 1.23, 2.84]
INFO:root:Round 14's server1 train acc:  18.81%, train loss: 2.1266
INFO:root:After inference1: [0.05, 2.10, 6.78, 1.29, 2.86]
INFO:root:Round 14's server  test  acc:  10.00%, test  loss: 2.3503
INFO:root:After inference2: [0.06, 2.23, 7.14, 1.29, 3.04]
INFO:root:Round 15's server1 train acc:  21.56%, train loss: 2.2178
INFO:root:After inference1: [0.06, 2.26, 7.30, 1.34, 3.07]
INFO:root:Round 15's server  test  acc:  10.45%, test  loss: 2.3206
INFO:root:After inference2: [0.06, 2.39, 7.66, 1.34, 3.26]
INFO:root:Round 16's server1 train acc:  21.58%, train loss: 2.1266
INFO:root:After inference1: [0.06, 2.42, 7.81, 1.40, 3.28]
INFO:root:Round 16's server  test  acc:  10.00%, test  loss: 2.3521
INFO:root:After inference2: [0.06, 2.55, 8.17, 1.40, 3.47]
INFO:root:Round 17's server1 train acc:  16.36%, train loss: 2.1231
INFO:root:After inference1: [0.07, 2.58, 8.33, 1.46, 3.49]
INFO:root:Round 17's server  test  acc:  10.00%, test  loss: 2.3628
INFO:root:After inference2: [0.07, 2.71, 8.70, 1.46, 3.68]
INFO:root:Round 18's server1 train acc:  18.40%, train loss: 2.2017
INFO:root:After inference1: [0.07, 2.74, 8.84, 1.52, 3.70]
INFO:root:Round 18's server  test  acc:  10.00%, test  loss: 2.3356
INFO:root:After inference2: [0.07, 2.87, 9.21, 1.52, 3.89]
INFO:root:Round 19's server1 train acc:  22.73%, train loss: 2.1175
INFO:root:After inference1: [0.07, 2.90, 9.35, 1.58, 3.91]
INFO:root:Round 19's server  test  acc:  10.00%, test  loss: 2.4231
INFO:root:After inference2: [0.08, 3.03, 9.72, 1.58, 4.10]
INFO:root:Round 20's server1 train acc:  23.63%, train loss: 2.1657
INFO:root:After inference1: [0.08, 3.05, 9.85, 1.64, 4.12]
INFO:root:Round 20's server  test  acc:  10.00%, test  loss: 2.3370
INFO:root:After inference2: [0.08, 3.18, 10.22, 1.64, 4.31]
INFO:root:Round 21's server1 train acc:  19.89%, train loss: 2.1969
INFO:root:After inference1: [0.08, 3.21, 10.35, 1.69, 4.33]
INFO:root:Round 21's server  test  acc:  10.00%, test  loss: 2.3320
INFO:root:After inference2: [0.08, 3.34, 10.72, 1.69, 4.52]
INFO:root:Round 22's server1 train acc:  19.27%, train loss: 2.1252
INFO:root:After inference1: [0.08, 3.37, 10.86, 1.75, 4.54]
INFO:root:Round 22's server  test  acc:  10.00%, test  loss: 2.3134
INFO:root:After inference2: [0.09, 3.50, 11.23, 1.75, 4.73]
INFO:root:Round 23's server1 train acc:  27.03%, train loss: 2.0999
INFO:root:After inference1: [0.09, 3.53, 11.38, 1.81, 4.75]
INFO:root:Round 23's server  test  acc:  16.30%, test  loss: 2.3166
INFO:root:After inference2: [0.09, 3.66, 11.74, 1.81, 4.94]
INFO:root:Round 24's server1 train acc:  14.26%, train loss: 2.2304
INFO:root:After inference1: [0.09, 3.69, 11.89, 1.87, 4.96]
INFO:root:Round 24's server  test  acc:  11.92%, test  loss: 2.2716
INFO:root:After inference2: [0.10, 3.82, 12.25, 1.87, 5.15]
INFO:root:Round 25's server1 train acc:  21.81%, train loss: 2.1865
INFO:root:After inference1: [0.10, 3.85, 12.40, 1.93, 5.17]
INFO:root:Round 25's server  test  acc:  10.00%, test  loss: 2.2961
INFO:root:After inference2: [0.10, 3.98, 12.76, 1.93, 5.36]
INFO:root:Round 26's server1 train acc:  20.38%, train loss: 2.1392
INFO:root:After inference1: [0.10, 4.01, 12.90, 1.99, 5.38]
INFO:root:Round 26's server  test  acc:  13.37%, test  loss: 2.3013
INFO:root:After inference2: [0.10, 4.14, 13.27, 1.99, 5.57]
INFO:root:Round 27's server1 train acc:  29.35%, train loss: 2.0725
INFO:root:After inference1: [0.11, 4.17, 13.42, 2.05, 5.59]
INFO:root:Round 27's server  test  acc:  15.07%, test  loss: 2.3475
INFO:root:After inference2: [0.11, 4.30, 13.78, 2.05, 5.78]
INFO:root:Round 28's server1 train acc:  27.51%, train loss: 2.2041
INFO:root:After inference1: [0.11, 4.32, 13.92, 2.11, 5.80]
INFO:root:Round 28's server  test  acc:  16.77%, test  loss: 2.2710
INFO:root:After inference2: [0.11, 4.45, 14.29, 2.11, 5.99]
INFO:root:Round 29's server1 train acc:  17.90%, train loss: 2.1150
INFO:root:After inference1: [0.11, 4.48, 14.43, 2.17, 6.01]
INFO:root:Round 29's server  test  acc:  10.07%, test  loss: 2.3829
INFO:root:After inference2: [0.12, 4.61, 14.80, 2.17, 6.20]
INFO:root:Round 30's server1 train acc:  31.43%, train loss: 1.9978
INFO:root:After inference1: [0.12, 4.64, 14.94, 2.22, 6.22]
INFO:root:Round 30's server  test  acc:  15.07%, test  loss: 2.3073
INFO:root:After inference2: [0.12, 4.77, 15.31, 2.22, 6.41]
INFO:root:Round 31's server1 train acc:  31.18%, train loss: 2.1462
INFO:root:After inference1: [0.12, 4.80, 15.45, 2.29, 6.43]
INFO:root:Round 31's server  test  acc:  20.45%, test  loss: 2.2896
INFO:root:After inference2: [0.12, 4.93, 15.82, 2.29, 6.62]
INFO:root:Round 32's server1 train acc:  27.14%, train loss: 2.1290
INFO:root:After inference1: [0.12, 4.96, 15.96, 2.35, 6.64]
INFO:root:Round 32's server  test  acc:  16.86%, test  loss: 2.2543
INFO:root:After inference2: [0.13, 5.09, 16.32, 2.35, 6.83]
INFO:root:Round 33's server1 train acc:  25.12%, train loss: 2.1003
INFO:root:After inference1: [0.13, 5.12, 16.46, 2.41, 6.85]
INFO:root:Round 33's server  test  acc:  10.00%, test  loss: 2.3323
INFO:root:After inference2: [0.13, 5.25, 16.83, 2.41, 7.04]
INFO:root:Round 34's server1 train acc:  23.39%, train loss: 2.0211
INFO:root:After inference1: [0.13, 5.28, 16.97, 2.47, 7.06]
INFO:root:Round 34's server  test  acc:  10.00%, test  loss: 2.3779
INFO:root:After inference2: [0.14, 5.41, 17.34, 2.47, 7.24]
INFO:root:Round 35's server1 train acc:  31.41%, train loss: 2.1362
INFO:root:After inference1: [0.14, 5.43, 17.48, 2.53, 7.27]
INFO:root:Round 35's server  test  acc:  16.38%, test  loss: 2.2060
INFO:root:After inference2: [0.14, 5.56, 17.84, 2.53, 7.45]
INFO:root:Round 36's server1 train acc:  26.53%, train loss: 2.1153
INFO:root:After inference1: [0.14, 5.59, 17.98, 2.59, 7.48]
INFO:root:Round 36's server  test  acc:  13.48%, test  loss: 2.1915
INFO:root:After inference2: [0.14, 5.72, 18.35, 2.59, 7.66]
INFO:root:Round 37's server1 train acc:  21.02%, train loss: 2.0819
INFO:root:After inference1: [0.14, 5.75, 18.49, 2.65, 7.68]
INFO:root:Round 37's server  test  acc:  10.00%, test  loss: 2.2372
INFO:root:After inference2: [0.15, 5.88, 18.86, 2.65, 7.87]
INFO:root:Round 38's server1 train acc:  26.61%, train loss: 1.9908
INFO:root:After inference1: [0.15, 5.91, 19.01, 2.71, 7.90]
INFO:root:Round 38's server  test  acc:  11.56%, test  loss: 2.3166
INFO:root:After inference2: [0.15, 6.04, 19.37, 2.71, 8.08]
INFO:root:Round 39's server1 train acc:  28.91%, train loss: 2.0067
INFO:root:After inference1: [0.15, 6.07, 19.51, 2.77, 8.10]
INFO:root:Round 39's server  test  acc:  14.90%, test  loss: 2.2485
INFO:root:After inference2: [0.16, 6.20, 19.88, 2.77, 8.29]
INFO:root:Round 40's server1 train acc:  28.32%, train loss: 2.0043
INFO:root:After inference1: [0.16, 6.22, 20.01, 2.82, 8.31]
INFO:root:Round 40's server  test  acc:  16.91%, test  loss: 2.2932
INFO:root:After inference2: [0.16, 6.35, 20.38, 2.82, 8.50]
INFO:root:Round 41's server1 train acc:  27.60%, train loss: 1.9738
INFO:root:After inference1: [0.16, 6.38, 20.52, 2.88, 8.52]
INFO:root:Round 41's server  test  acc:  15.39%, test  loss: 2.2430
INFO:root:After inference2: [0.16, 6.51, 20.88, 2.88, 8.71]
INFO:root:Round 42's server1 train acc:  41.95%, train loss: 1.7596
INFO:root:After inference1: [0.16, 6.54, 21.02, 2.94, 8.73]
INFO:root:Round 42's server  test  acc:  16.63%, test  loss: 2.2700
INFO:root:After inference2: [0.17, 6.67, 21.39, 2.94, 8.91]
INFO:root:Round 43's server1 train acc:  26.74%, train loss: 2.0291
INFO:root:After inference1: [0.17, 6.70, 21.53, 3.00, 8.94]
INFO:root:Round 43's server  test  acc:  15.77%, test  loss: 2.1766
INFO:root:After inference2: [0.17, 6.83, 21.90, 3.00, 9.13]
INFO:root:Round 44's server1 train acc:  17.62%, train loss: 2.1040
INFO:root:After inference1: [0.17, 6.86, 22.04, 3.06, 9.15]
INFO:root:Round 44's server  test  acc:  12.39%, test  loss: 2.2108
INFO:root:After inference2: [0.18, 6.99, 22.41, 3.06, 9.34]
INFO:root:Round 45's server1 train acc:  18.38%, train loss: 2.2239
INFO:root:After inference1: [0.18, 7.01, 22.54, 3.12, 9.36]
INFO:root:Round 45's server  test  acc:  15.89%, test  loss: 2.2038
INFO:root:After inference2: [0.18, 7.14, 22.91, 3.12, 9.55]
INFO:root:Round 46's server1 train acc:  29.91%, train loss: 2.0263
INFO:root:After inference1: [0.18, 7.17, 23.05, 3.18, 9.57]
INFO:root:Round 46's server  test  acc:  17.72%, test  loss: 2.2254
INFO:root:After inference2: [0.18, 7.30, 23.41, 3.18, 9.75]
INFO:root:Round 47's server1 train acc:  34.16%, train loss: 1.9726
INFO:root:After inference1: [0.18, 7.33, 23.56, 3.24, 9.78]
INFO:root:Round 47's server  test  acc:  15.74%, test  loss: 2.1756
INFO:root:After inference2: [0.19, 7.46, 23.92, 3.24, 9.96]
INFO:root:Round 48's server1 train acc:  33.37%, train loss: 1.9106
INFO:root:After inference1: [0.19, 7.49, 24.06, 3.30, 9.99]
INFO:root:Round 48's server  test  acc:  13.37%, test  loss: 2.2368
INFO:root:After inference2: [0.19, 7.62, 24.43, 3.30, 10.17]
INFO:root:Round 49's server1 train acc:  24.69%, train loss: 2.0850
INFO:root:After inference1: [0.19, 7.65, 24.58, 3.35, 10.19]
INFO:root:Round 49's server  test  acc:  18.40%, test  loss: 2.1398
INFO:root:After inference2: [0.20, 7.78, 24.94, 3.35, 10.38]
INFO:root:Round 50's server1 train acc:  30.13%, train loss: 1.9065
INFO:root:After inference1: [0.20, 7.80, 25.08, 3.41, 10.40]
INFO:root:Round 50's server  test  acc:  16.07%, test  loss: 2.2121
INFO:root:After inference2: [0.20, 7.93, 25.45, 3.41, 10.59]
INFO:root:Round 51's server1 train acc:  29.82%, train loss: 1.8429
INFO:root:After inference1: [0.20, 7.96, 25.58, 3.47, 10.61]
INFO:root:Round 51's server  test  acc:  10.48%, test  loss: 2.2252
INFO:root:After inference2: [0.20, 8.09, 25.95, 3.47, 10.80]
INFO:root:Round 52's server1 train acc:  21.29%, train loss: 2.0200
INFO:root:After inference1: [0.20, 8.12, 26.08, 3.53, 10.81]
INFO:root:Round 52's server  test  acc:  17.19%, test  loss: 2.1548
INFO:root:After inference2: [0.21, 8.24, 26.44, 3.53, 11.00]
INFO:root:Round 53's server1 train acc:  22.69%, train loss: 2.0190
INFO:root:After inference1: [0.21, 8.27, 26.58, 3.59, 11.02]
INFO:root:Round 53's server  test  acc:  16.38%, test  loss: 2.2124
INFO:root:After inference2: [0.21, 8.40, 26.95, 3.59, 11.21]
INFO:root:Round 54's server1 train acc:  28.35%, train loss: 1.9195
INFO:root:After inference1: [0.21, 8.43, 27.08, 3.65, 11.23]
INFO:root:Round 54's server  test  acc:  18.00%, test  loss: 2.1835
INFO:root:After inference2: [0.21, 8.56, 27.45, 3.65, 11.42]
INFO:root:Round 55's server1 train acc:  30.82%, train loss: 1.9108
INFO:root:After inference1: [0.22, 8.59, 27.59, 3.71, 11.44]
INFO:root:Round 55's server  test  acc:  17.97%, test  loss: 2.1841
INFO:root:After inference2: [0.22, 8.72, 27.95, 3.71, 11.63]
INFO:root:Round 56's server1 train acc:  44.18%, train loss: 1.7371
INFO:root:After inference1: [0.22, 8.75, 28.10, 3.77, 11.65]
INFO:root:Round 56's server  test  acc:  15.07%, test  loss: 2.2298
INFO:root:After inference2: [0.22, 8.88, 28.47, 3.77, 11.84]
INFO:root:Round 57's server1 train acc:  42.18%, train loss: 1.8044
INFO:root:After inference1: [0.22, 8.91, 28.62, 3.83, 11.86]
INFO:root:Round 57's server  test  acc:  17.60%, test  loss: 2.3361
INFO:root:After inference2: [0.23, 9.04, 28.98, 3.83, 12.05]
INFO:root:Round 58's server1 train acc:  29.52%, train loss: 1.8688
INFO:root:After inference1: [0.23, 9.06, 29.12, 3.89, 12.07]
INFO:root:Round 58's server  test  acc:  17.97%, test  loss: 2.1870
INFO:root:After inference2: [0.23, 9.19, 29.48, 3.89, 12.25]
INFO:root:Round 59's server1 train acc:  34.84%, train loss: 1.8956
INFO:root:After inference1: [0.23, 9.22, 29.64, 3.95, 12.28]
INFO:root:Round 59's server  test  acc:  17.30%, test  loss: 2.1905
INFO:root:After inference2: [0.23, 9.35, 30.00, 3.95, 12.47]
INFO:root:Round 60's server1 train acc:  32.35%, train loss: 1.9314
INFO:root:After inference1: [0.24, 9.38, 30.15, 4.00, 12.49]
INFO:root:Round 60's server  test  acc:  19.18%, test  loss: 2.1528
INFO:root:After inference2: [0.24, 9.51, 30.52, 4.00, 12.68]
INFO:root:Round 61's server1 train acc:  23.14%, train loss: 1.9774
INFO:root:After inference1: [0.24, 9.54, 30.66, 4.06, 12.70]
INFO:root:Round 61's server  test  acc:  16.24%, test  loss: 2.1888
INFO:root:After inference2: [0.24, 9.67, 31.03, 4.06, 12.89]
INFO:root:Round 62's server1 train acc:  21.51%, train loss: 2.0077
INFO:root:After inference1: [0.24, 9.70, 31.17, 4.12, 12.91]
INFO:root:Round 62's server  test  acc:  14.57%, test  loss: 2.2321
INFO:root:After inference2: [0.25, 9.83, 31.53, 4.12, 13.09]
INFO:root:Round 63's server1 train acc:  28.47%, train loss: 1.9443
INFO:root:After inference1: [0.25, 9.86, 31.68, 4.18, 13.12]
INFO:root:Round 63's server  test  acc:  18.66%, test  loss: 2.1460
INFO:root:After inference2: [0.25, 9.99, 32.04, 4.18, 13.31]
INFO:root:Round 64's server1 train acc:  34.47%, train loss: 1.8700
INFO:root:After inference1: [0.25, 10.02, 32.19, 4.24, 13.33]
INFO:root:Round 64's server  test  acc:  16.11%, test  loss: 2.1885
INFO:root:After inference2: [0.25, 10.15, 32.56, 4.24, 13.52]
INFO:root:Round 65's server1 train acc:  36.76%, train loss: 1.8801
INFO:root:After inference1: [0.26, 10.17, 32.70, 4.30, 13.54]
INFO:root:Round 65's server  test  acc:  19.49%, test  loss: 2.1039
INFO:root:After inference2: [0.26, 10.30, 33.07, 4.30, 13.73]
INFO:root:Round 66's server1 train acc:  34.54%, train loss: 1.8521
INFO:root:After inference1: [0.26, 10.33, 33.21, 4.36, 13.75]
INFO:root:Round 66's server  test  acc:  18.55%, test  loss: 2.0959
INFO:root:After inference2: [0.26, 10.46, 33.58, 4.36, 13.94]
INFO:root:Round 67's server1 train acc:  35.20%, train loss: 1.9310
INFO:root:After inference1: [0.26, 10.49, 33.71, 4.42, 13.96]
INFO:root:Round 67's server  test  acc:  17.22%, test  loss: 2.1538
INFO:root:After inference2: [0.27, 10.62, 34.08, 4.42, 14.14]
INFO:root:Round 68's server1 train acc:  34.05%, train loss: 1.8502
INFO:root:After inference1: [0.27, 10.65, 34.21, 4.48, 14.16]
INFO:root:Round 68's server  test  acc:  17.97%, test  loss: 2.0710
INFO:root:After inference2: [0.27, 10.78, 34.58, 4.48, 14.35]
INFO:root:Round 69's server1 train acc:  28.72%, train loss: 1.9070
INFO:root:After inference1: [0.27, 10.80, 34.72, 4.54, 14.37]
INFO:root:Round 69's server  test  acc:  16.59%, test  loss: 2.0991
INFO:root:After inference2: [0.27, 10.93, 35.09, 4.54, 14.56]
INFO:root:Round 70's server1 train acc:  32.86%, train loss: 1.8627
INFO:root:After inference1: [0.28, 10.96, 35.23, 4.59, 14.58]
INFO:root:Round 70's server  test  acc:  16.75%, test  loss: 2.1075
INFO:root:After inference2: [0.28, 11.09, 35.60, 4.59, 14.77]
INFO:root:Round 71's server1 train acc:  25.98%, train loss: 2.0315
INFO:root:After inference1: [0.28, 11.12, 35.73, 4.65, 14.79]
INFO:root:Round 71's server  test  acc:  18.72%, test  loss: 2.0803
INFO:root:After inference2: [0.28, 11.25, 36.10, 4.65, 14.98]
INFO:root:Round 72's server1 train acc:  27.27%, train loss: 1.9490
INFO:root:After inference1: [0.28, 11.28, 36.25, 4.71, 15.00]
INFO:root:Round 72's server  test  acc:  16.70%, test  loss: 2.1196
INFO:root:After inference2: [0.29, 11.41, 36.62, 4.71, 15.19]
INFO:root:Round 73's server1 train acc:  25.91%, train loss: 1.9651
INFO:root:After inference1: [0.29, 11.43, 36.76, 4.77, 15.21]
INFO:root:Round 73's server  test  acc:  20.94%, test  loss: 2.0441
INFO:root:After inference2: [0.29, 11.56, 37.13, 4.77, 15.40]
INFO:root:Round 74's server1 train acc:  30.28%, train loss: 1.9274
INFO:root:After inference1: [0.29, 11.59, 37.27, 4.83, 15.42]
INFO:root:Round 74's server  test  acc:  16.40%, test  loss: 2.0451
INFO:root:After inference2: [0.29, 11.72, 37.63, 4.83, 15.61]
INFO:root:Round 75's server1 train acc:  29.13%, train loss: 1.9440
INFO:root:After inference1: [0.29, 11.75, 37.77, 4.89, 15.63]
INFO:root:Round 75's server  test  acc:  19.97%, test  loss: 2.0490
INFO:root:After inference2: [0.30, 11.88, 38.13, 4.89, 15.82]
INFO:root:Round 76's server1 train acc:  32.36%, train loss: 1.8478
INFO:root:After inference1: [0.30, 11.90, 38.26, 4.95, 15.84]
INFO:root:Round 76's server  test  acc:  19.80%, test  loss: 2.0655
INFO:root:After inference2: [0.30, 12.03, 38.63, 4.95, 16.03]
INFO:root:Round 77's server1 train acc:  27.77%, train loss: 1.9764
INFO:root:After inference1: [0.30, 12.06, 38.77, 5.01, 16.05]
INFO:root:Round 77's server  test  acc:  22.25%, test  loss: 2.0494
INFO:root:After inference2: [0.31, 12.19, 39.14, 5.01, 16.24]
INFO:root:Round 78's server1 train acc:  32.73%, train loss: 1.8165
INFO:root:After inference1: [0.31, 12.22, 39.27, 5.06, 16.26]
INFO:root:Round 78's server  test  acc:  17.35%, test  loss: 2.0973
INFO:root:After inference2: [0.31, 12.35, 39.64, 5.06, 16.45]
INFO:root:Round 79's server1 train acc:  36.60%, train loss: 1.8174
INFO:root:After inference1: [0.31, 12.37, 39.78, 5.12, 16.47]
INFO:root:Round 79's server  test  acc:  17.19%, test  loss: 2.1295
INFO:root:After inference2: [0.31, 12.50, 40.14, 5.12, 16.66]
INFO:root:Round 80's server1 train acc:  33.75%, train loss: 1.8024
INFO:root:After inference1: [0.31, 12.53, 40.28, 5.18, 16.68]
INFO:root:Round 80's server  test  acc:  18.04%, test  loss: 2.1535
INFO:root:After inference2: [0.32, 12.66, 40.65, 5.18, 16.87]
INFO:root:Round 81's server1 train acc:  30.74%, train loss: 1.9176
INFO:root:After inference1: [0.32, 12.69, 40.79, 5.24, 16.89]
INFO:root:Round 81's server  test  acc:  18.53%, test  loss: 2.0262
INFO:root:After inference2: [0.32, 12.82, 41.16, 5.24, 17.08]
INFO:root:Round 82's server1 train acc:  33.37%, train loss: 1.7776
INFO:root:After inference1: [0.32, 12.85, 41.29, 5.30, 17.10]
INFO:root:Round 82's server  test  acc:  17.72%, test  loss: 2.1234
INFO:root:After inference2: [0.33, 12.98, 41.66, 5.30, 17.29]
INFO:root:Round 83's server1 train acc:  24.50%, train loss: 1.9200
INFO:root:After inference1: [0.33, 13.01, 41.81, 5.36, 17.31]
INFO:root:Round 83's server  test  acc:  18.24%, test  loss: 2.0621
INFO:root:After inference2: [0.33, 13.14, 42.17, 5.36, 17.50]
INFO:root:Round 84's server1 train acc:  44.93%, train loss: 1.6401
INFO:root:After inference1: [0.33, 13.16, 42.31, 5.42, 17.52]
INFO:root:Round 84's server  test  acc:  17.54%, test  loss: 2.1674
INFO:root:After inference2: [0.33, 13.29, 42.68, 5.42, 17.71]
INFO:root:Round 85's server1 train acc:  43.02%, train loss: 1.6654
INFO:root:After inference1: [0.33, 13.32, 42.83, 5.48, 17.73]
INFO:root:Round 85's server  test  acc:  20.85%, test  loss: 2.1281
INFO:root:After inference2: [0.34, 13.45, 43.20, 5.48, 17.92]
INFO:root:Round 86's server1 train acc:  32.14%, train loss: 1.8267
INFO:root:After inference1: [0.34, 13.48, 43.34, 5.54, 17.94]
INFO:root:Round 86's server  test  acc:  23.82%, test  loss: 2.0761
INFO:root:After inference2: [0.34, 13.61, 43.71, 5.54, 18.13]
INFO:root:Round 87's server1 train acc:  37.17%, train loss: 1.7539
INFO:root:After inference1: [0.34, 13.64, 43.85, 5.59, 18.15]
INFO:root:Round 87's server  test  acc:  19.35%, test  loss: 2.0662
INFO:root:After inference2: [0.35, 13.77, 44.22, 5.59, 18.34]
INFO:root:Round 88's server1 train acc:  39.41%, train loss: 1.8148
INFO:root:After inference1: [0.35, 13.80, 44.36, 5.65, 18.36]
INFO:root:Round 88's server  test  acc:  17.80%, test  loss: 2.0956
INFO:root:After inference2: [0.35, 13.93, 44.73, 5.65, 18.55]
INFO:root:Round 89's server1 train acc:  26.16%, train loss: 1.9297
INFO:root:After inference1: [0.35, 13.96, 44.88, 5.71, 18.58]
INFO:root:Round 89's server  test  acc:  21.16%, test  loss: 1.9838
INFO:root:After inference2: [0.35, 14.09, 45.24, 5.71, 18.76]
INFO:root:Round 90's server1 train acc:  50.48%, train loss: 1.5077
INFO:root:After inference1: [0.35, 14.12, 45.39, 5.77, 18.79]
INFO:root:Round 90's server  test  acc:  17.60%, test  loss: 2.1337
INFO:root:After inference2: [0.36, 14.25, 45.75, 5.77, 18.97]
INFO:root:Round 91's server1 train acc:  37.92%, train loss: 1.7273
INFO:root:After inference1: [0.36, 14.28, 45.90, 5.83, 19.00]
INFO:root:Round 91's server  test  acc:  16.69%, test  loss: 2.1972
INFO:root:After inference2: [0.36, 14.41, 46.26, 5.83, 19.18]
INFO:root:Round 92's server1 train acc:  35.36%, train loss: 1.8120
INFO:root:After inference1: [0.36, 14.43, 46.40, 5.89, 19.21]
INFO:root:Round 92's server  test  acc:  19.85%, test  loss: 2.1455
INFO:root:After inference2: [0.37, 14.56, 46.77, 5.89, 19.39]
INFO:root:Round 93's server1 train acc:  34.92%, train loss: 1.8429
INFO:root:After inference1: [0.37, 14.59, 46.90, 5.95, 19.41]
INFO:root:Round 93's server  test  acc:  21.24%, test  loss: 2.1053
INFO:root:After inference2: [0.37, 14.72, 47.27, 5.95, 19.60]
INFO:root:Round 94's server1 train acc:  37.32%, train loss: 1.8287
INFO:root:After inference1: [0.37, 14.75, 47.41, 6.01, 19.62]
INFO:root:Round 94's server  test  acc:  20.92%, test  loss: 2.0587
INFO:root:After inference2: [0.37, 14.88, 47.78, 6.01, 19.81]
INFO:root:Round 95's server1 train acc:  31.76%, train loss: 1.8628
INFO:root:After inference1: [0.37, 14.90, 47.92, 6.07, 19.83]
INFO:root:Round 95's server  test  acc:  16.71%, test  loss: 2.1402
INFO:root:After inference2: [0.38, 15.03, 48.28, 6.07, 20.02]
INFO:root:Round 96's server1 train acc:  28.22%, train loss: 1.8375
INFO:root:After inference1: [0.38, 15.06, 48.44, 6.13, 20.04]
INFO:root:Round 96's server  test  acc:  18.47%, test  loss: 2.0277
INFO:root:After inference2: [0.38, 15.19, 48.80, 6.13, 20.23]
INFO:root:Round 97's server1 train acc:  28.09%, train loss: 1.8797
INFO:root:After inference1: [0.38, 15.22, 48.94, 6.18, 20.25]
INFO:root:Round 97's server  test  acc:  24.68%, test  loss: 1.9846
INFO:root:After inference2: [0.39, 15.35, 49.31, 6.18, 20.44]
INFO:root:Round 98's server1 train acc:  29.31%, train loss: 1.8714
INFO:root:After inference1: [0.39, 15.38, 49.44, 6.24, 20.46]
INFO:root:Round 98's server  test  acc:  23.01%, test  loss: 1.9649
INFO:root:After inference2: [0.39, 15.51, 49.80, 6.24, 20.65]
INFO:root:Round 99's server1 train acc:  35.86%, train loss: 1.6823
INFO:root:After inference1: [0.39, 15.53, 49.94, 6.30, 20.67]
INFO:root:Round 99's server  test  acc:  18.06%, test  loss: 2.1501
INFO:root:After inference2: [0.39, 15.66, 50.31, 6.30, 20.86]
INFO:root:Round 100's server1 train acc:  42.11%, train loss: 1.6290
INFO:root:After inference1: [0.39, 15.69, 50.46, 6.36, 20.88]
INFO:root:Round 100's server  test  acc:  17.45%, test  loss: 2.1623
INFO:root:After inference2: [0.40, 15.82, 50.82, 6.36, 21.07]
INFO:root:Record Time: |0.05| 1.37| 7.05| 6.36| 0.05| 1.41| 7.21| 2.22| 0.30| 13.04| 36.57| 18.85| = 94.47
INFO:root:Total Training Time 100.40; Other Time 5.92
