INFO:root:Namespace(m='wvgg9k4', d='cifar10', s=2, R=100, K=5, M=10, P=10, partition='exdir', alpha=[2, 10.0], optim='sgd', lr=0.1, lr_decay=1.0, momentum=0.0, weight_decay=0.0001, global_lr=1.0, batch_size=20, seed=1234, clip=10, log='Log', eval_num=100, tail_eval_num=0, device=0, save_model=0, start_round=0, case=1)
INFO:root:record_name: FedAvg-VI1_M10_P10_K5_R100_wvgg9k4_cifar10_exdir2,10.0_sgd0.1,1.0,0.0,0.0001_b20_seed1234_clip10
INFO:root:VGG(
  (features): Sequential(
    (0): Conv2d(3, 32, kernel_size=(3, 3), stride=(1, 1), padding=(1, 1))
    (1): ReLU(inplace=True)
    (2): MaxPool2d(kernel_size=2, stride=2, padding=0, dilation=1, ceil_mode=False)
    (3): Conv2d(32, 64, kernel_size=(3, 3), stride=(1, 1), padding=(1, 1))
    (4): ReLU(inplace=True)
    (5): MaxPool2d(kernel_size=2, stride=2, padding=0, dilation=1, ceil_mode=False)
    (6): Conv2d(64, 128, kernel_size=(3, 3), stride=(1, 1), padding=(1, 1))
    (7): ReLU(inplace=True)
    (8): Conv2d(128, 128, kernel_size=(3, 3), stride=(1, 1), padding=(1, 1))
    (9): ReLU(inplace=True)
    (10): MaxPool2d(kernel_size=2, stride=2, padding=0, dilation=1, ceil_mode=False)
    (11): Conv2d(128, 256, kernel_size=(3, 3), stride=(1, 1), padding=(1, 1))
    (12): ReLU(inplace=True)
    (13): Conv2d(256, 256, kernel_size=(3, 3), stride=(1, 1), padding=(1, 1))
    (14): ReLU(inplace=True)
    (15): MaxPool2d(kernel_size=2, stride=2, padding=0, dilation=1, ceil_mode=False)
    (16): Conv2d(256, 256, kernel_size=(3, 3), stride=(1, 1), padding=(1, 1))
    (17): ReLU(inplace=True)
    (18): Conv2d(256, 256, kernel_size=(3, 3), stride=(1, 1), padding=(1, 1))
    (19): ReLU(inplace=True)
    (20): MaxPool2d(kernel_size=2, stride=2, padding=0, dilation=1, ceil_mode=False)
  )
  (avgpool): AdaptiveAvgPool2d(output_size=(1, 1))
  (flatten): Flatten(start_dim=1, end_dim=-1)
  (classifier): Linear(in_features=256, out_features=10, bias=True)
)
INFO:root:Before reset: [0.00, 0.00, 0.00, 0.00, 0.00]
INFO:root:Round 1's server1 train acc:  10.00%, train loss: 2.3064
INFO:root:After inference1: [0.02, 0.72, 3.66, 0.21, 1.07]
INFO:root:Round 1's server  test  acc:  10.00%, test  loss: 2.3064
INFO:root:After inference2: [0.03, 0.85, 4.03, 0.21, 1.25]
INFO:root:Round 2's server1 train acc:  10.00%, train loss: 2.3467
INFO:root:After inference1: [0.05, 1.57, 7.68, 0.27, 2.22]
INFO:root:Round 2's server  test  acc:  10.00%, test  loss: 2.3442
INFO:root:After inference2: [0.05, 1.70, 8.05, 0.27, 2.41]
INFO:root:Round 3's server1 train acc:  10.01%, train loss: 2.3092
INFO:root:After inference1: [0.08, 2.43, 11.72, 0.33, 3.38]
INFO:root:Round 3's server  test  acc:  10.02%, test  loss: 2.3084
INFO:root:After inference2: [0.08, 2.56, 12.09, 0.33, 3.57]
INFO:root:Round 4's server1 train acc:  10.00%, train loss: 2.5322
INFO:root:After inference1: [0.10, 3.29, 15.76, 0.39, 4.54]
INFO:root:Round 4's server  test  acc:  10.00%, test  loss: 2.4880
INFO:root:After inference2: [0.11, 3.42, 16.13, 0.39, 4.72]
INFO:root:Round 5's server1 train acc:  10.00%, train loss: 2.3109
INFO:root:After inference1: [0.13, 4.15, 19.80, 0.45, 5.69]
INFO:root:Round 5's server  test  acc:  10.00%, test  loss: 2.3096
INFO:root:After inference2: [0.13, 4.28, 20.17, 0.45, 5.88]
INFO:root:Round 6's server1 train acc:   9.86%, train loss: 2.3216
INFO:root:After inference1: [0.15, 5.01, 23.84, 0.51, 6.85]
INFO:root:Round 6's server  test  acc:  10.11%, test  loss: 2.3197
INFO:root:After inference2: [0.16, 5.14, 24.21, 0.51, 7.04]
INFO:root:Round 7's server1 train acc:  10.00%, train loss: 2.3142
INFO:root:After inference1: [0.18, 5.86, 27.87, 0.57, 8.01]
INFO:root:Round 7's server  test  acc:  10.00%, test  loss: 2.3128
INFO:root:After inference2: [0.18, 6.00, 28.23, 0.57, 8.19]
INFO:root:Round 8's server1 train acc:  10.00%, train loss: 2.4172
INFO:root:After inference1: [0.21, 6.71, 31.90, 0.63, 9.16]
INFO:root:Round 8's server  test  acc:  10.00%, test  loss: 2.3990
INFO:root:After inference2: [0.21, 6.85, 32.27, 0.63, 9.35]
INFO:root:Round 9's server1 train acc:  10.00%, train loss: 2.3092
INFO:root:After inference1: [0.23, 7.57, 35.95, 0.68, 10.32]
INFO:root:Round 9's server  test  acc:  10.00%, test  loss: 2.3079
INFO:root:After inference2: [0.24, 7.70, 36.32, 0.68, 10.51]
INFO:root:Round 10's server1 train acc:  10.00%, train loss: 2.3181
INFO:root:After inference1: [0.26, 8.43, 40.00, 0.74, 11.48]
INFO:root:Round 10's server  test  acc:  10.00%, test  loss: 2.3152
INFO:root:After inference2: [0.26, 8.56, 40.37, 0.74, 11.67]
INFO:root:Round 11's server1 train acc:  10.00%, train loss: 2.3391
INFO:root:After inference1: [0.29, 9.28, 44.02, 0.80, 12.63]
INFO:root:Round 11's server  test  acc:  10.00%, test  loss: 2.3317
INFO:root:After inference2: [0.29, 9.41, 44.39, 0.80, 12.82]
INFO:root:Round 12's server1 train acc:  10.00%, train loss: 2.3058
INFO:root:After inference1: [0.31, 10.14, 48.06, 0.86, 13.78]
INFO:root:Round 12's server  test  acc:  10.00%, test  loss: 2.3044
INFO:root:After inference2: [0.31, 10.27, 48.43, 0.86, 13.97]
INFO:root:Round 13's server1 train acc:  10.00%, train loss: 2.3259
INFO:root:After inference1: [0.34, 10.99, 52.10, 0.92, 14.94]
INFO:root:Round 13's server  test  acc:  10.00%, test  loss: 2.3205
INFO:root:After inference2: [0.34, 11.12, 52.47, 0.92, 15.13]
INFO:root:Round 14's server1 train acc:  10.00%, train loss: 2.3084
INFO:root:After inference1: [0.36, 11.84, 56.14, 0.98, 16.10]
INFO:root:Round 14's server  test  acc:  10.00%, test  loss: 2.3055
INFO:root:After inference2: [0.37, 11.97, 56.51, 0.98, 16.28]
INFO:root:Round 15's server1 train acc:  10.00%, train loss: 2.3177
INFO:root:After inference1: [0.39, 12.70, 60.17, 1.04, 17.25]
INFO:root:Round 15's server  test  acc:  10.00%, test  loss: 2.3122
INFO:root:After inference2: [0.39, 12.83, 60.54, 1.04, 17.44]
INFO:root:Round 16's server1 train acc:  10.41%, train loss: 2.3076
INFO:root:After inference1: [0.42, 13.56, 64.21, 1.10, 18.41]
INFO:root:Round 16's server  test  acc:  10.32%, test  loss: 2.3060
INFO:root:After inference2: [0.42, 13.69, 64.58, 1.10, 18.60]
INFO:root:Round 17's server1 train acc:  10.00%, train loss: 2.3214
INFO:root:After inference1: [0.44, 14.41, 68.26, 1.16, 19.57]
INFO:root:Round 17's server  test  acc:  10.00%, test  loss: 2.3174
INFO:root:After inference2: [0.45, 14.55, 68.63, 1.16, 19.76]
INFO:root:Round 18's server1 train acc:  10.00%, train loss: 2.3092
INFO:root:After inference1: [0.47, 15.27, 72.30, 1.21, 20.73]
INFO:root:Round 18's server  test  acc:  10.00%, test  loss: 2.3066
INFO:root:After inference2: [0.47, 15.40, 72.67, 1.21, 20.91]
INFO:root:Round 19's server1 train acc:  10.00%, train loss: 2.2938
INFO:root:After inference1: [0.50, 16.13, 76.32, 1.27, 21.88]
INFO:root:Round 19's server  test  acc:  10.00%, test  loss: 2.2923
INFO:root:After inference2: [0.50, 16.26, 76.69, 1.27, 22.07]
INFO:root:Round 20's server1 train acc:  10.00%, train loss: 2.3002
INFO:root:After inference1: [0.52, 16.98, 80.35, 1.33, 23.04]
INFO:root:Round 20's server  test  acc:  10.00%, test  loss: 2.2975
INFO:root:After inference2: [0.52, 17.11, 80.72, 1.33, 23.22]
INFO:root:Round 21's server1 train acc:  10.00%, train loss: 2.3112
INFO:root:After inference1: [0.55, 17.84, 84.39, 1.39, 24.19]
INFO:root:Round 21's server  test  acc:  10.00%, test  loss: 2.3072
INFO:root:After inference2: [0.55, 17.97, 84.75, 1.39, 24.38]
INFO:root:Round 22's server1 train acc:   9.17%, train loss: 2.2940
INFO:root:After inference1: [0.57, 18.69, 88.41, 1.45, 25.35]
INFO:root:Round 22's server  test  acc:   9.04%, test  loss: 2.2923
INFO:root:After inference2: [0.58, 18.82, 88.78, 1.45, 25.54]
INFO:root:Round 23's server1 train acc:   9.24%, train loss: 2.2761
INFO:root:After inference1: [0.60, 19.54, 92.46, 1.51, 26.50]
INFO:root:Round 23's server  test  acc:   9.11%, test  loss: 2.2756
INFO:root:After inference2: [0.60, 19.67, 92.82, 1.51, 26.69]
INFO:root:Round 24's server1 train acc:  11.60%, train loss: 2.2839
INFO:root:After inference1: [0.63, 20.39, 96.50, 1.57, 27.66]
INFO:root:Round 24's server  test  acc:  12.44%, test  loss: 2.2801
INFO:root:After inference2: [0.63, 20.52, 96.87, 1.57, 27.85]
INFO:root:Round 25's server1 train acc:  11.28%, train loss: 2.2704
INFO:root:After inference1: [0.65, 21.26, 100.56, 1.63, 28.82]
INFO:root:Round 25's server  test  acc:  11.17%, test  loss: 2.2695
INFO:root:After inference2: [0.66, 21.39, 100.93, 1.63, 29.01]
INFO:root:Round 26's server1 train acc:  15.28%, train loss: 2.2460
INFO:root:After inference1: [0.68, 22.11, 104.60, 1.69, 29.98]
INFO:root:Round 26's server  test  acc:  15.42%, test  loss: 2.2449
INFO:root:After inference2: [0.68, 22.24, 104.97, 1.69, 30.16]
INFO:root:Round 27's server1 train acc:  13.47%, train loss: 2.2499
INFO:root:After inference1: [0.71, 22.97, 108.65, 1.74, 31.13]
INFO:root:Round 27's server  test  acc:  14.14%, test  loss: 2.2493
INFO:root:After inference2: [0.71, 23.10, 109.02, 1.74, 31.32]
INFO:root:Round 28's server1 train acc:  15.49%, train loss: 2.2456
INFO:root:After inference1: [0.73, 23.83, 112.71, 1.80, 32.29]
INFO:root:Round 28's server  test  acc:  16.06%, test  loss: 2.2425
INFO:root:After inference2: [0.73, 23.96, 113.08, 1.80, 32.47]
INFO:root:Round 29's server1 train acc:  10.00%, train loss: 2.2617
INFO:root:After inference1: [0.76, 24.68, 116.76, 1.86, 33.44]
INFO:root:Round 29's server  test  acc:  10.00%, test  loss: 2.2571
INFO:root:After inference2: [0.76, 24.81, 117.13, 1.86, 33.63]
INFO:root:Round 30's server1 train acc:  19.32%, train loss: 2.2205
INFO:root:After inference1: [0.78, 25.54, 120.80, 1.92, 34.60]
INFO:root:Round 30's server  test  acc:  20.18%, test  loss: 2.2180
INFO:root:After inference2: [0.79, 25.67, 121.17, 1.92, 34.79]
INFO:root:Round 31's server1 train acc:  15.10%, train loss: 2.2094
INFO:root:After inference1: [0.81, 26.39, 124.85, 1.98, 35.76]
INFO:root:Round 31's server  test  acc:  15.55%, test  loss: 2.2107
INFO:root:After inference2: [0.81, 26.52, 125.22, 1.98, 35.95]
INFO:root:Round 32's server1 train acc:  15.30%, train loss: 2.2072
INFO:root:After inference1: [0.84, 27.25, 128.89, 2.04, 36.92]
INFO:root:Round 32's server  test  acc:  15.56%, test  loss: 2.2069
INFO:root:After inference2: [0.84, 27.38, 129.26, 2.04, 37.10]
INFO:root:Round 33's server1 train acc:  16.07%, train loss: 2.2010
INFO:root:After inference1: [0.86, 28.11, 132.95, 2.10, 38.07]
INFO:root:Round 33's server  test  acc:  16.11%, test  loss: 2.1996
INFO:root:After inference2: [0.87, 28.24, 133.32, 2.10, 38.26]
INFO:root:Round 34's server1 train acc:  14.83%, train loss: 2.1972
INFO:root:After inference1: [0.89, 28.96, 136.97, 2.16, 39.23]
INFO:root:Round 34's server  test  acc:  15.35%, test  loss: 2.1961
INFO:root:After inference2: [0.89, 29.09, 137.34, 2.16, 39.42]
INFO:root:Round 35's server1 train acc:  16.39%, train loss: 2.1967
INFO:root:After inference1: [0.92, 29.82, 141.02, 2.22, 40.39]
INFO:root:Round 35's server  test  acc:  16.64%, test  loss: 2.1933
INFO:root:After inference2: [0.92, 29.95, 141.39, 2.22, 40.57]
INFO:root:Round 36's server1 train acc:  16.74%, train loss: 2.1827
INFO:root:After inference1: [0.94, 30.68, 145.08, 2.27, 41.54]
INFO:root:Round 36's server  test  acc:  16.66%, test  loss: 2.1827
INFO:root:After inference2: [0.94, 30.81, 145.45, 2.27, 41.73]
INFO:root:Round 37's server1 train acc:  18.53%, train loss: 2.1646
INFO:root:After inference1: [0.97, 31.53, 149.10, 2.33, 42.70]
INFO:root:Round 37's server  test  acc:  18.93%, test  loss: 2.1643
INFO:root:After inference2: [0.97, 31.66, 149.46, 2.33, 42.89]
INFO:root:Round 38's server1 train acc:  19.07%, train loss: 2.1632
INFO:root:After inference1: [0.99, 32.38, 153.12, 2.39, 43.86]
INFO:root:Round 38's server  test  acc:  19.50%, test  loss: 2.1633
INFO:root:After inference2: [1.00, 32.51, 153.49, 2.39, 44.04]
INFO:root:Round 39's server1 train acc:  18.05%, train loss: 2.1598
INFO:root:After inference1: [1.02, 33.24, 157.16, 2.45, 45.01]
INFO:root:Round 39's server  test  acc:  18.43%, test  loss: 2.1556
INFO:root:After inference2: [1.02, 33.37, 157.53, 2.45, 45.20]
INFO:root:Round 40's server1 train acc:  18.30%, train loss: 2.1422
INFO:root:After inference1: [1.05, 34.10, 161.23, 2.51, 46.17]
INFO:root:Round 40's server  test  acc:  18.80%, test  loss: 2.1397
INFO:root:After inference2: [1.05, 34.23, 161.60, 2.51, 46.36]
INFO:root:Round 41's server1 train acc:  15.26%, train loss: 2.1548
INFO:root:After inference1: [1.07, 34.96, 165.26, 2.57, 47.33]
INFO:root:Round 41's server  test  acc:  15.05%, test  loss: 2.1512
INFO:root:After inference2: [1.08, 35.09, 165.63, 2.57, 47.52]
INFO:root:Round 42's server1 train acc:  16.57%, train loss: 2.1554
INFO:root:After inference1: [1.10, 35.82, 169.30, 2.63, 48.49]
INFO:root:Round 42's server  test  acc:  16.65%, test  loss: 2.1564
INFO:root:After inference2: [1.10, 35.95, 169.67, 2.63, 48.67]
INFO:root:Round 43's server1 train acc:  17.03%, train loss: 2.1116
INFO:root:After inference1: [1.13, 36.68, 173.35, 2.69, 49.64]
INFO:root:Round 43's server  test  acc:  17.00%, test  loss: 2.1107
INFO:root:After inference2: [1.13, 36.81, 173.72, 2.69, 49.83]
INFO:root:Round 44's server1 train acc:  15.67%, train loss: 2.1095
INFO:root:After inference1: [1.15, 37.53, 177.39, 2.74, 50.80]
INFO:root:Round 44's server  test  acc:  15.76%, test  loss: 2.1033
INFO:root:After inference2: [1.15, 37.67, 177.75, 2.74, 50.99]
INFO:root:Round 45's server1 train acc:  17.41%, train loss: 2.1068
INFO:root:After inference1: [1.18, 38.39, 181.43, 2.80, 51.96]
INFO:root:Round 45's server  test  acc:  17.39%, test  loss: 2.1046
INFO:root:After inference2: [1.18, 38.52, 181.79, 2.80, 52.15]
INFO:root:Round 46's server1 train acc:  20.33%, train loss: 2.1114
INFO:root:After inference1: [1.20, 39.25, 185.48, 2.86, 53.12]
INFO:root:Round 46's server  test  acc:  20.04%, test  loss: 2.1095
INFO:root:After inference2: [1.21, 39.38, 185.85, 2.86, 53.31]
INFO:root:Round 47's server1 train acc:  17.48%, train loss: 2.1209
INFO:root:After inference1: [1.23, 40.10, 189.52, 2.92, 54.28]
INFO:root:Round 47's server  test  acc:  18.14%, test  loss: 2.1110
INFO:root:After inference2: [1.23, 40.24, 189.89, 2.92, 54.47]
INFO:root:Round 48's server1 train acc:  19.30%, train loss: 2.1123
INFO:root:After inference1: [1.26, 40.97, 193.58, 2.98, 55.44]
INFO:root:Round 48's server  test  acc:  20.54%, test  loss: 2.1067
INFO:root:After inference2: [1.26, 41.10, 193.95, 2.98, 55.62]
INFO:root:Round 49's server1 train acc:  19.84%, train loss: 2.1053
INFO:root:After inference1: [1.28, 41.83, 197.62, 3.04, 56.60]
INFO:root:Round 49's server  test  acc:  19.74%, test  loss: 2.1041
INFO:root:After inference2: [1.29, 41.96, 197.99, 3.04, 56.79]
INFO:root:Round 50's server1 train acc:  17.58%, train loss: 2.1186
INFO:root:After inference1: [1.31, 42.69, 201.69, 3.10, 57.76]
INFO:root:Round 50's server  test  acc:  17.29%, test  loss: 2.1195
INFO:root:After inference2: [1.31, 42.82, 202.05, 3.10, 57.94]
INFO:root:Round 51's server1 train acc:  20.01%, train loss: 2.0879
INFO:root:After inference1: [1.34, 43.55, 205.74, 3.16, 58.92]
INFO:root:Round 51's server  test  acc:  20.15%, test  loss: 2.0817
INFO:root:After inference2: [1.34, 43.68, 206.11, 3.16, 59.11]
INFO:root:Round 52's server1 train acc:  21.82%, train loss: 2.0680
INFO:root:After inference1: [1.36, 44.41, 209.79, 3.22, 60.08]
INFO:root:Round 52's server  test  acc:  22.22%, test  loss: 2.0505
INFO:root:After inference2: [1.37, 44.54, 210.15, 3.22, 60.27]
INFO:root:Round 53's server1 train acc:  18.34%, train loss: 2.0599
INFO:root:After inference1: [1.39, 45.27, 213.83, 3.28, 61.25]
INFO:root:Round 53's server  test  acc:  18.81%, test  loss: 2.0576
INFO:root:After inference2: [1.39, 45.41, 214.20, 3.28, 61.43]
INFO:root:Round 54's server1 train acc:  19.64%, train loss: 2.0484
INFO:root:After inference1: [1.41, 46.13, 217.87, 3.34, 62.40]
INFO:root:Round 54's server  test  acc:  20.22%, test  loss: 2.0424
INFO:root:After inference2: [1.42, 46.27, 218.24, 3.34, 62.59]
INFO:root:Round 55's server1 train acc:  19.36%, train loss: 2.0596
INFO:root:After inference1: [1.44, 47.00, 221.93, 3.39, 63.56]
INFO:root:Round 55's server  test  acc:  19.34%, test  loss: 2.0440
INFO:root:After inference2: [1.44, 47.13, 222.30, 3.39, 63.75]
INFO:root:Round 56's server1 train acc:  17.73%, train loss: 2.0575
INFO:root:After inference1: [1.47, 47.86, 225.98, 3.45, 64.72]
INFO:root:Round 56's server  test  acc:  17.96%, test  loss: 2.0575
INFO:root:After inference2: [1.47, 47.99, 226.35, 3.45, 64.91]
INFO:root:Round 57's server1 train acc:  19.65%, train loss: 2.0628
INFO:root:After inference1: [1.49, 48.72, 230.02, 3.51, 65.88]
INFO:root:Round 57's server  test  acc:  19.83%, test  loss: 2.0530
INFO:root:After inference2: [1.50, 48.85, 230.38, 3.51, 66.07]
INFO:root:Round 58's server1 train acc:  20.93%, train loss: 2.0443
INFO:root:After inference1: [1.52, 49.58, 234.05, 3.57, 67.04]
INFO:root:Round 58's server  test  acc:  21.21%, test  loss: 2.0317
INFO:root:After inference2: [1.52, 49.71, 234.41, 3.57, 67.22]
INFO:root:Round 59's server1 train acc:  20.75%, train loss: 2.0412
INFO:root:After inference1: [1.55, 50.44, 238.08, 3.63, 68.19]
INFO:root:Round 59's server  test  acc:  21.65%, test  loss: 2.0374
INFO:root:After inference2: [1.55, 50.57, 238.45, 3.63, 68.38]
INFO:root:Round 60's server1 train acc:  21.39%, train loss: 2.0284
INFO:root:After inference1: [1.57, 51.30, 242.13, 3.69, 69.35]
INFO:root:Round 60's server  test  acc:  22.89%, test  loss: 2.0203
INFO:root:After inference2: [1.58, 51.43, 242.50, 3.69, 69.54]
INFO:root:Round 61's server1 train acc:  17.42%, train loss: 2.0474
INFO:root:After inference1: [1.60, 52.16, 246.19, 3.75, 70.51]
INFO:root:Round 61's server  test  acc:  18.11%, test  loss: 2.0162
INFO:root:After inference2: [1.60, 52.29, 246.56, 3.75, 70.70]
INFO:root:Round 62's server1 train acc:  21.61%, train loss: 2.0319
INFO:root:After inference1: [1.63, 53.02, 250.26, 3.81, 71.67]
INFO:root:Round 62's server  test  acc:  22.32%, test  loss: 2.0308
INFO:root:After inference2: [1.63, 53.15, 250.63, 3.81, 71.86]
INFO:root:Round 63's server1 train acc:  23.58%, train loss: 2.0180
INFO:root:After inference1: [1.65, 53.88, 254.32, 3.86, 72.83]
INFO:root:Round 63's server  test  acc:  23.81%, test  loss: 2.0055
INFO:root:After inference2: [1.65, 54.01, 254.69, 3.86, 73.01]
INFO:root:Round 64's server1 train acc:  18.91%, train loss: 2.0343
INFO:root:After inference1: [1.68, 54.74, 258.40, 3.92, 73.99]
INFO:root:Round 64's server  test  acc:  19.34%, test  loss: 2.0292
INFO:root:After inference2: [1.68, 54.87, 258.78, 3.92, 74.17]
INFO:root:Round 65's server1 train acc:  22.39%, train loss: 2.0118
INFO:root:After inference1: [1.70, 55.60, 262.47, 3.98, 75.14]
INFO:root:Round 65's server  test  acc:  22.72%, test  loss: 2.0097
INFO:root:After inference2: [1.71, 55.73, 262.84, 3.98, 75.33]
INFO:root:Round 66's server1 train acc:  22.64%, train loss: 2.0232
INFO:root:After inference1: [1.73, 56.45, 266.50, 4.04, 76.30]
INFO:root:Round 66's server  test  acc:  23.59%, test  loss: 2.0113
INFO:root:After inference2: [1.73, 56.58, 266.87, 4.04, 76.49]
INFO:root:Round 67's server1 train acc:  23.60%, train loss: 2.0240
INFO:root:After inference1: [1.76, 57.31, 270.55, 4.10, 77.46]
INFO:root:Round 67's server  test  acc:  24.21%, test  loss: 1.9995
INFO:root:After inference2: [1.76, 57.44, 270.92, 4.10, 77.64]
INFO:root:Round 68's server1 train acc:  21.70%, train loss: 2.0241
INFO:root:After inference1: [1.78, 58.17, 274.61, 4.16, 78.61]
INFO:root:Round 68's server  test  acc:  22.41%, test  loss: 2.0016
INFO:root:After inference2: [1.79, 58.31, 274.99, 4.16, 78.80]
INFO:root:Round 69's server1 train acc:  18.23%, train loss: 2.0134
INFO:root:After inference1: [1.81, 59.03, 278.65, 4.22, 79.77]
INFO:root:Round 69's server  test  acc:  18.53%, test  loss: 2.0088
INFO:root:After inference2: [1.81, 59.16, 279.02, 4.22, 79.96]
INFO:root:Round 70's server1 train acc:  25.44%, train loss: 1.9905
INFO:root:After inference1: [1.84, 59.89, 282.72, 4.28, 80.93]
INFO:root:Round 70's server  test  acc:  28.39%, test  loss: 1.9785
INFO:root:After inference2: [1.84, 60.02, 283.09, 4.28, 81.12]
INFO:root:Round 71's server1 train acc:  25.51%, train loss: 1.9960
INFO:root:After inference1: [1.86, 60.75, 286.78, 4.34, 82.09]
INFO:root:Round 71's server  test  acc:  27.74%, test  loss: 1.9803
INFO:root:After inference2: [1.86, 60.88, 287.15, 4.34, 82.28]
INFO:root:Round 72's server1 train acc:  25.73%, train loss: 1.9883
INFO:root:After inference1: [1.89, 61.61, 290.84, 4.40, 83.25]
INFO:root:Round 72's server  test  acc:  27.71%, test  loss: 1.9717
INFO:root:After inference2: [1.89, 61.74, 291.21, 4.40, 83.43]
INFO:root:Round 73's server1 train acc:  20.94%, train loss: 1.9929
INFO:root:After inference1: [1.91, 62.47, 294.90, 4.45, 84.40]
INFO:root:Round 73's server  test  acc:  22.75%, test  loss: 1.9694
INFO:root:After inference2: [1.92, 62.60, 295.27, 4.45, 84.59]
INFO:root:Round 74's server1 train acc:  22.95%, train loss: 1.9924
INFO:root:After inference1: [1.94, 63.33, 298.92, 4.51, 85.56]
INFO:root:Round 74's server  test  acc:  23.27%, test  loss: 1.9811
INFO:root:After inference2: [1.94, 63.46, 299.29, 4.51, 85.74]
INFO:root:Round 75's server1 train acc:  25.84%, train loss: 1.9735
INFO:root:After inference1: [1.97, 64.18, 302.98, 4.57, 86.71]
INFO:root:Round 75's server  test  acc:  26.96%, test  loss: 1.9592
INFO:root:After inference2: [1.97, 64.32, 303.35, 4.57, 86.90]
INFO:root:Round 76's server1 train acc:  26.66%, train loss: 1.9691
INFO:root:After inference1: [1.99, 65.04, 307.01, 4.63, 87.87]
INFO:root:Round 76's server  test  acc:  27.81%, test  loss: 1.9491
INFO:root:After inference2: [2.00, 65.17, 307.38, 4.63, 88.06]
INFO:root:Round 77's server1 train acc:  24.68%, train loss: 1.9799
INFO:root:After inference1: [2.02, 65.90, 311.08, 4.69, 89.03]
INFO:root:Round 77's server  test  acc:  26.30%, test  loss: 1.9304
INFO:root:After inference2: [2.02, 66.03, 311.45, 4.69, 89.22]
INFO:root:Round 78's server1 train acc:  25.99%, train loss: 1.9648
INFO:root:After inference1: [2.05, 66.76, 315.15, 4.75, 90.19]
INFO:root:Round 78's server  test  acc:  26.29%, test  loss: 1.9551
INFO:root:After inference2: [2.05, 66.89, 315.52, 4.75, 90.38]
INFO:root:Round 79's server1 train acc:  26.60%, train loss: 1.9877
INFO:root:After inference1: [2.07, 67.62, 319.22, 4.81, 91.35]
INFO:root:Round 79's server  test  acc:  28.86%, test  loss: 1.9790
INFO:root:After inference2: [2.08, 67.75, 319.59, 4.81, 91.54]
INFO:root:Round 80's server1 train acc:  25.33%, train loss: 1.9832
INFO:root:After inference1: [2.10, 68.48, 323.26, 4.87, 92.51]
INFO:root:Round 80's server  test  acc:  27.51%, test  loss: 1.9480
INFO:root:After inference2: [2.10, 68.61, 323.63, 4.87, 92.70]
INFO:root:Round 81's server1 train acc:  26.71%, train loss: 1.9786
INFO:root:After inference1: [2.12, 69.33, 327.30, 4.93, 93.66]
INFO:root:Round 81's server  test  acc:  26.82%, test  loss: 1.9753
INFO:root:After inference2: [2.13, 69.47, 327.67, 4.93, 93.85]
INFO:root:Round 82's server1 train acc:  26.28%, train loss: 1.9454
INFO:root:After inference1: [2.15, 70.20, 331.37, 4.98, 94.82]
INFO:root:Round 82's server  test  acc:  27.84%, test  loss: 1.9183
INFO:root:After inference2: [2.15, 70.33, 331.74, 4.98, 95.01]
INFO:root:Round 83's server1 train acc:  26.51%, train loss: 1.9639
INFO:root:After inference1: [2.18, 71.06, 335.42, 5.04, 95.98]
INFO:root:Round 83's server  test  acc:  26.80%, test  loss: 1.9546
INFO:root:After inference2: [2.18, 71.19, 335.79, 5.04, 96.16]
INFO:root:Round 84's server1 train acc:  26.91%, train loss: 1.9605
INFO:root:After inference1: [2.20, 71.91, 339.48, 5.10, 97.13]
INFO:root:Round 84's server  test  acc:  26.51%, test  loss: 1.9589
INFO:root:After inference2: [2.21, 72.04, 339.85, 5.10, 97.32]
INFO:root:Round 85's server1 train acc:  26.21%, train loss: 1.9672
INFO:root:After inference1: [2.23, 72.77, 343.53, 5.16, 98.29]
INFO:root:Round 85's server  test  acc:  28.69%, test  loss: 1.9251
INFO:root:After inference2: [2.23, 72.91, 343.90, 5.16, 98.47]
INFO:root:Round 86's server1 train acc:  26.25%, train loss: 1.9514
INFO:root:After inference1: [2.26, 73.64, 347.58, 5.22, 99.44]
INFO:root:Round 86's server  test  acc:  26.92%, test  loss: 1.9439
INFO:root:After inference2: [2.26, 73.77, 347.95, 5.22, 99.63]
INFO:root:Round 87's server1 train acc:  27.26%, train loss: 1.9442
INFO:root:After inference1: [2.28, 74.50, 351.65, 5.28, 100.60]
INFO:root:Round 87's server  test  acc:  29.45%, test  loss: 1.9238
INFO:root:After inference2: [2.29, 74.63, 352.02, 5.28, 100.79]
INFO:root:Round 88's server1 train acc:  26.03%, train loss: 1.9396
INFO:root:After inference1: [2.31, 75.36, 355.68, 5.34, 101.76]
INFO:root:Round 88's server  test  acc:  28.44%, test  loss: 1.9038
INFO:root:After inference2: [2.31, 75.49, 356.05, 5.34, 101.95]
INFO:root:Round 89's server1 train acc:  26.81%, train loss: 1.9598
INFO:root:After inference1: [2.34, 76.21, 359.72, 5.40, 102.91]
INFO:root:Round 89's server  test  acc:  28.17%, test  loss: 1.9261
INFO:root:After inference2: [2.34, 76.34, 360.09, 5.40, 103.10]
INFO:root:Round 90's server1 train acc:  28.11%, train loss: 1.9281
INFO:root:After inference1: [2.36, 77.07, 363.79, 5.46, 104.07]
INFO:root:Round 90's server  test  acc:  30.61%, test  loss: 1.9133
INFO:root:After inference2: [2.36, 77.20, 364.16, 5.46, 104.26]
INFO:root:Round 91's server1 train acc:  27.45%, train loss: 1.9261
INFO:root:After inference1: [2.39, 77.94, 367.87, 5.52, 105.23]
INFO:root:Round 91's server  test  acc:  28.24%, test  loss: 1.8981
INFO:root:After inference2: [2.39, 78.07, 368.24, 5.52, 105.42]
INFO:root:Round 92's server1 train acc:  27.86%, train loss: 1.9288
INFO:root:After inference1: [2.41, 78.80, 371.93, 5.58, 106.39]
INFO:root:Round 92's server  test  acc:  29.25%, test  loss: 1.9102
INFO:root:After inference2: [2.42, 78.93, 372.30, 5.58, 106.58]
INFO:root:Round 93's server1 train acc:  26.83%, train loss: 1.9329
INFO:root:After inference1: [2.44, 79.66, 375.98, 5.63, 107.55]
INFO:root:Round 93's server  test  acc:  27.61%, test  loss: 1.9057
INFO:root:After inference2: [2.44, 79.79, 376.35, 5.63, 107.73]
INFO:root:Round 94's server1 train acc:  26.69%, train loss: 1.9237
INFO:root:After inference1: [2.47, 80.52, 380.05, 5.69, 108.70]
INFO:root:Round 94's server  test  acc:  28.29%, test  loss: 1.9026
INFO:root:After inference2: [2.47, 80.65, 380.43, 5.69, 108.89]
INFO:root:Round 95's server1 train acc:  26.51%, train loss: 1.9339
INFO:root:After inference1: [2.49, 81.37, 384.09, 5.75, 109.86]
INFO:root:Round 95's server  test  acc:  27.65%, test  loss: 1.9145
INFO:root:After inference2: [2.50, 81.50, 384.46, 5.75, 110.05]
INFO:root:Round 96's server1 train acc:  24.88%, train loss: 1.9376
INFO:root:After inference1: [2.52, 82.23, 388.13, 5.81, 111.02]
INFO:root:Round 96's server  test  acc:  27.22%, test  loss: 1.9036
INFO:root:After inference2: [2.52, 82.36, 388.50, 5.81, 111.21]
INFO:root:Round 97's server1 train acc:  26.53%, train loss: 1.9396
INFO:root:After inference1: [2.55, 83.08, 392.17, 5.87, 112.17]
INFO:root:Round 97's server  test  acc:  27.14%, test  loss: 1.9070
INFO:root:After inference2: [2.55, 83.21, 392.54, 5.87, 112.36]
INFO:root:Round 98's server1 train acc:  27.92%, train loss: 1.9170
INFO:root:After inference1: [2.57, 83.94, 396.24, 5.93, 113.33]
INFO:root:Round 98's server  test  acc:  29.75%, test  loss: 1.8973
INFO:root:After inference2: [2.57, 84.07, 396.61, 5.93, 113.52]
INFO:root:Round 99's server1 train acc:  27.43%, train loss: 1.9199
INFO:root:After inference1: [2.60, 84.80, 400.26, 5.99, 114.49]
INFO:root:Round 99's server  test  acc:  27.66%, test  loss: 1.9110
INFO:root:After inference2: [2.60, 84.93, 400.63, 5.99, 114.68]
INFO:root:Round 100's server1 train acc:  28.91%, train loss: 1.8907
INFO:root:After inference1: [2.62, 85.65, 404.30, 6.05, 115.64]
INFO:root:Round 100's server  test  acc:  30.93%, test  loss: 1.8647
INFO:root:After inference2: [2.63, 85.78, 404.67, 6.05, 115.83]
INFO:root:Record Time: |0.05| 1.45| 7.34| 6.05| 2.29| 71.17| 360.42| 97.03| 0.29| 13.16| 36.91| 18.80| = 614.96
INFO:root:Total Training Time 640.70; Other Time 25.74
