INFO:root:Namespace(m='wvgg9k4', d='cifar10', s=2, R=100, K=5, M=10, P=10, partition='exdir', alpha=[2, 10.0], optim='sgd', lr=0.1, lr_decay=1.0, momentum=0.0, weight_decay=0.0001, global_lr=1.0, batch_size=20, seed=1234, clip=10, log='Log', eval_num=100, tail_eval_num=0, device=0, save_model=0, start_round=0, case=1)
INFO:root:record_name: FedAvg-VI1_M10_P10_K5_R100_wvgg9k4_cifar10_exdir2,10.0_sgd0.1,1.0,0.0,0.0001_b20_seed1234_clip10
INFO:root:VGG(
  (features): Sequential(
    (0): Conv2d(3, 32, kernel_size=(3, 3), stride=(1, 1), padding=(1, 1))
    (1): ReLU(inplace=True)
    (2): MaxPool2d(kernel_size=2, stride=2, padding=0, dilation=1, ceil_mode=False)
    (3): Conv2d(32, 64, kernel_size=(3, 3), stride=(1, 1), padding=(1, 1))
    (4): ReLU(inplace=True)
    (5): MaxPool2d(kernel_size=2, stride=2, padding=0, dilation=1, ceil_mode=False)
    (6): Conv2d(64, 128, kernel_size=(3, 3), stride=(1, 1), padding=(1, 1))
    (7): ReLU(inplace=True)
    (8): Conv2d(128, 128, kernel_size=(3, 3), stride=(1, 1), padding=(1, 1))
    (9): ReLU(inplace=True)
    (10): MaxPool2d(kernel_size=2, stride=2, padding=0, dilation=1, ceil_mode=False)
    (11): Conv2d(128, 256, kernel_size=(3, 3), stride=(1, 1), padding=(1, 1))
    (12): ReLU(inplace=True)
    (13): Conv2d(256, 256, kernel_size=(3, 3), stride=(1, 1), padding=(1, 1))
    (14): ReLU(inplace=True)
    (15): MaxPool2d(kernel_size=2, stride=2, padding=0, dilation=1, ceil_mode=False)
    (16): Conv2d(256, 256, kernel_size=(3, 3), stride=(1, 1), padding=(1, 1))
    (17): ReLU(inplace=True)
    (18): Conv2d(256, 256, kernel_size=(3, 3), stride=(1, 1), padding=(1, 1))
    (19): ReLU(inplace=True)
    (20): MaxPool2d(kernel_size=2, stride=2, padding=0, dilation=1, ceil_mode=False)
  )
  (avgpool): AdaptiveAvgPool2d(output_size=(1, 1))
  (flatten): Flatten(start_dim=1, end_dim=-1)
  (classifier): Linear(in_features=256, out_features=10, bias=True)
)
INFO:root:Before reset: [0.00, 0.00, 0.00, 0.00, 0.00]
INFO:root:Round 1's server1 train acc:  10.00%, train loss: 2.3061
INFO:root:After inference1: [0.02, 0.66, 1.82, 0.21, 1.03]
INFO:root:Round 1's server  test  acc:  10.00%, test  loss: 2.3060
INFO:root:After inference2: [0.02, 0.79, 2.18, 0.21, 1.22]
INFO:root:Round 2's server1 train acc:  10.00%, train loss: 2.3381
INFO:root:After inference1: [0.04, 1.46, 4.02, 0.27, 2.15]
INFO:root:Round 2's server  test  acc:  10.00%, test  loss: 2.3380
INFO:root:After inference2: [0.04, 1.59, 4.38, 0.27, 2.34]
INFO:root:Round 3's server1 train acc:  10.49%, train loss: 2.3299
INFO:root:After inference1: [0.06, 2.25, 6.23, 0.33, 3.27]
INFO:root:Round 3's server  test  acc:  10.62%, test  loss: 2.3301
INFO:root:After inference2: [0.07, 2.38, 6.59, 0.33, 3.46]
INFO:root:Round 4's server1 train acc:   9.99%, train loss: 2.3204
INFO:root:After inference1: [0.09, 3.04, 8.43, 0.38, 4.40]
INFO:root:Round 4's server  test  acc:   9.99%, test  loss: 2.3204
INFO:root:After inference2: [0.09, 3.17, 8.79, 0.38, 4.58]
INFO:root:Round 5's server1 train acc:  10.00%, train loss: 2.4121
INFO:root:After inference1: [0.11, 3.84, 10.64, 0.44, 5.52]
INFO:root:Round 5's server  test  acc:  10.00%, test  loss: 2.4119
INFO:root:After inference2: [0.11, 3.97, 11.00, 0.44, 5.71]
INFO:root:Round 6's server1 train acc:  10.00%, train loss: 2.3625
INFO:root:After inference1: [0.13, 4.64, 12.84, 0.50, 6.64]
INFO:root:Round 6's server  test  acc:  10.00%, test  loss: 2.3626
INFO:root:After inference2: [0.13, 4.77, 13.20, 0.50, 6.83]
INFO:root:Round 7's server1 train acc:  10.11%, train loss: 2.3536
INFO:root:After inference1: [0.15, 5.43, 15.05, 0.56, 7.77]
INFO:root:Round 7's server  test  acc:  10.08%, test  loss: 2.3535
INFO:root:After inference2: [0.15, 5.56, 15.41, 0.56, 7.95]
INFO:root:Round 8's server1 train acc:  10.00%, train loss: 2.3453
INFO:root:After inference1: [0.17, 6.23, 17.26, 0.62, 8.89]
INFO:root:Round 8's server  test  acc:  10.00%, test  loss: 2.3451
INFO:root:After inference2: [0.18, 6.36, 17.63, 0.62, 9.07]
INFO:root:Round 9's server1 train acc:  10.00%, train loss: 2.3175
INFO:root:After inference1: [0.20, 7.03, 19.46, 0.68, 10.01]
INFO:root:Round 9's server  test  acc:  10.00%, test  loss: 2.3173
INFO:root:After inference2: [0.20, 7.16, 19.82, 0.68, 10.20]
INFO:root:Round 10's server1 train acc:  10.00%, train loss: 2.3067
INFO:root:After inference1: [0.22, 7.82, 21.66, 0.74, 11.14]
INFO:root:Round 10's server  test  acc:  10.00%, test  loss: 2.3067
INFO:root:After inference2: [0.22, 7.95, 22.02, 0.74, 11.32]
INFO:root:Round 11's server1 train acc:  10.00%, train loss: 2.3368
INFO:root:After inference1: [0.24, 8.62, 23.86, 0.80, 12.26]
INFO:root:Round 11's server  test  acc:  10.00%, test  loss: 2.3368
INFO:root:After inference2: [0.24, 8.75, 24.22, 0.80, 12.45]
INFO:root:Round 12's server1 train acc:  10.00%, train loss: 2.3113
INFO:root:After inference1: [0.26, 9.41, 26.06, 0.86, 13.39]
INFO:root:Round 12's server  test  acc:  10.00%, test  loss: 2.3115
INFO:root:After inference2: [0.26, 9.54, 26.42, 0.86, 13.57]
INFO:root:Round 13's server1 train acc:  10.00%, train loss: 2.3040
INFO:root:After inference1: [0.28, 10.20, 28.28, 0.91, 14.52]
INFO:root:Round 13's server  test  acc:  10.00%, test  loss: 2.3041
INFO:root:After inference2: [0.29, 10.33, 28.64, 0.91, 14.70]
INFO:root:Round 14's server1 train acc:  10.00%, train loss: 2.3384
INFO:root:After inference1: [0.31, 11.00, 30.49, 0.97, 15.64]
INFO:root:Round 14's server  test  acc:  10.00%, test  loss: 2.3388
INFO:root:After inference2: [0.31, 11.13, 30.85, 0.97, 15.83]
INFO:root:Round 15's server1 train acc:  10.09%, train loss: 2.3084
INFO:root:After inference1: [0.33, 11.79, 32.70, 1.03, 16.77]
INFO:root:Round 15's server  test  acc:  10.06%, test  loss: 2.3086
INFO:root:After inference2: [0.33, 11.92, 33.06, 1.03, 16.95]
INFO:root:Round 16's server1 train acc:  10.00%, train loss: 2.3538
INFO:root:After inference1: [0.35, 12.59, 34.91, 1.09, 17.89]
INFO:root:Round 16's server  test  acc:  10.00%, test  loss: 2.3543
INFO:root:After inference2: [0.35, 12.72, 35.26, 1.09, 18.08]
INFO:root:Round 17's server1 train acc:  10.00%, train loss: 2.3255
INFO:root:After inference1: [0.37, 13.38, 37.11, 1.15, 19.01]
INFO:root:Round 17's server  test  acc:  10.00%, test  loss: 2.3258
INFO:root:After inference2: [0.37, 13.51, 37.47, 1.15, 19.20]
INFO:root:Round 18's server1 train acc:  10.89%, train loss: 2.3271
INFO:root:After inference1: [0.39, 14.18, 39.31, 1.21, 20.14]
INFO:root:Round 18's server  test  acc:  10.69%, test  loss: 2.3275
INFO:root:After inference2: [0.40, 14.31, 39.67, 1.21, 20.33]
INFO:root:Round 19's server1 train acc:  10.93%, train loss: 2.3413
INFO:root:After inference1: [0.42, 14.98, 41.52, 1.27, 21.26]
INFO:root:Round 19's server  test  acc:  10.97%, test  loss: 2.3416
INFO:root:After inference2: [0.42, 15.12, 41.88, 1.27, 21.45]
INFO:root:Round 20's server1 train acc:  11.10%, train loss: 2.2927
INFO:root:After inference1: [0.44, 15.78, 43.73, 1.33, 22.39]
INFO:root:Round 20's server  test  acc:  11.42%, test  loss: 2.2931
INFO:root:After inference2: [0.44, 15.91, 44.09, 1.33, 22.57]
INFO:root:Round 21's server1 train acc:  11.68%, train loss: 2.3006
INFO:root:After inference1: [0.46, 16.58, 45.94, 1.39, 23.51]
INFO:root:Round 21's server  test  acc:  11.62%, test  loss: 2.3008
INFO:root:After inference2: [0.46, 16.71, 46.30, 1.39, 23.70]
INFO:root:Round 22's server1 train acc:  10.00%, train loss: 2.2866
INFO:root:After inference1: [0.48, 17.38, 48.15, 1.45, 24.64]
INFO:root:Round 22's server  test  acc:  10.00%, test  loss: 2.2870
INFO:root:After inference2: [0.48, 17.51, 48.51, 1.45, 24.82]
INFO:root:Round 23's server1 train acc:  12.11%, train loss: 2.2935
INFO:root:After inference1: [0.50, 18.17, 50.35, 1.50, 25.75]
INFO:root:Round 23's server  test  acc:  12.05%, test  loss: 2.2937
INFO:root:After inference2: [0.51, 18.30, 50.71, 1.50, 25.94]
INFO:root:Round 24's server1 train acc:  13.22%, train loss: 2.2766
INFO:root:After inference1: [0.52, 18.97, 52.56, 1.56, 26.88]
INFO:root:Round 24's server  test  acc:  13.26%, test  loss: 2.2768
INFO:root:After inference2: [0.53, 19.09, 52.92, 1.56, 27.06]
INFO:root:Round 25's server1 train acc:  10.00%, train loss: 2.2736
INFO:root:After inference1: [0.55, 19.76, 54.77, 1.62, 28.00]
INFO:root:Round 25's server  test  acc:  10.00%, test  loss: 2.2745
INFO:root:After inference2: [0.55, 19.89, 55.13, 1.62, 28.19]
INFO:root:Round 26's server1 train acc:  10.03%, train loss: 2.2860
INFO:root:After inference1: [0.57, 20.55, 56.97, 1.68, 29.12]
INFO:root:Round 26's server  test  acc:  10.01%, test  loss: 2.2863
INFO:root:After inference2: [0.57, 20.68, 57.33, 1.68, 29.31]
INFO:root:Round 27's server1 train acc:  10.00%, train loss: 2.2690
INFO:root:After inference1: [0.59, 21.36, 59.18, 1.74, 30.25]
INFO:root:Round 27's server  test  acc:  10.00%, test  loss: 2.2700
INFO:root:After inference2: [0.59, 21.49, 59.54, 1.74, 30.43]
INFO:root:Round 28's server1 train acc:  10.52%, train loss: 2.2645
INFO:root:After inference1: [0.61, 22.16, 61.38, 1.80, 31.37]
INFO:root:Round 28's server  test  acc:  10.41%, test  loss: 2.2649
INFO:root:After inference2: [0.62, 22.29, 61.73, 1.80, 31.55]
INFO:root:Round 29's server1 train acc:  15.48%, train loss: 2.2340
INFO:root:After inference1: [0.63, 22.95, 63.58, 1.86, 32.49]
INFO:root:Round 29's server  test  acc:  15.95%, test  loss: 2.2346
INFO:root:After inference2: [0.64, 23.08, 63.93, 1.86, 32.67]
INFO:root:Round 30's server1 train acc:  14.21%, train loss: 2.2273
INFO:root:After inference1: [0.66, 23.74, 65.76, 1.91, 33.60]
INFO:root:Round 30's server  test  acc:  14.46%, test  loss: 2.2277
INFO:root:After inference2: [0.66, 23.87, 66.12, 1.91, 33.79]
INFO:root:Round 31's server1 train acc:  16.48%, train loss: 2.2014
INFO:root:After inference1: [0.68, 24.54, 67.96, 1.97, 34.72]
INFO:root:Round 31's server  test  acc:  16.52%, test  loss: 2.2019
INFO:root:After inference2: [0.68, 24.67, 68.32, 1.97, 34.91]
INFO:root:Round 32's server1 train acc:  18.83%, train loss: 2.2049
INFO:root:After inference1: [0.70, 25.33, 70.16, 2.03, 35.84]
INFO:root:Round 32's server  test  acc:  19.39%, test  loss: 2.2052
INFO:root:After inference2: [0.70, 25.46, 70.52, 2.03, 36.03]
INFO:root:Round 33's server1 train acc:  17.63%, train loss: 2.1708
INFO:root:After inference1: [0.72, 26.13, 72.36, 2.09, 36.96]
INFO:root:Round 33's server  test  acc:  18.03%, test  loss: 2.1712
INFO:root:After inference2: [0.72, 26.26, 72.72, 2.09, 37.15]
INFO:root:Round 34's server1 train acc:  16.67%, train loss: 2.1641
INFO:root:After inference1: [0.74, 26.92, 74.56, 2.15, 38.08]
INFO:root:Round 34's server  test  acc:  16.81%, test  loss: 2.1648
INFO:root:After inference2: [0.75, 27.05, 74.91, 2.15, 38.27]
INFO:root:Round 35's server1 train acc:  20.39%, train loss: 2.1479
INFO:root:After inference1: [0.77, 27.72, 76.76, 2.21, 39.20]
INFO:root:Round 35's server  test  acc:  21.06%, test  loss: 2.1480
INFO:root:After inference2: [0.77, 27.85, 77.12, 2.21, 39.39]
INFO:root:Round 36's server1 train acc:  19.45%, train loss: 2.1498
INFO:root:After inference1: [0.79, 28.52, 78.95, 2.27, 40.32]
INFO:root:Round 36's server  test  acc:  19.14%, test  loss: 2.1503
INFO:root:After inference2: [0.79, 28.65, 79.31, 2.27, 40.51]
INFO:root:Round 37's server1 train acc:  12.89%, train loss: 2.2273
INFO:root:After inference1: [0.81, 29.31, 81.15, 2.33, 41.44]
INFO:root:Round 37's server  test  acc:  12.83%, test  loss: 2.2261
INFO:root:After inference2: [0.81, 29.44, 81.51, 2.33, 41.63]
INFO:root:Round 38's server1 train acc:  17.21%, train loss: 2.1437
INFO:root:After inference1: [0.83, 30.11, 83.35, 2.38, 42.56]
INFO:root:Round 38's server  test  acc:  17.02%, test  loss: 2.1444
INFO:root:After inference2: [0.83, 30.24, 83.71, 2.38, 42.75]
INFO:root:Round 39's server1 train acc:  19.26%, train loss: 2.1420
INFO:root:After inference1: [0.85, 30.90, 85.56, 2.44, 43.69]
INFO:root:Round 39's server  test  acc:  19.01%, test  loss: 2.1445
INFO:root:After inference2: [0.86, 31.03, 85.92, 2.44, 43.87]
INFO:root:Round 40's server1 train acc:  15.13%, train loss: 2.1437
INFO:root:After inference1: [0.87, 31.70, 87.76, 2.50, 44.81]
INFO:root:Round 40's server  test  acc:  14.63%, test  loss: 2.1452
INFO:root:After inference2: [0.88, 31.83, 88.13, 2.50, 44.99]
INFO:root:Round 41's server1 train acc:  19.48%, train loss: 2.1330
INFO:root:After inference1: [0.90, 32.50, 89.96, 2.56, 45.93]
INFO:root:Round 41's server  test  acc:  19.08%, test  loss: 2.1356
INFO:root:After inference2: [0.90, 32.63, 90.32, 2.56, 46.12]
INFO:root:Round 42's server1 train acc:  17.59%, train loss: 2.1197
INFO:root:After inference1: [0.92, 33.29, 92.16, 2.62, 47.05]
INFO:root:Round 42's server  test  acc:  17.53%, test  loss: 2.1218
INFO:root:After inference2: [0.92, 33.42, 92.52, 2.62, 47.24]
INFO:root:Round 43's server1 train acc:  17.34%, train loss: 2.1021
INFO:root:After inference1: [0.94, 34.09, 94.36, 2.67, 48.18]
INFO:root:Round 43's server  test  acc:  17.23%, test  loss: 2.1027
INFO:root:After inference2: [0.94, 34.23, 94.73, 2.67, 48.37]
INFO:root:Round 44's server1 train acc:  20.38%, train loss: 2.1169
INFO:root:After inference1: [0.96, 34.90, 96.56, 2.73, 49.30]
INFO:root:Round 44's server  test  acc:  20.01%, test  loss: 2.1175
INFO:root:After inference2: [0.96, 35.03, 96.92, 2.73, 49.49]
INFO:root:Round 45's server1 train acc:  19.57%, train loss: 2.0974
INFO:root:After inference1: [0.98, 35.69, 98.76, 2.79, 50.42]
INFO:root:Round 45's server  test  acc:  19.36%, test  loss: 2.1001
INFO:root:After inference2: [0.99, 35.82, 99.13, 2.79, 50.61]
INFO:root:Round 46's server1 train acc:  21.41%, train loss: 2.0792
INFO:root:After inference1: [1.01, 36.49, 100.98, 2.85, 51.54]
INFO:root:Round 46's server  test  acc:  20.97%, test  loss: 2.0791
INFO:root:After inference2: [1.01, 36.62, 101.34, 2.85, 51.73]
INFO:root:Round 47's server1 train acc:  20.14%, train loss: 2.0900
INFO:root:After inference1: [1.03, 37.29, 103.18, 2.91, 52.66]
INFO:root:Round 47's server  test  acc:  19.98%, test  loss: 2.0916
INFO:root:After inference2: [1.03, 37.42, 103.54, 2.91, 52.85]
INFO:root:Round 48's server1 train acc:  18.40%, train loss: 2.0673
INFO:root:After inference1: [1.05, 38.09, 105.38, 2.97, 53.78]
INFO:root:Round 48's server  test  acc:  18.34%, test  loss: 2.0662
INFO:root:After inference2: [1.05, 38.22, 105.74, 2.97, 53.97]
INFO:root:Round 49's server1 train acc:  17.22%, train loss: 2.1222
INFO:root:After inference1: [1.07, 38.88, 107.59, 3.03, 54.90]
INFO:root:Round 49's server  test  acc:  16.74%, test  loss: 2.1206
INFO:root:After inference2: [1.07, 39.01, 107.95, 3.03, 55.09]
INFO:root:Round 50's server1 train acc:  19.50%, train loss: 2.1017
INFO:root:After inference1: [1.09, 39.68, 109.79, 3.09, 56.03]
INFO:root:Round 50's server  test  acc:  18.98%, test  loss: 2.1024
INFO:root:After inference2: [1.10, 39.81, 110.15, 3.09, 56.21]
INFO:root:Round 51's server1 train acc:  18.54%, train loss: 2.0697
INFO:root:After inference1: [1.11, 40.48, 112.00, 3.15, 57.15]
INFO:root:Round 51's server  test  acc:  18.37%, test  loss: 2.0723
INFO:root:After inference2: [1.12, 40.61, 112.35, 3.15, 57.34]
INFO:root:Round 52's server1 train acc:  22.85%, train loss: 2.0450
INFO:root:After inference1: [1.14, 41.27, 114.19, 3.20, 58.27]
INFO:root:Round 52's server  test  acc:  23.06%, test  loss: 2.0479
INFO:root:After inference2: [1.14, 41.40, 114.54, 3.20, 58.46]
INFO:root:Round 53's server1 train acc:  25.01%, train loss: 2.0287
INFO:root:After inference1: [1.16, 42.07, 116.38, 3.26, 59.39]
INFO:root:Round 53's server  test  acc:  25.01%, test  loss: 2.0285
INFO:root:After inference2: [1.16, 42.20, 116.73, 3.26, 59.57]
INFO:root:Round 54's server1 train acc:  16.26%, train loss: 2.0702
INFO:root:After inference1: [1.18, 42.87, 118.57, 3.32, 60.51]
INFO:root:Round 54's server  test  acc:  16.05%, test  loss: 2.0690
INFO:root:After inference2: [1.18, 43.00, 118.93, 3.32, 60.70]
INFO:root:Round 55's server1 train acc:  18.02%, train loss: 2.0269
INFO:root:After inference1: [1.20, 43.67, 120.77, 3.38, 61.63]
INFO:root:Round 55's server  test  acc:  17.83%, test  loss: 2.0260
INFO:root:After inference2: [1.21, 43.80, 121.13, 3.38, 61.82]
INFO:root:Round 56's server1 train acc:  21.55%, train loss: 2.0404
INFO:root:After inference1: [1.22, 44.46, 122.96, 3.44, 62.75]
INFO:root:Round 56's server  test  acc:  20.94%, test  loss: 2.0438
INFO:root:After inference2: [1.23, 44.59, 123.32, 3.44, 62.93]
INFO:root:Round 57's server1 train acc:  19.98%, train loss: 2.0545
INFO:root:After inference1: [1.25, 45.26, 125.15, 3.50, 63.87]
INFO:root:Round 57's server  test  acc:  19.69%, test  loss: 2.0522
INFO:root:After inference2: [1.25, 45.39, 125.51, 3.50, 64.05]
INFO:root:Round 58's server1 train acc:  17.47%, train loss: 2.0416
INFO:root:After inference1: [1.27, 46.07, 127.36, 3.56, 64.99]
INFO:root:Round 58's server  test  acc:  17.15%, test  loss: 2.0391
INFO:root:After inference2: [1.27, 46.20, 127.72, 3.56, 65.18]
INFO:root:Round 59's server1 train acc:  17.69%, train loss: 2.0079
INFO:root:After inference1: [1.29, 46.87, 129.57, 3.62, 66.11]
INFO:root:Round 59's server  test  acc:  17.32%, test  loss: 2.0076
INFO:root:After inference2: [1.29, 47.00, 129.93, 3.62, 66.30]
INFO:root:Round 60's server1 train acc:  18.03%, train loss: 2.0274
INFO:root:After inference1: [1.31, 47.67, 131.77, 3.67, 67.23]
INFO:root:Round 60's server  test  acc:  17.55%, test  loss: 2.0251
INFO:root:After inference2: [1.31, 47.80, 132.13, 3.67, 67.42]
INFO:root:Round 61's server1 train acc:  21.00%, train loss: 1.9841
INFO:root:After inference1: [1.33, 48.47, 133.97, 3.73, 68.36]
INFO:root:Round 61's server  test  acc:  20.73%, test  loss: 1.9848
INFO:root:After inference2: [1.34, 48.60, 134.34, 3.73, 68.55]
INFO:root:Round 62's server1 train acc:  21.15%, train loss: 2.0063
INFO:root:After inference1: [1.36, 49.27, 136.18, 3.79, 69.49]
INFO:root:Round 62's server  test  acc:  20.94%, test  loss: 2.0069
INFO:root:After inference2: [1.36, 49.40, 136.54, 3.79, 69.67]
INFO:root:Round 63's server1 train acc:  23.44%, train loss: 1.9752
INFO:root:After inference1: [1.38, 50.08, 138.41, 3.85, 70.62]
INFO:root:Round 63's server  test  acc:  22.89%, test  loss: 1.9743
INFO:root:After inference2: [1.38, 50.21, 138.77, 3.85, 70.80]
INFO:root:Round 64's server1 train acc:  24.26%, train loss: 1.9720
INFO:root:After inference1: [1.40, 50.88, 140.63, 3.91, 71.75]
INFO:root:Round 64's server  test  acc:  24.81%, test  loss: 1.9692
INFO:root:After inference2: [1.40, 51.02, 140.99, 3.91, 71.93]
INFO:root:Round 65's server1 train acc:  25.81%, train loss: 1.9536
INFO:root:After inference1: [1.42, 51.69, 142.85, 3.97, 72.88]
INFO:root:Round 65's server  test  acc:  25.70%, test  loss: 1.9510
INFO:root:After inference2: [1.42, 51.82, 143.21, 3.97, 73.06]
INFO:root:Round 66's server1 train acc:  19.81%, train loss: 1.9703
INFO:root:After inference1: [1.44, 52.50, 145.06, 4.03, 74.00]
INFO:root:Round 66's server  test  acc:  19.46%, test  loss: 1.9688
INFO:root:After inference2: [1.45, 52.63, 145.43, 4.03, 74.19]
INFO:root:Round 67's server1 train acc:  27.55%, train loss: 1.9805
INFO:root:After inference1: [1.46, 53.30, 147.29, 4.09, 75.13]
INFO:root:Round 67's server  test  acc:  27.53%, test  loss: 1.9766
INFO:root:After inference2: [1.47, 53.44, 147.65, 4.09, 75.32]
INFO:root:Round 68's server1 train acc:  23.60%, train loss: 1.9489
INFO:root:After inference1: [1.49, 54.11, 149.50, 4.14, 76.26]
INFO:root:Round 68's server  test  acc:  23.57%, test  loss: 1.9476
INFO:root:After inference2: [1.49, 54.24, 149.86, 4.14, 76.45]
INFO:root:Round 69's server1 train acc:  25.96%, train loss: 1.9463
INFO:root:After inference1: [1.51, 54.92, 151.73, 4.20, 77.39]
INFO:root:Round 69's server  test  acc:  26.26%, test  loss: 1.9433
INFO:root:After inference2: [1.51, 55.05, 152.09, 4.20, 77.57]
INFO:root:Round 70's server1 train acc:  25.93%, train loss: 1.9626
INFO:root:After inference1: [1.53, 55.73, 153.95, 4.26, 78.52]
INFO:root:Round 70's server  test  acc:  25.70%, test  loss: 1.9618
INFO:root:After inference2: [1.53, 55.86, 154.31, 4.26, 78.70]
INFO:root:Round 71's server1 train acc:  28.45%, train loss: 1.9373
INFO:root:After inference1: [1.55, 56.53, 156.17, 4.32, 79.64]
INFO:root:Round 71's server  test  acc:  28.66%, test  loss: 1.9334
INFO:root:After inference2: [1.56, 56.66, 156.53, 4.32, 79.83]
INFO:root:Round 72's server1 train acc:  30.50%, train loss: 1.9155
INFO:root:After inference1: [1.57, 57.33, 158.38, 4.38, 80.77]
INFO:root:Round 72's server  test  acc:  30.97%, test  loss: 1.9148
INFO:root:After inference2: [1.58, 57.46, 158.74, 4.38, 80.96]
INFO:root:Round 73's server1 train acc:  26.30%, train loss: 1.9681
INFO:root:After inference1: [1.60, 58.13, 160.60, 4.44, 81.90]
INFO:root:Round 73's server  test  acc:  26.21%, test  loss: 1.9646
INFO:root:After inference2: [1.60, 58.26, 160.96, 4.44, 82.08]
INFO:root:Round 74's server1 train acc:  30.02%, train loss: 1.9123
INFO:root:After inference1: [1.62, 58.93, 162.81, 4.50, 83.02]
INFO:root:Round 74's server  test  acc:  30.21%, test  loss: 1.9084
INFO:root:After inference2: [1.62, 59.06, 163.18, 4.50, 83.21]
INFO:root:Round 75's server1 train acc:  30.21%, train loss: 1.9066
INFO:root:After inference1: [1.64, 59.74, 165.03, 4.56, 84.15]
INFO:root:Round 75's server  test  acc:  30.16%, test  loss: 1.9029
INFO:root:After inference2: [1.64, 59.87, 165.39, 4.56, 84.34]
INFO:root:Round 76's server1 train acc:  27.69%, train loss: 1.9334
INFO:root:After inference1: [1.66, 60.55, 167.25, 4.62, 85.28]
INFO:root:Round 76's server  test  acc:  27.51%, test  loss: 1.9313
INFO:root:After inference2: [1.66, 60.68, 167.61, 4.62, 85.47]
INFO:root:Round 77's server1 train acc:  28.12%, train loss: 1.8812
INFO:root:After inference1: [1.68, 61.36, 169.48, 4.67, 86.41]
INFO:root:Round 77's server  test  acc:  28.26%, test  loss: 1.8782
INFO:root:After inference2: [1.69, 61.49, 169.84, 4.67, 86.60]
INFO:root:Round 78's server1 train acc:  29.94%, train loss: 1.9255
INFO:root:After inference1: [1.71, 62.16, 171.69, 4.73, 87.53]
INFO:root:Round 78's server  test  acc:  29.79%, test  loss: 1.9237
INFO:root:After inference2: [1.71, 62.29, 172.05, 4.73, 87.72]
INFO:root:Round 79's server1 train acc:  30.20%, train loss: 1.8977
INFO:root:After inference1: [1.73, 62.96, 173.90, 4.79, 88.66]
INFO:root:Round 79's server  test  acc:  30.35%, test  loss: 1.8927
INFO:root:After inference2: [1.73, 63.09, 174.26, 4.79, 88.85]
INFO:root:Round 80's server1 train acc:  28.49%, train loss: 1.8925
INFO:root:After inference1: [1.75, 63.76, 176.12, 4.85, 89.78]
INFO:root:Round 80's server  test  acc:  28.61%, test  loss: 1.8865
INFO:root:After inference2: [1.75, 63.90, 176.48, 4.85, 89.97]
INFO:root:Round 81's server1 train acc:  29.34%, train loss: 1.8820
INFO:root:After inference1: [1.77, 64.57, 178.33, 4.91, 90.91]
INFO:root:Round 81's server  test  acc:  29.48%, test  loss: 1.8771
INFO:root:After inference2: [1.77, 64.70, 178.69, 4.91, 91.10]
INFO:root:Round 82's server1 train acc:  27.13%, train loss: 1.9185
INFO:root:After inference1: [1.79, 65.36, 180.54, 4.97, 92.03]
INFO:root:Round 82's server  test  acc:  27.31%, test  loss: 1.9132
INFO:root:After inference2: [1.80, 65.49, 180.90, 4.97, 92.22]
INFO:root:Round 83's server1 train acc:  26.80%, train loss: 1.9070
INFO:root:After inference1: [1.82, 66.16, 182.74, 5.03, 93.15]
INFO:root:Round 83's server  test  acc:  26.70%, test  loss: 1.9001
INFO:root:After inference2: [1.82, 66.29, 183.10, 5.03, 93.34]
INFO:root:Round 84's server1 train acc:  29.37%, train loss: 1.8717
INFO:root:After inference1: [1.84, 66.96, 184.95, 5.08, 94.28]
INFO:root:Round 84's server  test  acc:  29.80%, test  loss: 1.8683
INFO:root:After inference2: [1.84, 67.09, 185.31, 5.08, 94.46]
INFO:root:Round 85's server1 train acc:  28.00%, train loss: 1.8927
INFO:root:After inference1: [1.86, 67.76, 187.17, 5.14, 95.40]
INFO:root:Round 85's server  test  acc:  28.12%, test  loss: 1.8903
INFO:root:After inference2: [1.86, 67.90, 187.54, 5.14, 95.59]
INFO:root:Round 86's server1 train acc:  26.46%, train loss: 1.8767
INFO:root:After inference1: [1.88, 68.57, 189.40, 5.20, 96.53]
INFO:root:Round 86's server  test  acc:  26.68%, test  loss: 1.8697
INFO:root:After inference2: [1.88, 68.70, 189.77, 5.20, 96.72]
INFO:root:Round 87's server1 train acc:  28.75%, train loss: 1.8929
INFO:root:After inference1: [1.90, 69.37, 191.61, 5.26, 97.66]
INFO:root:Round 87's server  test  acc:  28.71%, test  loss: 1.8928
INFO:root:After inference2: [1.91, 69.50, 191.97, 5.26, 97.85]
INFO:root:Round 88's server1 train acc:  29.42%, train loss: 1.8501
INFO:root:After inference1: [1.92, 70.17, 193.83, 5.32, 98.79]
INFO:root:Round 88's server  test  acc:  29.72%, test  loss: 1.8453
INFO:root:After inference2: [1.93, 70.30, 194.19, 5.32, 98.98]
INFO:root:Round 89's server1 train acc:  30.85%, train loss: 1.8563
INFO:root:After inference1: [1.95, 70.97, 196.04, 5.38, 99.92]
INFO:root:Round 89's server  test  acc:  31.06%, test  loss: 1.8518
INFO:root:After inference2: [1.95, 71.10, 196.40, 5.38, 100.10]
INFO:root:Round 90's server1 train acc:  30.85%, train loss: 1.8495
INFO:root:After inference1: [1.97, 71.77, 198.26, 5.44, 101.05]
INFO:root:Round 90's server  test  acc:  31.17%, test  loss: 1.8461
INFO:root:After inference2: [1.97, 71.90, 198.62, 5.44, 101.23]
INFO:root:Round 91's server1 train acc:  30.58%, train loss: 1.8621
INFO:root:After inference1: [1.99, 72.57, 200.46, 5.49, 102.17]
INFO:root:Round 91's server  test  acc:  31.05%, test  loss: 1.8622
INFO:root:After inference2: [1.99, 72.70, 200.82, 5.49, 102.35]
INFO:root:Round 92's server1 train acc:  28.36%, train loss: 1.8709
INFO:root:After inference1: [2.01, 73.37, 202.68, 5.55, 103.30]
INFO:root:Round 92's server  test  acc:  28.43%, test  loss: 1.8638
INFO:root:After inference2: [2.02, 73.50, 203.04, 5.55, 103.48]
INFO:root:Round 93's server1 train acc:  31.35%, train loss: 1.8660
INFO:root:After inference1: [2.03, 74.17, 204.89, 5.61, 104.42]
INFO:root:Round 93's server  test  acc:  31.31%, test  loss: 1.8646
INFO:root:After inference2: [2.04, 74.30, 205.25, 5.61, 104.61]
INFO:root:Round 94's server1 train acc:  29.95%, train loss: 1.8795
INFO:root:After inference1: [2.06, 74.97, 207.11, 5.67, 105.55]
INFO:root:Round 94's server  test  acc:  30.02%, test  loss: 1.8734
INFO:root:After inference2: [2.06, 75.10, 207.47, 5.67, 105.74]
INFO:root:Round 95's server1 train acc:  30.31%, train loss: 1.8382
INFO:root:After inference1: [2.08, 75.77, 209.33, 5.73, 106.68]
INFO:root:Round 95's server  test  acc:  30.71%, test  loss: 1.8368
INFO:root:After inference2: [2.08, 75.90, 209.69, 5.73, 106.87]
INFO:root:Round 96's server1 train acc:  30.44%, train loss: 1.8371
INFO:root:After inference1: [2.10, 76.58, 211.55, 5.79, 107.81]
INFO:root:Round 96's server  test  acc:  30.62%, test  loss: 1.8331
INFO:root:After inference2: [2.10, 76.71, 211.91, 5.79, 108.00]
INFO:root:Round 97's server1 train acc:  31.48%, train loss: 1.8266
INFO:root:After inference1: [2.12, 77.38, 213.77, 5.85, 108.94]
INFO:root:Round 97's server  test  acc:  31.60%, test  loss: 1.8235
INFO:root:After inference2: [2.12, 77.51, 214.13, 5.85, 109.13]
INFO:root:Round 98's server1 train acc:  31.02%, train loss: 1.8163
INFO:root:After inference1: [2.14, 78.18, 215.99, 5.91, 110.07]
INFO:root:Round 98's server  test  acc:  31.32%, test  loss: 1.8130
INFO:root:After inference2: [2.15, 78.32, 216.35, 5.91, 110.26]
INFO:root:Round 99's server1 train acc:  28.17%, train loss: 1.8617
INFO:root:After inference1: [2.17, 78.98, 218.19, 5.97, 111.20]
INFO:root:Round 99's server  test  acc:  28.53%, test  loss: 1.8570
INFO:root:After inference2: [2.17, 79.11, 218.55, 5.97, 111.38]
INFO:root:Round 100's server1 train acc:  30.80%, train loss: 1.8288
INFO:root:After inference1: [2.19, 79.78, 220.41, 6.02, 112.32]
INFO:root:Round 100's server  test  acc:  31.11%, test  loss: 1.8246
INFO:root:After inference2: [2.19, 79.91, 220.77, 6.02, 112.51]
INFO:root:Record Time: |0.04| 1.35| 3.78| 6.02| 1.85| 65.52| 180.96| 93.84| 0.29| 13.04| 36.03| 18.67| = 421.40
INFO:root:Total Training Time 444.95; Other Time 23.54
