INFO:root:Namespace(m='wvgg9k4', d='cifar10', s=2, R=100, K=5, M=10, P=10, partition='exdir', alpha=[2, 10.0], optim='sgd', lr=0.1, lr_decay=1.0, momentum=0.0, weight_decay=0.0001, global_lr=1.0, batch_size=20, seed=1234, clip=10, log='Log', eval_num=100, tail_eval_num=0, device=0, save_model=0, start_round=0, case=3)
INFO:root:record_name: FedAvg-VI3_M10_P10_K5_R100_wvgg9k4_cifar10_exdir2,10.0_sgd0.1,1.0,0.0,0.0001_b20_seed1234_clip10
INFO:root:VGG(
  (features): Sequential(
    (0): Conv2d(3, 32, kernel_size=(3, 3), stride=(1, 1), padding=(1, 1))
    (1): ReLU(inplace=True)
    (2): MaxPool2d(kernel_size=2, stride=2, padding=0, dilation=1, ceil_mode=False)
    (3): Conv2d(32, 64, kernel_size=(3, 3), stride=(1, 1), padding=(1, 1))
    (4): ReLU(inplace=True)
    (5): MaxPool2d(kernel_size=2, stride=2, padding=0, dilation=1, ceil_mode=False)
    (6): Conv2d(64, 128, kernel_size=(3, 3), stride=(1, 1), padding=(1, 1))
    (7): ReLU(inplace=True)
    (8): Conv2d(128, 128, kernel_size=(3, 3), stride=(1, 1), padding=(1, 1))
    (9): ReLU(inplace=True)
    (10): MaxPool2d(kernel_size=2, stride=2, padding=0, dilation=1, ceil_mode=False)
    (11): Conv2d(128, 256, kernel_size=(3, 3), stride=(1, 1), padding=(1, 1))
    (12): ReLU(inplace=True)
    (13): Conv2d(256, 256, kernel_size=(3, 3), stride=(1, 1), padding=(1, 1))
    (14): ReLU(inplace=True)
    (15): MaxPool2d(kernel_size=2, stride=2, padding=0, dilation=1, ceil_mode=False)
    (16): Conv2d(256, 256, kernel_size=(3, 3), stride=(1, 1), padding=(1, 1))
    (17): ReLU(inplace=True)
    (18): Conv2d(256, 256, kernel_size=(3, 3), stride=(1, 1), padding=(1, 1))
    (19): ReLU(inplace=True)
    (20): MaxPool2d(kernel_size=2, stride=2, padding=0, dilation=1, ceil_mode=False)
  )
  (avgpool): AdaptiveAvgPool2d(output_size=(1, 1))
  (flatten): Flatten(start_dim=1, end_dim=-1)
  (classifier): Linear(in_features=256, out_features=10, bias=True)
)
INFO:root:Before reset: [0.01, 0.61, 0.00, 0.00, 0.00]
INFO:root:Round 1's server1 train acc:  10.00%, train loss: 2.3064
INFO:root:After inference1: [0.01, 0.00, 3.60, 0.22, 1.06]
INFO:root:Round 1's server  test  acc:  10.00%, test  loss: 2.3064
INFO:root:After inference2: [0.01, 0.13, 3.97, 0.22, 1.25]
INFO:root:Round 2's server1 train acc:  10.00%, train loss: 2.3467
INFO:root:After inference1: [0.02, 0.13, 7.55, 0.28, 2.22]
INFO:root:Round 2's server  test  acc:  10.00%, test  loss: 2.3442
INFO:root:After inference2: [0.02, 0.27, 7.91, 0.28, 2.40]
INFO:root:Round 3's server1 train acc:  10.01%, train loss: 2.3092
INFO:root:After inference1: [0.03, 0.27, 11.48, 0.34, 3.37]
INFO:root:Round 3's server  test  acc:  10.02%, test  loss: 2.3084
INFO:root:After inference2: [0.03, 0.40, 11.85, 0.34, 3.56]
INFO:root:Round 4's server1 train acc:  10.00%, train loss: 2.5322
INFO:root:After inference1: [0.04, 0.40, 15.43, 0.40, 4.52]
INFO:root:Round 4's server  test  acc:  10.00%, test  loss: 2.4880
INFO:root:After inference2: [0.04, 0.53, 15.80, 0.40, 4.71]
INFO:root:Round 5's server1 train acc:  10.00%, train loss: 2.3109
INFO:root:After inference1: [0.05, 0.53, 19.37, 0.46, 5.67]
INFO:root:Round 5's server  test  acc:  10.00%, test  loss: 2.3096
INFO:root:After inference2: [0.05, 0.66, 19.74, 0.46, 5.86]
INFO:root:Round 6's server1 train acc:   9.86%, train loss: 2.3216
INFO:root:After inference1: [0.06, 0.66, 23.33, 0.52, 6.83]
INFO:root:Round 6's server  test  acc:  10.11%, test  loss: 2.3197
INFO:root:After inference2: [0.06, 0.80, 23.69, 0.52, 7.02]
INFO:root:Round 7's server1 train acc:  10.00%, train loss: 2.3142
INFO:root:After inference1: [0.07, 0.80, 27.27, 0.57, 7.98]
INFO:root:Round 7's server  test  acc:  10.00%, test  loss: 2.3128
INFO:root:After inference2: [0.07, 0.93, 27.63, 0.57, 8.17]
INFO:root:Round 8's server1 train acc:  10.00%, train loss: 2.4172
INFO:root:After inference1: [0.08, 0.93, 31.23, 0.63, 9.13]
INFO:root:Round 8's server  test  acc:  10.00%, test  loss: 2.3990
INFO:root:After inference2: [0.08, 1.06, 31.60, 0.63, 9.32]
INFO:root:Round 9's server1 train acc:  10.00%, train loss: 2.3092
INFO:root:After inference1: [0.09, 1.06, 35.20, 0.69, 10.28]
INFO:root:Round 9's server  test  acc:  10.00%, test  loss: 2.3079
INFO:root:After inference2: [0.09, 1.20, 35.57, 0.69, 10.47]
INFO:root:Round 10's server1 train acc:  10.00%, train loss: 2.3181
INFO:root:After inference1: [0.09, 1.20, 39.18, 0.75, 11.44]
INFO:root:Round 10's server  test  acc:  10.00%, test  loss: 2.3152
INFO:root:After inference2: [0.10, 1.33, 39.54, 0.75, 11.62]
INFO:root:Round 11's server1 train acc:  10.00%, train loss: 2.3391
INFO:root:After inference1: [0.10, 1.33, 43.12, 0.81, 12.59]
INFO:root:Round 11's server  test  acc:  10.00%, test  loss: 2.3317
INFO:root:After inference2: [0.11, 1.46, 43.48, 0.81, 12.77]
INFO:root:Round 12's server1 train acc:  10.00%, train loss: 2.3058
INFO:root:After inference1: [0.11, 1.46, 47.08, 0.87, 13.73]
INFO:root:Round 12's server  test  acc:  10.00%, test  loss: 2.3044
INFO:root:After inference2: [0.12, 1.59, 47.44, 0.87, 13.92]
INFO:root:Round 13's server1 train acc:  10.00%, train loss: 2.3259
INFO:root:After inference1: [0.12, 1.59, 51.02, 0.93, 14.89]
INFO:root:Round 13's server  test  acc:  10.00%, test  loss: 2.3205
INFO:root:After inference2: [0.13, 1.73, 51.39, 0.93, 15.07]
INFO:root:Round 14's server1 train acc:  10.00%, train loss: 2.3084
INFO:root:After inference1: [0.13, 1.73, 54.96, 0.99, 16.04]
INFO:root:Round 14's server  test  acc:  10.00%, test  loss: 2.3055
INFO:root:After inference2: [0.14, 1.86, 55.33, 0.99, 16.22]
INFO:root:Round 15's server1 train acc:  10.00%, train loss: 2.3177
INFO:root:After inference1: [0.14, 1.86, 58.90, 1.05, 17.18]
INFO:root:Round 15's server  test  acc:  10.00%, test  loss: 2.3122
INFO:root:After inference2: [0.15, 1.99, 59.27, 1.05, 17.37]
INFO:root:Round 16's server1 train acc:  10.41%, train loss: 2.3076
INFO:root:After inference1: [0.15, 1.99, 62.87, 1.11, 18.34]
INFO:root:Round 16's server  test  acc:  10.32%, test  loss: 2.3060
INFO:root:After inference2: [0.16, 2.13, 63.24, 1.11, 18.53]
INFO:root:Round 17's server1 train acc:  10.00%, train loss: 2.3214
INFO:root:After inference1: [0.16, 2.13, 66.81, 1.17, 19.49]
INFO:root:Round 17's server  test  acc:  10.00%, test  loss: 2.3174
INFO:root:After inference2: [0.17, 2.26, 67.17, 1.17, 19.68]
INFO:root:Round 18's server1 train acc:  10.00%, train loss: 2.3092
INFO:root:After inference1: [0.17, 2.26, 70.76, 1.23, 20.64]
INFO:root:Round 18's server  test  acc:  10.00%, test  loss: 2.3066
INFO:root:After inference2: [0.18, 2.39, 71.12, 1.23, 20.83]
INFO:root:Round 19's server1 train acc:  10.00%, train loss: 2.2938
INFO:root:After inference1: [0.18, 2.39, 74.69, 1.29, 21.79]
INFO:root:Round 19's server  test  acc:  10.00%, test  loss: 2.2923
INFO:root:After inference2: [0.19, 2.52, 75.05, 1.29, 21.98]
INFO:root:Round 20's server1 train acc:  10.00%, train loss: 2.3002
INFO:root:After inference1: [0.19, 2.52, 78.63, 1.34, 22.94]
INFO:root:Round 20's server  test  acc:  10.00%, test  loss: 2.2975
INFO:root:After inference2: [0.19, 2.66, 79.00, 1.34, 23.13]
INFO:root:Round 21's server1 train acc:  10.00%, train loss: 2.3112
INFO:root:After inference1: [0.20, 2.66, 82.59, 1.40, 24.09]
INFO:root:Round 21's server  test  acc:  10.00%, test  loss: 2.3072
INFO:root:After inference2: [0.20, 2.79, 82.96, 1.40, 24.28]
INFO:root:Round 22's server1 train acc:   9.17%, train loss: 2.2940
INFO:root:After inference1: [0.21, 2.79, 86.54, 1.46, 25.24]
INFO:root:Round 22's server  test  acc:   9.04%, test  loss: 2.2923
INFO:root:After inference2: [0.21, 2.92, 86.90, 1.46, 25.43]
INFO:root:Round 23's server1 train acc:   9.24%, train loss: 2.2761
INFO:root:After inference1: [0.22, 2.92, 90.48, 1.52, 26.39]
INFO:root:Round 23's server  test  acc:   9.11%, test  loss: 2.2756
INFO:root:After inference2: [0.22, 3.06, 90.85, 1.52, 26.58]
INFO:root:Round 24's server1 train acc:  11.60%, train loss: 2.2839
INFO:root:After inference1: [0.23, 3.06, 94.42, 1.58, 27.54]
INFO:root:Round 24's server  test  acc:  12.44%, test  loss: 2.2801
INFO:root:After inference2: [0.23, 3.19, 94.79, 1.58, 27.73]
INFO:root:Round 25's server1 train acc:  11.28%, train loss: 2.2704
INFO:root:After inference1: [0.24, 3.19, 98.38, 1.64, 28.70]
INFO:root:Round 25's server  test  acc:  11.17%, test  loss: 2.2695
INFO:root:After inference2: [0.24, 3.33, 98.75, 1.64, 28.88]
INFO:root:Round 26's server1 train acc:  15.28%, train loss: 2.2460
INFO:root:After inference1: [0.25, 3.33, 102.33, 1.70, 29.85]
INFO:root:Round 26's server  test  acc:  15.42%, test  loss: 2.2449
INFO:root:After inference2: [0.25, 3.46, 102.70, 1.70, 30.04]
INFO:root:Round 27's server1 train acc:  13.47%, train loss: 2.2499
INFO:root:After inference1: [0.26, 3.46, 106.27, 1.76, 31.00]
INFO:root:Round 27's server  test  acc:  14.14%, test  loss: 2.2493
INFO:root:After inference2: [0.26, 3.59, 106.64, 1.76, 31.19]
INFO:root:Round 28's server1 train acc:  15.49%, train loss: 2.2456
INFO:root:After inference1: [0.27, 3.59, 110.22, 1.82, 32.15]
INFO:root:Round 28's server  test  acc:  16.06%, test  loss: 2.2425
INFO:root:After inference2: [0.27, 3.73, 110.58, 1.82, 32.34]
INFO:root:Round 29's server1 train acc:  10.00%, train loss: 2.2617
INFO:root:After inference1: [0.28, 3.73, 114.16, 1.88, 33.30]
INFO:root:Round 29's server  test  acc:  10.00%, test  loss: 2.2571
INFO:root:After inference2: [0.28, 3.86, 114.52, 1.88, 33.49]
INFO:root:Round 30's server1 train acc:  19.32%, train loss: 2.2205
INFO:root:After inference1: [0.29, 3.86, 118.10, 1.94, 34.45]
INFO:root:Round 30's server  test  acc:  20.18%, test  loss: 2.2180
INFO:root:After inference2: [0.29, 3.99, 118.46, 1.94, 34.64]
INFO:root:Round 31's server1 train acc:  15.10%, train loss: 2.2094
INFO:root:After inference1: [0.30, 3.99, 122.06, 1.99, 35.61]
INFO:root:Round 31's server  test  acc:  15.55%, test  loss: 2.2107
INFO:root:After inference2: [0.30, 4.12, 122.43, 1.99, 35.79]
INFO:root:Round 32's server1 train acc:  15.30%, train loss: 2.2072
INFO:root:After inference1: [0.31, 4.12, 126.02, 2.05, 36.76]
INFO:root:Round 32's server  test  acc:  15.56%, test  loss: 2.2069
INFO:root:After inference2: [0.31, 4.26, 126.39, 2.05, 36.95]
INFO:root:Round 33's server1 train acc:  16.07%, train loss: 2.2010
INFO:root:After inference1: [0.32, 4.26, 129.98, 2.11, 37.91]
INFO:root:Round 33's server  test  acc:  16.11%, test  loss: 2.1996
INFO:root:After inference2: [0.32, 4.39, 130.34, 2.11, 38.10]
INFO:root:Round 34's server1 train acc:  14.83%, train loss: 2.1972
INFO:root:After inference1: [0.33, 4.39, 133.94, 2.17, 39.06]
INFO:root:Round 34's server  test  acc:  15.35%, test  loss: 2.1961
INFO:root:After inference2: [0.33, 4.52, 134.30, 2.17, 39.25]
INFO:root:Round 35's server1 train acc:  16.39%, train loss: 2.1967
INFO:root:After inference1: [0.34, 4.52, 137.89, 2.23, 40.21]
INFO:root:Round 35's server  test  acc:  16.64%, test  loss: 2.1933
INFO:root:After inference2: [0.34, 4.66, 138.26, 2.23, 40.40]
INFO:root:Round 36's server1 train acc:  16.74%, train loss: 2.1827
INFO:root:After inference1: [0.35, 4.66, 141.83, 2.29, 41.36]
INFO:root:Round 36's server  test  acc:  16.66%, test  loss: 2.1827
INFO:root:After inference2: [0.35, 4.79, 142.20, 2.29, 41.55]
INFO:root:Round 37's server1 train acc:  18.53%, train loss: 2.1646
INFO:root:After inference1: [0.36, 4.79, 145.79, 2.35, 42.52]
INFO:root:Round 37's server  test  acc:  18.93%, test  loss: 2.1643
INFO:root:After inference2: [0.36, 4.92, 146.15, 2.35, 42.71]
INFO:root:Round 38's server1 train acc:  19.07%, train loss: 2.1632
INFO:root:After inference1: [0.37, 4.92, 149.75, 2.41, 43.67]
INFO:root:Round 38's server  test  acc:  19.50%, test  loss: 2.1633
INFO:root:After inference2: [0.37, 5.06, 150.11, 2.41, 43.86]
INFO:root:Round 39's server1 train acc:  18.05%, train loss: 2.1598
INFO:root:After inference1: [0.38, 5.06, 153.71, 2.47, 44.82]
INFO:root:Round 39's server  test  acc:  18.43%, test  loss: 2.1556
INFO:root:After inference2: [0.38, 5.19, 154.08, 2.47, 45.01]
INFO:root:Round 40's server1 train acc:  18.30%, train loss: 2.1422
INFO:root:After inference1: [0.39, 5.19, 157.66, 2.53, 45.97]
INFO:root:Round 40's server  test  acc:  18.80%, test  loss: 2.1397
INFO:root:After inference2: [0.39, 5.32, 158.02, 2.53, 46.15]
INFO:root:Round 41's server1 train acc:  15.26%, train loss: 2.1548
INFO:root:After inference1: [0.40, 5.32, 161.61, 2.59, 47.12]
INFO:root:Round 41's server  test  acc:  15.05%, test  loss: 2.1512
INFO:root:After inference2: [0.40, 5.45, 161.97, 2.59, 47.31]
INFO:root:Round 42's server1 train acc:  16.57%, train loss: 2.1554
INFO:root:After inference1: [0.41, 5.45, 165.56, 2.65, 48.27]
INFO:root:Round 42's server  test  acc:  16.65%, test  loss: 2.1564
INFO:root:After inference2: [0.41, 5.59, 165.92, 2.65, 48.46]
INFO:root:Round 43's server1 train acc:  17.03%, train loss: 2.1116
INFO:root:After inference1: [0.42, 5.59, 169.52, 2.70, 49.42]
INFO:root:Round 43's server  test  acc:  17.00%, test  loss: 2.1107
INFO:root:After inference2: [0.42, 5.72, 169.88, 2.70, 49.61]
INFO:root:Round 44's server1 train acc:  15.67%, train loss: 2.1095
INFO:root:After inference1: [0.42, 5.72, 173.49, 2.76, 50.58]
INFO:root:Round 44's server  test  acc:  15.76%, test  loss: 2.1033
INFO:root:After inference2: [0.43, 5.86, 173.86, 2.76, 50.76]
INFO:root:Round 45's server1 train acc:  17.41%, train loss: 2.1068
INFO:root:After inference1: [0.43, 5.86, 177.44, 2.82, 51.73]
INFO:root:Round 45's server  test  acc:  17.39%, test  loss: 2.1046
INFO:root:After inference2: [0.44, 5.99, 177.81, 2.82, 51.91]
INFO:root:Round 46's server1 train acc:  20.33%, train loss: 2.1114
INFO:root:After inference1: [0.44, 5.99, 181.37, 2.88, 52.87]
INFO:root:Round 46's server  test  acc:  20.04%, test  loss: 2.1095
INFO:root:After inference2: [0.45, 6.12, 181.74, 2.88, 53.06]
INFO:root:Round 47's server1 train acc:  17.48%, train loss: 2.1209
INFO:root:After inference1: [0.45, 6.12, 185.30, 2.94, 54.02]
INFO:root:Round 47's server  test  acc:  18.14%, test  loss: 2.1110
INFO:root:After inference2: [0.46, 6.25, 185.66, 2.94, 54.21]
INFO:root:Round 48's server1 train acc:  19.30%, train loss: 2.1123
INFO:root:After inference1: [0.46, 6.25, 189.24, 3.00, 55.17]
INFO:root:Round 48's server  test  acc:  20.54%, test  loss: 2.1067
INFO:root:After inference2: [0.47, 6.39, 189.60, 3.00, 55.36]
INFO:root:Round 49's server1 train acc:  19.84%, train loss: 2.1053
INFO:root:After inference1: [0.47, 6.39, 193.16, 3.06, 56.32]
INFO:root:Round 49's server  test  acc:  19.74%, test  loss: 2.1041
INFO:root:After inference2: [0.48, 6.52, 193.52, 3.06, 56.51]
INFO:root:Round 50's server1 train acc:  17.58%, train loss: 2.1186
INFO:root:After inference1: [0.48, 6.52, 197.11, 3.12, 57.47]
INFO:root:Round 50's server  test  acc:  17.29%, test  loss: 2.1195
INFO:root:After inference2: [0.49, 6.65, 197.48, 3.12, 57.66]
INFO:root:Round 51's server1 train acc:  20.01%, train loss: 2.0879
INFO:root:After inference1: [0.49, 6.65, 201.05, 3.18, 58.62]
INFO:root:Round 51's server  test  acc:  20.15%, test  loss: 2.0817
INFO:root:After inference2: [0.50, 6.78, 201.42, 3.18, 58.81]
INFO:root:Round 52's server1 train acc:  21.82%, train loss: 2.0680
INFO:root:After inference1: [0.50, 6.78, 205.01, 3.24, 59.77]
INFO:root:Round 52's server  test  acc:  22.22%, test  loss: 2.0505
INFO:root:After inference2: [0.51, 6.92, 205.37, 3.24, 59.96]
INFO:root:Round 53's server1 train acc:  18.34%, train loss: 2.0599
INFO:root:After inference1: [0.51, 6.92, 208.96, 3.30, 60.92]
INFO:root:Round 53's server  test  acc:  18.81%, test  loss: 2.0576
INFO:root:After inference2: [0.52, 7.05, 209.32, 3.30, 61.11]
INFO:root:Round 54's server1 train acc:  19.64%, train loss: 2.0484
INFO:root:After inference1: [0.52, 7.05, 212.91, 3.35, 62.07]
INFO:root:Round 54's server  test  acc:  20.22%, test  loss: 2.0424
INFO:root:After inference2: [0.53, 7.18, 213.27, 3.35, 62.26]
INFO:root:Round 55's server1 train acc:  19.36%, train loss: 2.0596
INFO:root:After inference1: [0.53, 7.18, 216.85, 3.41, 63.22]
INFO:root:Round 55's server  test  acc:  19.34%, test  loss: 2.0440
INFO:root:After inference2: [0.53, 7.31, 217.21, 3.41, 63.41]
INFO:root:Round 56's server1 train acc:  17.73%, train loss: 2.0575
INFO:root:After inference1: [0.54, 7.31, 220.79, 3.47, 64.38]
INFO:root:Round 56's server  test  acc:  17.96%, test  loss: 2.0575
INFO:root:After inference2: [0.54, 7.45, 221.15, 3.47, 64.56]
INFO:root:Round 57's server1 train acc:  19.65%, train loss: 2.0628
INFO:root:After inference1: [0.55, 7.45, 224.72, 3.53, 65.53]
INFO:root:Round 57's server  test  acc:  19.83%, test  loss: 2.0530
INFO:root:After inference2: [0.55, 7.58, 225.09, 3.53, 65.71]
INFO:root:Round 58's server1 train acc:  20.93%, train loss: 2.0443
INFO:root:After inference1: [0.56, 7.58, 228.69, 3.59, 66.68]
INFO:root:Round 58's server  test  acc:  21.21%, test  loss: 2.0317
INFO:root:After inference2: [0.56, 7.71, 229.05, 3.59, 66.87]
INFO:root:Round 59's server1 train acc:  20.75%, train loss: 2.0412
INFO:root:After inference1: [0.57, 7.71, 232.62, 3.65, 67.83]
INFO:root:Round 59's server  test  acc:  21.65%, test  loss: 2.0374
INFO:root:After inference2: [0.57, 7.85, 232.98, 3.65, 68.02]
INFO:root:Round 60's server1 train acc:  21.39%, train loss: 2.0284
INFO:root:After inference1: [0.58, 7.85, 236.57, 3.71, 68.98]
INFO:root:Round 60's server  test  acc:  22.89%, test  loss: 2.0203
INFO:root:After inference2: [0.58, 7.98, 236.94, 3.71, 69.17]
INFO:root:Round 61's server1 train acc:  17.42%, train loss: 2.0474
INFO:root:After inference1: [0.59, 7.98, 240.51, 3.77, 70.13]
INFO:root:Round 61's server  test  acc:  18.11%, test  loss: 2.0162
INFO:root:After inference2: [0.59, 8.11, 240.87, 3.77, 70.32]
INFO:root:Round 62's server1 train acc:  21.61%, train loss: 2.0319
INFO:root:After inference1: [0.60, 8.11, 244.44, 3.83, 71.28]
INFO:root:Round 62's server  test  acc:  22.32%, test  loss: 2.0308
INFO:root:After inference2: [0.60, 8.24, 244.80, 3.83, 71.47]
INFO:root:Round 63's server1 train acc:  23.58%, train loss: 2.0180
INFO:root:After inference1: [0.61, 8.24, 248.38, 3.89, 72.43]
INFO:root:Round 63's server  test  acc:  23.81%, test  loss: 2.0055
INFO:root:After inference2: [0.61, 8.38, 248.74, 3.89, 72.62]
INFO:root:Round 64's server1 train acc:  18.91%, train loss: 2.0343
INFO:root:After inference1: [0.62, 8.38, 252.32, 3.95, 73.58]
INFO:root:Round 64's server  test  acc:  19.34%, test  loss: 2.0292
INFO:root:After inference2: [0.62, 8.51, 252.68, 3.95, 73.77]
INFO:root:Round 65's server1 train acc:  22.39%, train loss: 2.0118
INFO:root:After inference1: [0.63, 8.51, 256.27, 4.01, 74.73]
INFO:root:Round 65's server  test  acc:  22.72%, test  loss: 2.0097
INFO:root:After inference2: [0.63, 8.64, 256.63, 4.01, 74.92]
INFO:root:Round 66's server1 train acc:  22.64%, train loss: 2.0232
INFO:root:After inference1: [0.64, 8.64, 260.22, 4.07, 75.88]
INFO:root:Round 66's server  test  acc:  23.59%, test  loss: 2.0113
INFO:root:After inference2: [0.64, 8.77, 260.59, 4.07, 76.07]
INFO:root:Round 67's server1 train acc:  23.60%, train loss: 2.0240
INFO:root:After inference1: [0.65, 8.77, 264.17, 4.13, 77.04]
INFO:root:Round 67's server  test  acc:  24.21%, test  loss: 1.9995
INFO:root:After inference2: [0.65, 8.91, 264.53, 4.13, 77.23]
INFO:root:Round 68's server1 train acc:  21.70%, train loss: 2.0241
INFO:root:After inference1: [0.66, 8.91, 268.12, 4.18, 78.19]
INFO:root:Round 68's server  test  acc:  22.41%, test  loss: 2.0016
INFO:root:After inference2: [0.66, 9.04, 268.49, 4.18, 78.38]
INFO:root:Round 69's server1 train acc:  18.23%, train loss: 2.0134
INFO:root:After inference1: [0.67, 9.04, 272.07, 4.24, 79.34]
INFO:root:Round 69's server  test  acc:  18.53%, test  loss: 2.0088
INFO:root:After inference2: [0.67, 9.17, 272.43, 4.24, 79.53]
INFO:root:Round 70's server1 train acc:  25.44%, train loss: 1.9905
INFO:root:After inference1: [0.68, 9.17, 276.02, 4.30, 80.49]
INFO:root:Round 70's server  test  acc:  28.39%, test  loss: 1.9785
INFO:root:After inference2: [0.68, 9.31, 276.38, 4.30, 80.68]
INFO:root:Round 71's server1 train acc:  25.51%, train loss: 1.9960
INFO:root:After inference1: [0.69, 9.31, 279.97, 4.36, 81.65]
INFO:root:Round 71's server  test  acc:  27.74%, test  loss: 1.9803
INFO:root:After inference2: [0.69, 9.44, 280.33, 4.36, 81.83]
INFO:root:Round 72's server1 train acc:  25.73%, train loss: 1.9883
INFO:root:After inference1: [0.70, 9.44, 283.92, 4.42, 82.80]
INFO:root:Round 72's server  test  acc:  27.71%, test  loss: 1.9717
INFO:root:After inference2: [0.70, 9.57, 284.29, 4.42, 82.99]
INFO:root:Round 73's server1 train acc:  20.94%, train loss: 1.9929
INFO:root:After inference1: [0.71, 9.57, 287.86, 4.48, 83.95]
INFO:root:Round 73's server  test  acc:  22.75%, test  loss: 1.9694
INFO:root:After inference2: [0.71, 9.70, 288.22, 4.48, 84.14]
INFO:root:Round 74's server1 train acc:  22.95%, train loss: 1.9924
INFO:root:After inference1: [0.72, 9.70, 291.81, 4.54, 85.10]
INFO:root:Round 74's server  test  acc:  23.27%, test  loss: 1.9811
INFO:root:After inference2: [0.72, 9.84, 292.17, 4.54, 85.29]
INFO:root:Round 75's server1 train acc:  25.84%, train loss: 1.9735
INFO:root:After inference1: [0.73, 9.84, 295.74, 4.60, 86.25]
INFO:root:Round 75's server  test  acc:  26.96%, test  loss: 1.9592
INFO:root:After inference2: [0.73, 9.97, 296.10, 4.60, 86.44]
INFO:root:Round 76's server1 train acc:  26.66%, train loss: 1.9691
INFO:root:After inference1: [0.74, 9.97, 299.71, 4.66, 87.41]
INFO:root:Round 76's server  test  acc:  27.81%, test  loss: 1.9491
INFO:root:After inference2: [0.74, 10.10, 300.08, 4.66, 87.60]
INFO:root:Round 77's server1 train acc:  24.68%, train loss: 1.9799
INFO:root:After inference1: [0.74, 10.10, 303.65, 4.72, 88.56]
INFO:root:Round 77's server  test  acc:  26.30%, test  loss: 1.9304
INFO:root:After inference2: [0.75, 10.24, 304.02, 4.72, 88.75]
INFO:root:Round 78's server1 train acc:  25.99%, train loss: 1.9648
INFO:root:After inference1: [0.75, 10.24, 307.61, 4.78, 89.71]
INFO:root:Round 78's server  test  acc:  26.29%, test  loss: 1.9551
INFO:root:After inference2: [0.76, 10.37, 307.98, 4.78, 89.90]
INFO:root:Round 79's server1 train acc:  26.60%, train loss: 1.9877
INFO:root:After inference1: [0.76, 10.37, 311.57, 4.84, 90.86]
INFO:root:Round 79's server  test  acc:  28.86%, test  loss: 1.9790
INFO:root:After inference2: [0.77, 10.50, 311.93, 4.84, 91.05]
INFO:root:Round 80's server1 train acc:  25.33%, train loss: 1.9832
INFO:root:After inference1: [0.77, 10.50, 315.51, 4.90, 92.01]
INFO:root:Round 80's server  test  acc:  27.51%, test  loss: 1.9480
INFO:root:After inference2: [0.78, 10.63, 315.87, 4.90, 92.20]
INFO:root:Round 81's server1 train acc:  26.71%, train loss: 1.9786
INFO:root:After inference1: [0.78, 10.63, 319.46, 4.95, 93.16]
INFO:root:Round 81's server  test  acc:  26.82%, test  loss: 1.9753
INFO:root:After inference2: [0.79, 10.77, 319.82, 4.95, 93.35]
INFO:root:Round 82's server1 train acc:  26.28%, train loss: 1.9454
INFO:root:After inference1: [0.79, 10.77, 323.41, 5.01, 94.31]
INFO:root:Round 82's server  test  acc:  27.84%, test  loss: 1.9183
INFO:root:After inference2: [0.80, 10.90, 323.77, 5.01, 94.50]
INFO:root:Round 83's server1 train acc:  26.51%, train loss: 1.9639
INFO:root:After inference1: [0.80, 10.90, 327.35, 5.07, 95.46]
INFO:root:Round 83's server  test  acc:  26.80%, test  loss: 1.9546
INFO:root:After inference2: [0.81, 11.03, 327.72, 5.07, 95.65]
INFO:root:Round 84's server1 train acc:  26.91%, train loss: 1.9605
INFO:root:After inference1: [0.81, 11.03, 331.30, 5.13, 96.61]
INFO:root:Round 84's server  test  acc:  26.51%, test  loss: 1.9589
INFO:root:After inference2: [0.82, 11.16, 331.67, 5.13, 96.80]
INFO:root:Round 85's server1 train acc:  26.21%, train loss: 1.9672
INFO:root:After inference1: [0.82, 11.16, 335.26, 5.19, 97.76]
INFO:root:Round 85's server  test  acc:  28.69%, test  loss: 1.9251
INFO:root:After inference2: [0.83, 11.30, 335.63, 5.19, 97.95]
INFO:root:Round 86's server1 train acc:  26.25%, train loss: 1.9514
INFO:root:After inference1: [0.83, 11.30, 339.19, 5.25, 98.91]
INFO:root:Round 86's server  test  acc:  26.92%, test  loss: 1.9439
INFO:root:After inference2: [0.84, 11.43, 339.56, 5.25, 99.10]
INFO:root:Round 87's server1 train acc:  27.26%, train loss: 1.9442
INFO:root:After inference1: [0.84, 11.43, 343.14, 5.31, 100.06]
INFO:root:Round 87's server  test  acc:  29.45%, test  loss: 1.9238
INFO:root:After inference2: [0.84, 11.56, 343.50, 5.31, 100.25]
INFO:root:Round 88's server1 train acc:  26.03%, train loss: 1.9396
INFO:root:After inference1: [0.85, 11.56, 347.07, 5.37, 101.20]
INFO:root:Round 88's server  test  acc:  28.44%, test  loss: 1.9038
INFO:root:After inference2: [0.85, 11.69, 347.43, 5.37, 101.39]
INFO:root:Round 89's server1 train acc:  26.81%, train loss: 1.9598
INFO:root:After inference1: [0.86, 11.69, 351.01, 5.43, 102.36]
INFO:root:Round 89's server  test  acc:  28.17%, test  loss: 1.9261
INFO:root:After inference2: [0.86, 11.82, 351.37, 5.43, 102.54]
INFO:root:Round 90's server1 train acc:  28.11%, train loss: 1.9281
INFO:root:After inference1: [0.87, 11.82, 354.95, 5.49, 103.51]
INFO:root:Round 90's server  test  acc:  30.61%, test  loss: 1.9133
INFO:root:After inference2: [0.87, 11.96, 355.31, 5.49, 103.69]
INFO:root:Round 91's server1 train acc:  27.45%, train loss: 1.9261
INFO:root:After inference1: [0.88, 11.96, 358.87, 5.54, 104.65]
INFO:root:Round 91's server  test  acc:  28.24%, test  loss: 1.8981
INFO:root:After inference2: [0.88, 12.09, 359.24, 5.54, 104.84]
INFO:root:Round 92's server1 train acc:  27.86%, train loss: 1.9288
INFO:root:After inference1: [0.89, 12.09, 362.82, 5.60, 105.80]
INFO:root:Round 92's server  test  acc:  29.25%, test  loss: 1.9102
INFO:root:After inference2: [0.89, 12.22, 363.18, 5.60, 105.99]
INFO:root:Round 93's server1 train acc:  26.83%, train loss: 1.9329
INFO:root:After inference1: [0.90, 12.22, 366.75, 5.66, 106.95]
INFO:root:Round 93's server  test  acc:  27.61%, test  loss: 1.9057
INFO:root:After inference2: [0.90, 12.35, 367.11, 5.66, 107.14]
INFO:root:Round 94's server1 train acc:  26.69%, train loss: 1.9237
INFO:root:After inference1: [0.91, 12.35, 370.70, 5.72, 108.10]
INFO:root:Round 94's server  test  acc:  28.29%, test  loss: 1.9026
INFO:root:After inference2: [0.91, 12.49, 371.06, 5.72, 108.29]
INFO:root:Round 95's server1 train acc:  26.51%, train loss: 1.9339
INFO:root:After inference1: [0.92, 12.49, 374.64, 5.78, 109.25]
INFO:root:Round 95's server  test  acc:  27.65%, test  loss: 1.9145
INFO:root:After inference2: [0.92, 12.62, 375.00, 5.78, 109.44]
INFO:root:Round 96's server1 train acc:  24.88%, train loss: 1.9376
INFO:root:After inference1: [0.93, 12.62, 378.59, 5.84, 110.40]
INFO:root:Round 96's server  test  acc:  27.22%, test  loss: 1.9036
INFO:root:After inference2: [0.93, 12.75, 378.95, 5.84, 110.59]
INFO:root:Round 97's server1 train acc:  26.53%, train loss: 1.9396
INFO:root:After inference1: [0.94, 12.75, 382.53, 5.90, 111.55]
INFO:root:Round 97's server  test  acc:  27.14%, test  loss: 1.9070
INFO:root:After inference2: [0.94, 12.88, 382.89, 5.90, 111.73]
INFO:root:Round 98's server1 train acc:  27.92%, train loss: 1.9170
INFO:root:After inference1: [0.95, 12.88, 386.46, 5.96, 112.69]
INFO:root:Round 98's server  test  acc:  29.75%, test  loss: 1.8973
INFO:root:After inference2: [0.95, 13.02, 386.82, 5.96, 112.88]
INFO:root:Round 99's server1 train acc:  27.43%, train loss: 1.9199
INFO:root:After inference1: [0.96, 13.02, 390.42, 6.02, 113.84]
INFO:root:Round 99's server  test  acc:  27.66%, test  loss: 1.9110
INFO:root:After inference2: [0.96, 13.15, 390.78, 6.02, 114.03]
INFO:root:Round 100's server1 train acc:  28.91%, train loss: 1.8907
INFO:root:After inference1: [0.97, 13.15, 394.35, 6.08, 114.99]
INFO:root:Round 100's server  test  acc:  30.93%, test  loss: 1.8647
INFO:root:After inference2: [0.97, 13.28, 394.71, 6.08, 115.18]
INFO:root:Record Time: |0.03| 0.00| 7.27| 6.08| 0.64| 0.00| 351.07| 96.34| 0.30| 13.28| 36.37| 18.84| = 530.22
INFO:root:Total Training Time 552.04; Other Time 21.82
