INFO:root:Namespace(m='wvgg9k4', d='cifar10', s=2, R=100, K=5, M=10, P=10, partition='exdir', alpha=[1, 10.0], optim='sgd', lr=0.03, lr_decay=1.0, momentum=0.0, weight_decay=0.0001, global_lr=1.0, batch_size=20, seed=1234, clip=10, log='Log', eval_num=100, tail_eval_num=0, device=0, save_model=0, start_round=0, case=1)
INFO:root:record_name: CWT-IV1_M10_P10_K5_R100_wvgg9k4_cifar10_exdir1,10.0_sgd0.03,1.0,0.0,0.0001_b20_seed1234_clip10
INFO:root:VGG(
  (features): Sequential(
    (0): Conv2d(3, 32, kernel_size=(3, 3), stride=(1, 1), padding=(1, 1))
    (1): ReLU(inplace=True)
    (2): MaxPool2d(kernel_size=2, stride=2, padding=0, dilation=1, ceil_mode=False)
    (3): Conv2d(32, 64, kernel_size=(3, 3), stride=(1, 1), padding=(1, 1))
    (4): ReLU(inplace=True)
    (5): MaxPool2d(kernel_size=2, stride=2, padding=0, dilation=1, ceil_mode=False)
    (6): Conv2d(64, 128, kernel_size=(3, 3), stride=(1, 1), padding=(1, 1))
    (7): ReLU(inplace=True)
    (8): Conv2d(128, 128, kernel_size=(3, 3), stride=(1, 1), padding=(1, 1))
    (9): ReLU(inplace=True)
    (10): MaxPool2d(kernel_size=2, stride=2, padding=0, dilation=1, ceil_mode=False)
    (11): Conv2d(128, 256, kernel_size=(3, 3), stride=(1, 1), padding=(1, 1))
    (12): ReLU(inplace=True)
    (13): Conv2d(256, 256, kernel_size=(3, 3), stride=(1, 1), padding=(1, 1))
    (14): ReLU(inplace=True)
    (15): MaxPool2d(kernel_size=2, stride=2, padding=0, dilation=1, ceil_mode=False)
    (16): Conv2d(256, 256, kernel_size=(3, 3), stride=(1, 1), padding=(1, 1))
    (17): ReLU(inplace=True)
    (18): Conv2d(256, 256, kernel_size=(3, 3), stride=(1, 1), padding=(1, 1))
    (19): ReLU(inplace=True)
    (20): MaxPool2d(kernel_size=2, stride=2, padding=0, dilation=1, ceil_mode=False)
  )
  (avgpool): AdaptiveAvgPool2d(output_size=(1, 1))
  (flatten): Flatten(start_dim=1, end_dim=-1)
  (classifier): Linear(in_features=256, out_features=10, bias=True)
)
INFO:root:selected clients: [7 2 9 1 0 8 4 5 6 3]
INFO:root:{'total_norm': tensor(5.5256, device='cuda:0')}
INFO:root:{'total_norm': tensor(0.5261, device='cuda:0')}
INFO:root:{'total_norm': tensor(1.7197, device='cuda:0')}
INFO:root:{'total_norm': tensor(5.7257, device='cuda:0')}
INFO:root:{'total_norm': tensor(4.1227, device='cuda:0')}
INFO:root:{'total_norm': tensor(2.2793, device='cuda:0')}
INFO:root:{'total_norm': tensor(1.5739, device='cuda:0')}
INFO:root:{'total_norm': tensor(1.2855, device='cuda:0')}
INFO:root:{'total_norm': tensor(1.1260, device='cuda:0')}
INFO:root:{'total_norm': tensor(1.0915, device='cuda:0')}
INFO:root:lr=0.03
INFO:root:Round 1's server1 train acc:   9.78%, train loss: 2.3039
INFO:root:Round 1's server2 train acc:   9.79%, train loss: 2.3039
INFO:root:Round 1's server  test  acc:   9.40%, test  loss: 2.3036
INFO:root:selected clients: [7 1 9 5 8 4 3 0 2 6]
INFO:root:{'total_norm': tensor(0.9931, device='cuda:0')}
INFO:root:{'total_norm': tensor(1.0323, device='cuda:0')}
INFO:root:{'total_norm': tensor(1.0634, device='cuda:0')}
INFO:root:{'total_norm': tensor(1.0245, device='cuda:0')}
INFO:root:{'total_norm': tensor(1.0900, device='cuda:0')}
INFO:root:{'total_norm': tensor(1.0780, device='cuda:0')}
INFO:root:{'total_norm': tensor(1.0605, device='cuda:0')}
INFO:root:{'total_norm': tensor(1.1449, device='cuda:0')}
INFO:root:{'total_norm': tensor(1.0514, device='cuda:0')}
INFO:root:{'total_norm': tensor(1.0295, device='cuda:0')}
INFO:root:lr=0.03
INFO:root:Round 2's server1 train acc:  11.48%, train loss: 2.3032
INFO:root:Round 2's server2 train acc:  11.57%, train loss: 2.3032
INFO:root:Round 2's server  test  acc:  12.19%, test  loss: 2.3030
INFO:root:selected clients: [8 0 5 7 2 4 9 6 1 3]
INFO:root:{'total_norm': tensor(1.0931, device='cuda:0')}
INFO:root:{'total_norm': tensor(1.4000, device='cuda:0')}
INFO:root:{'total_norm': tensor(1.1338, device='cuda:0')}
INFO:root:{'total_norm': tensor(1.0772, device='cuda:0')}
INFO:root:{'total_norm': tensor(1.0342, device='cuda:0')}
INFO:root:{'total_norm': tensor(1.0539, device='cuda:0')}
INFO:root:{'total_norm': tensor(1.0681, device='cuda:0')}
INFO:root:{'total_norm': tensor(1.0250, device='cuda:0')}
INFO:root:{'total_norm': tensor(1.0357, device='cuda:0')}
INFO:root:{'total_norm': tensor(1.0191, device='cuda:0')}
INFO:root:lr=0.03
INFO:root:Round 3's server1 train acc:  10.36%, train loss: 2.3027
INFO:root:Round 3's server2 train acc:  10.35%, train loss: 2.3027
INFO:root:Round 3's server  test  acc:  10.64%, test  loss: 2.3025
INFO:root:selected clients: [7 2 3 8 6 1 0 9 4 5]
INFO:root:{'total_norm': tensor(0.9732, device='cuda:0')}
INFO:root:{'total_norm': tensor(0.9723, device='cuda:0')}
INFO:root:{'total_norm': tensor(0.9750, device='cuda:0')}
INFO:root:{'total_norm': tensor(0.9996, device='cuda:0')}
INFO:root:{'total_norm': tensor(0.9765, device='cuda:0')}
INFO:root:{'total_norm': tensor(0.9856, device='cuda:0')}
INFO:root:{'total_norm': tensor(1.0699, device='cuda:0')}
INFO:root:{'total_norm': tensor(1.0428, device='cuda:0')}
INFO:root:{'total_norm': tensor(1.0203, device='cuda:0')}
INFO:root:{'total_norm': tensor(0.9943, device='cuda:0')}
INFO:root:lr=0.03
INFO:root:Round 4's server1 train acc:  11.49%, train loss: 2.3019
INFO:root:Round 4's server2 train acc:  11.39%, train loss: 2.3019
INFO:root:Round 4's server  test  acc:  14.01%, test  loss: 2.3017
INFO:root:selected clients: [0 7 9 1 3 4 6 8 5 2]
INFO:root:{'total_norm': tensor(1.3491, device='cuda:0')}
INFO:root:{'total_norm': tensor(1.0382, device='cuda:0')}
INFO:root:{'total_norm': tensor(1.1495, device='cuda:0')}
INFO:root:{'total_norm': tensor(1.3331, device='cuda:0')}
INFO:root:{'total_norm': tensor(1.0929, device='cuda:0')}
INFO:root:{'total_norm': tensor(1.0591, device='cuda:0')}
INFO:root:{'total_norm': tensor(1.0194, device='cuda:0')}
INFO:root:{'total_norm': tensor(1.0379, device='cuda:0')}
INFO:root:{'total_norm': tensor(0.9991, device='cuda:0')}
INFO:root:{'total_norm': tensor(1.0069, device='cuda:0')}
INFO:root:lr=0.03
INFO:root:Round 5's server1 train acc:  15.01%, train loss: 2.3018
INFO:root:Round 5's server2 train acc:  15.31%, train loss: 2.3018
INFO:root:Round 5's server  test  acc:  12.64%, test  loss: 2.3017
INFO:root:selected clients: [8 4 0 5 1 2 6 3 7 9]
INFO:root:{'total_norm': tensor(1.0126, device='cuda:0')}
INFO:root:{'total_norm': tensor(1.0567, device='cuda:0')}
INFO:root:{'total_norm': tensor(1.4867, device='cuda:0')}
INFO:root:{'total_norm': tensor(1.1195, device='cuda:0')}
INFO:root:{'total_norm': tensor(1.8710, device='cuda:0')}
INFO:root:{'total_norm': tensor(1.4788, device='cuda:0')}
INFO:root:{'total_norm': tensor(1.0793, device='cuda:0')}
INFO:root:{'total_norm': tensor(1.0468, device='cuda:0')}
INFO:root:{'total_norm': tensor(1.0218, device='cuda:0')}
INFO:root:{'total_norm': tensor(0.9994, device='cuda:0')}
INFO:root:lr=0.03
INFO:root:Round 6's server1 train acc:  10.41%, train loss: 2.3019
INFO:root:Round 6's server2 train acc:  10.43%, train loss: 2.3019
INFO:root:Round 6's server  test  acc:  10.26%, test  loss: 2.3020
INFO:root:selected clients: [5 3 6 0 8 2 1 9 4 7]
INFO:root:{'total_norm': tensor(0.9693, device='cuda:0')}
INFO:root:{'total_norm': tensor(0.9665, device='cuda:0')}
INFO:root:{'total_norm': tensor(0.9624, device='cuda:0')}
INFO:root:{'total_norm': tensor(1.0714, device='cuda:0')}
INFO:root:{'total_norm': tensor(0.9867, device='cuda:0')}
INFO:root:{'total_norm': tensor(1.0293, device='cuda:0')}
INFO:root:{'total_norm': tensor(1.4984, device='cuda:0')}
INFO:root:{'total_norm': tensor(1.7190, device='cuda:0')}
INFO:root:{'total_norm': tensor(2.1991, device='cuda:0')}
INFO:root:{'total_norm': tensor(1.3467, device='cuda:0')}
INFO:root:lr=0.03
INFO:root:Round 7's server1 train acc:  10.00%, train loss: 2.2973
INFO:root:Round 7's server2 train acc:  10.00%, train loss: 2.2973
INFO:root:Round 7's server  test  acc:  10.04%, test  loss: 2.2959
INFO:root:selected clients: [1 6 5 2 8 7 9 4 0 3]
INFO:root:{'total_norm': tensor(4.9504, device='cuda:0')}
INFO:root:{'total_norm': tensor(1.4197, device='cuda:0')}
INFO:root:{'total_norm': tensor(1.1146, device='cuda:0')}
INFO:root:{'total_norm': tensor(1.1076, device='cuda:0')}
INFO:root:{'total_norm': tensor(1.0923, device='cuda:0')}
INFO:root:{'total_norm': tensor(1.0428, device='cuda:0')}
INFO:root:{'total_norm': tensor(1.0286, device='cuda:0')}
INFO:root:{'total_norm': tensor(1.1458, device='cuda:0')}
INFO:root:{'total_norm': tensor(1.1187, device='cuda:0')}
INFO:root:{'total_norm': tensor(1.0348, device='cuda:0')}
INFO:root:lr=0.03
INFO:root:Round 8's server1 train acc:   9.92%, train loss: 2.3015
INFO:root:Round 8's server2 train acc:   9.93%, train loss: 2.3015
INFO:root:Round 8's server  test  acc:   9.85%, test  loss: 2.3017
INFO:root:selected clients: [4 5 0 6 1 8 3 7 9 2]
INFO:root:{'total_norm': tensor(1.0236, device='cuda:0')}
INFO:root:{'total_norm': tensor(0.9690, device='cuda:0')}
INFO:root:{'total_norm': tensor(1.0885, device='cuda:0')}
INFO:root:{'total_norm': tensor(0.9835, device='cuda:0')}
INFO:root:{'total_norm': tensor(1.8880, device='cuda:0')}
INFO:root:{'total_norm': tensor(1.2637, device='cuda:0')}
INFO:root:{'total_norm': tensor(1.0904, device='cuda:0')}
INFO:root:{'total_norm': tensor(0.9933, device='cuda:0')}
INFO:root:{'total_norm': tensor(0.9968, device='cuda:0')}
INFO:root:{'total_norm': tensor(0.9781, device='cuda:0')}
INFO:root:lr=0.03
INFO:root:Round 9's server1 train acc:  10.06%, train loss: 2.3009
INFO:root:Round 9's server2 train acc:  10.04%, train loss: 2.3009
INFO:root:Round 9's server  test  acc:  10.01%, test  loss: 2.3011
INFO:root:selected clients: [8 2 6 4 3 9 7 0 1 5]
INFO:root:{'total_norm': tensor(0.9874, device='cuda:0')}
INFO:root:{'total_norm': tensor(0.9742, device='cuda:0')}
INFO:root:{'total_norm': tensor(0.9680, device='cuda:0')}
INFO:root:{'total_norm': tensor(1.0322, device='cuda:0')}
INFO:root:{'total_norm': tensor(0.9829, device='cuda:0')}
INFO:root:{'total_norm': tensor(0.9811, device='cuda:0')}
INFO:root:{'total_norm': tensor(0.9770, device='cuda:0')}
INFO:root:{'total_norm': tensor(1.0175, device='cuda:0')}
INFO:root:{'total_norm': tensor(1.5224, device='cuda:0')}
INFO:root:{'total_norm': tensor(1.0057, device='cuda:0')}
INFO:root:lr=0.03
INFO:root:Round 10's server1 train acc:  13.11%, train loss: 2.2979
INFO:root:Round 10's server2 train acc:  13.11%, train loss: 2.2979
INFO:root:Round 10's server  test  acc:  12.61%, test  loss: 2.2981
INFO:root:selected clients: [2 6 0 8 5 4 9 1 7 3]
INFO:root:{'total_norm': tensor(0.9869, device='cuda:0')}
INFO:root:{'total_norm': tensor(0.9652, device='cuda:0')}
INFO:root:{'total_norm': tensor(1.1566, device='cuda:0')}
INFO:root:{'total_norm': tensor(1.2303, device='cuda:0')}
INFO:root:{'total_norm': tensor(1.0098, device='cuda:0')}
INFO:root:{'total_norm': tensor(1.2885, device='cuda:0')}
INFO:root:{'total_norm': tensor(1.0790, device='cuda:0')}
INFO:root:{'total_norm': tensor(5.2994, device='cuda:0')}
INFO:root:{'total_norm': tensor(2.7878, device='cuda:0')}
INFO:root:{'total_norm': tensor(1.1513, device='cuda:0')}
INFO:root:lr=0.03
INFO:root:Round 11's server1 train acc:  11.59%, train loss: 2.2958
INFO:root:Round 11's server2 train acc:  11.61%, train loss: 2.2958
INFO:root:Round 11's server  test  acc:  12.51%, test  loss: 2.2959
INFO:root:selected clients: [2 4 0 9 3 6 5 1 7 8]
INFO:root:{'total_norm': tensor(1.0294, device='cuda:0')}
INFO:root:{'total_norm': tensor(1.0940, device='cuda:0')}
INFO:root:{'total_norm': tensor(1.1253, device='cuda:0')}
INFO:root:{'total_norm': tensor(1.0256, device='cuda:0')}
INFO:root:{'total_norm': tensor(1.0010, device='cuda:0')}
INFO:root:{'total_norm': tensor(0.9922, device='cuda:0')}
INFO:root:{'total_norm': tensor(0.9949, device='cuda:0')}
INFO:root:{'total_norm': tensor(1.2847, device='cuda:0')}
INFO:root:{'total_norm': tensor(2.0813, device='cuda:0')}
INFO:root:{'total_norm': tensor(1.6788, device='cuda:0')}
INFO:root:lr=0.03
INFO:root:Round 12's server1 train acc:  10.00%, train loss: 2.2935
INFO:root:Round 12's server2 train acc:  10.00%, train loss: 2.2935
INFO:root:Round 12's server  test  acc:   9.98%, test  loss: 2.2896
INFO:root:selected clients: [9 4 7 3 5 1 8 0 6 2]
INFO:root:{'total_norm': tensor(1.5790, device='cuda:0')}
INFO:root:{'total_norm': tensor(2.5054, device='cuda:0')}
INFO:root:{'total_norm': tensor(0.5180, device='cuda:0')}
INFO:root:{'total_norm': tensor(2.4890, device='cuda:0')}
INFO:root:{'total_norm': tensor(1.2814, device='cuda:0')}
INFO:root:{'total_norm': tensor(1.5159, device='cuda:0')}
INFO:root:{'total_norm': tensor(1.5104, device='cuda:0')}
INFO:root:{'total_norm': tensor(1.4129, device='cuda:0')}
INFO:root:{'total_norm': tensor(1.0406, device='cuda:0')}
INFO:root:{'total_norm': tensor(1.0418, device='cuda:0')}
INFO:root:lr=0.03
INFO:root:Round 13's server1 train acc:  10.18%, train loss: 2.3007
INFO:root:Round 13's server2 train acc:  10.19%, train loss: 2.3007
INFO:root:Round 13's server  test  acc:  10.25%, test  loss: 2.3009
INFO:root:selected clients: [2 9 8 4 6 0 5 7 1 3]
INFO:root:{'total_norm': tensor(0.9638, device='cuda:0')}
INFO:root:{'total_norm': tensor(0.9770, device='cuda:0')}
INFO:root:{'total_norm': tensor(0.9947, device='cuda:0')}
INFO:root:{'total_norm': tensor(0.9827, device='cuda:0')}
INFO:root:{'total_norm': tensor(0.9853, device='cuda:0')}
INFO:root:{'total_norm': tensor(1.0455, device='cuda:0')}
INFO:root:{'total_norm': tensor(0.9783, device='cuda:0')}
INFO:root:{'total_norm': tensor(1.4441, device='cuda:0')}
INFO:root:{'total_norm': tensor(2.1877, device='cuda:0')}
INFO:root:{'total_norm': tensor(4.9459, device='cuda:0')}
INFO:root:lr=0.03
INFO:root:Round 14's server1 train acc:  10.00%, train loss: 3.0614
INFO:root:Round 14's server2 train acc:  10.00%, train loss: 3.0598
INFO:root:Round 14's server  test  acc:  10.00%, test  loss: 2.8421
INFO:root:selected clients: [6 8 5 2 0 3 4 9 7 1]
INFO:root:{'total_norm': tensor(1.2329, device='cuda:0')}
INFO:root:{'total_norm': tensor(1.8257, device='cuda:0')}
INFO:root:{'total_norm': tensor(1.2283, device='cuda:0')}
INFO:root:{'total_norm': tensor(1.1751, device='cuda:0')}
INFO:root:{'total_norm': tensor(1.0093, device='cuda:0')}
INFO:root:{'total_norm': tensor(1.2562, device='cuda:0')}
INFO:root:{'total_norm': tensor(1.0411, device='cuda:0')}
INFO:root:{'total_norm': tensor(1.0137, device='cuda:0')}
INFO:root:{'total_norm': tensor(1.1101, device='cuda:0')}
INFO:root:{'total_norm': tensor(1.1956, device='cuda:0')}
INFO:root:lr=0.03
INFO:root:Round 15's server1 train acc:  13.67%, train loss: 2.2945
INFO:root:Round 15's server2 train acc:  13.76%, train loss: 2.2945
INFO:root:Round 15's server  test  acc:  13.87%, test  loss: 2.2948
INFO:root:selected clients: [2 5 8 7 9 0 6 4 3 1]
INFO:root:{'total_norm': tensor(1.0501, device='cuda:0')}
INFO:root:{'total_norm': tensor(0.9801, device='cuda:0')}
INFO:root:{'total_norm': tensor(1.0939, device='cuda:0')}
INFO:root:{'total_norm': tensor(1.5457, device='cuda:0')}
INFO:root:{'total_norm': tensor(1.0879, device='cuda:0')}
INFO:root:{'total_norm': tensor(1.1002, device='cuda:0')}
INFO:root:{'total_norm': tensor(1.0082, device='cuda:0')}
INFO:root:{'total_norm': tensor(0.9903, device='cuda:0')}
INFO:root:{'total_norm': tensor(1.1506, device='cuda:0')}
INFO:root:{'total_norm': tensor(1.9779, device='cuda:0')}
INFO:root:lr=0.03
INFO:root:Round 16's server1 train acc:  15.20%, train loss: 2.2897
INFO:root:Round 16's server2 train acc:  15.13%, train loss: 2.2897
INFO:root:Round 16's server  test  acc:  16.21%, test  loss: 2.2854
INFO:root:selected clients: [0 8 9 1 3 7 6 5 2 4]
INFO:root:{'total_norm': tensor(3.5586, device='cuda:0')}
INFO:root:{'total_norm': tensor(1.3582, device='cuda:0')}
INFO:root:{'total_norm': tensor(2.2202, device='cuda:0')}
INFO:root:{'total_norm': tensor(4.7634, device='cuda:0')}
INFO:root:{'total_norm': tensor(5.2031, device='cuda:0')}
INFO:root:{'total_norm': tensor(5.3907, device='cuda:0')}
INFO:root:{'total_norm': tensor(1.3086, device='cuda:0')}
INFO:root:{'total_norm': tensor(1.2420, device='cuda:0')}
INFO:root:{'total_norm': tensor(1.0677, device='cuda:0')}
INFO:root:{'total_norm': tensor(0.9857, device='cuda:0')}
INFO:root:lr=0.03
INFO:root:Round 17's server1 train acc:   9.84%, train loss: 2.3029
INFO:root:Round 17's server2 train acc:   9.84%, train loss: 2.3029
INFO:root:Round 17's server  test  acc:   9.92%, test  loss: 2.3029
INFO:root:selected clients: [7 4 3 8 9 6 0 1 5 2]
INFO:root:{'total_norm': tensor(1.7872, device='cuda:0')}
INFO:root:{'total_norm': tensor(1.0171, device='cuda:0')}
INFO:root:{'total_norm': tensor(1.2564, device='cuda:0')}
INFO:root:{'total_norm': tensor(1.1976, device='cuda:0')}
INFO:root:{'total_norm': tensor(1.0429, device='cuda:0')}
INFO:root:{'total_norm': tensor(1.0396, device='cuda:0')}
INFO:root:{'total_norm': tensor(1.0609, device='cuda:0')}
INFO:root:{'total_norm': tensor(1.0924, device='cuda:0')}
INFO:root:{'total_norm': tensor(1.0442, device='cuda:0')}
INFO:root:{'total_norm': tensor(1.0264, device='cuda:0')}
INFO:root:lr=0.03
INFO:root:Round 18's server1 train acc:   9.92%, train loss: 2.3013
INFO:root:Round 18's server2 train acc:   9.92%, train loss: 2.3013
INFO:root:Round 18's server  test  acc:   9.95%, test  loss: 2.3013
INFO:root:selected clients: [9 5 1 3 6 4 8 2 0 7]
INFO:root:{'total_norm': tensor(1.0107, device='cuda:0')}
INFO:root:{'total_norm': tensor(1.1040, device='cuda:0')}
INFO:root:{'total_norm': tensor(1.0224, device='cuda:0')}
INFO:root:{'total_norm': tensor(1.3124, device='cuda:0')}
INFO:root:{'total_norm': tensor(1.2743, device='cuda:0')}
INFO:root:{'total_norm': tensor(1.0627, device='cuda:0')}
INFO:root:{'total_norm': tensor(1.0505, device='cuda:0')}
INFO:root:{'total_norm': tensor(1.0317, device='cuda:0')}
INFO:root:{'total_norm': tensor(0.9895, device='cuda:0')}
INFO:root:{'total_norm': tensor(1.6030, device='cuda:0')}
INFO:root:lr=0.03
INFO:root:Round 19's server1 train acc:  15.83%, train loss: 2.2933
INFO:root:Round 19's server2 train acc:  15.80%, train loss: 2.2934
INFO:root:Round 19's server  test  acc:  16.26%, test  loss: 2.2931
INFO:root:selected clients: [3 4 2 5 8 6 7 0 9 1]
INFO:root:{'total_norm': tensor(1.4887, device='cuda:0')}
INFO:root:{'total_norm': tensor(1.1887, device='cuda:0')}
INFO:root:{'total_norm': tensor(1.0602, device='cuda:0')}
INFO:root:{'total_norm': tensor(1.0892, device='cuda:0')}
INFO:root:{'total_norm': tensor(0.9938, device='cuda:0')}
INFO:root:{'total_norm': tensor(1.2049, device='cuda:0')}
INFO:root:{'total_norm': tensor(1.9437, device='cuda:0')}
INFO:root:{'total_norm': tensor(1.1650, device='cuda:0')}
INFO:root:{'total_norm': tensor(1.0316, device='cuda:0')}
INFO:root:{'total_norm': tensor(1.3271, device='cuda:0')}
INFO:root:lr=0.03
INFO:root:Round 20's server1 train acc:  15.36%, train loss: 2.2829
INFO:root:Round 20's server2 train acc:  15.32%, train loss: 2.2829
INFO:root:Round 20's server  test  acc:  16.15%, test  loss: 2.2823
INFO:root:selected clients: [4 7 9 8 6 2 5 3 0 1]
INFO:root:{'total_norm': tensor(1.0786, device='cuda:0')}
INFO:root:{'total_norm': tensor(5.2192, device='cuda:0')}
INFO:root:{'total_norm': tensor(1.6497, device='cuda:0')}
INFO:root:{'total_norm': tensor(2.3929, device='cuda:0')}
INFO:root:{'total_norm': tensor(1.4252, device='cuda:0')}
INFO:root:{'total_norm': tensor(1.2814, device='cuda:0')}
INFO:root:{'total_norm': tensor(1.4779, device='cuda:0')}
INFO:root:{'total_norm': tensor(2.4119, device='cuda:0')}
INFO:root:{'total_norm': tensor(1.1648, device='cuda:0')}
INFO:root:{'total_norm': tensor(1.1723, device='cuda:0')}
INFO:root:lr=0.03
INFO:root:Round 21's server1 train acc:  11.24%, train loss: 2.2809
INFO:root:Round 21's server2 train acc:  11.25%, train loss: 2.2810
INFO:root:Round 21's server  test  acc:  11.11%, test  loss: 2.2808
INFO:root:selected clients: [0 7 3 2 6 9 8 4 5 1]
INFO:root:{'total_norm': tensor(1.0876, device='cuda:0')}
INFO:root:{'total_norm': tensor(2.6711, device='cuda:0')}
INFO:root:{'total_norm': tensor(2.7675, device='cuda:0')}
INFO:root:{'total_norm': tensor(1.2536, device='cuda:0')}
INFO:root:{'total_norm': tensor(4.0603, device='cuda:0')}
INFO:root:{'total_norm': tensor(3.4829, device='cuda:0')}
INFO:root:{'total_norm': tensor(2.4100, device='cuda:0')}
INFO:root:{'total_norm': tensor(1.2958, device='cuda:0')}
INFO:root:{'total_norm': tensor(1.8239, device='cuda:0')}
INFO:root:{'total_norm': tensor(1.1717, device='cuda:0')}
INFO:root:lr=0.03
INFO:root:Round 22's server1 train acc:  15.28%, train loss: 2.2721
INFO:root:Round 22's server2 train acc:  15.16%, train loss: 2.2721
INFO:root:Round 22's server  test  acc:  14.98%, test  loss: 2.2717
INFO:root:selected clients: [4 0 7 5 8 2 9 3 1 6]
INFO:root:{'total_norm': tensor(1.0531, device='cuda:0')}
INFO:root:{'total_norm': tensor(1.0860, device='cuda:0')}
INFO:root:{'total_norm': tensor(2.5239, device='cuda:0')}
INFO:root:{'total_norm': tensor(2.7644, device='cuda:0')}
INFO:root:{'total_norm': tensor(2.9617, device='cuda:0')}
INFO:root:{'total_norm': tensor(1.2718, device='cuda:0')}
INFO:root:{'total_norm': tensor(3.3231, device='cuda:0')}
INFO:root:{'total_norm': tensor(5.0094, device='cuda:0')}
INFO:root:{'total_norm': tensor(3.4535, device='cuda:0')}
INFO:root:{'total_norm': tensor(4.8732, device='cuda:0')}
INFO:root:lr=0.03
INFO:root:Round 23's server1 train acc:  10.13%, train loss: 2.7099
INFO:root:Round 23's server2 train acc:  10.12%, train loss: 2.7102
INFO:root:Round 23's server  test  acc:  10.33%, test  loss: 2.7294
INFO:root:selected clients: [0 3 1 8 4 5 7 2 9 6]
INFO:root:{'total_norm': tensor(1.1656, device='cuda:0')}
INFO:root:{'total_norm': tensor(5.7850, device='cuda:0')}
INFO:root:{'total_norm': tensor(3.1942, device='cuda:0')}
INFO:root:{'total_norm': tensor(5.3212, device='cuda:0')}
INFO:root:{'total_norm': tensor(1.7166, device='cuda:0')}
INFO:root:{'total_norm': tensor(1.3190, device='cuda:0')}
INFO:root:{'total_norm': tensor(2.5122, device='cuda:0')}
INFO:root:{'total_norm': tensor(1.2154, device='cuda:0')}
INFO:root:{'total_norm': tensor(1.0391, device='cuda:0')}
INFO:root:{'total_norm': tensor(1.2536, device='cuda:0')}
INFO:root:lr=0.03
INFO:root:Round 24's server1 train acc:  16.79%, train loss: 2.2741
INFO:root:Round 24's server2 train acc:  16.85%, train loss: 2.2740
INFO:root:Round 24's server  test  acc:  16.99%, test  loss: 2.2744
INFO:root:selected clients: [6 1 7 4 8 3 9 5 2 0]
INFO:root:{'total_norm': tensor(1.8415, device='cuda:0')}
INFO:root:{'total_norm': tensor(2.6668, device='cuda:0')}
INFO:root:{'total_norm': tensor(2.9193, device='cuda:0')}
INFO:root:{'total_norm': tensor(1.8556, device='cuda:0')}
INFO:root:{'total_norm': tensor(5.6230, device='cuda:0')}
INFO:root:{'total_norm': tensor(5.4960, device='cuda:0')}
INFO:root:{'total_norm': tensor(3.1594, device='cuda:0')}
INFO:root:{'total_norm': tensor(1.6100, device='cuda:0')}
INFO:root:{'total_norm': tensor(1.2512, device='cuda:0')}
INFO:root:{'total_norm': tensor(1.1545, device='cuda:0')}
INFO:root:lr=0.03
INFO:root:Round 25's server1 train acc:  15.49%, train loss: 2.2850
INFO:root:Round 25's server2 train acc:  15.53%, train loss: 2.2851
INFO:root:Round 25's server  test  acc:  15.73%, test  loss: 2.2857
INFO:root:selected clients: [2 0 3 7 4 9 5 6 8 1]
INFO:root:{'total_norm': tensor(1.0219, device='cuda:0')}
INFO:root:{'total_norm': tensor(1.0743, device='cuda:0')}
INFO:root:{'total_norm': tensor(1.2067, device='cuda:0')}
INFO:root:{'total_norm': tensor(1.6954, device='cuda:0')}
INFO:root:{'total_norm': tensor(1.3718, device='cuda:0')}
INFO:root:{'total_norm': tensor(2.9369, device='cuda:0')}
INFO:root:{'total_norm': tensor(1.4669, device='cuda:0')}
INFO:root:{'total_norm': tensor(2.6801, device='cuda:0')}
INFO:root:{'total_norm': tensor(2.9086, device='cuda:0')}
INFO:root:{'total_norm': tensor(1.5018, device='cuda:0')}
INFO:root:lr=0.03
INFO:root:Round 26's server1 train acc:  10.00%, train loss: 9.8559
INFO:root:Round 26's server2 train acc:  10.00%, train loss: 9.8533
INFO:root:Round 26's server  test  acc:  10.00%, test  loss: 10.2905
INFO:root:selected clients: [4 7 1 2 0 9 8 5 6 3]
INFO:root:{'total_norm': tensor(2.6817, device='cuda:0')}
INFO:root:{'total_norm': tensor(1.6732, device='cuda:0')}
INFO:root:{'total_norm': tensor(4.6692, device='cuda:0')}
INFO:root:{'total_norm': tensor(1.4305, device='cuda:0')}
INFO:root:{'total_norm': tensor(1.1977, device='cuda:0')}
INFO:root:{'total_norm': tensor(1.3229, device='cuda:0')}
INFO:root:{'total_norm': tensor(1.4768, device='cuda:0')}
INFO:root:{'total_norm': tensor(1.3170, device='cuda:0')}
INFO:root:{'total_norm': tensor(1.3193, device='cuda:0')}
INFO:root:{'total_norm': tensor(1.2348, device='cuda:0')}
INFO:root:lr=0.03
INFO:root:Round 27's server1 train acc:  10.96%, train loss: 2.2800
INFO:root:Round 27's server2 train acc:  10.91%, train loss: 2.2802
INFO:root:Round 27's server  test  acc:  10.71%, test  loss: 2.2807
INFO:root:selected clients: [7 2 6 4 9 5 1 0 8 3]
INFO:root:{'total_norm': tensor(2.6793, device='cuda:0')}
INFO:root:{'total_norm': tensor(1.3857, device='cuda:0')}
INFO:root:{'total_norm': tensor(1.5662, device='cuda:0')}
INFO:root:{'total_norm': tensor(1.3862, device='cuda:0')}
INFO:root:{'total_norm': tensor(1.5865, device='cuda:0')}
INFO:root:{'total_norm': tensor(1.5864, device='cuda:0')}
INFO:root:{'total_norm': tensor(4.4589, device='cuda:0')}
INFO:root:{'total_norm': tensor(1.3930, device='cuda:0')}
INFO:root:{'total_norm': tensor(1.7674, device='cuda:0')}
INFO:root:{'total_norm': tensor(2.1969, device='cuda:0')}
INFO:root:lr=0.03
INFO:root:Round 28's server1 train acc:  11.81%, train loss: 2.2763
INFO:root:Round 28's server2 train acc:  11.71%, train loss: 2.2764
INFO:root:Round 28's server  test  acc:  11.62%, test  loss: 2.2752
INFO:root:selected clients: [4 2 7 8 9 6 5 3 1 0]
INFO:root:{'total_norm': tensor(2.8218, device='cuda:0')}
INFO:root:{'total_norm': tensor(1.3500, device='cuda:0')}
INFO:root:{'total_norm': tensor(4.4696, device='cuda:0')}
INFO:root:{'total_norm': tensor(1.5270, device='cuda:0')}
INFO:root:{'total_norm': tensor(2.3542, device='cuda:0')}
INFO:root:{'total_norm': tensor(1.5557, device='cuda:0')}
INFO:root:{'total_norm': tensor(1.3848, device='cuda:0')}
INFO:root:{'total_norm': tensor(1.6711, device='cuda:0')}
INFO:root:{'total_norm': tensor(2.9741, device='cuda:0')}
INFO:root:{'total_norm': tensor(1.2126, device='cuda:0')}
INFO:root:lr=0.03
INFO:root:Round 29's server1 train acc:   9.73%, train loss: 2.2928
INFO:root:Round 29's server2 train acc:   9.76%, train loss: 2.2928
INFO:root:Round 29's server  test  acc:   9.94%, test  loss: 2.2907
INFO:root:selected clients: [7 9 8 5 1 3 0 2 6 4]
INFO:root:{'total_norm': tensor(1.5757, device='cuda:0')}
INFO:root:{'total_norm': tensor(2.5283, device='cuda:0')}
INFO:root:{'total_norm': tensor(4.7478, device='cuda:0')}
INFO:root:{'total_norm': tensor(1.3498, device='cuda:0')}
INFO:root:{'total_norm': tensor(2.3304, device='cuda:0')}
INFO:root:{'total_norm': tensor(4.8220, device='cuda:0')}
INFO:root:{'total_norm': tensor(1.3715, device='cuda:0')}
INFO:root:{'total_norm': tensor(1.2212, device='cuda:0')}
INFO:root:{'total_norm': tensor(1.5166, device='cuda:0')}
INFO:root:{'total_norm': tensor(1.2883, device='cuda:0')}
INFO:root:lr=0.03
INFO:root:Round 30's server1 train acc:  16.33%, train loss: 2.2841
INFO:root:Round 30's server2 train acc:  16.21%, train loss: 2.2841
INFO:root:Round 30's server  test  acc:  16.43%, test  loss: 2.2820
INFO:root:selected clients: [5 4 2 3 7 6 0 8 9 1]
INFO:root:{'total_norm': tensor(1.7245, device='cuda:0')}
INFO:root:{'total_norm': tensor(2.0226, device='cuda:0')}
INFO:root:{'total_norm': tensor(1.5554, device='cuda:0')}
INFO:root:{'total_norm': tensor(3.1091, device='cuda:0')}
INFO:root:{'total_norm': tensor(1.4874, device='cuda:0')}
INFO:root:{'total_norm': tensor(1.8227, device='cuda:0')}
INFO:root:{'total_norm': tensor(1.1439, device='cuda:0')}
INFO:root:{'total_norm': tensor(2.9526, device='cuda:0')}
INFO:root:{'total_norm': tensor(4.5385, device='cuda:0')}
INFO:root:{'total_norm': tensor(3.8375, device='cuda:0')}
INFO:root:lr=0.03
INFO:root:Round 31's server1 train acc:  10.00%, train loss: 2.4958
INFO:root:Round 31's server2 train acc:  10.00%, train loss: 2.4955
INFO:root:Round 31's server  test  acc:  10.00%, test  loss: 2.4431
INFO:root:selected clients: [0 8 2 9 7 3 5 6 1 4]
INFO:root:{'total_norm': tensor(2.6849, device='cuda:0')}
INFO:root:{'total_norm': tensor(2.0036, device='cuda:0')}
INFO:root:{'total_norm': tensor(2.0217, device='cuda:0')}
INFO:root:{'total_norm': tensor(3.8989, device='cuda:0')}
INFO:root:{'total_norm': tensor(2.9143, device='cuda:0')}
INFO:root:{'total_norm': tensor(2.3437, device='cuda:0')}
INFO:root:{'total_norm': tensor(1.5838, device='cuda:0')}
INFO:root:{'total_norm': tensor(2.5207, device='cuda:0')}
INFO:root:{'total_norm': tensor(2.0629, device='cuda:0')}
INFO:root:{'total_norm': tensor(2.3069, device='cuda:0')}
INFO:root:lr=0.03
INFO:root:Round 32's server1 train acc:  11.23%, train loss: 2.3696
INFO:root:Round 32's server2 train acc:  11.22%, train loss: 2.3698
INFO:root:Round 32's server  test  acc:  11.37%, test  loss: 2.3730
INFO:root:selected clients: [4 0 1 6 9 3 8 7 5 2]
INFO:root:{'total_norm': tensor(2.9087, device='cuda:0')}
INFO:root:{'total_norm': tensor(1.6373, device='cuda:0')}
INFO:root:{'total_norm': tensor(5.0657, device='cuda:0')}
INFO:root:{'total_norm': tensor(4.4923, device='cuda:0')}
INFO:root:{'total_norm': tensor(1.8628, device='cuda:0')}
INFO:root:{'total_norm': tensor(2.8649, device='cuda:0')}
INFO:root:{'total_norm': tensor(2.1807, device='cuda:0')}
INFO:root:{'total_norm': tensor(3.3489, device='cuda:0')}
INFO:root:{'total_norm': tensor(1.4860, device='cuda:0')}
INFO:root:{'total_norm': tensor(1.3075, device='cuda:0')}
INFO:root:lr=0.03
INFO:root:Round 33's server1 train acc:  16.59%, train loss: 2.2758
INFO:root:Round 33's server2 train acc:  16.65%, train loss: 2.2754
INFO:root:Round 33's server  test  acc:  16.91%, test  loss: 2.2748
INFO:root:selected clients: [9 0 1 5 2 7 8 3 4 6]
INFO:root:{'total_norm': tensor(2.3746, device='cuda:0')}
INFO:root:{'total_norm': tensor(1.5323, device='cuda:0')}
INFO:root:{'total_norm': tensor(1.7880, device='cuda:0')}
INFO:root:{'total_norm': tensor(1.2771, device='cuda:0')}
INFO:root:{'total_norm': tensor(1.2319, device='cuda:0')}
INFO:root:{'total_norm': tensor(2.6443, device='cuda:0')}
INFO:root:{'total_norm': tensor(5.2655, device='cuda:0')}
INFO:root:{'total_norm': tensor(3.0153, device='cuda:0')}
INFO:root:{'total_norm': tensor(1.7614, device='cuda:0')}
INFO:root:{'total_norm': tensor(2.1676, device='cuda:0')}
INFO:root:lr=0.03
INFO:root:Round 34's server1 train acc:  11.09%, train loss: 2.2674
INFO:root:Round 34's server2 train acc:  11.13%, train loss: 2.2673
INFO:root:Round 34's server  test  acc:  10.88%, test  loss: 2.2671
INFO:root:selected clients: [2 0 6 8 3 5 4 7 1 9]
INFO:root:{'total_norm': tensor(1.3242, device='cuda:0')}
INFO:root:{'total_norm': tensor(1.1558, device='cuda:0')}
INFO:root:{'total_norm': tensor(4.2212, device='cuda:0')}
INFO:root:{'total_norm': tensor(2.3360, device='cuda:0')}
INFO:root:{'total_norm': tensor(3.0925, device='cuda:0')}
INFO:root:{'total_norm': tensor(2.7291, device='cuda:0')}
INFO:root:{'total_norm': tensor(2.3646, device='cuda:0')}
INFO:root:{'total_norm': tensor(2.2151, device='cuda:0')}
INFO:root:{'total_norm': tensor(1.9891, device='cuda:0')}
INFO:root:{'total_norm': tensor(1.8165, device='cuda:0')}
INFO:root:lr=0.03
INFO:root:Round 35's server1 train acc:  16.85%, train loss: 2.2451
INFO:root:Round 35's server2 train acc:  16.68%, train loss: 2.2454
INFO:root:Round 35's server  test  acc:  17.97%, test  loss: 2.2368
INFO:root:selected clients: [3 0 5 7 1 4 2 8 6 9]
INFO:root:{'total_norm': tensor(4.9323, device='cuda:0')}
INFO:root:{'total_norm': tensor(2.3001, device='cuda:0')}
INFO:root:{'total_norm': tensor(4.3013, device='cuda:0')}
INFO:root:{'total_norm': tensor(2.5625, device='cuda:0')}
INFO:root:{'total_norm': tensor(3.7891, device='cuda:0')}
INFO:root:{'total_norm': tensor(3.5008, device='cuda:0')}
INFO:root:{'total_norm': tensor(1.6936, device='cuda:0')}
INFO:root:{'total_norm': tensor(2.8399, device='cuda:0')}
INFO:root:{'total_norm': tensor(2.7905, device='cuda:0')}
INFO:root:{'total_norm': tensor(1.4899, device='cuda:0')}
INFO:root:lr=0.03
INFO:root:Round 36's server1 train acc:  15.78%, train loss: 2.2001
INFO:root:Round 36's server2 train acc:  15.82%, train loss: 2.1999
INFO:root:Round 36's server  test  acc:  15.93%, test  loss: 2.1990
INFO:root:selected clients: [9 0 6 4 3 5 7 8 1 2]
INFO:root:{'total_norm': tensor(1.6549, device='cuda:0')}
INFO:root:{'total_norm': tensor(1.7833, device='cuda:0')}
INFO:root:{'total_norm': tensor(4.7503, device='cuda:0')}
INFO:root:{'total_norm': tensor(4.3213, device='cuda:0')}
INFO:root:{'total_norm': tensor(1.2557, device='cuda:0')}
INFO:root:{'total_norm': tensor(3.8205, device='cuda:0')}
INFO:root:{'total_norm': tensor(2.0264, device='cuda:0')}
INFO:root:{'total_norm': tensor(5.0564, device='cuda:0')}
INFO:root:{'total_norm': tensor(2.7729, device='cuda:0')}
INFO:root:{'total_norm': tensor(2.4892, device='cuda:0')}
INFO:root:lr=0.03
INFO:root:Round 37's server1 train acc:  13.56%, train loss: 2.3999
INFO:root:Round 37's server2 train acc:  13.66%, train loss: 2.4005
INFO:root:Round 37's server  test  acc:  14.09%, test  loss: 2.3531
INFO:root:selected clients: [4 5 9 1 6 2 0 7 8 3]
INFO:root:{'total_norm': tensor(4.6606, device='cuda:0')}
INFO:root:{'total_norm': tensor(3.3387, device='cuda:0')}
INFO:root:{'total_norm': tensor(3.1182, device='cuda:0')}
INFO:root:{'total_norm': tensor(3.8321, device='cuda:0')}
INFO:root:{'total_norm': tensor(3.7533, device='cuda:0')}
INFO:root:{'total_norm': tensor(2.7866, device='cuda:0')}
INFO:root:{'total_norm': tensor(2.1133, device='cuda:0')}
INFO:root:{'total_norm': tensor(1.7423, device='cuda:0')}
INFO:root:{'total_norm': tensor(2.3142, device='cuda:0')}
INFO:root:{'total_norm': tensor(1.6939, device='cuda:0')}
INFO:root:lr=0.03
INFO:root:Round 38's server1 train acc:  16.80%, train loss: 2.1900
INFO:root:Round 38's server2 train acc:  16.83%, train loss: 2.1899
INFO:root:Round 38's server  test  acc:  16.65%, test  loss: 2.1874
INFO:root:selected clients: [3 7 0 2 8 9 6 5 1 4]
INFO:root:{'total_norm': tensor(2.7120, device='cuda:0')}
INFO:root:{'total_norm': tensor(3.4395, device='cuda:0')}
INFO:root:{'total_norm': tensor(3.4189, device='cuda:0')}
INFO:root:{'total_norm': tensor(3.0724, device='cuda:0')}
INFO:root:{'total_norm': tensor(3.7856, device='cuda:0')}
INFO:root:{'total_norm': tensor(2.7299, device='cuda:0')}
INFO:root:{'total_norm': tensor(3.9317, device='cuda:0')}
INFO:root:{'total_norm': tensor(2.0317, device='cuda:0')}
INFO:root:{'total_norm': tensor(2.3946, device='cuda:0')}
INFO:root:{'total_norm': tensor(2.0725, device='cuda:0')}
INFO:root:lr=0.03
INFO:root:Round 39's server1 train acc:  14.10%, train loss: 2.2576
INFO:root:Round 39's server2 train acc:  14.17%, train loss: 2.2576
INFO:root:Round 39's server  test  acc:  13.56%, test  loss: 2.2552
INFO:root:selected clients: [1 8 6 2 9 7 4 3 5 0]
INFO:root:{'total_norm': tensor(4.1298, device='cuda:0')}
INFO:root:{'total_norm': tensor(2.8648, device='cuda:0')}
INFO:root:{'total_norm': tensor(3.0689, device='cuda:0')}
INFO:root:{'total_norm': tensor(1.9567, device='cuda:0')}
INFO:root:{'total_norm': tensor(2.0823, device='cuda:0')}
INFO:root:{'total_norm': tensor(2.2549, device='cuda:0')}
INFO:root:{'total_norm': tensor(1.5289, device='cuda:0')}
INFO:root:{'total_norm': tensor(2.1468, device='cuda:0')}
INFO:root:{'total_norm': tensor(4.2398, device='cuda:0')}
INFO:root:{'total_norm': tensor(1.7369, device='cuda:0')}
INFO:root:lr=0.03
INFO:root:Round 40's server1 train acc:  16.70%, train loss: 2.1862
INFO:root:Round 40's server2 train acc:  16.69%, train loss: 2.1865
INFO:root:Round 40's server  test  acc:  16.91%, test  loss: 2.1897
INFO:root:selected clients: [3 0 9 4 2 1 8 7 5 6]
INFO:root:{'total_norm': tensor(4.1997, device='cuda:0')}
INFO:root:{'total_norm': tensor(2.8435, device='cuda:0')}
INFO:root:{'total_norm': tensor(4.9245, device='cuda:0')}
INFO:root:{'total_norm': tensor(3.5456, device='cuda:0')}
INFO:root:{'total_norm': tensor(2.9810, device='cuda:0')}
INFO:root:{'total_norm': tensor(3.0354, device='cuda:0')}
INFO:root:{'total_norm': tensor(3.2880, device='cuda:0')}
INFO:root:{'total_norm': tensor(2.9321, device='cuda:0')}
INFO:root:{'total_norm': tensor(3.9117, device='cuda:0')}
INFO:root:{'total_norm': tensor(3.7482, device='cuda:0')}
INFO:root:lr=0.03
INFO:root:Round 41's server1 train acc:  11.98%, train loss: 2.6758
INFO:root:Round 41's server2 train acc:  11.94%, train loss: 2.6747
INFO:root:Round 41's server  test  acc:  12.31%, test  loss: 2.6988
INFO:root:selected clients: [6 2 9 7 1 4 3 8 0 5]
INFO:root:{'total_norm': tensor(0.6777, device='cuda:0')}
INFO:root:{'total_norm': tensor(2.1962, device='cuda:0')}
INFO:root:{'total_norm': tensor(2.8838, device='cuda:0')}
INFO:root:{'total_norm': tensor(3.1215, device='cuda:0')}
INFO:root:{'total_norm': tensor(3.3635, device='cuda:0')}
INFO:root:{'total_norm': tensor(2.7592, device='cuda:0')}
INFO:root:{'total_norm': tensor(3.4561, device='cuda:0')}
INFO:root:{'total_norm': tensor(3.9238, device='cuda:0')}
INFO:root:{'total_norm': tensor(2.0964, device='cuda:0')}
INFO:root:{'total_norm': tensor(2.5293, device='cuda:0')}
INFO:root:lr=0.03
INFO:root:Round 42's server1 train acc:  17.76%, train loss: 2.1674
INFO:root:Round 42's server2 train acc:  17.75%, train loss: 2.1675
INFO:root:Round 42's server  test  acc:  17.59%, test  loss: 2.1721
INFO:root:selected clients: [6 3 1 7 0 9 8 4 2 5]
INFO:root:{'total_norm': tensor(2.0081, device='cuda:0')}
INFO:root:{'total_norm': tensor(2.6036, device='cuda:0')}
INFO:root:{'total_norm': tensor(2.3228, device='cuda:0')}
INFO:root:{'total_norm': tensor(2.7750, device='cuda:0')}
INFO:root:{'total_norm': tensor(3.1346, device='cuda:0')}
INFO:root:{'total_norm': tensor(2.4072, device='cuda:0')}
INFO:root:{'total_norm': tensor(4.6187, device='cuda:0')}
INFO:root:{'total_norm': tensor(2.6788, device='cuda:0')}
INFO:root:{'total_norm': tensor(1.8965, device='cuda:0')}
INFO:root:{'total_norm': tensor(2.4980, device='cuda:0')}
INFO:root:lr=0.03
INFO:root:Round 43's server1 train acc:  13.61%, train loss: 2.1728
INFO:root:Round 43's server2 train acc:  13.56%, train loss: 2.1724
INFO:root:Round 43's server  test  acc:  13.59%, test  loss: 2.1813
INFO:root:selected clients: [1 4 0 8 9 6 3 5 2 7]
INFO:root:{'total_norm': tensor(1.9053, device='cuda:0')}
INFO:root:{'total_norm': tensor(3.2433, device='cuda:0')}
INFO:root:{'total_norm': tensor(3.1579, device='cuda:0')}
INFO:root:{'total_norm': tensor(2.8253, device='cuda:0')}
INFO:root:{'total_norm': tensor(2.8441, device='cuda:0')}
INFO:root:{'total_norm': tensor(3.2876, device='cuda:0')}
INFO:root:{'total_norm': tensor(1.0892, device='cuda:0')}
INFO:root:{'total_norm': tensor(3.0378, device='cuda:0')}
INFO:root:{'total_norm': tensor(1.7463, device='cuda:0')}
INFO:root:{'total_norm': tensor(1.9313, device='cuda:0')}
INFO:root:lr=0.03
INFO:root:Round 44's server1 train acc:  18.28%, train loss: 2.2018
INFO:root:Round 44's server2 train acc:  18.18%, train loss: 2.2021
INFO:root:Round 44's server  test  acc:  18.45%, test  loss: 2.1938
INFO:root:selected clients: [0 4 8 9 3 2 7 1 6 5]
INFO:root:{'total_norm': tensor(2.5794, device='cuda:0')}
INFO:root:{'total_norm': tensor(2.7906, device='cuda:0')}
INFO:root:{'total_norm': tensor(1.7313, device='cuda:0')}
INFO:root:{'total_norm': tensor(3.8775, device='cuda:0')}
INFO:root:{'total_norm': tensor(3.1214, device='cuda:0')}
INFO:root:{'total_norm': tensor(1.9148, device='cuda:0')}
INFO:root:{'total_norm': tensor(1.9523, device='cuda:0')}
INFO:root:{'total_norm': tensor(1.5516, device='cuda:0')}
INFO:root:{'total_norm': tensor(2.6601, device='cuda:0')}
INFO:root:{'total_norm': tensor(2.2168, device='cuda:0')}
INFO:root:lr=0.03
INFO:root:Round 45's server1 train acc:  10.01%, train loss: 3.9857
INFO:root:Round 45's server2 train acc:  10.01%, train loss: 3.9860
INFO:root:Round 45's server  test  acc:  10.02%, test  loss: 4.1158
INFO:root:selected clients: [6 4 7 1 9 8 2 0 3 5]
INFO:root:{'total_norm': tensor(2.1814, device='cuda:0')}
INFO:root:{'total_norm': tensor(1.8168, device='cuda:0')}
INFO:root:{'total_norm': tensor(2.2400, device='cuda:0')}
INFO:root:{'total_norm': tensor(1.8610, device='cuda:0')}
INFO:root:{'total_norm': tensor(3.6840, device='cuda:0')}
INFO:root:{'total_norm': tensor(1.3364, device='cuda:0')}
INFO:root:{'total_norm': tensor(2.2816, device='cuda:0')}
INFO:root:{'total_norm': tensor(2.1005, device='cuda:0')}
INFO:root:{'total_norm': tensor(2.1636, device='cuda:0')}
INFO:root:{'total_norm': tensor(3.4745, device='cuda:0')}
INFO:root:lr=0.03
INFO:root:Round 46's server1 train acc:  12.75%, train loss: 2.4975
INFO:root:Round 46's server2 train acc:  12.73%, train loss: 2.4967
INFO:root:Round 46's server  test  acc:  12.32%, test  loss: 2.5407
INFO:root:selected clients: [4 9 1 6 0 7 3 5 8 2]
INFO:root:{'total_norm': tensor(2.3444, device='cuda:0')}
INFO:root:{'total_norm': tensor(4.8157, device='cuda:0')}
INFO:root:{'total_norm': tensor(3.6913, device='cuda:0')}
INFO:root:{'total_norm': tensor(3.6845, device='cuda:0')}
INFO:root:{'total_norm': tensor(2.3497, device='cuda:0')}
INFO:root:{'total_norm': tensor(2.0023, device='cuda:0')}
INFO:root:{'total_norm': tensor(2.1588, device='cuda:0')}
INFO:root:{'total_norm': tensor(3.5410, device='cuda:0')}
INFO:root:{'total_norm': tensor(3.5481, device='cuda:0')}
INFO:root:{'total_norm': tensor(2.1912, device='cuda:0')}
INFO:root:lr=0.03
INFO:root:Round 47's server1 train acc:  14.04%, train loss: 2.3072
INFO:root:Round 47's server2 train acc:  14.09%, train loss: 2.3072
INFO:root:Round 47's server  test  acc:  14.15%, test  loss: 2.2566
INFO:root:selected clients: [8 7 5 4 3 6 1 0 9 2]
INFO:root:{'total_norm': tensor(1.5175, device='cuda:0')}
INFO:root:{'total_norm': tensor(3.0295, device='cuda:0')}
INFO:root:{'total_norm': tensor(2.4640, device='cuda:0')}
INFO:root:{'total_norm': tensor(1.8997, device='cuda:0')}
INFO:root:{'total_norm': tensor(4.0955, device='cuda:0')}
INFO:root:{'total_norm': tensor(3.5465, device='cuda:0')}
INFO:root:{'total_norm': tensor(2.5002, device='cuda:0')}
INFO:root:{'total_norm': tensor(2.0144, device='cuda:0')}
INFO:root:{'total_norm': tensor(1.9620, device='cuda:0')}
INFO:root:{'total_norm': tensor(1.8220, device='cuda:0')}
INFO:root:lr=0.03
INFO:root:Round 48's server1 train acc:  13.32%, train loss: 2.2633
INFO:root:Round 48's server2 train acc:  13.23%, train loss: 2.2633
INFO:root:Round 48's server  test  acc:  14.09%, test  loss: 2.2316
INFO:root:selected clients: [6 0 3 7 4 8 2 1 5 9]
INFO:root:{'total_norm': tensor(3.2153, device='cuda:0')}
INFO:root:{'total_norm': tensor(2.3883, device='cuda:0')}
INFO:root:{'total_norm': tensor(3.8132, device='cuda:0')}
INFO:root:{'total_norm': tensor(3.1920, device='cuda:0')}
INFO:root:{'total_norm': tensor(2.1623, device='cuda:0')}
INFO:root:{'total_norm': tensor(4.3857, device='cuda:0')}
INFO:root:{'total_norm': tensor(2.9641, device='cuda:0')}
INFO:root:{'total_norm': tensor(2.5260, device='cuda:0')}
INFO:root:{'total_norm': tensor(2.8401, device='cuda:0')}
INFO:root:{'total_norm': tensor(2.0381, device='cuda:0')}
INFO:root:lr=0.03
INFO:root:Round 49's server1 train acc:  17.85%, train loss: 2.1559
INFO:root:Round 49's server2 train acc:  17.86%, train loss: 2.1557
INFO:root:Round 49's server  test  acc:  18.31%, test  loss: 2.1555
INFO:root:selected clients: [2 3 5 6 1 4 7 0 9 8]
INFO:root:{'total_norm': tensor(2.4279, device='cuda:0')}
INFO:root:{'total_norm': tensor(4.2306, device='cuda:0')}
INFO:root:{'total_norm': tensor(3.2313, device='cuda:0')}
INFO:root:{'total_norm': tensor(1.9020, device='cuda:0')}
INFO:root:{'total_norm': tensor(2.7191, device='cuda:0')}
INFO:root:{'total_norm': tensor(2.2892, device='cuda:0')}
INFO:root:{'total_norm': tensor(2.4846, device='cuda:0')}
INFO:root:{'total_norm': tensor(1.8972, device='cuda:0')}
INFO:root:{'total_norm': tensor(1.8963, device='cuda:0')}
INFO:root:{'total_norm': tensor(3.5789, device='cuda:0')}
INFO:root:lr=0.03
INFO:root:Round 50's server1 train acc:  10.63%, train loss: 2.4832
INFO:root:Round 50's server2 train acc:  10.65%, train loss: 2.4839
INFO:root:Round 50's server  test  acc:  11.10%, test  loss: 2.3800
INFO:root:selected clients: [1 8 4 5 7 9 6 0 3 2]
INFO:root:{'total_norm': tensor(3.6717, device='cuda:0')}
INFO:root:{'total_norm': tensor(1.1761, device='cuda:0')}
INFO:root:{'total_norm': tensor(2.7016, device='cuda:0')}
INFO:root:{'total_norm': tensor(2.8183, device='cuda:0')}
INFO:root:{'total_norm': tensor(2.2303, device='cuda:0')}
INFO:root:{'total_norm': tensor(3.0659, device='cuda:0')}
INFO:root:{'total_norm': tensor(3.5071, device='cuda:0')}
INFO:root:{'total_norm': tensor(1.9697, device='cuda:0')}
INFO:root:{'total_norm': tensor(2.7691, device='cuda:0')}
INFO:root:{'total_norm': tensor(1.8291, device='cuda:0')}
INFO:root:lr=0.03
INFO:root:Round 51's server1 train acc:  16.54%, train loss: 2.1509
INFO:root:Round 51's server2 train acc:  16.52%, train loss: 2.1516
INFO:root:Round 51's server  test  acc:  17.63%, test  loss: 2.1360
INFO:root:selected clients: [3 8 1 7 6 2 5 4 0 9]
INFO:root:{'total_norm': tensor(3.9180, device='cuda:0')}
INFO:root:{'total_norm': tensor(4.6322, device='cuda:0')}
INFO:root:{'total_norm': tensor(3.6498, device='cuda:0')}
INFO:root:{'total_norm': tensor(3.0216, device='cuda:0')}
INFO:root:{'total_norm': tensor(2.8473, device='cuda:0')}
INFO:root:{'total_norm': tensor(1.8224, device='cuda:0')}
INFO:root:{'total_norm': tensor(2.3552, device='cuda:0')}
INFO:root:{'total_norm': tensor(1.6425, device='cuda:0')}
INFO:root:{'total_norm': tensor(1.6597, device='cuda:0')}
INFO:root:{'total_norm': tensor(1.7735, device='cuda:0')}
INFO:root:lr=0.03
INFO:root:Round 52's server1 train acc:  20.11%, train loss: 2.1092
INFO:root:Round 52's server2 train acc:  20.16%, train loss: 2.1091
INFO:root:Round 52's server  test  acc:  21.13%, test  loss: 2.1036
INFO:root:selected clients: [3 4 2 9 6 8 5 0 1 7]
INFO:root:{'total_norm': tensor(4.1734, device='cuda:0')}
INFO:root:{'total_norm': tensor(3.6219, device='cuda:0')}
INFO:root:{'total_norm': tensor(2.2963, device='cuda:0')}
INFO:root:{'total_norm': tensor(3.9911, device='cuda:0')}
INFO:root:{'total_norm': tensor(3.5616, device='cuda:0')}
INFO:root:{'total_norm': tensor(2.7967, device='cuda:0')}
INFO:root:{'total_norm': tensor(2.8124, device='cuda:0')}
INFO:root:{'total_norm': tensor(1.9912, device='cuda:0')}
INFO:root:{'total_norm': tensor(3.2820, device='cuda:0')}
INFO:root:{'total_norm': tensor(3.6653, device='cuda:0')}
INFO:root:lr=0.03
INFO:root:Round 53's server1 train acc:  11.94%, train loss: 2.8817
INFO:root:Round 53's server2 train acc:  11.94%, train loss: 2.8826
INFO:root:Round 53's server  test  acc:  13.02%, test  loss: 2.6571
INFO:root:selected clients: [3 0 5 8 7 1 9 2 4 6]
INFO:root:{'total_norm': tensor(2.6637, device='cuda:0')}
INFO:root:{'total_norm': tensor(2.2424, device='cuda:0')}
INFO:root:{'total_norm': tensor(2.9873, device='cuda:0')}
INFO:root:{'total_norm': tensor(3.1951, device='cuda:0')}
INFO:root:{'total_norm': tensor(3.0391, device='cuda:0')}
INFO:root:{'total_norm': tensor(3.6470, device='cuda:0')}
INFO:root:{'total_norm': tensor(2.5344, device='cuda:0')}
INFO:root:{'total_norm': tensor(2.0321, device='cuda:0')}
INFO:root:{'total_norm': tensor(2.2722, device='cuda:0')}
INFO:root:{'total_norm': tensor(3.7810, device='cuda:0')}
INFO:root:lr=0.03
INFO:root:Round 54's server1 train acc:  10.16%, train loss: 2.7871
INFO:root:Round 54's server2 train acc:  10.16%, train loss: 2.7866
INFO:root:Round 54's server  test  acc:  10.20%, test  loss: 2.8274
INFO:root:selected clients: [3 7 1 9 4 6 2 8 0 5]
INFO:root:{'total_norm': tensor(2.2578, device='cuda:0')}
INFO:root:{'total_norm': tensor(2.7769, device='cuda:0')}
INFO:root:{'total_norm': tensor(2.5368, device='cuda:0')}
INFO:root:{'total_norm': tensor(3.8060, device='cuda:0')}
INFO:root:{'total_norm': tensor(3.4988, device='cuda:0')}
INFO:root:{'total_norm': tensor(3.5984, device='cuda:0')}
INFO:root:{'total_norm': tensor(2.0804, device='cuda:0')}
INFO:root:{'total_norm': tensor(2.9641, device='cuda:0')}
INFO:root:{'total_norm': tensor(2.0865, device='cuda:0')}
INFO:root:{'total_norm': tensor(3.0483, device='cuda:0')}
INFO:root:lr=0.03
INFO:root:Round 55's server1 train acc:  15.79%, train loss: 2.2107
INFO:root:Round 55's server2 train acc:  15.91%, train loss: 2.2101
INFO:root:Round 55's server  test  acc:  15.50%, test  loss: 2.2314
INFO:root:selected clients: [4 1 5 8 3 7 6 9 0 2]
INFO:root:{'total_norm': tensor(2.7131, device='cuda:0')}
INFO:root:{'total_norm': tensor(3.8182, device='cuda:0')}
INFO:root:{'total_norm': tensor(2.4905, device='cuda:0')}
INFO:root:{'total_norm': tensor(3.7777, device='cuda:0')}
INFO:root:{'total_norm': tensor(3.7468, device='cuda:0')}
INFO:root:{'total_norm': tensor(2.5749, device='cuda:0')}
INFO:root:{'total_norm': tensor(3.5497, device='cuda:0')}
INFO:root:{'total_norm': tensor(3.7013, device='cuda:0')}
INFO:root:{'total_norm': tensor(2.4468, device='cuda:0')}
INFO:root:{'total_norm': tensor(1.6821, device='cuda:0')}
INFO:root:lr=0.03
INFO:root:Round 56's server1 train acc:  16.79%, train loss: 2.1709
INFO:root:Round 56's server2 train acc:  16.75%, train loss: 2.1716
INFO:root:Round 56's server  test  acc:  17.80%, test  loss: 2.1468
INFO:root:selected clients: [1 7 5 4 0 6 3 8 9 2]
INFO:root:{'total_norm': tensor(3.7566, device='cuda:0')}
INFO:root:{'total_norm': tensor(3.2327, device='cuda:0')}
INFO:root:{'total_norm': tensor(3.2381, device='cuda:0')}
INFO:root:{'total_norm': tensor(2.0448, device='cuda:0')}
INFO:root:{'total_norm': tensor(1.8942, device='cuda:0')}
INFO:root:{'total_norm': tensor(3.1243, device='cuda:0')}
INFO:root:{'total_norm': tensor(3.6165, device='cuda:0')}
INFO:root:{'total_norm': tensor(2.3957, device='cuda:0')}
INFO:root:{'total_norm': tensor(4.2345, device='cuda:0')}
INFO:root:{'total_norm': tensor(1.9403, device='cuda:0')}
INFO:root:lr=0.03
INFO:root:Round 57's server1 train acc:  15.63%, train loss: 2.2536
INFO:root:Round 57's server2 train acc:  15.62%, train loss: 2.2533
INFO:root:Round 57's server  test  acc:  15.06%, test  loss: 2.2657
INFO:root:selected clients: [3 6 9 0 5 4 7 1 2 8]
INFO:root:{'total_norm': tensor(2.8711, device='cuda:0')}
INFO:root:{'total_norm': tensor(3.1472, device='cuda:0')}
INFO:root:{'total_norm': tensor(2.9295, device='cuda:0')}
INFO:root:{'total_norm': tensor(2.4921, device='cuda:0')}
INFO:root:{'total_norm': tensor(3.1569, device='cuda:0')}
INFO:root:{'total_norm': tensor(1.8484, device='cuda:0')}
INFO:root:{'total_norm': tensor(3.0205, device='cuda:0')}
INFO:root:{'total_norm': tensor(4.2335, device='cuda:0')}
INFO:root:{'total_norm': tensor(2.1553, device='cuda:0')}
INFO:root:{'total_norm': tensor(4.0760, device='cuda:0')}
INFO:root:lr=0.03
INFO:root:Round 58's server1 train acc:  11.41%, train loss: 2.8207
INFO:root:Round 58's server2 train acc:  11.34%, train loss: 2.8201
INFO:root:Round 58's server  test  acc:  11.90%, test  loss: 2.6867
INFO:root:selected clients: [8 7 3 1 0 9 5 2 4 6]
INFO:root:{'total_norm': tensor(0.5708, device='cuda:0')}
INFO:root:{'total_norm': tensor(3.3171, device='cuda:0')}
INFO:root:{'total_norm': tensor(3.0383, device='cuda:0')}
INFO:root:{'total_norm': tensor(3.0541, device='cuda:0')}
INFO:root:{'total_norm': tensor(2.0550, device='cuda:0')}
INFO:root:{'total_norm': tensor(3.7964, device='cuda:0')}
INFO:root:{'total_norm': tensor(3.2814, device='cuda:0')}
INFO:root:{'total_norm': tensor(2.0886, device='cuda:0')}
INFO:root:{'total_norm': tensor(1.9852, device='cuda:0')}
INFO:root:{'total_norm': tensor(3.4969, device='cuda:0')}
INFO:root:lr=0.03
INFO:root:Round 59's server1 train acc:  13.44%, train loss: 2.4539
INFO:root:Round 59's server2 train acc:  13.57%, train loss: 2.4531
INFO:root:Round 59's server  test  acc:  13.17%, test  loss: 2.4875
INFO:root:selected clients: [6 3 4 9 0 2 7 5 8 1]
INFO:root:{'total_norm': tensor(1.3246, device='cuda:0')}
INFO:root:{'total_norm': tensor(3.6707, device='cuda:0')}
INFO:root:{'total_norm': tensor(3.7072, device='cuda:0')}
INFO:root:{'total_norm': tensor(1.5432, device='cuda:0')}
INFO:root:{'total_norm': tensor(2.6818, device='cuda:0')}
INFO:root:{'total_norm': tensor(2.4283, device='cuda:0')}
INFO:root:{'total_norm': tensor(3.6280, device='cuda:0')}
INFO:root:{'total_norm': tensor(3.3873, device='cuda:0')}
INFO:root:{'total_norm': tensor(3.5688, device='cuda:0')}
INFO:root:{'total_norm': tensor(4.0315, device='cuda:0')}
INFO:root:lr=0.03
INFO:root:Round 60's server1 train acc:  10.26%, train loss: 3.6981
INFO:root:Round 60's server2 train acc:  10.27%, train loss: 3.7011
INFO:root:Round 60's server  test  acc:  10.37%, test  loss: 3.5100
INFO:root:selected clients: [4 7 6 1 9 2 3 8 5 0]
INFO:root:{'total_norm': tensor(4.7707, device='cuda:0')}
INFO:root:{'total_norm': tensor(3.6207, device='cuda:0')}
INFO:root:{'total_norm': tensor(3.8601, device='cuda:0')}
INFO:root:{'total_norm': tensor(3.7466, device='cuda:0')}
INFO:root:{'total_norm': tensor(4.3529, device='cuda:0')}
INFO:root:{'total_norm': tensor(2.6139, device='cuda:0')}
INFO:root:{'total_norm': tensor(3.6704, device='cuda:0')}
INFO:root:{'total_norm': tensor(2.5544, device='cuda:0')}
INFO:root:{'total_norm': tensor(2.8753, device='cuda:0')}
INFO:root:{'total_norm': tensor(1.9770, device='cuda:0')}
INFO:root:lr=0.03
INFO:root:Round 61's server1 train acc:  19.60%, train loss: 2.0484
INFO:root:Round 61's server2 train acc:  19.59%, train loss: 2.0490
INFO:root:Round 61's server  test  acc:  20.01%, test  loss: 2.0274
INFO:root:selected clients: [0 7 2 9 1 8 6 3 5 4]
INFO:root:{'total_norm': tensor(2.2408, device='cuda:0')}
INFO:root:{'total_norm': tensor(3.3488, device='cuda:0')}
INFO:root:{'total_norm': tensor(2.3870, device='cuda:0')}
INFO:root:{'total_norm': tensor(4.0604, device='cuda:0')}
INFO:root:{'total_norm': tensor(3.1779, device='cuda:0')}
INFO:root:{'total_norm': tensor(3.3150, device='cuda:0')}
INFO:root:{'total_norm': tensor(3.5311, device='cuda:0')}
INFO:root:{'total_norm': tensor(3.7969, device='cuda:0')}
INFO:root:{'total_norm': tensor(2.8579, device='cuda:0')}
INFO:root:{'total_norm': tensor(2.3709, device='cuda:0')}
INFO:root:lr=0.03
INFO:root:Round 62's server1 train acc:  17.07%, train loss: 2.1350
INFO:root:Round 62's server2 train acc:  16.99%, train loss: 2.1339
INFO:root:Round 62's server  test  acc:  16.66%, test  loss: 2.1438
INFO:root:selected clients: [4 2 6 1 8 3 5 9 7 0]
INFO:root:{'total_norm': tensor(3.5012, device='cuda:0')}
INFO:root:{'total_norm': tensor(2.8164, device='cuda:0')}
INFO:root:{'total_norm': tensor(3.5303, device='cuda:0')}
INFO:root:{'total_norm': tensor(4.1925, device='cuda:0')}
INFO:root:{'total_norm': tensor(1.8387, device='cuda:0')}
INFO:root:{'total_norm': tensor(4.0307, device='cuda:0')}
INFO:root:{'total_norm': tensor(2.6087, device='cuda:0')}
INFO:root:{'total_norm': tensor(2.0948, device='cuda:0')}
INFO:root:{'total_norm': tensor(3.3654, device='cuda:0')}
INFO:root:{'total_norm': tensor(2.1959, device='cuda:0')}
INFO:root:lr=0.03
INFO:root:Round 63's server1 train acc:  15.81%, train loss: 2.2362
INFO:root:Round 63's server2 train acc:  15.79%, train loss: 2.2350
INFO:root:Round 63's server  test  acc:  17.05%, test  loss: 2.1979
INFO:root:selected clients: [3 9 6 0 8 5 2 4 7 1]
INFO:root:{'total_norm': tensor(3.5549, device='cuda:0')}
INFO:root:{'total_norm': tensor(0.8242, device='cuda:0')}
INFO:root:{'total_norm': tensor(3.3137, device='cuda:0')}
INFO:root:{'total_norm': tensor(2.4254, device='cuda:0')}
INFO:root:{'total_norm': tensor(2.0297, device='cuda:0')}
INFO:root:{'total_norm': tensor(3.8108, device='cuda:0')}
INFO:root:{'total_norm': tensor(2.1523, device='cuda:0')}
INFO:root:{'total_norm': tensor(1.9736, device='cuda:0')}
INFO:root:{'total_norm': tensor(2.7134, device='cuda:0')}
INFO:root:{'total_norm': tensor(3.1395, device='cuda:0')}
INFO:root:lr=0.03
INFO:root:Round 64's server1 train acc:  11.98%, train loss: 2.4184
INFO:root:Round 64's server2 train acc:  11.91%, train loss: 2.4199
INFO:root:Round 64's server  test  acc:  12.73%, test  loss: 2.3391
INFO:root:selected clients: [3 8 4 5 0 7 6 1 2 9]
INFO:root:{'total_norm': tensor(2.8999, device='cuda:0')}
INFO:root:{'total_norm': tensor(3.0306, device='cuda:0')}
INFO:root:{'total_norm': tensor(3.2443, device='cuda:0')}
INFO:root:{'total_norm': tensor(2.3966, device='cuda:0')}
INFO:root:{'total_norm': tensor(2.7968, device='cuda:0')}
INFO:root:{'total_norm': tensor(3.9454, device='cuda:0')}
INFO:root:{'total_norm': tensor(3.1532, device='cuda:0')}
INFO:root:{'total_norm': tensor(3.4625, device='cuda:0')}
INFO:root:{'total_norm': tensor(2.2526, device='cuda:0')}
INFO:root:{'total_norm': tensor(4.4173, device='cuda:0')}
INFO:root:lr=0.03
INFO:root:Round 65's server1 train acc:  16.76%, train loss: 2.1269
INFO:root:Round 65's server2 train acc:  16.76%, train loss: 2.1284
INFO:root:Round 65's server  test  acc:  16.20%, test  loss: 2.1527
INFO:root:selected clients: [7 2 3 6 5 4 9 0 1 8]
INFO:root:{'total_norm': tensor(3.5679, device='cuda:0')}
INFO:root:{'total_norm': tensor(2.8760, device='cuda:0')}
INFO:root:{'total_norm': tensor(3.6931, device='cuda:0')}
INFO:root:{'total_norm': tensor(3.1322, device='cuda:0')}
INFO:root:{'total_norm': tensor(2.7754, device='cuda:0')}
INFO:root:{'total_norm': tensor(3.1829, device='cuda:0')}
INFO:root:{'total_norm': tensor(4.2456, device='cuda:0')}
INFO:root:{'total_norm': tensor(2.0863, device='cuda:0')}
INFO:root:{'total_norm': tensor(3.7633, device='cuda:0')}
INFO:root:{'total_norm': tensor(1.9201, device='cuda:0')}
INFO:root:lr=0.03
INFO:root:Round 66's server1 train acc:  11.16%, train loss: 4.8267
INFO:root:Round 66's server2 train acc:  11.15%, train loss: 4.8296
INFO:root:Round 66's server  test  acc:  11.80%, test  loss: 4.4669
INFO:root:selected clients: [5 1 6 9 3 4 0 8 2 7]
INFO:root:{'total_norm': tensor(3.2405, device='cuda:0')}
INFO:root:{'total_norm': tensor(3.9584, device='cuda:0')}
INFO:root:{'total_norm': tensor(3.4399, device='cuda:0')}
INFO:root:{'total_norm': tensor(2.1363, device='cuda:0')}
INFO:root:{'total_norm': tensor(3.2520, device='cuda:0')}
INFO:root:{'total_norm': tensor(3.4383, device='cuda:0')}
INFO:root:{'total_norm': tensor(2.6377, device='cuda:0')}
INFO:root:{'total_norm': tensor(4.0687, device='cuda:0')}
INFO:root:{'total_norm': tensor(3.3397, device='cuda:0')}
INFO:root:{'total_norm': tensor(3.5531, device='cuda:0')}
INFO:root:lr=0.03
INFO:root:Round 67's server1 train acc:  10.00%, train loss: 5.0283
INFO:root:Round 67's server2 train acc:  10.00%, train loss: 5.0277
INFO:root:Round 67's server  test  acc:  10.01%, test  loss: 4.6312
INFO:root:selected clients: [2 1 0 3 9 7 8 5 6 4]
INFO:root:{'total_norm': tensor(1.8643, device='cuda:0')}
INFO:root:{'total_norm': tensor(3.7389, device='cuda:0')}
INFO:root:{'total_norm': tensor(2.0813, device='cuda:0')}
INFO:root:{'total_norm': tensor(3.7835, device='cuda:0')}
INFO:root:{'total_norm': tensor(3.2179, device='cuda:0')}
INFO:root:{'total_norm': tensor(2.8421, device='cuda:0')}
INFO:root:{'total_norm': tensor(3.4397, device='cuda:0')}
INFO:root:{'total_norm': tensor(2.9883, device='cuda:0')}
INFO:root:{'total_norm': tensor(2.0826, device='cuda:0')}
INFO:root:{'total_norm': tensor(3.9195, device='cuda:0')}
INFO:root:lr=0.03
INFO:root:Round 68's server1 train acc:  15.56%, train loss: 2.6049
INFO:root:Round 68's server2 train acc:  15.55%, train loss: 2.6035
INFO:root:Round 68's server  test  acc:  15.63%, test  loss: 2.5819
INFO:root:selected clients: [4 1 2 6 9 0 8 7 5 3]
INFO:root:{'total_norm': tensor(0.8261, device='cuda:0')}
INFO:root:{'total_norm': tensor(1.5256, device='cuda:0')}
INFO:root:{'total_norm': tensor(2.9216, device='cuda:0')}
INFO:root:{'total_norm': tensor(1.2447, device='cuda:0')}
INFO:root:{'total_norm': tensor(2.8984, device='cuda:0')}
INFO:root:{'total_norm': tensor(2.2248, device='cuda:0')}
INFO:root:{'total_norm': tensor(3.9397, device='cuda:0')}
INFO:root:{'total_norm': tensor(3.3841, device='cuda:0')}
INFO:root:{'total_norm': tensor(3.0437, device='cuda:0')}
INFO:root:{'total_norm': tensor(3.2129, device='cuda:0')}
INFO:root:lr=0.03
INFO:root:Round 69's server1 train acc:  16.21%, train loss: 2.2254
INFO:root:Round 69's server2 train acc:  16.21%, train loss: 2.2230
INFO:root:Round 69's server  test  acc:  15.88%, test  loss: 2.2526
INFO:root:selected clients: [1 4 3 8 0 2 9 7 5 6]
INFO:root:{'total_norm': tensor(3.1827, device='cuda:0')}
INFO:root:{'total_norm': tensor(2.7827, device='cuda:0')}
INFO:root:{'total_norm': tensor(2.8239, device='cuda:0')}
INFO:root:{'total_norm': tensor(3.7690, device='cuda:0')}
INFO:root:{'total_norm': tensor(2.2793, device='cuda:0')}
INFO:root:{'total_norm': tensor(2.2481, device='cuda:0')}
INFO:root:{'total_norm': tensor(3.6812, device='cuda:0')}
INFO:root:{'total_norm': tensor(3.2876, device='cuda:0')}
INFO:root:{'total_norm': tensor(2.7103, device='cuda:0')}
INFO:root:{'total_norm': tensor(3.6394, device='cuda:0')}
INFO:root:lr=0.03
INFO:root:Round 70's server1 train acc:  12.08%, train loss: 2.4314
INFO:root:Round 70's server2 train acc:  12.08%, train loss: 2.4324
INFO:root:Round 70's server  test  acc:  11.82%, test  loss: 2.4232
INFO:root:selected clients: [4 8 9 3 1 6 5 0 2 7]
INFO:root:{'total_norm': tensor(2.1417, device='cuda:0')}
INFO:root:{'total_norm': tensor(3.5879, device='cuda:0')}
INFO:root:{'total_norm': tensor(3.9771, device='cuda:0')}
INFO:root:{'total_norm': tensor(2.6946, device='cuda:0')}
INFO:root:{'total_norm': tensor(4.0136, device='cuda:0')}
INFO:root:{'total_norm': tensor(1.7480, device='cuda:0')}
INFO:root:{'total_norm': tensor(2.9036, device='cuda:0')}
INFO:root:{'total_norm': tensor(2.3633, device='cuda:0')}
INFO:root:{'total_norm': tensor(2.4505, device='cuda:0')}
INFO:root:{'total_norm': tensor(3.4350, device='cuda:0')}
INFO:root:lr=0.03
INFO:root:Round 71's server1 train acc:  12.79%, train loss: 3.1433
INFO:root:Round 71's server2 train acc:  12.89%, train loss: 3.1422
INFO:root:Round 71's server  test  acc:  15.33%, test  loss: 2.6985
INFO:root:selected clients: [8 3 1 5 4 0 2 6 7 9]
INFO:root:{'total_norm': tensor(2.6814, device='cuda:0')}
INFO:root:{'total_norm': tensor(4.2724, device='cuda:0')}
INFO:root:{'total_norm': tensor(3.1955, device='cuda:0')}
INFO:root:{'total_norm': tensor(2.9085, device='cuda:0')}
INFO:root:{'total_norm': tensor(2.2840, device='cuda:0')}
INFO:root:{'total_norm': tensor(1.9150, device='cuda:0')}
INFO:root:{'total_norm': tensor(2.0909, device='cuda:0')}
INFO:root:{'total_norm': tensor(3.1887, device='cuda:0')}
INFO:root:{'total_norm': tensor(2.9768, device='cuda:0')}
INFO:root:{'total_norm': tensor(2.8325, device='cuda:0')}
INFO:root:lr=0.03
INFO:root:Round 72's server1 train acc:  19.98%, train loss: 2.0165
INFO:root:Round 72's server2 train acc:  20.01%, train loss: 2.0168
INFO:root:Round 72's server  test  acc:  20.76%, test  loss: 2.0108
INFO:root:selected clients: [1 9 7 4 8 0 2 5 3 6]
INFO:root:{'total_norm': tensor(2.9506, device='cuda:0')}
INFO:root:{'total_norm': tensor(3.5183, device='cuda:0')}
INFO:root:{'total_norm': tensor(3.0476, device='cuda:0')}
INFO:root:{'total_norm': tensor(2.6234, device='cuda:0')}
INFO:root:{'total_norm': tensor(3.4648, device='cuda:0')}
INFO:root:{'total_norm': tensor(1.8926, device='cuda:0')}
INFO:root:{'total_norm': tensor(2.3309, device='cuda:0')}
INFO:root:{'total_norm': tensor(3.2436, device='cuda:0')}
INFO:root:{'total_norm': tensor(3.8149, device='cuda:0')}
INFO:root:{'total_norm': tensor(2.9227, device='cuda:0')}
INFO:root:lr=0.03
INFO:root:Round 73's server1 train acc:  14.53%, train loss: 2.6447
INFO:root:Round 73's server2 train acc:  14.57%, train loss: 2.6446
INFO:root:Round 73's server  test  acc:  14.23%, test  loss: 2.6955
INFO:root:selected clients: [8 6 5 0 7 3 1 2 9 4]
INFO:root:{'total_norm': tensor(4.1669, device='cuda:0')}
INFO:root:{'total_norm': tensor(1.8310, device='cuda:0')}
INFO:root:{'total_norm': tensor(3.4570, device='cuda:0')}
INFO:root:{'total_norm': tensor(2.3753, device='cuda:0')}
INFO:root:{'total_norm': tensor(2.9799, device='cuda:0')}
INFO:root:{'total_norm': tensor(3.2672, device='cuda:0')}
INFO:root:{'total_norm': tensor(3.3025, device='cuda:0')}
INFO:root:{'total_norm': tensor(2.3729, device='cuda:0')}
INFO:root:{'total_norm': tensor(3.4081, device='cuda:0')}
INFO:root:{'total_norm': tensor(2.9551, device='cuda:0')}
INFO:root:lr=0.03
INFO:root:Round 74's server1 train acc:  15.67%, train loss: 2.2278
INFO:root:Round 74's server2 train acc:  15.72%, train loss: 2.2268
INFO:root:Round 74's server  test  acc:  16.41%, test  loss: 2.2137
INFO:root:selected clients: [7 8 0 3 1 2 6 5 4 9]
INFO:root:{'total_norm': tensor(3.1014, device='cuda:0')}
INFO:root:{'total_norm': tensor(3.7788, device='cuda:0')}
INFO:root:{'total_norm': tensor(2.2697, device='cuda:0')}
INFO:root:{'total_norm': tensor(3.0722, device='cuda:0')}
INFO:root:{'total_norm': tensor(3.0571, device='cuda:0')}
INFO:root:{'total_norm': tensor(2.6179, device='cuda:0')}
INFO:root:{'total_norm': tensor(3.4124, device='cuda:0')}
INFO:root:{'total_norm': tensor(2.3810, device='cuda:0')}
INFO:root:{'total_norm': tensor(2.5738, device='cuda:0')}
INFO:root:{'total_norm': tensor(3.8954, device='cuda:0')}
INFO:root:lr=0.03
INFO:root:Round 75's server1 train acc:  14.52%, train loss: 2.4790
INFO:root:Round 75's server2 train acc:  14.44%, train loss: 2.4780
INFO:root:Round 75's server  test  acc:  14.67%, test  loss: 2.4803
INFO:root:selected clients: [7 1 8 5 4 9 2 6 3 0]
INFO:root:{'total_norm': tensor(2.2965, device='cuda:0')}
INFO:root:{'total_norm': tensor(3.4317, device='cuda:0')}
INFO:root:{'total_norm': tensor(3.2619, device='cuda:0')}
INFO:root:{'total_norm': tensor(3.8906, device='cuda:0')}
INFO:root:{'total_norm': tensor(2.8959, device='cuda:0')}
INFO:root:{'total_norm': tensor(2.8733, device='cuda:0')}
INFO:root:{'total_norm': tensor(2.5790, device='cuda:0')}
INFO:root:{'total_norm': tensor(3.0089, device='cuda:0')}
INFO:root:{'total_norm': tensor(3.8869, device='cuda:0')}
INFO:root:{'total_norm': tensor(1.9593, device='cuda:0')}
INFO:root:lr=0.03
INFO:root:Round 76's server1 train acc:  18.54%, train loss: 2.0519
INFO:root:Round 76's server2 train acc:  18.67%, train loss: 2.0522
INFO:root:Round 76's server  test  acc:  20.73%, test  loss: 2.0128
INFO:root:selected clients: [6 8 4 5 2 9 1 0 7 3]
INFO:root:{'total_norm': tensor(3.4905, device='cuda:0')}
INFO:root:{'total_norm': tensor(3.6664, device='cuda:0')}
INFO:root:{'total_norm': tensor(3.2971, device='cuda:0')}
INFO:root:{'total_norm': tensor(3.2228, device='cuda:0')}
INFO:root:{'total_norm': tensor(2.6983, device='cuda:0')}
INFO:root:{'total_norm': tensor(3.8530, device='cuda:0')}
INFO:root:{'total_norm': tensor(2.7725, device='cuda:0')}
INFO:root:{'total_norm': tensor(2.1034, device='cuda:0')}
INFO:root:{'total_norm': tensor(2.4225, device='cuda:0')}
INFO:root:{'total_norm': tensor(3.8814, device='cuda:0')}
INFO:root:lr=0.03
INFO:root:Round 77's server1 train acc:  13.36%, train loss: 2.7455
INFO:root:Round 77's server2 train acc:  13.35%, train loss: 2.7479
INFO:root:Round 77's server  test  acc:  12.63%, test  loss: 2.8874
INFO:root:selected clients: [5 7 1 6 3 2 4 8 9 0]
INFO:root:{'total_norm': tensor(3.0724, device='cuda:0')}
INFO:root:{'total_norm': tensor(3.6717, device='cuda:0')}
INFO:root:{'total_norm': tensor(3.0383, device='cuda:0')}
INFO:root:{'total_norm': tensor(2.9912, device='cuda:0')}
INFO:root:{'total_norm': tensor(1.9369, device='cuda:0')}
INFO:root:{'total_norm': tensor(2.4372, device='cuda:0')}
INFO:root:{'total_norm': tensor(2.6753, device='cuda:0')}
INFO:root:{'total_norm': tensor(3.5312, device='cuda:0')}
INFO:root:{'total_norm': tensor(4.4648, device='cuda:0')}
INFO:root:{'total_norm': tensor(2.3335, device='cuda:0')}
INFO:root:lr=0.03
INFO:root:Round 78's server1 train acc:  19.05%, train loss: 2.0181
INFO:root:Round 78's server2 train acc:  18.97%, train loss: 2.0190
INFO:root:Round 78's server  test  acc:  20.40%, test  loss: 1.9698
INFO:root:selected clients: [7 5 8 3 4 0 9 1 2 6]
INFO:root:{'total_norm': tensor(2.6340, device='cuda:0')}
INFO:root:{'total_norm': tensor(3.5893, device='cuda:0')}
INFO:root:{'total_norm': tensor(3.8178, device='cuda:0')}
INFO:root:{'total_norm': tensor(3.7736, device='cuda:0')}
INFO:root:{'total_norm': tensor(4.0039, device='cuda:0')}
INFO:root:{'total_norm': tensor(2.6349, device='cuda:0')}
INFO:root:{'total_norm': tensor(3.2027, device='cuda:0')}
INFO:root:{'total_norm': tensor(3.0203, device='cuda:0')}
INFO:root:{'total_norm': tensor(2.3086, device='cuda:0')}
INFO:root:{'total_norm': tensor(3.2151, device='cuda:0')}
INFO:root:lr=0.03
INFO:root:Round 79's server1 train acc:  22.19%, train loss: 2.0194
INFO:root:Round 79's server2 train acc:  22.25%, train loss: 2.0203
INFO:root:Round 79's server  test  acc:  22.41%, test  loss: 2.0208
INFO:root:selected clients: [9 7 4 1 3 0 6 2 8 5]
INFO:root:{'total_norm': tensor(2.5564, device='cuda:0')}
INFO:root:{'total_norm': tensor(3.1336, device='cuda:0')}
INFO:root:{'total_norm': tensor(3.3421, device='cuda:0')}
INFO:root:{'total_norm': tensor(3.1857, device='cuda:0')}
INFO:root:{'total_norm': tensor(3.7427, device='cuda:0')}
INFO:root:{'total_norm': tensor(2.1044, device='cuda:0')}
INFO:root:{'total_norm': tensor(2.9756, device='cuda:0')}
INFO:root:{'total_norm': tensor(2.5597, device='cuda:0')}
INFO:root:{'total_norm': tensor(3.1667, device='cuda:0')}
INFO:root:{'total_norm': tensor(3.6557, device='cuda:0')}
INFO:root:lr=0.03
INFO:root:Round 80's server1 train acc:  15.49%, train loss: 2.5125
INFO:root:Round 80's server2 train acc:  15.45%, train loss: 2.5134
INFO:root:Round 80's server  test  acc:  15.26%, test  loss: 2.5720
INFO:root:selected clients: [4 2 6 3 0 1 7 8 5 9]
INFO:root:{'total_norm': tensor(3.3779, device='cuda:0')}
INFO:root:{'total_norm': tensor(3.3192, device='cuda:0')}
INFO:root:{'total_norm': tensor(2.5233, device='cuda:0')}
INFO:root:{'total_norm': tensor(2.2339, device='cuda:0')}
INFO:root:{'total_norm': tensor(2.2555, device='cuda:0')}
INFO:root:{'total_norm': tensor(3.0063, device='cuda:0')}
INFO:root:{'total_norm': tensor(2.9167, device='cuda:0')}
INFO:root:{'total_norm': tensor(2.3637, device='cuda:0')}
INFO:root:{'total_norm': tensor(3.5333, device='cuda:0')}
INFO:root:{'total_norm': tensor(3.5021, device='cuda:0')}
INFO:root:lr=0.03
INFO:root:Round 81's server1 train acc:  17.94%, train loss: 2.1237
INFO:root:Round 81's server2 train acc:  17.93%, train loss: 2.1233
INFO:root:Round 81's server  test  acc:  19.04%, test  loss: 2.1641
INFO:root:selected clients: [7 5 8 9 2 3 0 4 6 1]
INFO:root:{'total_norm': tensor(2.7929, device='cuda:0')}
INFO:root:{'total_norm': tensor(3.2439, device='cuda:0')}
INFO:root:{'total_norm': tensor(2.1940, device='cuda:0')}
INFO:root:{'total_norm': tensor(2.8651, device='cuda:0')}
INFO:root:{'total_norm': tensor(3.4983, device='cuda:0')}
INFO:root:{'total_norm': tensor(3.6604, device='cuda:0')}
INFO:root:{'total_norm': tensor(2.2309, device='cuda:0')}
INFO:root:{'total_norm': tensor(3.0840, device='cuda:0')}
INFO:root:{'total_norm': tensor(3.2488, device='cuda:0')}
INFO:root:{'total_norm': tensor(4.3385, device='cuda:0')}
INFO:root:lr=0.03
INFO:root:Round 82's server1 train acc:  16.33%, train loss: 2.4649
INFO:root:Round 82's server2 train acc:  16.37%, train loss: 2.4648
INFO:root:Round 82's server  test  acc:  16.64%, test  loss: 2.3948
INFO:root:selected clients: [1 5 0 6 9 2 4 8 3 7]
INFO:root:{'total_norm': tensor(0.5026, device='cuda:0')}
INFO:root:{'total_norm': tensor(2.8741, device='cuda:0')}
INFO:root:{'total_norm': tensor(2.0456, device='cuda:0')}
INFO:root:{'total_norm': tensor(3.5798, device='cuda:0')}
INFO:root:{'total_norm': tensor(3.6308, device='cuda:0')}
INFO:root:{'total_norm': tensor(2.2691, device='cuda:0')}
INFO:root:{'total_norm': tensor(3.0627, device='cuda:0')}
INFO:root:{'total_norm': tensor(4.1721, device='cuda:0')}
INFO:root:{'total_norm': tensor(3.5109, device='cuda:0')}
INFO:root:{'total_norm': tensor(2.9147, device='cuda:0')}
INFO:root:lr=0.03
INFO:root:Round 83's server1 train acc:  17.44%, train loss: 2.2788
INFO:root:Round 83's server2 train acc:  17.41%, train loss: 2.2808
INFO:root:Round 83's server  test  acc:  18.71%, test  loss: 2.2105
INFO:root:selected clients: [5 9 7 1 6 0 8 4 3 2]
INFO:root:{'total_norm': tensor(3.4978, device='cuda:0')}
INFO:root:{'total_norm': tensor(2.7396, device='cuda:0')}
INFO:root:{'total_norm': tensor(2.9528, device='cuda:0')}
INFO:root:{'total_norm': tensor(2.8933, device='cuda:0')}
INFO:root:{'total_norm': tensor(3.5588, device='cuda:0')}
INFO:root:{'total_norm': tensor(2.1786, device='cuda:0')}
INFO:root:{'total_norm': tensor(1.7455, device='cuda:0')}
INFO:root:{'total_norm': tensor(3.8464, device='cuda:0')}
INFO:root:{'total_norm': tensor(3.6622, device='cuda:0')}
INFO:root:{'total_norm': tensor(2.1949, device='cuda:0')}
INFO:root:lr=0.03
INFO:root:Round 84's server1 train acc:  20.02%, train loss: 2.0461
INFO:root:Round 84's server2 train acc:  20.00%, train loss: 2.0449
INFO:root:Round 84's server  test  acc:  20.06%, test  loss: 2.0337
INFO:root:selected clients: [2 5 0 4 3 6 1 7 8 9]
INFO:root:{'total_norm': tensor(2.8866, device='cuda:0')}
INFO:root:{'total_norm': tensor(3.3748, device='cuda:0')}
INFO:root:{'total_norm': tensor(2.2026, device='cuda:0')}
INFO:root:{'total_norm': tensor(3.4252, device='cuda:0')}
INFO:root:{'total_norm': tensor(2.7049, device='cuda:0')}
INFO:root:{'total_norm': tensor(3.1006, device='cuda:0')}
INFO:root:{'total_norm': tensor(4.0616, device='cuda:0')}
INFO:root:{'total_norm': tensor(3.0578, device='cuda:0')}
INFO:root:{'total_norm': tensor(3.5932, device='cuda:0')}
INFO:root:{'total_norm': tensor(4.1056, device='cuda:0')}
INFO:root:lr=0.03
INFO:root:Round 85's server1 train acc:  17.13%, train loss: 2.2423
INFO:root:Round 85's server2 train acc:  17.16%, train loss: 2.2437
INFO:root:Round 85's server  test  acc:  17.10%, test  loss: 2.3009
INFO:root:selected clients: [4 9 5 8 0 1 2 6 3 7]
INFO:root:{'total_norm': tensor(3.9359, device='cuda:0')}
INFO:root:{'total_norm': tensor(1.5910, device='cuda:0')}
INFO:root:{'total_norm': tensor(3.2286, device='cuda:0')}
INFO:root:{'total_norm': tensor(1.9761, device='cuda:0')}
INFO:root:{'total_norm': tensor(2.2192, device='cuda:0')}
INFO:root:{'total_norm': tensor(3.3330, device='cuda:0')}
INFO:root:{'total_norm': tensor(2.6622, device='cuda:0')}
INFO:root:{'total_norm': tensor(3.0608, device='cuda:0')}
INFO:root:{'total_norm': tensor(3.8668, device='cuda:0')}
INFO:root:{'total_norm': tensor(2.3419, device='cuda:0')}
INFO:root:lr=0.03
INFO:root:Round 86's server1 train acc:  17.34%, train loss: 2.1174
INFO:root:Round 86's server2 train acc:  17.37%, train loss: 2.1161
INFO:root:Round 86's server  test  acc:  17.72%, test  loss: 2.1035
INFO:root:selected clients: [2 8 9 6 0 3 5 4 1 7]
INFO:root:{'total_norm': tensor(2.5182, device='cuda:0')}
INFO:root:{'total_norm': tensor(3.4358, device='cuda:0')}
INFO:root:{'total_norm': tensor(3.2923, device='cuda:0')}
INFO:root:{'total_norm': tensor(1.8664, device='cuda:0')}
INFO:root:{'total_norm': tensor(2.5879, device='cuda:0')}
INFO:root:{'total_norm': tensor(3.3385, device='cuda:0')}
INFO:root:{'total_norm': tensor(2.8713, device='cuda:0')}
INFO:root:{'total_norm': tensor(3.3074, device='cuda:0')}
INFO:root:{'total_norm': tensor(3.6141, device='cuda:0')}
INFO:root:{'total_norm': tensor(2.5823, device='cuda:0')}
INFO:root:lr=0.03
INFO:root:Round 87's server1 train acc:  17.39%, train loss: 2.0852
INFO:root:Round 87's server2 train acc:  17.33%, train loss: 2.0856
INFO:root:Round 87's server  test  acc:  18.90%, test  loss: 2.0477
INFO:root:selected clients: [3 9 7 0 5 2 1 4 8 6]
INFO:root:{'total_norm': tensor(2.9666, device='cuda:0')}
INFO:root:{'total_norm': tensor(2.7250, device='cuda:0')}
INFO:root:{'total_norm': tensor(2.9308, device='cuda:0')}
INFO:root:{'total_norm': tensor(2.5262, device='cuda:0')}
INFO:root:{'total_norm': tensor(3.4551, device='cuda:0')}
INFO:root:{'total_norm': tensor(2.2903, device='cuda:0')}
INFO:root:{'total_norm': tensor(3.8040, device='cuda:0')}
INFO:root:{'total_norm': tensor(3.1442, device='cuda:0')}
INFO:root:{'total_norm': tensor(4.0404, device='cuda:0')}
INFO:root:{'total_norm': tensor(3.3664, device='cuda:0')}
INFO:root:lr=0.03
INFO:root:Round 88's server1 train acc:  18.56%, train loss: 2.4217
INFO:root:Round 88's server2 train acc:  18.59%, train loss: 2.4230
INFO:root:Round 88's server  test  acc:  18.81%, test  loss: 2.4530
INFO:root:selected clients: [1 9 0 6 3 2 7 8 4 5]
INFO:root:{'total_norm': tensor(2.9828, device='cuda:0')}
INFO:root:{'total_norm': tensor(4.3782, device='cuda:0')}
INFO:root:{'total_norm': tensor(2.4030, device='cuda:0')}
INFO:root:{'total_norm': tensor(2.2506, device='cuda:0')}
INFO:root:{'total_norm': tensor(3.9498, device='cuda:0')}
INFO:root:{'total_norm': tensor(1.8768, device='cuda:0')}
INFO:root:{'total_norm': tensor(2.2325, device='cuda:0')}
INFO:root:{'total_norm': tensor(3.6452, device='cuda:0')}
INFO:root:{'total_norm': tensor(3.5806, device='cuda:0')}
INFO:root:{'total_norm': tensor(2.8654, device='cuda:0')}
INFO:root:lr=0.03
INFO:root:Round 89's server1 train acc:  19.85%, train loss: 2.0587
INFO:root:Round 89's server2 train acc:  19.64%, train loss: 2.0584
INFO:root:Round 89's server  test  acc:  19.56%, test  loss: 2.0645
INFO:root:selected clients: [0 7 1 4 8 9 6 5 3 2]
INFO:root:{'total_norm': tensor(2.4096, device='cuda:0')}
INFO:root:{'total_norm': tensor(2.5374, device='cuda:0')}
INFO:root:{'total_norm': tensor(2.7459, device='cuda:0')}
INFO:root:{'total_norm': tensor(3.4715, device='cuda:0')}
INFO:root:{'total_norm': tensor(3.0950, device='cuda:0')}
INFO:root:{'total_norm': tensor(4.1017, device='cuda:0')}
INFO:root:{'total_norm': tensor(1.8820, device='cuda:0')}
INFO:root:{'total_norm': tensor(3.2457, device='cuda:0')}
INFO:root:{'total_norm': tensor(3.4001, device='cuda:0')}
INFO:root:{'total_norm': tensor(2.1952, device='cuda:0')}
INFO:root:lr=0.03
INFO:root:Round 90's server1 train acc:  22.58%, train loss: 1.9820
INFO:root:Round 90's server2 train acc:  22.64%, train loss: 1.9824
INFO:root:Round 90's server  test  acc:  23.17%, test  loss: 1.9685
INFO:root:selected clients: [4 6 0 9 8 5 3 7 1 2]
INFO:root:{'total_norm': tensor(3.1906, device='cuda:0')}
INFO:root:{'total_norm': tensor(3.0632, device='cuda:0')}
INFO:root:{'total_norm': tensor(2.2794, device='cuda:0')}
INFO:root:{'total_norm': tensor(3.8947, device='cuda:0')}
INFO:root:{'total_norm': tensor(1.5971, device='cuda:0')}
INFO:root:{'total_norm': tensor(3.4648, device='cuda:0')}
INFO:root:{'total_norm': tensor(3.1806, device='cuda:0')}
INFO:root:{'total_norm': tensor(2.5611, device='cuda:0')}
INFO:root:{'total_norm': tensor(3.7121, device='cuda:0')}
INFO:root:{'total_norm': tensor(1.9339, device='cuda:0')}
INFO:root:lr=0.03
INFO:root:Round 91's server1 train acc:  15.11%, train loss: 2.1342
INFO:root:Round 91's server2 train acc:  15.17%, train loss: 2.1359
INFO:root:Round 91's server  test  acc:  17.44%, test  loss: 2.0865
INFO:root:selected clients: [1 3 4 2 9 0 7 8 5 6]
INFO:root:{'total_norm': tensor(2.6068, device='cuda:0')}
INFO:root:{'total_norm': tensor(1.5035, device='cuda:0')}
INFO:root:{'total_norm': tensor(3.6453, device='cuda:0')}
INFO:root:{'total_norm': tensor(2.1826, device='cuda:0')}
INFO:root:{'total_norm': tensor(3.8096, device='cuda:0')}
INFO:root:{'total_norm': tensor(2.1135, device='cuda:0')}
INFO:root:{'total_norm': tensor(2.3327, device='cuda:0')}
INFO:root:{'total_norm': tensor(3.0777, device='cuda:0')}
INFO:root:{'total_norm': tensor(3.2839, device='cuda:0')}
INFO:root:{'total_norm': tensor(2.0849, device='cuda:0')}
INFO:root:lr=0.03
INFO:root:Round 92's server1 train acc:  13.83%, train loss: 3.4663
INFO:root:Round 92's server2 train acc:  13.66%, train loss: 3.4655
INFO:root:Round 92's server  test  acc:  14.19%, test  loss: 3.4130
INFO:root:selected clients: [7 1 5 8 0 6 4 2 9 3]
INFO:root:{'total_norm': tensor(2.7028, device='cuda:0')}
INFO:root:{'total_norm': tensor(3.1252, device='cuda:0')}
INFO:root:{'total_norm': tensor(2.8643, device='cuda:0')}
INFO:root:{'total_norm': tensor(3.4731, device='cuda:0')}
INFO:root:{'total_norm': tensor(2.2178, device='cuda:0')}
INFO:root:{'total_norm': tensor(2.1018, device='cuda:0')}
INFO:root:{'total_norm': tensor(3.1880, device='cuda:0')}
INFO:root:{'total_norm': tensor(2.1096, device='cuda:0')}
INFO:root:{'total_norm': tensor(3.2963, device='cuda:0')}
INFO:root:{'total_norm': tensor(2.8247, device='cuda:0')}
INFO:root:lr=0.03
INFO:root:Round 93's server1 train acc:  15.21%, train loss: 2.8686
INFO:root:Round 93's server2 train acc:  15.17%, train loss: 2.8732
INFO:root:Round 93's server  test  acc:  14.66%, test  loss: 2.9399
INFO:root:selected clients: [5 8 1 7 0 9 2 3 6 4]
INFO:root:{'total_norm': tensor(2.9826, device='cuda:0')}
INFO:root:{'total_norm': tensor(2.7959, device='cuda:0')}
INFO:root:{'total_norm': tensor(2.8168, device='cuda:0')}
INFO:root:{'total_norm': tensor(2.6671, device='cuda:0')}
INFO:root:{'total_norm': tensor(2.5366, device='cuda:0')}
INFO:root:{'total_norm': tensor(3.6319, device='cuda:0')}
INFO:root:{'total_norm': tensor(1.9345, device='cuda:0')}
INFO:root:{'total_norm': tensor(3.0669, device='cuda:0')}
INFO:root:{'total_norm': tensor(3.4201, device='cuda:0')}
INFO:root:{'total_norm': tensor(3.2426, device='cuda:0')}
INFO:root:lr=0.03
INFO:root:Round 94's server1 train acc:  19.03%, train loss: 2.0800
INFO:root:Round 94's server2 train acc:  18.85%, train loss: 2.0824
INFO:root:Round 94's server  test  acc:  19.46%, test  loss: 2.0462
INFO:root:selected clients: [0 5 3 9 1 7 6 2 8 4]
INFO:root:{'total_norm': tensor(2.5573, device='cuda:0')}
INFO:root:{'total_norm': tensor(2.8989, device='cuda:0')}
INFO:root:{'total_norm': tensor(2.1347, device='cuda:0')}
INFO:root:{'total_norm': tensor(2.2404, device='cuda:0')}
INFO:root:{'total_norm': tensor(4.1876, device='cuda:0')}
INFO:root:{'total_norm': tensor(2.5632, device='cuda:0')}
INFO:root:{'total_norm': tensor(3.3273, device='cuda:0')}
INFO:root:{'total_norm': tensor(2.0700, device='cuda:0')}
INFO:root:{'total_norm': tensor(3.8185, device='cuda:0')}
INFO:root:{'total_norm': tensor(3.4193, device='cuda:0')}
INFO:root:lr=0.03
INFO:root:Round 95's server1 train acc:  16.64%, train loss: 2.2041
INFO:root:Round 95's server2 train acc:  16.56%, train loss: 2.2048
INFO:root:Round 95's server  test  acc:  17.00%, test  loss: 2.1640
INFO:root:selected clients: [6 0 7 5 9 1 8 3 2 4]
INFO:root:{'total_norm': tensor(1.5653, device='cuda:0')}
INFO:root:{'total_norm': tensor(2.9346, device='cuda:0')}
INFO:root:{'total_norm': tensor(3.0611, device='cuda:0')}
INFO:root:{'total_norm': tensor(2.8192, device='cuda:0')}
INFO:root:{'total_norm': tensor(2.2278, device='cuda:0')}
INFO:root:{'total_norm': tensor(4.2430, device='cuda:0')}
INFO:root:{'total_norm': tensor(2.5856, device='cuda:0')}
INFO:root:{'total_norm': tensor(3.9323, device='cuda:0')}
INFO:root:{'total_norm': tensor(2.2527, device='cuda:0')}
INFO:root:{'total_norm': tensor(3.7876, device='cuda:0')}
INFO:root:lr=0.03
INFO:root:Round 96's server1 train acc:  15.07%, train loss: 2.2661
INFO:root:Round 96's server2 train acc:  14.97%, train loss: 2.2652
INFO:root:Round 96's server  test  acc:  17.01%, test  loss: 2.1818
INFO:root:selected clients: [2 7 1 3 4 5 9 6 0 8]
INFO:root:{'total_norm': tensor(2.6700, device='cuda:0')}
INFO:root:{'total_norm': tensor(2.8662, device='cuda:0')}
INFO:root:{'total_norm': tensor(3.5755, device='cuda:0')}
INFO:root:{'total_norm': tensor(3.1272, device='cuda:0')}
INFO:root:{'total_norm': tensor(3.0401, device='cuda:0')}
INFO:root:{'total_norm': tensor(3.5430, device='cuda:0')}
INFO:root:{'total_norm': tensor(3.7346, device='cuda:0')}
INFO:root:{'total_norm': tensor(2.1301, device='cuda:0')}
INFO:root:{'total_norm': tensor(2.9882, device='cuda:0')}
INFO:root:{'total_norm': tensor(2.4451, device='cuda:0')}
INFO:root:lr=0.03
INFO:root:Round 97's server1 train acc:  15.96%, train loss: 3.6575
INFO:root:Round 97's server2 train acc:  15.79%, train loss: 3.6510
INFO:root:Round 97's server  test  acc:  16.81%, test  loss: 3.3093
INFO:root:selected clients: [1 7 4 6 0 3 2 8 5 9]
INFO:root:{'total_norm': tensor(2.3827, device='cuda:0')}
INFO:root:{'total_norm': tensor(2.6992, device='cuda:0')}
INFO:root:{'total_norm': tensor(3.2513, device='cuda:0')}
INFO:root:{'total_norm': tensor(2.3777, device='cuda:0')}
INFO:root:{'total_norm': tensor(2.5406, device='cuda:0')}
INFO:root:{'total_norm': tensor(3.4736, device='cuda:0')}
INFO:root:{'total_norm': tensor(1.8721, device='cuda:0')}
INFO:root:{'total_norm': tensor(3.6281, device='cuda:0')}
INFO:root:{'total_norm': tensor(3.1123, device='cuda:0')}
INFO:root:{'total_norm': tensor(2.9800, device='cuda:0')}
INFO:root:lr=0.03
INFO:root:Round 98's server1 train acc:  19.05%, train loss: 2.1851
INFO:root:Round 98's server2 train acc:  18.85%, train loss: 2.1858
INFO:root:Round 98's server  test  acc:  18.31%, test  loss: 2.2196
INFO:root:selected clients: [1 9 6 2 3 8 4 7 5 0]
INFO:root:{'total_norm': tensor(3.9235, device='cuda:0')}
INFO:root:{'total_norm': tensor(3.4849, device='cuda:0')}
INFO:root:{'total_norm': tensor(3.0309, device='cuda:0')}
INFO:root:{'total_norm': tensor(2.1784, device='cuda:0')}
INFO:root:{'total_norm': tensor(3.5498, device='cuda:0')}
INFO:root:{'total_norm': tensor(3.3832, device='cuda:0')}
INFO:root:{'total_norm': tensor(2.6510, device='cuda:0')}
INFO:root:{'total_norm': tensor(2.7364, device='cuda:0')}
INFO:root:{'total_norm': tensor(2.9025, device='cuda:0')}
INFO:root:{'total_norm': tensor(2.1886, device='cuda:0')}
INFO:root:lr=0.03
INFO:root:Round 99's server1 train acc:  21.64%, train loss: 1.9887
INFO:root:Round 99's server2 train acc:  21.76%, train loss: 1.9877
INFO:root:Round 99's server  test  acc:  22.84%, test  loss: 1.9630
INFO:root:selected clients: [1 3 6 8 5 9 2 4 7 0]
INFO:root:{'total_norm': tensor(3.4556, device='cuda:0')}
INFO:root:{'total_norm': tensor(4.4493, device='cuda:0')}
INFO:root:{'total_norm': tensor(2.4077, device='cuda:0')}
INFO:root:{'total_norm': tensor(4.1814, device='cuda:0')}
INFO:root:{'total_norm': tensor(3.6358, device='cuda:0')}
INFO:root:{'total_norm': tensor(3.4538, device='cuda:0')}
INFO:root:{'total_norm': tensor(2.3683, device='cuda:0')}
INFO:root:{'total_norm': tensor(3.3325, device='cuda:0')}
INFO:root:{'total_norm': tensor(2.4980, device='cuda:0')}
INFO:root:{'total_norm': tensor(2.4062, device='cuda:0')}
INFO:root:lr=0.03
INFO:root:Round 100's server1 train acc:  16.97%, train loss: 2.2178
INFO:root:Round 100's server2 train acc:  16.82%, train loss: 2.2182
INFO:root:Round 100's server  test  acc:  18.72%, test  loss: 2.1773
INFO:root:TrainingTime: 2744.8960978984833 sec
