INFO:root:Namespace(m='wvgg9k4', d='cifar10', s=2, R=100, K=5, M=10, P=10, partition='exdir', alpha=[1, 10.0], optim='sgd', lr=0.03, lr_decay=1.0, momentum=0.0, weight_decay=0.0001, global_lr=1.0, batch_size=20, seed=1234, clip=10, log='Log', eval_num=100, tail_eval_num=0, device=0, save_model=0, start_round=0, case=2)
INFO:root:record_name: CWT-IV2_M10_P10_K5_R100_wvgg9k4_cifar10_exdir1,10.0_sgd0.03,1.0,0.0,0.0001_b20_seed1234_clip10
INFO:root:VGG(
  (features): Sequential(
    (0): Conv2d(3, 32, kernel_size=(3, 3), stride=(1, 1), padding=(1, 1))
    (1): ReLU(inplace=True)
    (2): MaxPool2d(kernel_size=2, stride=2, padding=0, dilation=1, ceil_mode=False)
    (3): Conv2d(32, 64, kernel_size=(3, 3), stride=(1, 1), padding=(1, 1))
    (4): ReLU(inplace=True)
    (5): MaxPool2d(kernel_size=2, stride=2, padding=0, dilation=1, ceil_mode=False)
    (6): Conv2d(64, 128, kernel_size=(3, 3), stride=(1, 1), padding=(1, 1))
    (7): ReLU(inplace=True)
    (8): Conv2d(128, 128, kernel_size=(3, 3), stride=(1, 1), padding=(1, 1))
    (9): ReLU(inplace=True)
    (10): MaxPool2d(kernel_size=2, stride=2, padding=0, dilation=1, ceil_mode=False)
    (11): Conv2d(128, 256, kernel_size=(3, 3), stride=(1, 1), padding=(1, 1))
    (12): ReLU(inplace=True)
    (13): Conv2d(256, 256, kernel_size=(3, 3), stride=(1, 1), padding=(1, 1))
    (14): ReLU(inplace=True)
    (15): MaxPool2d(kernel_size=2, stride=2, padding=0, dilation=1, ceil_mode=False)
    (16): Conv2d(256, 256, kernel_size=(3, 3), stride=(1, 1), padding=(1, 1))
    (17): ReLU(inplace=True)
    (18): Conv2d(256, 256, kernel_size=(3, 3), stride=(1, 1), padding=(1, 1))
    (19): ReLU(inplace=True)
    (20): MaxPool2d(kernel_size=2, stride=2, padding=0, dilation=1, ceil_mode=False)
  )
  (avgpool): AdaptiveAvgPool2d(output_size=(1, 1))
  (flatten): Flatten(start_dim=1, end_dim=-1)
  (classifier): Linear(in_features=256, out_features=10, bias=True)
)
INFO:root:selected clients: [7 2 9 1 0 8 4 5 6 3]
INFO:root:{'total_norm': tensor(0.7614, device='cuda:0')}
INFO:root:{'total_norm': tensor(0.6393, device='cuda:0')}
INFO:root:{'total_norm': tensor(0.3460, device='cuda:0')}
INFO:root:{'total_norm': tensor(5.7167, device='cuda:0')}
INFO:root:{'total_norm': tensor(4.5475, device='cuda:0')}
INFO:root:{'total_norm': tensor(2.8395, device='cuda:0')}
INFO:root:{'total_norm': tensor(1.7875, device='cuda:0')}
INFO:root:{'total_norm': tensor(1.3146, device='cuda:0')}
INFO:root:{'total_norm': tensor(1.1551, device='cuda:0')}
INFO:root:{'total_norm': tensor(1.0859, device='cuda:0')}
INFO:root:lr=0.03
INFO:root:Round 1's server1 train acc:  10.02%, train loss: 2.3042
INFO:root:Round 1's server2 train acc:  10.02%, train loss: 2.3042
INFO:root:Round 1's server  test  acc:  10.60%, test  loss: 2.3038
INFO:root:selected clients: [7 1 9 5 8 4 3 0 2 6]
INFO:root:{'total_norm': tensor(0.9983, device='cuda:0')}
INFO:root:{'total_norm': tensor(1.0209, device='cuda:0')}
INFO:root:{'total_norm': tensor(1.0764, device='cuda:0')}
INFO:root:{'total_norm': tensor(1.0017, device='cuda:0')}
INFO:root:{'total_norm': tensor(1.1161, device='cuda:0')}
INFO:root:{'total_norm': tensor(1.1521, device='cuda:0')}
INFO:root:{'total_norm': tensor(1.0858, device='cuda:0')}
INFO:root:{'total_norm': tensor(1.1218, device='cuda:0')}
INFO:root:{'total_norm': tensor(1.0300, device='cuda:0')}
INFO:root:{'total_norm': tensor(1.0278, device='cuda:0')}
INFO:root:lr=0.03
INFO:root:Round 2's server1 train acc:  12.30%, train loss: 2.3035
INFO:root:Round 2's server2 train acc:  12.30%, train loss: 2.3035
INFO:root:Round 2's server  test  acc:  12.78%, test  loss: 2.3031
INFO:root:selected clients: [8 0 5 7 2 4 9 6 1 3]
INFO:root:{'total_norm': tensor(1.1578, device='cuda:0')}
INFO:root:{'total_norm': tensor(1.5843, device='cuda:0')}
INFO:root:{'total_norm': tensor(1.2328, device='cuda:0')}
INFO:root:{'total_norm': tensor(1.0942, device='cuda:0')}
INFO:root:{'total_norm': tensor(1.0293, device='cuda:0')}
INFO:root:{'total_norm': tensor(1.1067, device='cuda:0')}
INFO:root:{'total_norm': tensor(1.0682, device='cuda:0')}
INFO:root:{'total_norm': tensor(1.0168, device='cuda:0')}
INFO:root:{'total_norm': tensor(1.0226, device='cuda:0')}
INFO:root:{'total_norm': tensor(1.0135, device='cuda:0')}
INFO:root:lr=0.03
INFO:root:Round 3's server1 train acc:  10.32%, train loss: 2.3030
INFO:root:Round 3's server2 train acc:  10.32%, train loss: 2.3030
INFO:root:Round 3's server  test  acc:   9.87%, test  loss: 2.3029
INFO:root:selected clients: [7 2 3 8 6 1 0 9 4 5]
INFO:root:{'total_norm': tensor(0.9695, device='cuda:0')}
INFO:root:{'total_norm': tensor(0.9697, device='cuda:0')}
INFO:root:{'total_norm': tensor(0.9809, device='cuda:0')}
INFO:root:{'total_norm': tensor(0.9863, device='cuda:0')}
INFO:root:{'total_norm': tensor(0.9681, device='cuda:0')}
INFO:root:{'total_norm': tensor(0.9852, device='cuda:0')}
INFO:root:{'total_norm': tensor(1.0377, device='cuda:0')}
INFO:root:{'total_norm': tensor(1.0085, device='cuda:0')}
INFO:root:{'total_norm': tensor(1.0154, device='cuda:0')}
INFO:root:{'total_norm': tensor(0.9887, device='cuda:0')}
INFO:root:lr=0.03
INFO:root:Round 4's server1 train acc:  13.70%, train loss: 2.3023
INFO:root:Round 4's server2 train acc:  13.70%, train loss: 2.3023
INFO:root:Round 4's server  test  acc:  14.13%, test  loss: 2.3020
INFO:root:selected clients: [0 7 9 1 3 4 6 8 5 2]
INFO:root:{'total_norm': tensor(1.2811, device='cuda:0')}
INFO:root:{'total_norm': tensor(1.0480, device='cuda:0')}
INFO:root:{'total_norm': tensor(1.1170, device='cuda:0')}
INFO:root:{'total_norm': tensor(1.2387, device='cuda:0')}
INFO:root:{'total_norm': tensor(1.0812, device='cuda:0')}
INFO:root:{'total_norm': tensor(1.0589, device='cuda:0')}
INFO:root:{'total_norm': tensor(1.0046, device='cuda:0')}
INFO:root:{'total_norm': tensor(1.0289, device='cuda:0')}
INFO:root:{'total_norm': tensor(0.9935, device='cuda:0')}
INFO:root:{'total_norm': tensor(0.9932, device='cuda:0')}
INFO:root:lr=0.03
INFO:root:Round 5's server1 train acc:  11.47%, train loss: 2.3023
INFO:root:Round 5's server2 train acc:  11.47%, train loss: 2.3023
INFO:root:Round 5's server  test  acc:  10.73%, test  loss: 2.3021
INFO:root:selected clients: [8 4 0 5 1 2 6 3 7 9]
INFO:root:{'total_norm': tensor(1.0149, device='cuda:0')}
INFO:root:{'total_norm': tensor(1.0704, device='cuda:0')}
INFO:root:{'total_norm': tensor(1.5116, device='cuda:0')}
INFO:root:{'total_norm': tensor(1.2114, device='cuda:0')}
INFO:root:{'total_norm': tensor(1.9710, device='cuda:0')}
INFO:root:{'total_norm': tensor(1.3100, device='cuda:0')}
INFO:root:{'total_norm': tensor(1.1258, device='cuda:0')}
INFO:root:{'total_norm': tensor(1.0488, device='cuda:0')}
INFO:root:{'total_norm': tensor(0.9967, device='cuda:0')}
INFO:root:{'total_norm': tensor(0.9942, device='cuda:0')}
INFO:root:lr=0.03
INFO:root:Round 6's server1 train acc:  10.45%, train loss: 2.3024
INFO:root:Round 6's server2 train acc:  10.45%, train loss: 2.3024
INFO:root:Round 6's server  test  acc:  10.17%, test  loss: 2.3024
INFO:root:selected clients: [5 3 6 0 8 2 1 9 4 7]
INFO:root:{'total_norm': tensor(0.9687, device='cuda:0')}
INFO:root:{'total_norm': tensor(0.9757, device='cuda:0')}
INFO:root:{'total_norm': tensor(0.9591, device='cuda:0')}
INFO:root:{'total_norm': tensor(0.9997, device='cuda:0')}
INFO:root:{'total_norm': tensor(0.9795, device='cuda:0')}
INFO:root:{'total_norm': tensor(0.9745, device='cuda:0')}
INFO:root:{'total_norm': tensor(1.2678, device='cuda:0')}
INFO:root:{'total_norm': tensor(1.1247, device='cuda:0')}
INFO:root:{'total_norm': tensor(1.1210, device='cuda:0')}
INFO:root:{'total_norm': tensor(1.0348, device='cuda:0')}
INFO:root:lr=0.03
INFO:root:Round 7's server1 train acc:  14.26%, train loss: 2.3000
INFO:root:Round 7's server2 train acc:  14.26%, train loss: 2.3000
INFO:root:Round 7's server  test  acc:  15.59%, test  loss: 2.2998
INFO:root:selected clients: [1 6 5 2 8 7 9 4 0 3]
INFO:root:{'total_norm': tensor(1.8569, device='cuda:0')}
INFO:root:{'total_norm': tensor(1.0959, device='cuda:0')}
INFO:root:{'total_norm': tensor(1.0186, device='cuda:0')}
INFO:root:{'total_norm': tensor(1.0560, device='cuda:0')}
INFO:root:{'total_norm': tensor(1.0630, device='cuda:0')}
INFO:root:{'total_norm': tensor(1.0096, device='cuda:0')}
INFO:root:{'total_norm': tensor(1.0424, device='cuda:0')}
INFO:root:{'total_norm': tensor(1.0501, device='cuda:0')}
INFO:root:{'total_norm': tensor(1.2865, device='cuda:0')}
INFO:root:{'total_norm': tensor(1.0694, device='cuda:0')}
INFO:root:lr=0.03
INFO:root:Round 8's server1 train acc:  10.79%, train loss: 2.3005
INFO:root:Round 8's server2 train acc:  10.79%, train loss: 2.3005
INFO:root:Round 8's server  test  acc:  10.38%, test  loss: 2.3006
INFO:root:selected clients: [4 5 0 6 1 8 3 7 9 2]
INFO:root:{'total_norm': tensor(1.0131, device='cuda:0')}
INFO:root:{'total_norm': tensor(0.9809, device='cuda:0')}
INFO:root:{'total_norm': tensor(1.3661, device='cuda:0')}
INFO:root:{'total_norm': tensor(1.0195, device='cuda:0')}
INFO:root:{'total_norm': tensor(2.0215, device='cuda:0')}
INFO:root:{'total_norm': tensor(2.4787, device='cuda:0')}
INFO:root:{'total_norm': tensor(1.1425, device='cuda:0')}
INFO:root:{'total_norm': tensor(1.0352, device='cuda:0')}
INFO:root:{'total_norm': tensor(1.0071, device='cuda:0')}
INFO:root:{'total_norm': tensor(0.9828, device='cuda:0')}
INFO:root:lr=0.03
INFO:root:Round 9's server1 train acc:  10.00%, train loss: 2.3006
INFO:root:Round 9's server2 train acc:  10.00%, train loss: 2.3006
INFO:root:Round 9's server  test  acc:  10.00%, test  loss: 2.3007
INFO:root:selected clients: [8 2 6 4 3 9 7 0 1 5]
INFO:root:{'total_norm': tensor(1.1845, device='cuda:0')}
INFO:root:{'total_norm': tensor(0.9966, device='cuda:0')}
INFO:root:{'total_norm': tensor(1.0048, device='cuda:0')}
INFO:root:{'total_norm': tensor(0.9913, device='cuda:0')}
INFO:root:{'total_norm': tensor(0.9864, device='cuda:0')}
INFO:root:{'total_norm': tensor(1.0071, device='cuda:0')}
INFO:root:{'total_norm': tensor(0.9728, device='cuda:0')}
INFO:root:{'total_norm': tensor(1.0579, device='cuda:0')}
INFO:root:{'total_norm': tensor(1.6084, device='cuda:0')}
INFO:root:{'total_norm': tensor(1.0384, device='cuda:0')}
INFO:root:lr=0.03
INFO:root:Round 10's server1 train acc:  12.73%, train loss: 2.2959
INFO:root:Round 10's server2 train acc:  12.73%, train loss: 2.2959
INFO:root:Round 10's server  test  acc:  12.12%, test  loss: 2.2958
INFO:root:selected clients: [2 6 0 8 5 4 9 1 7 3]
INFO:root:{'total_norm': tensor(1.0069, device='cuda:0')}
INFO:root:{'total_norm': tensor(0.9835, device='cuda:0')}
INFO:root:{'total_norm': tensor(1.2587, device='cuda:0')}
INFO:root:{'total_norm': tensor(3.5315, device='cuda:0')}
INFO:root:{'total_norm': tensor(2.3231, device='cuda:0')}
INFO:root:{'total_norm': tensor(5.4080, device='cuda:0')}
INFO:root:{'total_norm': tensor(2.7734, device='cuda:0')}
INFO:root:{'total_norm': tensor(6.1991, device='cuda:0')}
INFO:root:{'total_norm': tensor(1.9765, device='cuda:0')}
INFO:root:{'total_norm': tensor(1.2907, device='cuda:0')}
INFO:root:lr=0.03
INFO:root:Round 11's server1 train acc:  11.86%, train loss: 2.2992
INFO:root:Round 11's server2 train acc:  11.86%, train loss: 2.2992
INFO:root:Round 11's server  test  acc:  11.59%, test  loss: 2.2981
INFO:root:selected clients: [2 4 0 9 3 6 5 1 7 8]
INFO:root:{'total_norm': tensor(1.1300, device='cuda:0')}
INFO:root:{'total_norm': tensor(1.2472, device='cuda:0')}
INFO:root:{'total_norm': tensor(1.1204, device='cuda:0')}
INFO:root:{'total_norm': tensor(1.1267, device='cuda:0')}
INFO:root:{'total_norm': tensor(1.2176, device='cuda:0')}
INFO:root:{'total_norm': tensor(1.0804, device='cuda:0')}
INFO:root:{'total_norm': tensor(0.9873, device='cuda:0')}
INFO:root:{'total_norm': tensor(1.4947, device='cuda:0')}
INFO:root:{'total_norm': tensor(1.4718, device='cuda:0')}
INFO:root:{'total_norm': tensor(1.2742, device='cuda:0')}
INFO:root:lr=0.03
INFO:root:Round 12's server1 train acc:  10.77%, train loss: 2.2939
INFO:root:Round 12's server2 train acc:  10.77%, train loss: 2.2939
INFO:root:Round 12's server  test  acc:  10.85%, test  loss: 2.2922
INFO:root:selected clients: [9 4 7 3 5 1 8 0 6 2]
INFO:root:{'total_norm': tensor(1.9837, device='cuda:0')}
INFO:root:{'total_norm': tensor(4.4781, device='cuda:0')}
INFO:root:{'total_norm': tensor(0.9851, device='cuda:0')}
INFO:root:{'total_norm': tensor(5.6699, device='cuda:0')}
INFO:root:{'total_norm': tensor(1.6537, device='cuda:0')}
INFO:root:{'total_norm': tensor(2.7789, device='cuda:0')}
INFO:root:{'total_norm': tensor(2.0193, device='cuda:0')}
INFO:root:{'total_norm': tensor(1.3128, device='cuda:0')}
INFO:root:{'total_norm': tensor(1.0802, device='cuda:0')}
INFO:root:{'total_norm': tensor(0.9965, device='cuda:0')}
INFO:root:lr=0.03
INFO:root:Round 13's server1 train acc:  10.01%, train loss: 2.3018
INFO:root:Round 13's server2 train acc:  10.01%, train loss: 2.3018
INFO:root:Round 13's server  test  acc:  10.02%, test  loss: 2.3020
INFO:root:selected clients: [2 9 8 4 6 0 5 7 1 3]
INFO:root:{'total_norm': tensor(0.9561, device='cuda:0')}
INFO:root:{'total_norm': tensor(0.9684, device='cuda:0')}
INFO:root:{'total_norm': tensor(0.9945, device='cuda:0')}
INFO:root:{'total_norm': tensor(0.9892, device='cuda:0')}
INFO:root:{'total_norm': tensor(0.9686, device='cuda:0')}
INFO:root:{'total_norm': tensor(0.9963, device='cuda:0')}
INFO:root:{'total_norm': tensor(0.9749, device='cuda:0')}
INFO:root:{'total_norm': tensor(1.0276, device='cuda:0')}
INFO:root:{'total_norm': tensor(1.4759, device='cuda:0')}
INFO:root:{'total_norm': tensor(1.9791, device='cuda:0')}
INFO:root:lr=0.03
INFO:root:Round 14's server1 train acc:  10.00%, train loss: 2.3026
INFO:root:Round 14's server2 train acc:  10.00%, train loss: 2.3026
INFO:root:Round 14's server  test  acc:  10.10%, test  loss: 2.2980
INFO:root:selected clients: [6 8 5 2 0 3 4 9 7 1]
INFO:root:{'total_norm': tensor(1.0955, device='cuda:0')}
INFO:root:{'total_norm': tensor(1.4515, device='cuda:0')}
INFO:root:{'total_norm': tensor(1.0770, device='cuda:0')}
INFO:root:{'total_norm': tensor(1.1174, device='cuda:0')}
INFO:root:{'total_norm': tensor(0.9895, device='cuda:0')}
INFO:root:{'total_norm': tensor(1.3759, device='cuda:0')}
INFO:root:{'total_norm': tensor(1.0805, device='cuda:0')}
INFO:root:{'total_norm': tensor(1.0155, device='cuda:0')}
INFO:root:{'total_norm': tensor(1.0570, device='cuda:0')}
INFO:root:{'total_norm': tensor(1.5859, device='cuda:0')}
INFO:root:lr=0.03
INFO:root:Round 15's server1 train acc:  12.36%, train loss: 2.2930
INFO:root:Round 15's server2 train acc:  12.36%, train loss: 2.2930
INFO:root:Round 15's server  test  acc:  13.12%, test  loss: 2.2916
INFO:root:selected clients: [2 5 8 7 9 0 6 4 3 1]
INFO:root:{'total_norm': tensor(1.0893, device='cuda:0')}
INFO:root:{'total_norm': tensor(0.9735, device='cuda:0')}
INFO:root:{'total_norm': tensor(1.3880, device='cuda:0')}
INFO:root:{'total_norm': tensor(1.5809, device='cuda:0')}
INFO:root:{'total_norm': tensor(1.1153, device='cuda:0')}
INFO:root:{'total_norm': tensor(1.1669, device='cuda:0')}
INFO:root:{'total_norm': tensor(1.0365, device='cuda:0')}
INFO:root:{'total_norm': tensor(0.9972, device='cuda:0')}
INFO:root:{'total_norm': tensor(1.0462, device='cuda:0')}
INFO:root:{'total_norm': tensor(1.5247, device='cuda:0')}
INFO:root:lr=0.03
INFO:root:Round 16's server1 train acc:  13.85%, train loss: 2.2863
INFO:root:Round 16's server2 train acc:  13.85%, train loss: 2.2863
INFO:root:Round 16's server  test  acc:  16.51%, test  loss: 2.2851
INFO:root:selected clients: [0 8 9 1 3 7 6 5 2 4]
INFO:root:{'total_norm': tensor(1.8281, device='cuda:0')}
INFO:root:{'total_norm': tensor(5.6260, device='cuda:0')}
INFO:root:{'total_norm': tensor(3.5528, device='cuda:0')}
INFO:root:{'total_norm': tensor(0.7963, device='cuda:0')}
INFO:root:{'total_norm': tensor(5.3581, device='cuda:0')}
INFO:root:{'total_norm': tensor(5.3809, device='cuda:0')}
INFO:root:{'total_norm': tensor(1.4222, device='cuda:0')}
INFO:root:{'total_norm': tensor(1.0411, device='cuda:0')}
INFO:root:{'total_norm': tensor(1.0647, device='cuda:0')}
INFO:root:{'total_norm': tensor(1.0057, device='cuda:0')}
INFO:root:lr=0.03
INFO:root:Round 17's server1 train acc:  10.00%, train loss: 2.3037
INFO:root:Round 17's server2 train acc:  10.00%, train loss: 2.3037
INFO:root:Round 17's server  test  acc:  10.01%, test  loss: 2.3037
INFO:root:selected clients: [7 4 3 8 9 6 0 1 5 2]
INFO:root:{'total_norm': tensor(1.7707, device='cuda:0')}
INFO:root:{'total_norm': tensor(1.0825, device='cuda:0')}
INFO:root:{'total_norm': tensor(1.5058, device='cuda:0')}
INFO:root:{'total_norm': tensor(1.2338, device='cuda:0')}
INFO:root:{'total_norm': tensor(1.1115, device='cuda:0')}
INFO:root:{'total_norm': tensor(1.0398, device='cuda:0')}
INFO:root:{'total_norm': tensor(1.0559, device='cuda:0')}
INFO:root:{'total_norm': tensor(1.1729, device='cuda:0')}
INFO:root:{'total_norm': tensor(1.0490, device='cuda:0')}
INFO:root:{'total_norm': tensor(1.0078, device='cuda:0')}
INFO:root:lr=0.03
INFO:root:Round 18's server1 train acc:  10.01%, train loss: 2.3010
INFO:root:Round 18's server2 train acc:  10.01%, train loss: 2.3010
INFO:root:Round 18's server  test  acc:  10.01%, test  loss: 2.3011
INFO:root:selected clients: [9 5 1 3 6 4 8 2 0 7]
INFO:root:{'total_norm': tensor(1.0203, device='cuda:0')}
INFO:root:{'total_norm': tensor(1.0668, device='cuda:0')}
INFO:root:{'total_norm': tensor(1.0861, device='cuda:0')}
INFO:root:{'total_norm': tensor(1.4413, device='cuda:0')}
INFO:root:{'total_norm': tensor(1.1597, device='cuda:0')}
INFO:root:{'total_norm': tensor(1.0512, device='cuda:0')}
INFO:root:{'total_norm': tensor(1.0645, device='cuda:0')}
INFO:root:{'total_norm': tensor(1.0112, device='cuda:0')}
INFO:root:{'total_norm': tensor(0.9944, device='cuda:0')}
INFO:root:{'total_norm': tensor(1.6388, device='cuda:0')}
INFO:root:lr=0.03
INFO:root:Round 19's server1 train acc:  16.67%, train loss: 2.2888
INFO:root:Round 19's server2 train acc:  16.67%, train loss: 2.2888
INFO:root:Round 19's server  test  acc:  16.63%, test  loss: 2.2886
INFO:root:selected clients: [3 4 2 5 8 6 7 0 9 1]
INFO:root:{'total_norm': tensor(2.6273, device='cuda:0')}
INFO:root:{'total_norm': tensor(1.4285, device='cuda:0')}
INFO:root:{'total_norm': tensor(1.1881, device='cuda:0')}
INFO:root:{'total_norm': tensor(1.0305, device='cuda:0')}
INFO:root:{'total_norm': tensor(1.0127, device='cuda:0')}
INFO:root:{'total_norm': tensor(1.0199, device='cuda:0')}
INFO:root:{'total_norm': tensor(1.6580, device='cuda:0')}
INFO:root:{'total_norm': tensor(1.1194, device='cuda:0')}
INFO:root:{'total_norm': tensor(1.0107, device='cuda:0')}
INFO:root:{'total_norm': tensor(1.3730, device='cuda:0')}
INFO:root:lr=0.03
INFO:root:Round 20's server1 train acc:  13.22%, train loss: 2.2846
INFO:root:Round 20's server2 train acc:  13.22%, train loss: 2.2846
INFO:root:Round 20's server  test  acc:  14.37%, test  loss: 2.2832
INFO:root:selected clients: [4 7 9 8 6 2 5 3 0 1]
INFO:root:{'total_norm': tensor(1.4275, device='cuda:0')}
INFO:root:{'total_norm': tensor(5.1250, device='cuda:0')}
INFO:root:{'total_norm': tensor(4.6413, device='cuda:0')}
INFO:root:{'total_norm': tensor(3.8250, device='cuda:0')}
INFO:root:{'total_norm': tensor(1.2647, device='cuda:0')}
INFO:root:{'total_norm': tensor(1.1094, device='cuda:0')}
INFO:root:{'total_norm': tensor(1.2759, device='cuda:0')}
INFO:root:{'total_norm': tensor(1.8288, device='cuda:0')}
INFO:root:{'total_norm': tensor(1.1359, device='cuda:0')}
INFO:root:{'total_norm': tensor(1.0955, device='cuda:0')}
INFO:root:lr=0.03
INFO:root:Round 21's server1 train acc:  11.53%, train loss: 2.2909
INFO:root:Round 21's server2 train acc:  11.53%, train loss: 2.2909
INFO:root:Round 21's server  test  acc:  11.98%, test  loss: 2.2905
INFO:root:selected clients: [0 7 3 2 6 9 8 4 5 1]
INFO:root:{'total_norm': tensor(0.9935, device='cuda:0')}
INFO:root:{'total_norm': tensor(1.2273, device='cuda:0')}
INFO:root:{'total_norm': tensor(2.2675, device='cuda:0')}
INFO:root:{'total_norm': tensor(1.1242, device='cuda:0')}
INFO:root:{'total_norm': tensor(1.8998, device='cuda:0')}
INFO:root:{'total_norm': tensor(2.2124, device='cuda:0')}
INFO:root:{'total_norm': tensor(3.0240, device='cuda:0')}
INFO:root:{'total_norm': tensor(2.0018, device='cuda:0')}
INFO:root:{'total_norm': tensor(3.0055, device='cuda:0')}
INFO:root:{'total_norm': tensor(2.2617, device='cuda:0')}
INFO:root:lr=0.03
INFO:root:Round 22's server1 train acc:  10.65%, train loss: 2.3031
INFO:root:Round 22's server2 train acc:  10.65%, train loss: 2.3031
INFO:root:Round 22's server  test  acc:  10.52%, test  loss: 2.3003
INFO:root:selected clients: [4 0 7 5 8 2 9 3 1 6]
INFO:root:{'total_norm': tensor(3.1155, device='cuda:0')}
INFO:root:{'total_norm': tensor(1.7114, device='cuda:0')}
INFO:root:{'total_norm': tensor(1.7091, device='cuda:0')}
INFO:root:{'total_norm': tensor(3.5613, device='cuda:0')}
INFO:root:{'total_norm': tensor(3.8001, device='cuda:0')}
INFO:root:{'total_norm': tensor(1.4452, device='cuda:0')}
INFO:root:{'total_norm': tensor(1.3720, device='cuda:0')}
INFO:root:{'total_norm': tensor(1.2888, device='cuda:0')}
INFO:root:{'total_norm': tensor(1.3626, device='cuda:0')}
INFO:root:{'total_norm': tensor(1.1537, device='cuda:0')}
INFO:root:lr=0.03
INFO:root:Round 23's server1 train acc:  16.10%, train loss: 2.2874
INFO:root:Round 23's server2 train acc:  16.10%, train loss: 2.2874
INFO:root:Round 23's server  test  acc:  16.55%, test  loss: 2.2875
INFO:root:selected clients: [0 3 1 8 4 5 7 2 9 6]
INFO:root:{'total_norm': tensor(1.0602, device='cuda:0')}
INFO:root:{'total_norm': tensor(1.1212, device='cuda:0')}
INFO:root:{'total_norm': tensor(1.5113, device='cuda:0')}
INFO:root:{'total_norm': tensor(5.5910, device='cuda:0')}
INFO:root:{'total_norm': tensor(3.6609, device='cuda:0')}
INFO:root:{'total_norm': tensor(1.5326, device='cuda:0')}
INFO:root:{'total_norm': tensor(1.7758, device='cuda:0')}
INFO:root:{'total_norm': tensor(1.2313, device='cuda:0')}
INFO:root:{'total_norm': tensor(1.0516, device='cuda:0')}
INFO:root:{'total_norm': tensor(1.0603, device='cuda:0')}
INFO:root:lr=0.03
INFO:root:Round 24's server1 train acc:  16.18%, train loss: 2.2914
INFO:root:Round 24's server2 train acc:  16.18%, train loss: 2.2914
INFO:root:Round 24's server  test  acc:  16.10%, test  loss: 2.2921
INFO:root:selected clients: [6 1 7 4 8 3 9 5 2 0]
INFO:root:{'total_norm': tensor(0.9974, device='cuda:0')}
INFO:root:{'total_norm': tensor(1.0322, device='cuda:0')}
INFO:root:{'total_norm': tensor(1.5158, device='cuda:0')}
INFO:root:{'total_norm': tensor(3.8023, device='cuda:0')}
INFO:root:{'total_norm': tensor(1.0317, device='cuda:0')}
INFO:root:{'total_norm': tensor(2.9074, device='cuda:0')}
INFO:root:{'total_norm': tensor(3.7430, device='cuda:0')}
INFO:root:{'total_norm': tensor(1.4271, device='cuda:0')}
INFO:root:{'total_norm': tensor(1.1727, device='cuda:0')}
INFO:root:{'total_norm': tensor(1.1294, device='cuda:0')}
INFO:root:lr=0.03
INFO:root:Round 25's server1 train acc:  16.16%, train loss: 2.3004
INFO:root:Round 25's server2 train acc:  16.16%, train loss: 2.3004
INFO:root:Round 25's server  test  acc:  15.83%, test  loss: 2.3000
INFO:root:selected clients: [2 0 3 7 4 9 5 6 8 1]
INFO:root:{'total_norm': tensor(0.9501, device='cuda:0')}
INFO:root:{'total_norm': tensor(0.9794, device='cuda:0')}
INFO:root:{'total_norm': tensor(1.0850, device='cuda:0')}
INFO:root:{'total_norm': tensor(1.0574, device='cuda:0')}
INFO:root:{'total_norm': tensor(1.0318, device='cuda:0')}
INFO:root:{'total_norm': tensor(1.2522, device='cuda:0')}
INFO:root:{'total_norm': tensor(1.8294, device='cuda:0')}
INFO:root:{'total_norm': tensor(1.2817, device='cuda:0')}
INFO:root:{'total_norm': tensor(1.4729, device='cuda:0')}
INFO:root:{'total_norm': tensor(1.1101, device='cuda:0')}
INFO:root:lr=0.03
INFO:root:Round 26's server1 train acc:  14.33%, train loss: 2.2822
INFO:root:Round 26's server2 train acc:  14.33%, train loss: 2.2822
INFO:root:Round 26's server  test  acc:  14.65%, test  loss: 2.2817
INFO:root:selected clients: [4 7 1 2 0 9 8 5 6 3]
INFO:root:{'total_norm': tensor(1.2574, device='cuda:0')}
INFO:root:{'total_norm': tensor(1.4613, device='cuda:0')}
INFO:root:{'total_norm': tensor(1.3295, device='cuda:0')}
INFO:root:{'total_norm': tensor(1.1760, device='cuda:0')}
INFO:root:{'total_norm': tensor(1.0728, device='cuda:0')}
INFO:root:{'total_norm': tensor(1.1477, device='cuda:0')}
INFO:root:{'total_norm': tensor(1.7929, device='cuda:0')}
INFO:root:{'total_norm': tensor(3.3124, device='cuda:0')}
INFO:root:{'total_norm': tensor(5.3821, device='cuda:0')}
INFO:root:{'total_norm': tensor(5.5574, device='cuda:0')}
INFO:root:lr=0.03
INFO:root:Round 27's server1 train acc:  10.00%, train loss: 4.8463
INFO:root:Round 27's server2 train acc:  10.00%, train loss: 4.8463
INFO:root:Round 27's server  test  acc:  10.00%, test  loss: 5.0332
INFO:root:selected clients: [7 2 6 4 9 5 1 0 8 3]
INFO:root:{'total_norm': tensor(1.9772, device='cuda:0')}
INFO:root:{'total_norm': tensor(1.2709, device='cuda:0')}
INFO:root:{'total_norm': tensor(3.1098, device='cuda:0')}
INFO:root:{'total_norm': tensor(1.4101, device='cuda:0')}
INFO:root:{'total_norm': tensor(1.5018, device='cuda:0')}
INFO:root:{'total_norm': tensor(2.0966, device='cuda:0')}
INFO:root:{'total_norm': tensor(1.4549, device='cuda:0')}
INFO:root:{'total_norm': tensor(1.2703, device='cuda:0')}
INFO:root:{'total_norm': tensor(3.1211, device='cuda:0')}
INFO:root:{'total_norm': tensor(2.9062, device='cuda:0')}
INFO:root:lr=0.03
INFO:root:Round 28's server1 train acc:  14.09%, train loss: 2.3690
INFO:root:Round 28's server2 train acc:  14.09%, train loss: 2.3690
INFO:root:Round 28's server  test  acc:  15.98%, test  loss: 2.3428
INFO:root:selected clients: [4 2 7 8 9 6 5 3 1 0]
INFO:root:{'total_norm': tensor(5.1808, device='cuda:0')}
INFO:root:{'total_norm': tensor(1.5381, device='cuda:0')}
INFO:root:{'total_norm': tensor(1.9147, device='cuda:0')}
INFO:root:{'total_norm': tensor(5.3411, device='cuda:0')}
INFO:root:{'total_norm': tensor(4.8869, device='cuda:0')}
INFO:root:{'total_norm': tensor(2.7765, device='cuda:0')}
INFO:root:{'total_norm': tensor(2.2816, device='cuda:0')}
INFO:root:{'total_norm': tensor(0.9142, device='cuda:0')}
INFO:root:{'total_norm': tensor(1.4253, device='cuda:0')}
INFO:root:{'total_norm': tensor(1.2254, device='cuda:0')}
INFO:root:lr=0.03
INFO:root:Round 29's server1 train acc:  13.56%, train loss: 2.2660
INFO:root:Round 29's server2 train acc:  13.56%, train loss: 2.2660
INFO:root:Round 29's server  test  acc:  13.39%, test  loss: 2.2648
INFO:root:selected clients: [7 9 8 5 1 3 0 2 6 4]
INFO:root:{'total_norm': tensor(1.2737, device='cuda:0')}
INFO:root:{'total_norm': tensor(2.3395, device='cuda:0')}
INFO:root:{'total_norm': tensor(4.8468, device='cuda:0')}
INFO:root:{'total_norm': tensor(2.9888, device='cuda:0')}
INFO:root:{'total_norm': tensor(1.9666, device='cuda:0')}
INFO:root:{'total_norm': tensor(1.4704, device='cuda:0')}
INFO:root:{'total_norm': tensor(1.3564, device='cuda:0')}
INFO:root:{'total_norm': tensor(1.2407, device='cuda:0')}
INFO:root:{'total_norm': tensor(1.8784, device='cuda:0')}
INFO:root:{'total_norm': tensor(1.1582, device='cuda:0')}
INFO:root:lr=0.03
INFO:root:Round 30's server1 train acc:  15.47%, train loss: 2.2632
INFO:root:Round 30's server2 train acc:  15.47%, train loss: 2.2632
INFO:root:Round 30's server  test  acc:  15.28%, test  loss: 2.2625
INFO:root:selected clients: [5 4 2 3 7 6 0 8 9 1]
INFO:root:{'total_norm': tensor(4.0822, device='cuda:0')}
INFO:root:{'total_norm': tensor(1.9933, device='cuda:0')}
INFO:root:{'total_norm': tensor(1.2406, device='cuda:0')}
INFO:root:{'total_norm': tensor(3.8212, device='cuda:0')}
INFO:root:{'total_norm': tensor(1.2404, device='cuda:0')}
INFO:root:{'total_norm': tensor(3.1550, device='cuda:0')}
INFO:root:{'total_norm': tensor(1.4578, device='cuda:0')}
INFO:root:{'total_norm': tensor(4.0868, device='cuda:0')}
INFO:root:{'total_norm': tensor(4.0392, device='cuda:0')}
INFO:root:{'total_norm': tensor(2.3414, device='cuda:0')}
INFO:root:lr=0.03
INFO:root:Round 31's server1 train acc:  10.39%, train loss: 2.3800
INFO:root:Round 31's server2 train acc:  10.39%, train loss: 2.3800
INFO:root:Round 31's server  test  acc:  10.45%, test  loss: 2.3654
INFO:root:selected clients: [0 8 2 9 7 3 5 6 1 4]
INFO:root:{'total_norm': tensor(1.5441, device='cuda:0')}
INFO:root:{'total_norm': tensor(4.3496, device='cuda:0')}
INFO:root:{'total_norm': tensor(1.5732, device='cuda:0')}
INFO:root:{'total_norm': tensor(3.9639, device='cuda:0')}
INFO:root:{'total_norm': tensor(1.9827, device='cuda:0')}
INFO:root:{'total_norm': tensor(2.1648, device='cuda:0')}
INFO:root:{'total_norm': tensor(1.8033, device='cuda:0')}
INFO:root:{'total_norm': tensor(3.5261, device='cuda:0')}
INFO:root:{'total_norm': tensor(1.2817, device='cuda:0')}
INFO:root:{'total_norm': tensor(1.3065, device='cuda:0')}
INFO:root:lr=0.03
INFO:root:Round 32's server1 train acc:  14.45%, train loss: 2.2686
INFO:root:Round 32's server2 train acc:  14.45%, train loss: 2.2686
INFO:root:Round 32's server  test  acc:  14.25%, test  loss: 2.2697
INFO:root:selected clients: [4 0 1 6 9 3 8 7 5 2]
INFO:root:{'total_norm': tensor(2.3434, device='cuda:0')}
INFO:root:{'total_norm': tensor(1.2456, device='cuda:0')}
INFO:root:{'total_norm': tensor(1.3835, device='cuda:0')}
INFO:root:{'total_norm': tensor(0.9220, device='cuda:0')}
INFO:root:{'total_norm': tensor(1.5404, device='cuda:0')}
INFO:root:{'total_norm': tensor(2.5658, device='cuda:0')}
INFO:root:{'total_norm': tensor(2.1571, device='cuda:0')}
INFO:root:{'total_norm': tensor(2.4617, device='cuda:0')}
INFO:root:{'total_norm': tensor(1.9105, device='cuda:0')}
INFO:root:{'total_norm': tensor(1.3724, device='cuda:0')}
INFO:root:lr=0.03
INFO:root:Round 33's server1 train acc:  16.58%, train loss: 2.2475
INFO:root:Round 33's server2 train acc:  16.58%, train loss: 2.2475
INFO:root:Round 33's server  test  acc:  17.06%, test  loss: 2.2437
INFO:root:selected clients: [9 0 1 5 2 7 8 3 4 6]
INFO:root:{'total_norm': tensor(2.4738, device='cuda:0')}
INFO:root:{'total_norm': tensor(1.4564, device='cuda:0')}
INFO:root:{'total_norm': tensor(1.3451, device='cuda:0')}
INFO:root:{'total_norm': tensor(2.7140, device='cuda:0')}
INFO:root:{'total_norm': tensor(1.2923, device='cuda:0')}
INFO:root:{'total_norm': tensor(1.7876, device='cuda:0')}
INFO:root:{'total_norm': tensor(3.1497, device='cuda:0')}
INFO:root:{'total_norm': tensor(2.8425, device='cuda:0')}
INFO:root:{'total_norm': tensor(2.0941, device='cuda:0')}
INFO:root:{'total_norm': tensor(2.1755, device='cuda:0')}
INFO:root:lr=0.03
INFO:root:Round 34's server1 train acc:  10.72%, train loss: 4.2132
INFO:root:Round 34's server2 train acc:  10.72%, train loss: 4.2132
INFO:root:Round 34's server  test  acc:  10.42%, test  loss: 4.4507
INFO:root:selected clients: [2 0 6 8 3 5 4 7 1 9]
INFO:root:{'total_norm': tensor(1.2186, device='cuda:0')}
INFO:root:{'total_norm': tensor(1.2785, device='cuda:0')}
INFO:root:{'total_norm': tensor(1.3485, device='cuda:0')}
INFO:root:{'total_norm': tensor(2.3764, device='cuda:0')}
INFO:root:{'total_norm': tensor(3.0928, device='cuda:0')}
INFO:root:{'total_norm': tensor(3.3157, device='cuda:0')}
INFO:root:{'total_norm': tensor(3.9583, device='cuda:0')}
INFO:root:{'total_norm': tensor(4.4017, device='cuda:0')}
INFO:root:{'total_norm': tensor(2.3387, device='cuda:0')}
INFO:root:{'total_norm': tensor(3.2720, device='cuda:0')}
INFO:root:lr=0.03
INFO:root:Round 35's server1 train acc:  10.86%, train loss: 2.4663
INFO:root:Round 35's server2 train acc:  10.86%, train loss: 2.4663
INFO:root:Round 35's server  test  acc:  11.50%, test  loss: 2.4191
INFO:root:selected clients: [3 0 5 7 1 4 2 8 6 9]
INFO:root:{'total_norm': tensor(1.4978, device='cuda:0')}
INFO:root:{'total_norm': tensor(1.7687, device='cuda:0')}
INFO:root:{'total_norm': tensor(4.5565, device='cuda:0')}
INFO:root:{'total_norm': tensor(2.3158, device='cuda:0')}
INFO:root:{'total_norm': tensor(2.3846, device='cuda:0')}
INFO:root:{'total_norm': tensor(2.8485, device='cuda:0')}
INFO:root:{'total_norm': tensor(1.7062, device='cuda:0')}
INFO:root:{'total_norm': tensor(1.9234, device='cuda:0')}
INFO:root:{'total_norm': tensor(3.7017, device='cuda:0')}
INFO:root:{'total_norm': tensor(2.0804, device='cuda:0')}
INFO:root:lr=0.03
INFO:root:Round 36's server1 train acc:  18.66%, train loss: 2.1892
INFO:root:Round 36's server2 train acc:  18.66%, train loss: 2.1892
INFO:root:Round 36's server  test  acc:  18.55%, test  loss: 2.1876
INFO:root:selected clients: [9 0 6 4 3 5 7 8 1 2]
INFO:root:{'total_norm': tensor(5.2822, device='cuda:0')}
INFO:root:{'total_norm': tensor(1.4801, device='cuda:0')}
INFO:root:{'total_norm': tensor(1.5533, device='cuda:0')}
INFO:root:{'total_norm': tensor(1.7948, device='cuda:0')}
INFO:root:{'total_norm': tensor(5.3807, device='cuda:0')}
INFO:root:{'total_norm': tensor(4.6922, device='cuda:0')}
INFO:root:{'total_norm': tensor(1.8180, device='cuda:0')}
INFO:root:{'total_norm': tensor(2.6903, device='cuda:0')}
INFO:root:{'total_norm': tensor(3.6760, device='cuda:0')}
INFO:root:{'total_norm': tensor(1.7796, device='cuda:0')}
INFO:root:lr=0.03
INFO:root:Round 37's server1 train acc:  12.84%, train loss: 2.3156
INFO:root:Round 37's server2 train acc:  12.84%, train loss: 2.3156
INFO:root:Round 37's server  test  acc:  13.48%, test  loss: 2.3032
INFO:root:selected clients: [4 5 9 1 6 2 0 7 8 3]
INFO:root:{'total_norm': tensor(2.5088, device='cuda:0')}
INFO:root:{'total_norm': tensor(2.1459, device='cuda:0')}
INFO:root:{'total_norm': tensor(4.0409, device='cuda:0')}
INFO:root:{'total_norm': tensor(3.1932, device='cuda:0')}
INFO:root:{'total_norm': tensor(3.6160, device='cuda:0')}
INFO:root:{'total_norm': tensor(1.7070, device='cuda:0')}
INFO:root:{'total_norm': tensor(1.5567, device='cuda:0')}
INFO:root:{'total_norm': tensor(1.3837, device='cuda:0')}
INFO:root:{'total_norm': tensor(2.1504, device='cuda:0')}
INFO:root:{'total_norm': tensor(1.6201, device='cuda:0')}
INFO:root:lr=0.03
INFO:root:Round 38's server1 train acc:  13.19%, train loss: 2.2472
INFO:root:Round 38's server2 train acc:  13.19%, train loss: 2.2472
INFO:root:Round 38's server  test  acc:  13.30%, test  loss: 2.2407
INFO:root:selected clients: [3 7 0 2 8 9 6 5 1 4]
INFO:root:{'total_norm': tensor(2.6182, device='cuda:0')}
INFO:root:{'total_norm': tensor(3.4149, device='cuda:0')}
INFO:root:{'total_norm': tensor(2.0309, device='cuda:0')}
INFO:root:{'total_norm': tensor(1.6801, device='cuda:0')}
INFO:root:{'total_norm': tensor(3.0717, device='cuda:0')}
INFO:root:{'total_norm': tensor(2.2866, device='cuda:0')}
INFO:root:{'total_norm': tensor(1.3698, device='cuda:0')}
INFO:root:{'total_norm': tensor(3.2252, device='cuda:0')}
INFO:root:{'total_norm': tensor(1.8167, device='cuda:0')}
INFO:root:{'total_norm': tensor(1.6675, device='cuda:0')}
INFO:root:lr=0.03
INFO:root:Round 39's server1 train acc:  16.26%, train loss: 2.1832
INFO:root:Round 39's server2 train acc:  16.26%, train loss: 2.1832
INFO:root:Round 39's server  test  acc:  16.84%, test  loss: 2.1817
INFO:root:selected clients: [1 8 6 2 9 7 4 3 5 0]
INFO:root:{'total_norm': tensor(2.3062, device='cuda:0')}
INFO:root:{'total_norm': tensor(3.9017, device='cuda:0')}
INFO:root:{'total_norm': tensor(4.1999, device='cuda:0')}
INFO:root:{'total_norm': tensor(1.7447, device='cuda:0')}
INFO:root:{'total_norm': tensor(2.4423, device='cuda:0')}
INFO:root:{'total_norm': tensor(1.8980, device='cuda:0')}
INFO:root:{'total_norm': tensor(1.7174, device='cuda:0')}
INFO:root:{'total_norm': tensor(1.9308, device='cuda:0')}
INFO:root:{'total_norm': tensor(4.1050, device='cuda:0')}
INFO:root:{'total_norm': tensor(2.0404, device='cuda:0')}
INFO:root:lr=0.03
INFO:root:Round 40's server1 train acc:  16.33%, train loss: 2.1409
INFO:root:Round 40's server2 train acc:  16.33%, train loss: 2.1409
INFO:root:Round 40's server  test  acc:  16.72%, test  loss: 2.1380
INFO:root:selected clients: [3 0 9 4 2 1 8 7 5 6]
INFO:root:{'total_norm': tensor(3.1699, device='cuda:0')}
INFO:root:{'total_norm': tensor(2.3283, device='cuda:0')}
INFO:root:{'total_norm': tensor(3.2210, device='cuda:0')}
INFO:root:{'total_norm': tensor(2.7451, device='cuda:0')}
INFO:root:{'total_norm': tensor(1.7457, device='cuda:0')}
INFO:root:{'total_norm': tensor(1.8633, device='cuda:0')}
INFO:root:{'total_norm': tensor(4.2792, device='cuda:0')}
INFO:root:{'total_norm': tensor(3.0387, device='cuda:0')}
INFO:root:{'total_norm': tensor(3.6405, device='cuda:0')}
INFO:root:{'total_norm': tensor(2.1015, device='cuda:0')}
INFO:root:lr=0.03
INFO:root:Round 41's server1 train acc:  12.54%, train loss: 3.7441
INFO:root:Round 41's server2 train acc:  12.54%, train loss: 3.7441
INFO:root:Round 41's server  test  acc:  13.01%, test  loss: 3.7667
INFO:root:selected clients: [6 2 9 7 1 4 3 8 0 5]
INFO:root:{'total_norm': tensor(0.2865, device='cuda:0')}
INFO:root:{'total_norm': tensor(1.6373, device='cuda:0')}
INFO:root:{'total_norm': tensor(4.9038, device='cuda:0')}
INFO:root:{'total_norm': tensor(2.7840, device='cuda:0')}
INFO:root:{'total_norm': tensor(2.4191, device='cuda:0')}
INFO:root:{'total_norm': tensor(2.3315, device='cuda:0')}
INFO:root:{'total_norm': tensor(3.3887, device='cuda:0')}
INFO:root:{'total_norm': tensor(4.0082, device='cuda:0')}
INFO:root:{'total_norm': tensor(2.1305, device='cuda:0')}
INFO:root:{'total_norm': tensor(3.5567, device='cuda:0')}
INFO:root:lr=0.03
INFO:root:Round 42's server1 train acc:  17.99%, train loss: 2.1312
INFO:root:Round 42's server2 train acc:  17.99%, train loss: 2.1312
INFO:root:Round 42's server  test  acc:  18.02%, test  loss: 2.1294
INFO:root:selected clients: [6 3 1 7 0 9 8 4 2 5]
INFO:root:{'total_norm': tensor(1.4402, device='cuda:0')}
INFO:root:{'total_norm': tensor(2.5019, device='cuda:0')}
INFO:root:{'total_norm': tensor(3.4125, device='cuda:0')}
INFO:root:{'total_norm': tensor(4.3185, device='cuda:0')}
INFO:root:{'total_norm': tensor(2.9796, device='cuda:0')}
INFO:root:{'total_norm': tensor(3.0204, device='cuda:0')}
INFO:root:{'total_norm': tensor(2.9905, device='cuda:0')}
INFO:root:{'total_norm': tensor(2.2131, device='cuda:0')}
INFO:root:{'total_norm': tensor(1.7023, device='cuda:0')}
INFO:root:{'total_norm': tensor(2.9733, device='cuda:0')}
INFO:root:lr=0.03
INFO:root:Round 43's server1 train acc:  17.82%, train loss: 2.1354
INFO:root:Round 43's server2 train acc:  17.82%, train loss: 2.1354
INFO:root:Round 43's server  test  acc:  18.06%, test  loss: 2.1349
INFO:root:selected clients: [1 4 0 8 9 6 3 5 2 7]
INFO:root:{'total_norm': tensor(1.4266, device='cuda:0')}
INFO:root:{'total_norm': tensor(2.1634, device='cuda:0')}
INFO:root:{'total_norm': tensor(2.4769, device='cuda:0')}
INFO:root:{'total_norm': tensor(3.6369, device='cuda:0')}
INFO:root:{'total_norm': tensor(4.9257, device='cuda:0')}
INFO:root:{'total_norm': tensor(1.4589, device='cuda:0')}
INFO:root:{'total_norm': tensor(2.3705, device='cuda:0')}
INFO:root:{'total_norm': tensor(2.6034, device='cuda:0')}
INFO:root:{'total_norm': tensor(1.7892, device='cuda:0')}
INFO:root:{'total_norm': tensor(2.0501, device='cuda:0')}
INFO:root:lr=0.03
INFO:root:Round 44's server1 train acc:  16.70%, train loss: 2.1680
INFO:root:Round 44's server2 train acc:  16.70%, train loss: 2.1680
INFO:root:Round 44's server  test  acc:  16.87%, test  loss: 2.1668
INFO:root:selected clients: [0 4 8 9 3 2 7 1 6 5]
INFO:root:{'total_norm': tensor(2.4809, device='cuda:0')}
INFO:root:{'total_norm': tensor(2.5565, device='cuda:0')}
INFO:root:{'total_norm': tensor(2.5345, device='cuda:0')}
INFO:root:{'total_norm': tensor(2.6547, device='cuda:0')}
INFO:root:{'total_norm': tensor(4.5478, device='cuda:0')}
INFO:root:{'total_norm': tensor(2.4219, device='cuda:0')}
INFO:root:{'total_norm': tensor(2.0992, device='cuda:0')}
INFO:root:{'total_norm': tensor(1.8738, device='cuda:0')}
INFO:root:{'total_norm': tensor(3.5295, device='cuda:0')}
INFO:root:{'total_norm': tensor(1.5423, device='cuda:0')}
INFO:root:lr=0.03
INFO:root:Round 45's server1 train acc:  10.00%, train loss: 4.5473
INFO:root:Round 45's server2 train acc:  10.00%, train loss: 4.5473
INFO:root:Round 45's server  test  acc:  10.00%, test  loss: 4.5594
INFO:root:selected clients: [6 4 7 1 9 8 2 0 3 5]
INFO:root:{'total_norm': tensor(1.0970, device='cuda:0')}
INFO:root:{'total_norm': tensor(2.2577, device='cuda:0')}
INFO:root:{'total_norm': tensor(2.5393, device='cuda:0')}
INFO:root:{'total_norm': tensor(3.0889, device='cuda:0')}
INFO:root:{'total_norm': tensor(1.3420, device='cuda:0')}
INFO:root:{'total_norm': tensor(1.3559, device='cuda:0')}
INFO:root:{'total_norm': tensor(2.0961, device='cuda:0')}
INFO:root:{'total_norm': tensor(2.0063, device='cuda:0')}
INFO:root:{'total_norm': tensor(2.5615, device='cuda:0')}
INFO:root:{'total_norm': tensor(3.8609, device='cuda:0')}
INFO:root:lr=0.03
INFO:root:Round 46's server1 train acc:  10.60%, train loss: 3.0815
INFO:root:Round 46's server2 train acc:  10.60%, train loss: 3.0815
INFO:root:Round 46's server  test  acc:  10.68%, test  loss: 3.0748
INFO:root:selected clients: [4 9 1 6 0 7 3 5 8 2]
INFO:root:{'total_norm': tensor(2.3622, device='cuda:0')}
INFO:root:{'total_norm': tensor(4.6167, device='cuda:0')}
INFO:root:{'total_norm': tensor(3.6024, device='cuda:0')}
INFO:root:{'total_norm': tensor(4.0874, device='cuda:0')}
INFO:root:{'total_norm': tensor(2.3591, device='cuda:0')}
INFO:root:{'total_norm': tensor(2.0115, device='cuda:0')}
INFO:root:{'total_norm': tensor(2.3863, device='cuda:0')}
INFO:root:{'total_norm': tensor(3.5509, device='cuda:0')}
INFO:root:{'total_norm': tensor(4.1516, device='cuda:0')}
INFO:root:{'total_norm': tensor(1.9425, device='cuda:0')}
INFO:root:lr=0.03
INFO:root:Round 47's server1 train acc:  15.21%, train loss: 2.2420
INFO:root:Round 47's server2 train acc:  15.21%, train loss: 2.2420
INFO:root:Round 47's server  test  acc:  16.20%, test  loss: 2.2083
INFO:root:selected clients: [8 7 5 4 3 6 1 0 9 2]
INFO:root:{'total_norm': tensor(1.6918, device='cuda:0')}
INFO:root:{'total_norm': tensor(3.0295, device='cuda:0')}
INFO:root:{'total_norm': tensor(2.3794, device='cuda:0')}
INFO:root:{'total_norm': tensor(2.1507, device='cuda:0')}
INFO:root:{'total_norm': tensor(4.1460, device='cuda:0')}
INFO:root:{'total_norm': tensor(3.5242, device='cuda:0')}
INFO:root:{'total_norm': tensor(2.2897, device='cuda:0')}
INFO:root:{'total_norm': tensor(2.0150, device='cuda:0')}
INFO:root:{'total_norm': tensor(2.7889, device='cuda:0')}
INFO:root:{'total_norm': tensor(1.8239, device='cuda:0')}
INFO:root:lr=0.03
INFO:root:Round 48's server1 train acc:  11.09%, train loss: 2.2814
INFO:root:Round 48's server2 train acc:  11.09%, train loss: 2.2814
INFO:root:Round 48's server  test  acc:  11.45%, test  loss: 2.2601
INFO:root:selected clients: [6 0 3 7 4 8 2 1 5 9]
INFO:root:{'total_norm': tensor(3.0942, device='cuda:0')}
INFO:root:{'total_norm': tensor(2.3647, device='cuda:0')}
INFO:root:{'total_norm': tensor(3.7562, device='cuda:0')}
INFO:root:{'total_norm': tensor(3.1959, device='cuda:0')}
INFO:root:{'total_norm': tensor(2.2732, device='cuda:0')}
INFO:root:{'total_norm': tensor(4.2512, device='cuda:0')}
INFO:root:{'total_norm': tensor(2.3975, device='cuda:0')}
INFO:root:{'total_norm': tensor(1.8797, device='cuda:0')}
INFO:root:{'total_norm': tensor(3.0375, device='cuda:0')}
INFO:root:{'total_norm': tensor(2.4124, device='cuda:0')}
INFO:root:lr=0.03
INFO:root:Round 49's server1 train acc:  19.42%, train loss: 2.1386
INFO:root:Round 49's server2 train acc:  19.42%, train loss: 2.1386
INFO:root:Round 49's server  test  acc:  19.80%, test  loss: 2.1361
INFO:root:selected clients: [2 3 5 6 1 4 7 0 9 8]
INFO:root:{'total_norm': tensor(2.1281, device='cuda:0')}
INFO:root:{'total_norm': tensor(3.7724, device='cuda:0')}
INFO:root:{'total_norm': tensor(2.6576, device='cuda:0')}
INFO:root:{'total_norm': tensor(1.8413, device='cuda:0')}
INFO:root:{'total_norm': tensor(2.3328, device='cuda:0')}
INFO:root:{'total_norm': tensor(2.5727, device='cuda:0')}
INFO:root:{'total_norm': tensor(2.6299, device='cuda:0')}
INFO:root:{'total_norm': tensor(2.2386, device='cuda:0')}
INFO:root:{'total_norm': tensor(2.4956, device='cuda:0')}
INFO:root:{'total_norm': tensor(3.8058, device='cuda:0')}
INFO:root:lr=0.03
INFO:root:Round 50's server1 train acc:  12.82%, train loss: 2.5282
INFO:root:Round 50's server2 train acc:  12.82%, train loss: 2.5282
INFO:root:Round 50's server  test  acc:  14.32%, test  loss: 2.3921
INFO:root:selected clients: [1 8 4 5 7 9 6 0 3 2]
INFO:root:{'total_norm': tensor(2.7776, device='cuda:0')}
INFO:root:{'total_norm': tensor(1.5443, device='cuda:0')}
INFO:root:{'total_norm': tensor(3.1288, device='cuda:0')}
INFO:root:{'total_norm': tensor(4.0087, device='cuda:0')}
INFO:root:{'total_norm': tensor(2.2517, device='cuda:0')}
INFO:root:{'total_norm': tensor(4.4820, device='cuda:0')}
INFO:root:{'total_norm': tensor(1.5923, device='cuda:0')}
INFO:root:{'total_norm': tensor(2.0230, device='cuda:0')}
INFO:root:{'total_norm': tensor(2.6528, device='cuda:0')}
INFO:root:{'total_norm': tensor(1.7733, device='cuda:0')}
INFO:root:lr=0.03
INFO:root:Round 51's server1 train acc:  20.07%, train loss: 2.1205
INFO:root:Round 51's server2 train acc:  20.07%, train loss: 2.1205
INFO:root:Round 51's server  test  acc:  21.37%, test  loss: 2.1089
INFO:root:selected clients: [3 8 1 7 6 2 5 4 0 9]
INFO:root:{'total_norm': tensor(3.9456, device='cuda:0')}
INFO:root:{'total_norm': tensor(4.2324, device='cuda:0')}
INFO:root:{'total_norm': tensor(2.8501, device='cuda:0')}
INFO:root:{'total_norm': tensor(2.9723, device='cuda:0')}
INFO:root:{'total_norm': tensor(3.5005, device='cuda:0')}
INFO:root:{'total_norm': tensor(2.4959, device='cuda:0')}
INFO:root:{'total_norm': tensor(3.3832, device='cuda:0')}
INFO:root:{'total_norm': tensor(2.0742, device='cuda:0')}
INFO:root:{'total_norm': tensor(1.7531, device='cuda:0')}
INFO:root:{'total_norm': tensor(1.9975, device='cuda:0')}
INFO:root:lr=0.03
INFO:root:Round 52's server1 train acc:  20.50%, train loss: 2.1149
INFO:root:Round 52's server2 train acc:  20.50%, train loss: 2.1149
INFO:root:Round 52's server  test  acc:  22.01%, test  loss: 2.1057
INFO:root:selected clients: [3 4 2 9 6 8 5 0 1 7]
INFO:root:{'total_norm': tensor(4.2320, device='cuda:0')}
INFO:root:{'total_norm': tensor(3.0412, device='cuda:0')}
INFO:root:{'total_norm': tensor(1.7455, device='cuda:0')}
INFO:root:{'total_norm': tensor(3.1995, device='cuda:0')}
INFO:root:{'total_norm': tensor(2.1808, device='cuda:0')}
INFO:root:{'total_norm': tensor(2.9755, device='cuda:0')}
INFO:root:{'total_norm': tensor(3.9702, device='cuda:0')}
INFO:root:{'total_norm': tensor(2.1896, device='cuda:0')}
INFO:root:{'total_norm': tensor(2.5469, device='cuda:0')}
INFO:root:{'total_norm': tensor(3.4037, device='cuda:0')}
INFO:root:lr=0.03
INFO:root:Round 53's server1 train acc:  12.32%, train loss: 2.7726
INFO:root:Round 53's server2 train acc:  12.32%, train loss: 2.7726
INFO:root:Round 53's server  test  acc:  13.19%, test  loss: 2.6115
INFO:root:selected clients: [3 0 5 8 7 1 9 2 4 6]
INFO:root:{'total_norm': tensor(3.9474, device='cuda:0')}
INFO:root:{'total_norm': tensor(2.2330, device='cuda:0')}
INFO:root:{'total_norm': tensor(2.4180, device='cuda:0')}
INFO:root:{'total_norm': tensor(2.9105, device='cuda:0')}
INFO:root:{'total_norm': tensor(3.4921, device='cuda:0')}
INFO:root:{'total_norm': tensor(3.5161, device='cuda:0')}
INFO:root:{'total_norm': tensor(3.0084, device='cuda:0')}
INFO:root:{'total_norm': tensor(1.9348, device='cuda:0')}
INFO:root:{'total_norm': tensor(1.9870, device='cuda:0')}
INFO:root:{'total_norm': tensor(3.8042, device='cuda:0')}
INFO:root:lr=0.03
INFO:root:Round 54's server1 train acc:  10.95%, train loss: 3.0845
INFO:root:Round 54's server2 train acc:  10.95%, train loss: 3.0845
INFO:root:Round 54's server  test  acc:  10.91%, test  loss: 3.1095
INFO:root:selected clients: [3 7 1 9 4 6 2 8 0 5]
INFO:root:{'total_norm': tensor(1.1076, device='cuda:0')}
INFO:root:{'total_norm': tensor(2.8280, device='cuda:0')}
INFO:root:{'total_norm': tensor(3.1979, device='cuda:0')}
INFO:root:{'total_norm': tensor(3.9632, device='cuda:0')}
INFO:root:{'total_norm': tensor(4.1754, device='cuda:0')}
INFO:root:{'total_norm': tensor(2.1475, device='cuda:0')}
INFO:root:{'total_norm': tensor(1.7086, device='cuda:0')}
INFO:root:{'total_norm': tensor(2.4199, device='cuda:0')}
INFO:root:{'total_norm': tensor(1.7123, device='cuda:0')}
INFO:root:{'total_norm': tensor(3.8310, device='cuda:0')}
INFO:root:lr=0.03
INFO:root:Round 55's server1 train acc:  14.16%, train loss: 2.4412
INFO:root:Round 55's server2 train acc:  14.16%, train loss: 2.4412
INFO:root:Round 55's server  test  acc:  14.65%, test  loss: 2.4536
INFO:root:selected clients: [4 1 5 8 3 7 6 9 0 2]
INFO:root:{'total_norm': tensor(2.9701, device='cuda:0')}
INFO:root:{'total_norm': tensor(3.4354, device='cuda:0')}
INFO:root:{'total_norm': tensor(0.9243, device='cuda:0')}
INFO:root:{'total_norm': tensor(3.2094, device='cuda:0')}
INFO:root:{'total_norm': tensor(4.3060, device='cuda:0')}
INFO:root:{'total_norm': tensor(2.4441, device='cuda:0')}
INFO:root:{'total_norm': tensor(3.1353, device='cuda:0')}
INFO:root:{'total_norm': tensor(4.1138, device='cuda:0')}
INFO:root:{'total_norm': tensor(2.1067, device='cuda:0')}
INFO:root:{'total_norm': tensor(1.5573, device='cuda:0')}
INFO:root:lr=0.03
INFO:root:Round 56's server1 train acc:  17.64%, train loss: 2.1489
INFO:root:Round 56's server2 train acc:  17.64%, train loss: 2.1489
INFO:root:Round 56's server  test  acc:  18.37%, test  loss: 2.1270
INFO:root:selected clients: [1 7 5 4 0 6 3 8 9 2]
INFO:root:{'total_norm': tensor(3.5347, device='cuda:0')}
INFO:root:{'total_norm': tensor(3.4245, device='cuda:0')}
INFO:root:{'total_norm': tensor(4.0317, device='cuda:0')}
INFO:root:{'total_norm': tensor(3.2814, device='cuda:0')}
INFO:root:{'total_norm': tensor(1.8120, device='cuda:0')}
INFO:root:{'total_norm': tensor(2.7491, device='cuda:0')}
INFO:root:{'total_norm': tensor(3.7048, device='cuda:0')}
INFO:root:{'total_norm': tensor(2.3707, device='cuda:0')}
INFO:root:{'total_norm': tensor(1.3332, device='cuda:0')}
INFO:root:{'total_norm': tensor(1.8834, device='cuda:0')}
INFO:root:lr=0.03
INFO:root:Round 57's server1 train acc:  17.15%, train loss: 2.3021
INFO:root:Round 57's server2 train acc:  17.15%, train loss: 2.3021
INFO:root:Round 57's server  test  acc:  16.91%, test  loss: 2.2978
INFO:root:selected clients: [3 6 9 0 5 4 7 1 2 8]
INFO:root:{'total_norm': tensor(3.0074, device='cuda:0')}
INFO:root:{'total_norm': tensor(2.2237, device='cuda:0')}
INFO:root:{'total_norm': tensor(2.5628, device='cuda:0')}
INFO:root:{'total_norm': tensor(2.1862, device='cuda:0')}
INFO:root:{'total_norm': tensor(3.9823, device='cuda:0')}
INFO:root:{'total_norm': tensor(4.5834, device='cuda:0')}
INFO:root:{'total_norm': tensor(3.3127, device='cuda:0')}
INFO:root:{'total_norm': tensor(3.6956, device='cuda:0')}
INFO:root:{'total_norm': tensor(2.0729, device='cuda:0')}
INFO:root:{'total_norm': tensor(3.0190, device='cuda:0')}
INFO:root:lr=0.03
INFO:root:Round 58's server1 train acc:  10.06%, train loss: 2.7102
INFO:root:Round 58's server2 train acc:  10.06%, train loss: 2.7102
INFO:root:Round 58's server  test  acc:  10.09%, test  loss: 2.6642
INFO:root:selected clients: [8 7 3 1 0 9 5 2 4 6]
INFO:root:{'total_norm': tensor(1.2130, device='cuda:0')}
INFO:root:{'total_norm': tensor(3.3348, device='cuda:0')}
INFO:root:{'total_norm': tensor(3.4774, device='cuda:0')}
INFO:root:{'total_norm': tensor(2.9988, device='cuda:0')}
INFO:root:{'total_norm': tensor(1.9525, device='cuda:0')}
INFO:root:{'total_norm': tensor(2.1556, device='cuda:0')}
INFO:root:{'total_norm': tensor(2.8963, device='cuda:0')}
INFO:root:{'total_norm': tensor(1.6638, device='cuda:0')}
INFO:root:{'total_norm': tensor(3.0230, device='cuda:0')}
INFO:root:{'total_norm': tensor(3.7436, device='cuda:0')}
INFO:root:lr=0.03
INFO:root:Round 59's server1 train acc:  11.51%, train loss: 2.8149
INFO:root:Round 59's server2 train acc:  11.51%, train loss: 2.8149
INFO:root:Round 59's server  test  acc:  11.61%, test  loss: 2.8014
INFO:root:selected clients: [6 3 4 9 0 2 7 5 8 1]
INFO:root:{'total_norm': tensor(0.7577, device='cuda:0')}
INFO:root:{'total_norm': tensor(3.5186, device='cuda:0')}
INFO:root:{'total_norm': tensor(3.2625, device='cuda:0')}
INFO:root:{'total_norm': tensor(2.6275, device='cuda:0')}
INFO:root:{'total_norm': tensor(2.3115, device='cuda:0')}
INFO:root:{'total_norm': tensor(1.7644, device='cuda:0')}
INFO:root:{'total_norm': tensor(3.2518, device='cuda:0')}
INFO:root:{'total_norm': tensor(3.3582, device='cuda:0')}
INFO:root:{'total_norm': tensor(2.6071, device='cuda:0')}
INFO:root:{'total_norm': tensor(3.4107, device='cuda:0')}
INFO:root:lr=0.03
INFO:root:Round 60's server1 train acc:  12.54%, train loss: 2.7515
INFO:root:Round 60's server2 train acc:  12.54%, train loss: 2.7515
INFO:root:Round 60's server  test  acc:  13.15%, test  loss: 2.6116
INFO:root:selected clients: [4 7 6 1 9 2 3 8 5 0]
INFO:root:{'total_norm': tensor(2.4663, device='cuda:0')}
INFO:root:{'total_norm': tensor(3.2201, device='cuda:0')}
INFO:root:{'total_norm': tensor(2.4066, device='cuda:0')}
INFO:root:{'total_norm': tensor(3.5050, device='cuda:0')}
INFO:root:{'total_norm': tensor(3.6359, device='cuda:0')}
INFO:root:{'total_norm': tensor(2.3760, device='cuda:0')}
INFO:root:{'total_norm': tensor(4.1641, device='cuda:0')}
INFO:root:{'total_norm': tensor(2.5045, device='cuda:0')}
INFO:root:{'total_norm': tensor(3.2373, device='cuda:0')}
INFO:root:{'total_norm': tensor(1.8888, device='cuda:0')}
INFO:root:lr=0.03
INFO:root:Round 61's server1 train acc:  19.96%, train loss: 2.0361
INFO:root:Round 61's server2 train acc:  19.96%, train loss: 2.0361
INFO:root:Round 61's server  test  acc:  20.57%, test  loss: 2.0232
INFO:root:selected clients: [0 7 2 9 1 8 6 3 5 4]
INFO:root:{'total_norm': tensor(1.7118, device='cuda:0')}
INFO:root:{'total_norm': tensor(3.2248, device='cuda:0')}
INFO:root:{'total_norm': tensor(2.2604, device='cuda:0')}
INFO:root:{'total_norm': tensor(4.6444, device='cuda:0')}
INFO:root:{'total_norm': tensor(3.3651, device='cuda:0')}
INFO:root:{'total_norm': tensor(3.5519, device='cuda:0')}
INFO:root:{'total_norm': tensor(2.3759, device='cuda:0')}
INFO:root:{'total_norm': tensor(3.8459, device='cuda:0')}
INFO:root:{'total_norm': tensor(2.9947, device='cuda:0')}
INFO:root:{'total_norm': tensor(3.1343, device='cuda:0')}
INFO:root:lr=0.03
INFO:root:Round 62's server1 train acc:  16.35%, train loss: 2.2936
INFO:root:Round 62's server2 train acc:  16.35%, train loss: 2.2936
INFO:root:Round 62's server  test  acc:  15.95%, test  loss: 2.2795
INFO:root:selected clients: [4 2 6 1 8 3 5 9 7 0]
INFO:root:{'total_norm': tensor(2.0382, device='cuda:0')}
INFO:root:{'total_norm': tensor(1.9015, device='cuda:0')}
INFO:root:{'total_norm': tensor(3.2833, device='cuda:0')}
INFO:root:{'total_norm': tensor(2.9946, device='cuda:0')}
INFO:root:{'total_norm': tensor(2.5706, device='cuda:0')}
INFO:root:{'total_norm': tensor(3.8914, device='cuda:0')}
INFO:root:{'total_norm': tensor(2.7778, device='cuda:0')}
INFO:root:{'total_norm': tensor(1.9320, device='cuda:0')}
INFO:root:{'total_norm': tensor(2.5182, device='cuda:0')}
INFO:root:{'total_norm': tensor(1.9075, device='cuda:0')}
INFO:root:lr=0.03
INFO:root:Round 63's server1 train acc:  16.82%, train loss: 2.2345
INFO:root:Round 63's server2 train acc:  16.82%, train loss: 2.2345
INFO:root:Round 63's server  test  acc:  17.86%, test  loss: 2.2094
INFO:root:selected clients: [3 9 6 0 8 5 2 4 7 1]
INFO:root:{'total_norm': tensor(3.8573, device='cuda:0')}
INFO:root:{'total_norm': tensor(0.6889, device='cuda:0')}
INFO:root:{'total_norm': tensor(3.6403, device='cuda:0')}
INFO:root:{'total_norm': tensor(2.2238, device='cuda:0')}
INFO:root:{'total_norm': tensor(2.9222, device='cuda:0')}
INFO:root:{'total_norm': tensor(3.9095, device='cuda:0')}
INFO:root:{'total_norm': tensor(1.6591, device='cuda:0')}
INFO:root:{'total_norm': tensor(2.2615, device='cuda:0')}
INFO:root:{'total_norm': tensor(2.2722, device='cuda:0')}
INFO:root:{'total_norm': tensor(2.6586, device='cuda:0')}
INFO:root:lr=0.03
INFO:root:Round 64's server1 train acc:  11.16%, train loss: 2.4063
INFO:root:Round 64's server2 train acc:  11.16%, train loss: 2.4063
INFO:root:Round 64's server  test  acc:  11.64%, test  loss: 2.3478
INFO:root:selected clients: [3 8 4 5 0 7 6 1 2 9]
INFO:root:{'total_norm': tensor(2.7677, device='cuda:0')}
INFO:root:{'total_norm': tensor(2.8633, device='cuda:0')}
INFO:root:{'total_norm': tensor(2.7903, device='cuda:0')}
INFO:root:{'total_norm': tensor(2.9962, device='cuda:0')}
INFO:root:{'total_norm': tensor(2.1508, device='cuda:0')}
INFO:root:{'total_norm': tensor(2.4578, device='cuda:0')}
INFO:root:{'total_norm': tensor(3.5647, device='cuda:0')}
INFO:root:{'total_norm': tensor(3.0290, device='cuda:0')}
INFO:root:{'total_norm': tensor(1.8395, device='cuda:0')}
INFO:root:{'total_norm': tensor(4.9346, device='cuda:0')}
INFO:root:lr=0.03
INFO:root:Round 65's server1 train acc:  14.75%, train loss: 2.3617
INFO:root:Round 65's server2 train acc:  14.75%, train loss: 2.3617
INFO:root:Round 65's server  test  acc:  14.14%, test  loss: 2.3948
INFO:root:selected clients: [7 2 3 6 5 4 9 0 1 8]
INFO:root:{'total_norm': tensor(3.1456, device='cuda:0')}
INFO:root:{'total_norm': tensor(2.3238, device='cuda:0')}
INFO:root:{'total_norm': tensor(3.8982, device='cuda:0')}
INFO:root:{'total_norm': tensor(2.8776, device='cuda:0')}
INFO:root:{'total_norm': tensor(2.3761, device='cuda:0')}
INFO:root:{'total_norm': tensor(2.9774, device='cuda:0')}
INFO:root:{'total_norm': tensor(4.3633, device='cuda:0')}
INFO:root:{'total_norm': tensor(2.1657, device='cuda:0')}
INFO:root:{'total_norm': tensor(3.0792, device='cuda:0')}
INFO:root:{'total_norm': tensor(2.8709, device='cuda:0')}
INFO:root:lr=0.03
INFO:root:Round 66's server1 train acc:  10.56%, train loss: 4.2409
INFO:root:Round 66's server2 train acc:  10.56%, train loss: 4.2409
INFO:root:Round 66's server  test  acc:  10.95%, test  loss: 3.8791
INFO:root:selected clients: [5 1 6 9 3 4 0 8 2 7]
INFO:root:{'total_norm': tensor(3.7383, device='cuda:0')}
INFO:root:{'total_norm': tensor(3.6283, device='cuda:0')}
INFO:root:{'total_norm': tensor(3.5559, device='cuda:0')}
INFO:root:{'total_norm': tensor(2.8947, device='cuda:0')}
INFO:root:{'total_norm': tensor(2.9307, device='cuda:0')}
INFO:root:{'total_norm': tensor(3.1062, device='cuda:0')}
INFO:root:{'total_norm': tensor(1.9516, device='cuda:0')}
INFO:root:{'total_norm': tensor(3.5984, device='cuda:0')}
INFO:root:{'total_norm': tensor(2.3980, device='cuda:0')}
INFO:root:{'total_norm': tensor(2.8981, device='cuda:0')}
INFO:root:lr=0.03
INFO:root:Round 67's server1 train acc:  10.11%, train loss: 2.7779
INFO:root:Round 67's server2 train acc:  10.11%, train loss: 2.7779
INFO:root:Round 67's server  test  acc:  10.08%, test  loss: 2.6672
INFO:root:selected clients: [2 1 0 3 9 7 8 5 6 4]
INFO:root:{'total_norm': tensor(2.7247, device='cuda:0')}
INFO:root:{'total_norm': tensor(3.3012, device='cuda:0')}
INFO:root:{'total_norm': tensor(2.0083, device='cuda:0')}
INFO:root:{'total_norm': tensor(3.7989, device='cuda:0')}
INFO:root:{'total_norm': tensor(1.9443, device='cuda:0')}
INFO:root:{'total_norm': tensor(2.7491, device='cuda:0')}
INFO:root:{'total_norm': tensor(3.6299, device='cuda:0')}
INFO:root:{'total_norm': tensor(3.5673, device='cuda:0')}
INFO:root:{'total_norm': tensor(1.5070, device='cuda:0')}
INFO:root:{'total_norm': tensor(3.7255, device='cuda:0')}
INFO:root:lr=0.03
INFO:root:Round 68's server1 train acc:  10.01%, train loss: 3.3934
INFO:root:Round 68's server2 train acc:  10.01%, train loss: 3.3934
INFO:root:Round 68's server  test  acc:  10.00%, test  loss: 3.3517
INFO:root:selected clients: [4 1 2 6 9 0 8 7 5 3]
INFO:root:{'total_norm': tensor(0.5887, device='cuda:0')}
INFO:root:{'total_norm': tensor(2.2501, device='cuda:0')}
INFO:root:{'total_norm': tensor(2.4620, device='cuda:0')}
INFO:root:{'total_norm': tensor(2.4948, device='cuda:0')}
INFO:root:{'total_norm': tensor(1.9892, device='cuda:0')}
INFO:root:{'total_norm': tensor(2.1611, device='cuda:0')}
INFO:root:{'total_norm': tensor(3.4082, device='cuda:0')}
INFO:root:{'total_norm': tensor(3.7088, device='cuda:0')}
INFO:root:{'total_norm': tensor(3.0759, device='cuda:0')}
INFO:root:{'total_norm': tensor(3.6146, device='cuda:0')}
INFO:root:lr=0.03
INFO:root:Round 69's server1 train acc:  13.79%, train loss: 2.4498
INFO:root:Round 69's server2 train acc:  13.79%, train loss: 2.4498
INFO:root:Round 69's server  test  acc:  12.95%, test  loss: 2.4727
INFO:root:selected clients: [1 4 3 8 0 2 9 7 5 6]
INFO:root:{'total_norm': tensor(2.8909, device='cuda:0')}
INFO:root:{'total_norm': tensor(2.8994, device='cuda:0')}
INFO:root:{'total_norm': tensor(2.1902, device='cuda:0')}
INFO:root:{'total_norm': tensor(3.2194, device='cuda:0')}
INFO:root:{'total_norm': tensor(1.7419, device='cuda:0')}
INFO:root:{'total_norm': tensor(1.9097, device='cuda:0')}
INFO:root:{'total_norm': tensor(3.8498, device='cuda:0')}
INFO:root:{'total_norm': tensor(3.1502, device='cuda:0')}
INFO:root:{'total_norm': tensor(3.4705, device='cuda:0')}
INFO:root:{'total_norm': tensor(1.5695, device='cuda:0')}
INFO:root:lr=0.03
INFO:root:Round 70's server1 train acc:  14.33%, train loss: 3.3599
INFO:root:Round 70's server2 train acc:  14.33%, train loss: 3.3599
INFO:root:Round 70's server  test  acc:  14.78%, test  loss: 3.3598
INFO:root:selected clients: [4 8 9 3 1 6 5 0 2 7]
INFO:root:{'total_norm': tensor(3.2245, device='cuda:0')}
INFO:root:{'total_norm': tensor(3.7465, device='cuda:0')}
INFO:root:{'total_norm': tensor(3.8798, device='cuda:0')}
INFO:root:{'total_norm': tensor(2.4378, device='cuda:0')}
INFO:root:{'total_norm': tensor(3.1998, device='cuda:0')}
INFO:root:{'total_norm': tensor(2.2965, device='cuda:0')}
INFO:root:{'total_norm': tensor(3.1298, device='cuda:0')}
INFO:root:{'total_norm': tensor(2.3582, device='cuda:0')}
INFO:root:{'total_norm': tensor(1.8581, device='cuda:0')}
INFO:root:{'total_norm': tensor(3.0202, device='cuda:0')}
INFO:root:lr=0.03
INFO:root:Round 71's server1 train acc:  11.58%, train loss: 2.6405
INFO:root:Round 71's server2 train acc:  11.58%, train loss: 2.6405
INFO:root:Round 71's server  test  acc:  12.84%, test  loss: 2.4821
INFO:root:selected clients: [8 3 1 5 4 0 2 6 7 9]
INFO:root:{'total_norm': tensor(2.5501, device='cuda:0')}
INFO:root:{'total_norm': tensor(4.6234, device='cuda:0')}
INFO:root:{'total_norm': tensor(2.9783, device='cuda:0')}
INFO:root:{'total_norm': tensor(2.4347, device='cuda:0')}
INFO:root:{'total_norm': tensor(3.5964, device='cuda:0')}
INFO:root:{'total_norm': tensor(2.2576, device='cuda:0')}
INFO:root:{'total_norm': tensor(1.7913, device='cuda:0')}
INFO:root:{'total_norm': tensor(3.4919, device='cuda:0')}
INFO:root:{'total_norm': tensor(2.6327, device='cuda:0')}
INFO:root:{'total_norm': tensor(3.5847, device='cuda:0')}
INFO:root:lr=0.03
INFO:root:Round 72's server1 train acc:  20.07%, train loss: 1.9935
INFO:root:Round 72's server2 train acc:  20.07%, train loss: 1.9935
INFO:root:Round 72's server  test  acc:  20.47%, test  loss: 1.9912
INFO:root:selected clients: [1 9 7 4 8 0 2 5 3 6]
INFO:root:{'total_norm': tensor(2.9659, device='cuda:0')}
INFO:root:{'total_norm': tensor(1.9288, device='cuda:0')}
INFO:root:{'total_norm': tensor(4.0052, device='cuda:0')}
INFO:root:{'total_norm': tensor(3.3986, device='cuda:0')}
INFO:root:{'total_norm': tensor(3.8625, device='cuda:0')}
INFO:root:{'total_norm': tensor(1.9889, device='cuda:0')}
INFO:root:{'total_norm': tensor(1.9752, device='cuda:0')}
INFO:root:{'total_norm': tensor(3.5207, device='cuda:0')}
INFO:root:{'total_norm': tensor(3.1844, device='cuda:0')}
INFO:root:{'total_norm': tensor(3.5475, device='cuda:0')}
INFO:root:lr=0.03
INFO:root:Round 73's server1 train acc:  17.07%, train loss: 2.4516
INFO:root:Round 73's server2 train acc:  17.07%, train loss: 2.4516
INFO:root:Round 73's server  test  acc:  17.98%, test  loss: 2.4169
INFO:root:selected clients: [8 6 5 0 7 3 1 2 9 4]
INFO:root:{'total_norm': tensor(3.7889, device='cuda:0')}
INFO:root:{'total_norm': tensor(1.3593, device='cuda:0')}
INFO:root:{'total_norm': tensor(2.6583, device='cuda:0')}
INFO:root:{'total_norm': tensor(2.3051, device='cuda:0')}
INFO:root:{'total_norm': tensor(3.2071, device='cuda:0')}
INFO:root:{'total_norm': tensor(1.6779, device='cuda:0')}
INFO:root:{'total_norm': tensor(4.3040, device='cuda:0')}
INFO:root:{'total_norm': tensor(2.2370, device='cuda:0')}
INFO:root:{'total_norm': tensor(3.8315, device='cuda:0')}
INFO:root:{'total_norm': tensor(3.1861, device='cuda:0')}
INFO:root:lr=0.03
INFO:root:Round 74's server1 train acc:  16.68%, train loss: 2.1808
INFO:root:Round 74's server2 train acc:  16.68%, train loss: 2.1808
INFO:root:Round 74's server  test  acc:  17.63%, test  loss: 2.1610
INFO:root:selected clients: [7 8 0 3 1 2 6 5 4 9]
INFO:root:{'total_norm': tensor(2.8750, device='cuda:0')}
INFO:root:{'total_norm': tensor(3.6875, device='cuda:0')}
INFO:root:{'total_norm': tensor(2.1446, device='cuda:0')}
INFO:root:{'total_norm': tensor(3.7237, device='cuda:0')}
INFO:root:{'total_norm': tensor(4.3972, device='cuda:0')}
INFO:root:{'total_norm': tensor(2.3106, device='cuda:0')}
INFO:root:{'total_norm': tensor(3.4485, device='cuda:0')}
INFO:root:{'total_norm': tensor(1.5209, device='cuda:0')}
INFO:root:{'total_norm': tensor(3.0724, device='cuda:0')}
INFO:root:{'total_norm': tensor(3.5428, device='cuda:0')}
INFO:root:lr=0.03
INFO:root:Round 75's server1 train acc:  12.67%, train loss: 2.7966
INFO:root:Round 75's server2 train acc:  12.67%, train loss: 2.7966
INFO:root:Round 75's server  test  acc:  13.06%, test  loss: 2.7340
INFO:root:selected clients: [7 1 8 5 4 9 2 6 3 0]
INFO:root:{'total_norm': tensor(2.9224, device='cuda:0')}
INFO:root:{'total_norm': tensor(3.8266, device='cuda:0')}
INFO:root:{'total_norm': tensor(3.6638, device='cuda:0')}
INFO:root:{'total_norm': tensor(2.9614, device='cuda:0')}
INFO:root:{'total_norm': tensor(3.1922, device='cuda:0')}
INFO:root:{'total_norm': tensor(1.6293, device='cuda:0')}
INFO:root:{'total_norm': tensor(2.3887, device='cuda:0')}
INFO:root:{'total_norm': tensor(3.5826, device='cuda:0')}
INFO:root:{'total_norm': tensor(3.7371, device='cuda:0')}
INFO:root:{'total_norm': tensor(2.1559, device='cuda:0')}
INFO:root:lr=0.03
INFO:root:Round 76's server1 train acc:  19.29%, train loss: 2.0231
INFO:root:Round 76's server2 train acc:  19.29%, train loss: 2.0231
INFO:root:Round 76's server  test  acc:  20.54%, test  loss: 1.9898
INFO:root:selected clients: [6 8 4 5 2 9 1 0 7 3]
INFO:root:{'total_norm': tensor(3.1319, device='cuda:0')}
INFO:root:{'total_norm': tensor(3.5855, device='cuda:0')}
INFO:root:{'total_norm': tensor(3.7984, device='cuda:0')}
INFO:root:{'total_norm': tensor(3.5112, device='cuda:0')}
INFO:root:{'total_norm': tensor(2.1457, device='cuda:0')}
INFO:root:{'total_norm': tensor(4.2543, device='cuda:0')}
INFO:root:{'total_norm': tensor(2.9318, device='cuda:0')}
INFO:root:{'total_norm': tensor(2.5479, device='cuda:0')}
INFO:root:{'total_norm': tensor(2.4098, device='cuda:0')}
INFO:root:{'total_norm': tensor(3.3352, device='cuda:0')}
INFO:root:lr=0.03
INFO:root:Round 77's server1 train acc:  15.22%, train loss: 2.9361
INFO:root:Round 77's server2 train acc:  15.22%, train loss: 2.9361
INFO:root:Round 77's server  test  acc:  14.78%, test  loss: 2.9715
INFO:root:selected clients: [5 7 1 6 3 2 4 8 9 0]
INFO:root:{'total_norm': tensor(3.0818, device='cuda:0')}
INFO:root:{'total_norm': tensor(2.7706, device='cuda:0')}
INFO:root:{'total_norm': tensor(3.3879, device='cuda:0')}
INFO:root:{'total_norm': tensor(3.4348, device='cuda:0')}
INFO:root:{'total_norm': tensor(1.2019, device='cuda:0')}
INFO:root:{'total_norm': tensor(2.2346, device='cuda:0')}
INFO:root:{'total_norm': tensor(2.2830, device='cuda:0')}
INFO:root:{'total_norm': tensor(3.3172, device='cuda:0')}
INFO:root:{'total_norm': tensor(3.9278, device='cuda:0')}
INFO:root:{'total_norm': tensor(2.9612, device='cuda:0')}
INFO:root:lr=0.03
INFO:root:Round 78's server1 train acc:  21.99%, train loss: 1.9625
INFO:root:Round 78's server2 train acc:  21.99%, train loss: 1.9625
INFO:root:Round 78's server  test  acc:  23.04%, test  loss: 1.9310
INFO:root:selected clients: [7 5 8 3 4 0 9 1 2 6]
INFO:root:{'total_norm': tensor(2.4950, device='cuda:0')}
INFO:root:{'total_norm': tensor(3.5935, device='cuda:0')}
INFO:root:{'total_norm': tensor(3.7889, device='cuda:0')}
INFO:root:{'total_norm': tensor(3.1448, device='cuda:0')}
INFO:root:{'total_norm': tensor(3.5290, device='cuda:0')}
INFO:root:{'total_norm': tensor(1.9012, device='cuda:0')}
INFO:root:{'total_norm': tensor(3.9073, device='cuda:0')}
INFO:root:{'total_norm': tensor(2.8060, device='cuda:0')}
INFO:root:{'total_norm': tensor(2.4719, device='cuda:0')}
INFO:root:{'total_norm': tensor(3.6182, device='cuda:0')}
INFO:root:lr=0.03
INFO:root:Round 79's server1 train acc:  22.28%, train loss: 2.0110
INFO:root:Round 79's server2 train acc:  22.28%, train loss: 2.0110
INFO:root:Round 79's server  test  acc:  22.65%, test  loss: 2.0104
INFO:root:selected clients: [9 7 4 1 3 0 6 2 8 5]
INFO:root:{'total_norm': tensor(1.7735, device='cuda:0')}
INFO:root:{'total_norm': tensor(2.4467, device='cuda:0')}
INFO:root:{'total_norm': tensor(3.2545, device='cuda:0')}
INFO:root:{'total_norm': tensor(3.2686, device='cuda:0')}
INFO:root:{'total_norm': tensor(2.4415, device='cuda:0')}
INFO:root:{'total_norm': tensor(2.2586, device='cuda:0')}
INFO:root:{'total_norm': tensor(2.4344, device='cuda:0')}
INFO:root:{'total_norm': tensor(2.0938, device='cuda:0')}
INFO:root:{'total_norm': tensor(3.4947, device='cuda:0')}
INFO:root:{'total_norm': tensor(3.5063, device='cuda:0')}
INFO:root:lr=0.03
INFO:root:Round 80's server1 train acc:  15.95%, train loss: 2.4106
INFO:root:Round 80's server2 train acc:  15.95%, train loss: 2.4106
INFO:root:Round 80's server  test  acc:  15.85%, test  loss: 2.3811
INFO:root:selected clients: [4 2 6 3 0 1 7 8 5 9]
INFO:root:{'total_norm': tensor(3.6772, device='cuda:0')}
INFO:root:{'total_norm': tensor(3.3249, device='cuda:0')}
INFO:root:{'total_norm': tensor(1.9996, device='cuda:0')}
INFO:root:{'total_norm': tensor(1.8344, device='cuda:0')}
INFO:root:{'total_norm': tensor(2.0115, device='cuda:0')}
INFO:root:{'total_norm': tensor(2.8780, device='cuda:0')}
INFO:root:{'total_norm': tensor(2.8537, device='cuda:0')}
INFO:root:{'total_norm': tensor(2.4655, device='cuda:0')}
INFO:root:{'total_norm': tensor(3.6175, device='cuda:0')}
INFO:root:{'total_norm': tensor(3.8731, device='cuda:0')}
INFO:root:lr=0.03
INFO:root:Round 81's server1 train acc:  15.70%, train loss: 2.4097
INFO:root:Round 81's server2 train acc:  15.70%, train loss: 2.4097
INFO:root:Round 81's server  test  acc:  16.03%, test  loss: 2.3988
INFO:root:selected clients: [7 5 8 9 2 3 0 4 6 1]
INFO:root:{'total_norm': tensor(2.6150, device='cuda:0')}
INFO:root:{'total_norm': tensor(2.4071, device='cuda:0')}
INFO:root:{'total_norm': tensor(1.7728, device='cuda:0')}
INFO:root:{'total_norm': tensor(3.5403, device='cuda:0')}
INFO:root:{'total_norm': tensor(3.0884, device='cuda:0')}
INFO:root:{'total_norm': tensor(3.0950, device='cuda:0')}
INFO:root:{'total_norm': tensor(1.6557, device='cuda:0')}
INFO:root:{'total_norm': tensor(2.6105, device='cuda:0')}
INFO:root:{'total_norm': tensor(3.0682, device='cuda:0')}
INFO:root:{'total_norm': tensor(2.1058, device='cuda:0')}
INFO:root:lr=0.03
INFO:root:Round 82's server1 train acc:  24.54%, train loss: 1.9847
INFO:root:Round 82's server2 train acc:  24.54%, train loss: 1.9847
INFO:root:Round 82's server  test  acc:  27.11%, test  loss: 1.9482
INFO:root:selected clients: [1 5 0 6 9 2 4 8 3 7]
INFO:root:{'total_norm': tensor(2.7988, device='cuda:0')}
INFO:root:{'total_norm': tensor(3.6774, device='cuda:0')}
INFO:root:{'total_norm': tensor(1.9887, device='cuda:0')}
INFO:root:{'total_norm': tensor(3.3551, device='cuda:0')}
INFO:root:{'total_norm': tensor(3.2671, device='cuda:0')}
INFO:root:{'total_norm': tensor(2.7601, device='cuda:0')}
INFO:root:{'total_norm': tensor(3.4365, device='cuda:0')}
INFO:root:{'total_norm': tensor(2.7349, device='cuda:0')}
INFO:root:{'total_norm': tensor(3.9177, device='cuda:0')}
INFO:root:{'total_norm': tensor(3.0495, device='cuda:0')}
INFO:root:lr=0.03
INFO:root:Round 83's server1 train acc:  19.11%, train loss: 2.1073
INFO:root:Round 83's server2 train acc:  19.11%, train loss: 2.1073
INFO:root:Round 83's server  test  acc:  20.21%, test  loss: 2.0586
INFO:root:selected clients: [5 9 7 1 6 0 8 4 3 2]
INFO:root:{'total_norm': tensor(3.7693, device='cuda:0')}
INFO:root:{'total_norm': tensor(1.7899, device='cuda:0')}
INFO:root:{'total_norm': tensor(3.1250, device='cuda:0')}
INFO:root:{'total_norm': tensor(3.4294, device='cuda:0')}
INFO:root:{'total_norm': tensor(4.8461, device='cuda:0')}
INFO:root:{'total_norm': tensor(2.6101, device='cuda:0')}
INFO:root:{'total_norm': tensor(2.5535, device='cuda:0')}
INFO:root:{'total_norm': tensor(3.8494, device='cuda:0')}
INFO:root:{'total_norm': tensor(4.1973, device='cuda:0')}
INFO:root:{'total_norm': tensor(2.6866, device='cuda:0')}
INFO:root:lr=0.03
INFO:root:Round 84's server1 train acc:  19.05%, train loss: 2.1984
INFO:root:Round 84's server2 train acc:  19.05%, train loss: 2.1984
INFO:root:Round 84's server  test  acc:  19.90%, test  loss: 2.1756
INFO:root:selected clients: [2 5 0 4 3 6 1 7 8 9]
INFO:root:{'total_norm': tensor(2.5910, device='cuda:0')}
INFO:root:{'total_norm': tensor(3.2993, device='cuda:0')}
INFO:root:{'total_norm': tensor(1.9782, device='cuda:0')}
INFO:root:{'total_norm': tensor(2.4401, device='cuda:0')}
INFO:root:{'total_norm': tensor(2.1001, device='cuda:0')}
INFO:root:{'total_norm': tensor(2.8150, device='cuda:0')}
INFO:root:{'total_norm': tensor(4.0741, device='cuda:0')}
INFO:root:{'total_norm': tensor(3.0800, device='cuda:0')}
INFO:root:{'total_norm': tensor(1.6695, device='cuda:0')}
INFO:root:{'total_norm': tensor(4.6073, device='cuda:0')}
INFO:root:lr=0.03
INFO:root:Round 85's server1 train acc:  18.10%, train loss: 2.2417
INFO:root:Round 85's server2 train acc:  18.10%, train loss: 2.2417
INFO:root:Round 85's server  test  acc:  18.09%, test  loss: 2.2876
INFO:root:selected clients: [4 9 5 8 0 1 2 6 3 7]
INFO:root:{'total_norm': tensor(2.8583, device='cuda:0')}
INFO:root:{'total_norm': tensor(2.9012, device='cuda:0')}
INFO:root:{'total_norm': tensor(3.2031, device='cuda:0')}
INFO:root:{'total_norm': tensor(2.4406, device='cuda:0')}
INFO:root:{'total_norm': tensor(1.9610, device='cuda:0')}
INFO:root:{'total_norm': tensor(2.8303, device='cuda:0')}
INFO:root:{'total_norm': tensor(2.5939, device='cuda:0')}
INFO:root:{'total_norm': tensor(2.9857, device='cuda:0')}
INFO:root:{'total_norm': tensor(3.8065, device='cuda:0')}
INFO:root:{'total_norm': tensor(2.6462, device='cuda:0')}
INFO:root:lr=0.03
INFO:root:Round 86's server1 train acc:  17.13%, train loss: 2.0411
INFO:root:Round 86's server2 train acc:  17.13%, train loss: 2.0411
INFO:root:Round 86's server  test  acc:  18.03%, test  loss: 1.9989
INFO:root:selected clients: [2 8 9 6 0 3 5 4 1 7]
INFO:root:{'total_norm': tensor(1.8968, device='cuda:0')}
INFO:root:{'total_norm': tensor(2.5606, device='cuda:0')}
INFO:root:{'total_norm': tensor(2.9423, device='cuda:0')}
INFO:root:{'total_norm': tensor(2.1133, device='cuda:0')}
INFO:root:{'total_norm': tensor(3.1058, device='cuda:0')}
INFO:root:{'total_norm': tensor(4.0146, device='cuda:0')}
INFO:root:{'total_norm': tensor(3.1710, device='cuda:0')}
INFO:root:{'total_norm': tensor(3.0085, device='cuda:0')}
INFO:root:{'total_norm': tensor(2.7542, device='cuda:0')}
INFO:root:{'total_norm': tensor(3.0114, device='cuda:0')}
INFO:root:lr=0.03
INFO:root:Round 87's server1 train acc:  12.80%, train loss: 2.3662
INFO:root:Round 87's server2 train acc:  12.80%, train loss: 2.3662
INFO:root:Round 87's server  test  acc:  13.84%, test  loss: 2.2857
INFO:root:selected clients: [3 9 7 0 5 2 1 4 8 6]
INFO:root:{'total_norm': tensor(1.9273, device='cuda:0')}
INFO:root:{'total_norm': tensor(2.3886, device='cuda:0')}
INFO:root:{'total_norm': tensor(3.1108, device='cuda:0')}
INFO:root:{'total_norm': tensor(3.3669, device='cuda:0')}
INFO:root:{'total_norm': tensor(3.1215, device='cuda:0')}
INFO:root:{'total_norm': tensor(2.3728, device='cuda:0')}
INFO:root:{'total_norm': tensor(2.7933, device='cuda:0')}
INFO:root:{'total_norm': tensor(3.0577, device='cuda:0')}
INFO:root:{'total_norm': tensor(2.6409, device='cuda:0')}
INFO:root:{'total_norm': tensor(3.2319, device='cuda:0')}
INFO:root:lr=0.03
INFO:root:Round 88's server1 train acc:  18.18%, train loss: 2.5160
INFO:root:Round 88's server2 train acc:  18.18%, train loss: 2.5160
INFO:root:Round 88's server  test  acc:  18.17%, test  loss: 2.4977
INFO:root:selected clients: [1 9 0 6 3 2 7 8 4 5]
INFO:root:{'total_norm': tensor(3.2806, device='cuda:0')}
INFO:root:{'total_norm': tensor(2.2986, device='cuda:0')}
INFO:root:{'total_norm': tensor(2.3982, device='cuda:0')}
INFO:root:{'total_norm': tensor(1.7947, device='cuda:0')}
INFO:root:{'total_norm': tensor(3.5365, device='cuda:0')}
INFO:root:{'total_norm': tensor(1.8791, device='cuda:0')}
INFO:root:{'total_norm': tensor(2.5808, device='cuda:0')}
INFO:root:{'total_norm': tensor(3.0828, device='cuda:0')}
INFO:root:{'total_norm': tensor(3.2344, device='cuda:0')}
INFO:root:{'total_norm': tensor(3.1333, device='cuda:0')}
INFO:root:lr=0.03
INFO:root:Round 89's server1 train acc:  19.66%, train loss: 2.0318
INFO:root:Round 89's server2 train acc:  19.66%, train loss: 2.0318
INFO:root:Round 89's server  test  acc:  19.19%, test  loss: 2.0346
INFO:root:selected clients: [0 7 1 4 8 9 6 5 3 2]
INFO:root:{'total_norm': tensor(2.1636, device='cuda:0')}
INFO:root:{'total_norm': tensor(2.6406, device='cuda:0')}
INFO:root:{'total_norm': tensor(3.0231, device='cuda:0')}
INFO:root:{'total_norm': tensor(3.5810, device='cuda:0')}
INFO:root:{'total_norm': tensor(3.5359, device='cuda:0')}
INFO:root:{'total_norm': tensor(4.4534, device='cuda:0')}
INFO:root:{'total_norm': tensor(2.2581, device='cuda:0')}
INFO:root:{'total_norm': tensor(2.2245, device='cuda:0')}
INFO:root:{'total_norm': tensor(3.2337, device='cuda:0')}
INFO:root:{'total_norm': tensor(2.1951, device='cuda:0')}
INFO:root:lr=0.03
INFO:root:Round 90's server1 train acc:  20.72%, train loss: 2.0609
INFO:root:Round 90's server2 train acc:  20.72%, train loss: 2.0609
INFO:root:Round 90's server  test  acc:  21.83%, test  loss: 2.0420
INFO:root:selected clients: [4 6 0 9 8 5 3 7 1 2]
INFO:root:{'total_norm': tensor(3.0790, device='cuda:0')}
INFO:root:{'total_norm': tensor(3.5834, device='cuda:0')}
INFO:root:{'total_norm': tensor(2.1245, device='cuda:0')}
INFO:root:{'total_norm': tensor(3.7482, device='cuda:0')}
INFO:root:{'total_norm': tensor(2.4353, device='cuda:0')}
INFO:root:{'total_norm': tensor(3.1121, device='cuda:0')}
INFO:root:{'total_norm': tensor(3.2378, device='cuda:0')}
INFO:root:{'total_norm': tensor(2.9529, device='cuda:0')}
INFO:root:{'total_norm': tensor(2.9964, device='cuda:0')}
INFO:root:{'total_norm': tensor(2.1920, device='cuda:0')}
INFO:root:lr=0.03
INFO:root:Round 91's server1 train acc:  13.50%, train loss: 2.2295
INFO:root:Round 91's server2 train acc:  13.50%, train loss: 2.2295
INFO:root:Round 91's server  test  acc:  15.16%, test  loss: 2.1814
INFO:root:selected clients: [1 3 4 2 9 0 7 8 5 6]
INFO:root:{'total_norm': tensor(2.4051, device='cuda:0')}
INFO:root:{'total_norm': tensor(1.5919, device='cuda:0')}
INFO:root:{'total_norm': tensor(4.9644, device='cuda:0')}
INFO:root:{'total_norm': tensor(2.5909, device='cuda:0')}
INFO:root:{'total_norm': tensor(3.1987, device='cuda:0')}
INFO:root:{'total_norm': tensor(2.2179, device='cuda:0')}
INFO:root:{'total_norm': tensor(2.5837, device='cuda:0')}
INFO:root:{'total_norm': tensor(2.4673, device='cuda:0')}
INFO:root:{'total_norm': tensor(3.6942, device='cuda:0')}
INFO:root:{'total_norm': tensor(2.8009, device='cuda:0')}
INFO:root:lr=0.03
INFO:root:Round 92's server1 train acc:  16.04%, train loss: 3.0675
INFO:root:Round 92's server2 train acc:  16.04%, train loss: 3.0675
INFO:root:Round 92's server  test  acc:  15.76%, test  loss: 3.0467
INFO:root:selected clients: [7 1 5 8 0 6 4 2 9 3]
INFO:root:{'total_norm': tensor(2.8208, device='cuda:0')}
INFO:root:{'total_norm': tensor(3.0653, device='cuda:0')}
INFO:root:{'total_norm': tensor(2.9139, device='cuda:0')}
INFO:root:{'total_norm': tensor(1.8226, device='cuda:0')}
INFO:root:{'total_norm': tensor(2.1019, device='cuda:0')}
INFO:root:{'total_norm': tensor(2.5995, device='cuda:0')}
INFO:root:{'total_norm': tensor(3.4262, device='cuda:0')}
INFO:root:{'total_norm': tensor(2.6310, device='cuda:0')}
INFO:root:{'total_norm': tensor(3.1755, device='cuda:0')}
INFO:root:{'total_norm': tensor(3.5613, device='cuda:0')}
INFO:root:lr=0.03
INFO:root:Round 93's server1 train acc:  13.28%, train loss: 3.5242
INFO:root:Round 93's server2 train acc:  13.28%, train loss: 3.5242
INFO:root:Round 93's server  test  acc:  13.15%, test  loss: 3.4725
INFO:root:selected clients: [5 8 1 7 0 9 2 3 6 4]
INFO:root:{'total_norm': tensor(3.0086, device='cuda:0')}
INFO:root:{'total_norm': tensor(3.4535, device='cuda:0')}
INFO:root:{'total_norm': tensor(3.2570, device='cuda:0')}
INFO:root:{'total_norm': tensor(2.6464, device='cuda:0')}
INFO:root:{'total_norm': tensor(2.0292, device='cuda:0')}
INFO:root:{'total_norm': tensor(3.3729, device='cuda:0')}
INFO:root:{'total_norm': tensor(2.9667, device='cuda:0')}
INFO:root:{'total_norm': tensor(3.1184, device='cuda:0')}
INFO:root:{'total_norm': tensor(2.8518, device='cuda:0')}
INFO:root:{'total_norm': tensor(3.2276, device='cuda:0')}
INFO:root:lr=0.03
INFO:root:Round 94's server1 train acc:  18.87%, train loss: 2.1376
INFO:root:Round 94's server2 train acc:  18.87%, train loss: 2.1376
INFO:root:Round 94's server  test  acc:  19.95%, test  loss: 2.1316
INFO:root:selected clients: [0 5 3 9 1 7 6 2 8 4]
INFO:root:{'total_norm': tensor(2.1627, device='cuda:0')}
INFO:root:{'total_norm': tensor(3.2983, device='cuda:0')}
INFO:root:{'total_norm': tensor(2.9924, device='cuda:0')}
INFO:root:{'total_norm': tensor(2.3677, device='cuda:0')}
INFO:root:{'total_norm': tensor(3.2465, device='cuda:0')}
INFO:root:{'total_norm': tensor(2.5962, device='cuda:0')}
INFO:root:{'total_norm': tensor(4.6106, device='cuda:0')}
INFO:root:{'total_norm': tensor(2.4728, device='cuda:0')}
INFO:root:{'total_norm': tensor(4.0414, device='cuda:0')}
INFO:root:{'total_norm': tensor(3.3231, device='cuda:0')}
INFO:root:lr=0.03
INFO:root:Round 95's server1 train acc:  15.69%, train loss: 2.3096
INFO:root:Round 95's server2 train acc:  15.69%, train loss: 2.3096
INFO:root:Round 95's server  test  acc:  16.23%, test  loss: 2.2624
INFO:root:selected clients: [6 0 7 5 9 1 8 3 2 4]
INFO:root:{'total_norm': tensor(1.1706, device='cuda:0')}
INFO:root:{'total_norm': tensor(2.0777, device='cuda:0')}
INFO:root:{'total_norm': tensor(2.9400, device='cuda:0')}
INFO:root:{'total_norm': tensor(3.3513, device='cuda:0')}
INFO:root:{'total_norm': tensor(2.1009, device='cuda:0')}
INFO:root:{'total_norm': tensor(4.2290, device='cuda:0')}
INFO:root:{'total_norm': tensor(2.4107, device='cuda:0')}
INFO:root:{'total_norm': tensor(4.1736, device='cuda:0')}
INFO:root:{'total_norm': tensor(3.2405, device='cuda:0')}
INFO:root:{'total_norm': tensor(4.3200, device='cuda:0')}
INFO:root:lr=0.03
INFO:root:Round 96's server1 train acc:  10.26%, train loss: 3.3028
INFO:root:Round 96's server2 train acc:  10.26%, train loss: 3.3028
INFO:root:Round 96's server  test  acc:  10.63%, test  loss: 2.9869
INFO:root:selected clients: [2 7 1 3 4 5 9 6 0 8]
INFO:root:{'total_norm': tensor(2.6062, device='cuda:0')}
INFO:root:{'total_norm': tensor(3.2006, device='cuda:0')}
INFO:root:{'total_norm': tensor(3.0372, device='cuda:0')}
INFO:root:{'total_norm': tensor(2.3029, device='cuda:0')}
INFO:root:{'total_norm': tensor(3.0249, device='cuda:0')}
INFO:root:{'total_norm': tensor(3.5779, device='cuda:0')}
INFO:root:{'total_norm': tensor(2.5189, device='cuda:0')}
INFO:root:{'total_norm': tensor(2.9617, device='cuda:0')}
INFO:root:{'total_norm': tensor(2.5161, device='cuda:0')}
INFO:root:{'total_norm': tensor(2.5547, device='cuda:0')}
INFO:root:lr=0.03
INFO:root:Round 97's server1 train acc:  15.98%, train loss: 3.1166
INFO:root:Round 97's server2 train acc:  15.98%, train loss: 3.1166
INFO:root:Round 97's server  test  acc:  17.03%, test  loss: 2.8660
INFO:root:selected clients: [1 7 4 6 0 3 2 8 5 9]
INFO:root:{'total_norm': tensor(2.5907, device='cuda:0')}
INFO:root:{'total_norm': tensor(2.6315, device='cuda:0')}
INFO:root:{'total_norm': tensor(3.4629, device='cuda:0')}
INFO:root:{'total_norm': tensor(2.3763, device='cuda:0')}
INFO:root:{'total_norm': tensor(2.7216, device='cuda:0')}
INFO:root:{'total_norm': tensor(3.6056, device='cuda:0')}
INFO:root:{'total_norm': tensor(2.1880, device='cuda:0')}
INFO:root:{'total_norm': tensor(4.1603, device='cuda:0')}
INFO:root:{'total_norm': tensor(3.6242, device='cuda:0')}
INFO:root:{'total_norm': tensor(3.4043, device='cuda:0')}
INFO:root:lr=0.03
INFO:root:Round 98's server1 train acc:  16.81%, train loss: 2.3837
INFO:root:Round 98's server2 train acc:  16.81%, train loss: 2.3837
INFO:root:Round 98's server  test  acc:  16.09%, test  loss: 2.4450
INFO:root:selected clients: [1 9 6 2 3 8 4 7 5 0]
INFO:root:{'total_norm': tensor(3.8544, device='cuda:0')}
INFO:root:{'total_norm': tensor(0.9567, device='cuda:0')}
INFO:root:{'total_norm': tensor(2.3790, device='cuda:0')}
INFO:root:{'total_norm': tensor(3.1495, device='cuda:0')}
INFO:root:{'total_norm': tensor(3.3652, device='cuda:0')}
INFO:root:{'total_norm': tensor(4.1064, device='cuda:0')}
INFO:root:{'total_norm': tensor(3.5928, device='cuda:0')}
INFO:root:{'total_norm': tensor(3.1250, device='cuda:0')}
INFO:root:{'total_norm': tensor(3.5325, device='cuda:0')}
INFO:root:{'total_norm': tensor(2.1233, device='cuda:0')}
INFO:root:lr=0.03
INFO:root:Round 99's server1 train acc:  19.72%, train loss: 2.0317
INFO:root:Round 99's server2 train acc:  19.72%, train loss: 2.0317
INFO:root:Round 99's server  test  acc:  20.19%, test  loss: 2.0232
INFO:root:selected clients: [1 3 6 8 5 9 2 4 7 0]
INFO:root:{'total_norm': tensor(3.1731, device='cuda:0')}
INFO:root:{'total_norm': tensor(4.0312, device='cuda:0')}
INFO:root:{'total_norm': tensor(2.8057, device='cuda:0')}
INFO:root:{'total_norm': tensor(4.2343, device='cuda:0')}
INFO:root:{'total_norm': tensor(2.9366, device='cuda:0')}
INFO:root:{'total_norm': tensor(3.7639, device='cuda:0')}
INFO:root:{'total_norm': tensor(2.2808, device='cuda:0')}
INFO:root:{'total_norm': tensor(3.2583, device='cuda:0')}
INFO:root:{'total_norm': tensor(3.2557, device='cuda:0')}
INFO:root:{'total_norm': tensor(2.1379, device='cuda:0')}
INFO:root:lr=0.03
INFO:root:Round 100's server1 train acc:  13.88%, train loss: 2.2333
INFO:root:Round 100's server2 train acc:  13.88%, train loss: 2.2333
INFO:root:Round 100's server  test  acc:  15.49%, test  loss: 2.1733
INFO:root:TrainingTime: 494.37153029441833 sec
