INFO:root:Namespace(m='wvgg9k4', d='cifar10', s=2, R=100, K=5, M=10, P=10, partition='exdir', alpha=[1, 10.0], optim='sgd', lr=0.1, lr_decay=1.0, momentum=0.0, weight_decay=0.0001, global_lr=1.0, batch_size=20, seed=1234, clip=10, log='Log', eval_num=100, tail_eval_num=0, device=0, save_model=0, start_round=0, case=2)
INFO:root:record_name: FedAvg-IV2_M10_P10_K5_R100_wvgg9k4_cifar10_exdir1,10.0_sgd0.1,1.0,0.0,0.0001_b20_seed1234_clip10
INFO:root:VGG(
  (features): Sequential(
    (0): Conv2d(3, 32, kernel_size=(3, 3), stride=(1, 1), padding=(1, 1))
    (1): ReLU(inplace=True)
    (2): MaxPool2d(kernel_size=2, stride=2, padding=0, dilation=1, ceil_mode=False)
    (3): Conv2d(32, 64, kernel_size=(3, 3), stride=(1, 1), padding=(1, 1))
    (4): ReLU(inplace=True)
    (5): MaxPool2d(kernel_size=2, stride=2, padding=0, dilation=1, ceil_mode=False)
    (6): Conv2d(64, 128, kernel_size=(3, 3), stride=(1, 1), padding=(1, 1))
    (7): ReLU(inplace=True)
    (8): Conv2d(128, 128, kernel_size=(3, 3), stride=(1, 1), padding=(1, 1))
    (9): ReLU(inplace=True)
    (10): MaxPool2d(kernel_size=2, stride=2, padding=0, dilation=1, ceil_mode=False)
    (11): Conv2d(128, 256, kernel_size=(3, 3), stride=(1, 1), padding=(1, 1))
    (12): ReLU(inplace=True)
    (13): Conv2d(256, 256, kernel_size=(3, 3), stride=(1, 1), padding=(1, 1))
    (14): ReLU(inplace=True)
    (15): MaxPool2d(kernel_size=2, stride=2, padding=0, dilation=1, ceil_mode=False)
    (16): Conv2d(256, 256, kernel_size=(3, 3), stride=(1, 1), padding=(1, 1))
    (17): ReLU(inplace=True)
    (18): Conv2d(256, 256, kernel_size=(3, 3), stride=(1, 1), padding=(1, 1))
    (19): ReLU(inplace=True)
    (20): MaxPool2d(kernel_size=2, stride=2, padding=0, dilation=1, ceil_mode=False)
  )
  (avgpool): AdaptiveAvgPool2d(output_size=(1, 1))
  (flatten): Flatten(start_dim=1, end_dim=-1)
  (classifier): Linear(in_features=256, out_features=10, bias=True)
)
INFO:root:selected clients: [7 2 9 1 0 8 4 5 6 3]
INFO:root:{'total_norm': tensor(4.9570e-07, device='cuda:0')}
INFO:root:{'total_norm': tensor(8.0819e-10, device='cuda:0')}
INFO:root:{'total_norm': tensor(1.3319e-20, device='cuda:0')}
INFO:root:{'total_norm': tensor(1.4628e-11, device='cuda:0')}
INFO:root:{'total_norm': tensor(3.1866e-13, device='cuda:0')}
INFO:root:{'total_norm': tensor(6.1391e-12, device='cuda:0')}
INFO:root:{'total_norm': tensor(4.5454e-15, device='cuda:0')}
INFO:root:{'total_norm': tensor(0.0003, device='cuda:0')}
INFO:root:{'total_norm': tensor(5.0213e-10, device='cuda:0')}
INFO:root:{'total_norm': tensor(1.7619e-17, device='cuda:0')}
INFO:root:lr=0.1
INFO:root:Round 1's server1 train acc:  11.57%, train loss: 2.3933
INFO:root:Round 1's server2 train acc:  11.57%, train loss: 2.3933
INFO:root:Round 1's server  test  acc:  12.67%, test  loss: 2.3547
INFO:root:selected clients: [7 1 9 5 8 4 3 0 2 6]
INFO:root:{'total_norm': tensor(1.5887e-08, device='cuda:0')}
INFO:root:{'total_norm': tensor(3.0760e-12, device='cuda:0')}
INFO:root:{'total_norm': tensor(0., device='cuda:0')}
INFO:root:{'total_norm': tensor(5.8554e-13, device='cuda:0')}
INFO:root:{'total_norm': tensor(0., device='cuda:0')}
INFO:root:{'total_norm': tensor(4.0996e-18, device='cuda:0')}
INFO:root:{'total_norm': tensor(2.1684e-15, device='cuda:0')}
INFO:root:{'total_norm': tensor(2.4093e-16, device='cuda:0')}
INFO:root:{'total_norm': tensor(0.0009, device='cuda:0')}
INFO:root:{'total_norm': tensor(2.5880e-10, device='cuda:0')}
INFO:root:lr=0.1
INFO:root:Round 2's server1 train acc:  10.00%, train loss: 3.8916
INFO:root:Round 2's server2 train acc:  10.00%, train loss: 3.8916
INFO:root:Round 2's server  test  acc:  10.00%, test  loss: 3.5921
INFO:root:selected clients: [8 0 5 7 2 4 9 6 1 3]
INFO:root:{'total_norm': tensor(0.0311, device='cuda:0')}
INFO:root:{'total_norm': tensor(0.0008, device='cuda:0')}
INFO:root:{'total_norm': tensor(1.6393e-20, device='cuda:0')}
INFO:root:{'total_norm': tensor(4.1104e-06, device='cuda:0')}
INFO:root:{'total_norm': tensor(6.1955e-07, device='cuda:0')}
INFO:root:{'total_norm': tensor(5.7492e-14, device='cuda:0')}
INFO:root:{'total_norm': tensor(0.0134, device='cuda:0')}
INFO:root:{'total_norm': tensor(2.8316e-11, device='cuda:0')}
INFO:root:{'total_norm': tensor(1.2117e-15, device='cuda:0')}
INFO:root:{'total_norm': tensor(1.1487e-08, device='cuda:0')}
INFO:root:lr=0.1
INFO:root:Round 3's server1 train acc:  10.00%, train loss: 3.5489
INFO:root:Round 3's server2 train acc:  10.00%, train loss: 3.5489
INFO:root:Round 3's server  test  acc:  10.00%, test  loss: 3.2356
INFO:root:selected clients: [7 2 3 8 6 1 0 9 4 5]
INFO:root:{'total_norm': tensor(1.4848e-10, device='cuda:0')}
INFO:root:{'total_norm': tensor(0.0001, device='cuda:0')}
INFO:root:{'total_norm': tensor(6.3932e-14, device='cuda:0')}
INFO:root:{'total_norm': tensor(0.0010, device='cuda:0')}
INFO:root:{'total_norm': tensor(2.8974e-08, device='cuda:0')}
INFO:root:{'total_norm': tensor(2.5584e-06, device='cuda:0')}
INFO:root:{'total_norm': tensor(8.2465e-11, device='cuda:0')}
INFO:root:{'total_norm': tensor(7.8066e-06, device='cuda:0')}
INFO:root:{'total_norm': tensor(2.4022e-11, device='cuda:0')}
INFO:root:{'total_norm': tensor(0.0004, device='cuda:0')}
INFO:root:lr=0.1
INFO:root:Round 4's server1 train acc:  11.35%, train loss: 3.0550
INFO:root:Round 4's server2 train acc:  11.35%, train loss: 3.0550
INFO:root:Round 4's server  test  acc:  12.58%, test  loss: 2.8530
INFO:root:selected clients: [0 7 9 1 3 4 6 8 5 2]
INFO:root:{'total_norm': tensor(0.0379, device='cuda:0')}
INFO:root:{'total_norm': tensor(1.3488e-09, device='cuda:0')}
INFO:root:{'total_norm': tensor(1.0491e-13, device='cuda:0')}
INFO:root:{'total_norm': tensor(1.0299e-05, device='cuda:0')}
INFO:root:{'total_norm': tensor(0.0306, device='cuda:0')}
INFO:root:{'total_norm': tensor(0.0030, device='cuda:0')}
INFO:root:{'total_norm': tensor(0.1172, device='cuda:0')}
INFO:root:{'total_norm': tensor(6.0635e-12, device='cuda:0')}
INFO:root:{'total_norm': tensor(0.0321, device='cuda:0')}
INFO:root:{'total_norm': tensor(1.0998e-05, device='cuda:0')}
INFO:root:lr=0.1
INFO:root:Round 5's server1 train acc:  10.55%, train loss: 2.5597
INFO:root:Round 5's server2 train acc:  10.55%, train loss: 2.5597
INFO:root:Round 5's server  test  acc:  11.98%, test  loss: 2.4898
INFO:root:selected clients: [8 4 0 5 1 2 6 3 7 9]
INFO:root:{'total_norm': tensor(0.0003, device='cuda:0')}
INFO:root:{'total_norm': tensor(1.3810e-06, device='cuda:0')}
INFO:root:{'total_norm': tensor(3.9469e-09, device='cuda:0')}
INFO:root:{'total_norm': tensor(0.0009, device='cuda:0')}
INFO:root:{'total_norm': tensor(0.0002, device='cuda:0')}
INFO:root:{'total_norm': tensor(0.0001, device='cuda:0')}
INFO:root:{'total_norm': tensor(1.0370e-05, device='cuda:0')}
INFO:root:{'total_norm': tensor(6.7417e-11, device='cuda:0')}
INFO:root:{'total_norm': tensor(0.0110, device='cuda:0')}
INFO:root:{'total_norm': tensor(0.0002, device='cuda:0')}
INFO:root:lr=0.1
INFO:root:Round 6's server1 train acc:  10.00%, train loss: 2.3649
INFO:root:Round 6's server2 train acc:  10.00%, train loss: 2.3649
INFO:root:Round 6's server  test  acc:  10.00%, test  loss: 2.3494
INFO:root:selected clients: [5 3 6 0 8 2 1 9 4 7]
INFO:root:{'total_norm': tensor(2.7356e-05, device='cuda:0')}
INFO:root:{'total_norm': tensor(0.0071, device='cuda:0')}
INFO:root:{'total_norm': tensor(0.0741, device='cuda:0')}
INFO:root:{'total_norm': tensor(0.0296, device='cuda:0')}
INFO:root:{'total_norm': tensor(1.3471e-05, device='cuda:0')}
INFO:root:{'total_norm': tensor(5.4491e-05, device='cuda:0')}
INFO:root:{'total_norm': tensor(2.5660e-05, device='cuda:0')}
INFO:root:{'total_norm': tensor(5.5750e-07, device='cuda:0')}
INFO:root:{'total_norm': tensor(0.0109, device='cuda:0')}
INFO:root:{'total_norm': tensor(2.1203e-05, device='cuda:0')}
INFO:root:lr=0.1
INFO:root:Round 7's server1 train acc:  10.67%, train loss: 2.3164
INFO:root:Round 7's server2 train acc:  10.67%, train loss: 2.3164
INFO:root:Round 7's server  test  acc:  10.77%, test  loss: 2.3091
INFO:root:selected clients: [1 6 5 2 8 7 9 4 0 3]
INFO:root:{'total_norm': tensor(0.0003, device='cuda:0')}
INFO:root:{'total_norm': tensor(7.3439e-06, device='cuda:0')}
INFO:root:{'total_norm': tensor(0.0218, device='cuda:0')}
INFO:root:{'total_norm': tensor(0.0032, device='cuda:0')}
INFO:root:{'total_norm': tensor(0.0014, device='cuda:0')}
INFO:root:{'total_norm': tensor(0.0333, device='cuda:0')}
INFO:root:{'total_norm': tensor(0.0007, device='cuda:0')}
INFO:root:{'total_norm': tensor(5.0012e-06, device='cuda:0')}
INFO:root:{'total_norm': tensor(3.6484e-06, device='cuda:0')}
INFO:root:{'total_norm': tensor(0.0002, device='cuda:0')}
INFO:root:lr=0.1
INFO:root:Round 8's server1 train acc:  10.20%, train loss: 2.3069
INFO:root:Round 8's server2 train acc:  10.20%, train loss: 2.3069
INFO:root:Round 8's server  test  acc:  11.47%, test  loss: 2.3041
INFO:root:selected clients: [4 5 0 6 1 8 3 7 9 2]
INFO:root:{'total_norm': tensor(0.0225, device='cuda:0')}
INFO:root:{'total_norm': tensor(0.0014, device='cuda:0')}
INFO:root:{'total_norm': tensor(0.0011, device='cuda:0')}
INFO:root:{'total_norm': tensor(0.0067, device='cuda:0')}
INFO:root:{'total_norm': tensor(0.0003, device='cuda:0')}
INFO:root:{'total_norm': tensor(1.4921e-05, device='cuda:0')}
INFO:root:{'total_norm': tensor(0.0005, device='cuda:0')}
INFO:root:{'total_norm': tensor(2.4499e-05, device='cuda:0')}
INFO:root:{'total_norm': tensor(7.1154e-07, device='cuda:0')}
INFO:root:{'total_norm': tensor(0.0034, device='cuda:0')}
INFO:root:lr=0.1
INFO:root:Round 9's server1 train acc:  12.45%, train loss: 2.2985
INFO:root:Round 9's server2 train acc:  12.45%, train loss: 2.2985
INFO:root:Round 9's server  test  acc:  12.78%, test  loss: 2.2964
INFO:root:selected clients: [8 2 6 4 3 9 7 0 1 5]
INFO:root:{'total_norm': tensor(0.0001, device='cuda:0')}
INFO:root:{'total_norm': tensor(0.0181, device='cuda:0')}
INFO:root:{'total_norm': tensor(5.0329e-05, device='cuda:0')}
INFO:root:{'total_norm': tensor(8.8673e-05, device='cuda:0')}
INFO:root:{'total_norm': tensor(1.9805e-07, device='cuda:0')}
INFO:root:{'total_norm': tensor(7.9579e-05, device='cuda:0')}
INFO:root:{'total_norm': tensor(0.0059, device='cuda:0')}
INFO:root:{'total_norm': tensor(2.1053e-05, device='cuda:0')}
INFO:root:{'total_norm': tensor(0.0003, device='cuda:0')}
INFO:root:{'total_norm': tensor(0.0090, device='cuda:0')}
INFO:root:lr=0.1
INFO:root:Round 10's server1 train acc:  12.77%, train loss: 2.2981
INFO:root:Round 10's server2 train acc:  12.77%, train loss: 2.2981
INFO:root:Round 10's server  test  acc:  14.00%, test  loss: 2.2964
INFO:root:selected clients: [2 6 0 8 5 4 9 1 7 3]
INFO:root:{'total_norm': tensor(0.0004, device='cuda:0')}
INFO:root:{'total_norm': tensor(0.0003, device='cuda:0')}
INFO:root:{'total_norm': tensor(0.0005, device='cuda:0')}
INFO:root:{'total_norm': tensor(8.0423e-05, device='cuda:0')}
INFO:root:{'total_norm': tensor(0.0016, device='cuda:0')}
INFO:root:{'total_norm': tensor(0.0004, device='cuda:0')}
INFO:root:{'total_norm': tensor(3.6841e-06, device='cuda:0')}
INFO:root:{'total_norm': tensor(0.0006, device='cuda:0')}
INFO:root:{'total_norm': tensor(0.0007, device='cuda:0')}
INFO:root:{'total_norm': tensor(7.4782e-05, device='cuda:0')}
INFO:root:lr=0.1
INFO:root:Round 11's server1 train acc:  14.96%, train loss: 2.2962
INFO:root:Round 11's server2 train acc:  14.96%, train loss: 2.2962
INFO:root:Round 11's server  test  acc:  16.92%, test  loss: 2.2945
INFO:root:selected clients: [2 4 0 9 3 6 5 1 7 8]
INFO:root:{'total_norm': tensor(0.0006, device='cuda:0')}
INFO:root:{'total_norm': tensor(3.4448e-05, device='cuda:0')}
INFO:root:{'total_norm': tensor(2.7859e-05, device='cuda:0')}
INFO:root:{'total_norm': tensor(4.7875e-05, device='cuda:0')}
INFO:root:{'total_norm': tensor(2.9071e-05, device='cuda:0')}
INFO:root:{'total_norm': tensor(0.0006, device='cuda:0')}
INFO:root:{'total_norm': tensor(0.0025, device='cuda:0')}
INFO:root:{'total_norm': tensor(0.0032, device='cuda:0')}
INFO:root:{'total_norm': tensor(0.0009, device='cuda:0')}
INFO:root:{'total_norm': tensor(0.0001, device='cuda:0')}
INFO:root:lr=0.1
INFO:root:Round 12's server1 train acc:  15.16%, train loss: 2.2957
INFO:root:Round 12's server2 train acc:  15.16%, train loss: 2.2957
INFO:root:Round 12's server  test  acc:  17.53%, test  loss: 2.2939
INFO:root:selected clients: [9 4 7 3 5 1 8 0 6 2]
INFO:root:{'total_norm': tensor(1.5841e-06, device='cuda:0')}
INFO:root:{'total_norm': tensor(0.0014, device='cuda:0')}
INFO:root:{'total_norm': tensor(0.0006, device='cuda:0')}
INFO:root:{'total_norm': tensor(0.0008, device='cuda:0')}
INFO:root:{'total_norm': tensor(0.0019, device='cuda:0')}
INFO:root:{'total_norm': tensor(0.0028, device='cuda:0')}
INFO:root:{'total_norm': tensor(0.0003, device='cuda:0')}
INFO:root:{'total_norm': tensor(6.7429e-05, device='cuda:0')}
INFO:root:{'total_norm': tensor(0.0002, device='cuda:0')}
INFO:root:{'total_norm': tensor(0.0004, device='cuda:0')}
INFO:root:lr=0.1
INFO:root:Round 13's server1 train acc:  16.85%, train loss: 2.2948
INFO:root:Round 13's server2 train acc:  16.85%, train loss: 2.2948
INFO:root:Round 13's server  test  acc:  19.60%, test  loss: 2.2930
INFO:root:selected clients: [2 9 8 4 6 0 5 7 1 3]
INFO:root:{'total_norm': tensor(0.0020, device='cuda:0')}
INFO:root:{'total_norm': tensor(1.9966e-05, device='cuda:0')}
INFO:root:{'total_norm': tensor(0.0003, device='cuda:0')}
INFO:root:{'total_norm': tensor(2.8200e-05, device='cuda:0')}
INFO:root:{'total_norm': tensor(0.0005, device='cuda:0')}
INFO:root:{'total_norm': tensor(8.9311e-05, device='cuda:0')}
INFO:root:{'total_norm': tensor(0.0002, device='cuda:0')}
INFO:root:{'total_norm': tensor(0.0003, device='cuda:0')}
INFO:root:{'total_norm': tensor(7.9921e-05, device='cuda:0')}
INFO:root:{'total_norm': tensor(2.6408e-06, device='cuda:0')}
INFO:root:lr=0.1
INFO:root:Round 14's server1 train acc:  16.63%, train loss: 2.2942
INFO:root:Round 14's server2 train acc:  16.63%, train loss: 2.2942
INFO:root:Round 14's server  test  acc:  18.63%, test  loss: 2.2922
INFO:root:selected clients: [6 8 5 2 0 3 4 9 7 1]
INFO:root:{'total_norm': tensor(6.5364e-05, device='cuda:0')}
INFO:root:{'total_norm': tensor(3.4242e-05, device='cuda:0')}
INFO:root:{'total_norm': tensor(0.0002, device='cuda:0')}
INFO:root:{'total_norm': tensor(0.0017, device='cuda:0')}
INFO:root:{'total_norm': tensor(0.0001, device='cuda:0')}
INFO:root:{'total_norm': tensor(2.7250e-06, device='cuda:0')}
INFO:root:{'total_norm': tensor(0.0002, device='cuda:0')}
INFO:root:{'total_norm': tensor(3.8861e-05, device='cuda:0')}
INFO:root:{'total_norm': tensor(0.0003, device='cuda:0')}
INFO:root:{'total_norm': tensor(0.0002, device='cuda:0')}
INFO:root:lr=0.1
INFO:root:Round 15's server1 train acc:  17.35%, train loss: 2.2929
INFO:root:Round 15's server2 train acc:  17.35%, train loss: 2.2929
INFO:root:Round 15's server  test  acc:  20.13%, test  loss: 2.2908
INFO:root:selected clients: [2 5 8 7 9 0 6 4 3 1]
INFO:root:{'total_norm': tensor(0.0009, device='cuda:0')}
INFO:root:{'total_norm': tensor(0.0029, device='cuda:0')}
INFO:root:{'total_norm': tensor(5.0476e-05, device='cuda:0')}
INFO:root:{'total_norm': tensor(0.0005, device='cuda:0')}
INFO:root:{'total_norm': tensor(1.7128e-05, device='cuda:0')}
INFO:root:{'total_norm': tensor(0.0004, device='cuda:0')}
INFO:root:{'total_norm': tensor(0.0003, device='cuda:0')}
INFO:root:{'total_norm': tensor(1.4749e-05, device='cuda:0')}
INFO:root:{'total_norm': tensor(4.7376e-06, device='cuda:0')}
INFO:root:{'total_norm': tensor(4.9754e-05, device='cuda:0')}
INFO:root:lr=0.1
INFO:root:Round 16's server1 train acc:  17.35%, train loss: 2.2924
INFO:root:Round 16's server2 train acc:  17.35%, train loss: 2.2924
INFO:root:Round 16's server  test  acc:  19.67%, test  loss: 2.2901
INFO:root:selected clients: [0 8 9 1 3 7 6 5 2 4]
INFO:root:{'total_norm': tensor(0.0002, device='cuda:0')}
INFO:root:{'total_norm': tensor(0.0001, device='cuda:0')}
INFO:root:{'total_norm': tensor(2.6621e-06, device='cuda:0')}
INFO:root:{'total_norm': tensor(0.0028, device='cuda:0')}
INFO:root:{'total_norm': tensor(0.0011, device='cuda:0')}
INFO:root:{'total_norm': tensor(4.8845e-05, device='cuda:0')}
INFO:root:{'total_norm': tensor(0.0002, device='cuda:0')}
INFO:root:{'total_norm': tensor(0.0491, device='cuda:0')}
INFO:root:{'total_norm': tensor(7.0480e-05, device='cuda:0')}
INFO:root:{'total_norm': tensor(0.0002, device='cuda:0')}
INFO:root:lr=0.1
INFO:root:Round 17's server1 train acc:  18.05%, train loss: 2.2913
INFO:root:Round 17's server2 train acc:  18.05%, train loss: 2.2913
INFO:root:Round 17's server  test  acc:  20.49%, test  loss: 2.2888
INFO:root:selected clients: [7 4 3 8 9 6 0 1 5 2]
INFO:root:{'total_norm': tensor(9.2759e-05, device='cuda:0')}
INFO:root:{'total_norm': tensor(8.8727e-05, device='cuda:0')}
INFO:root:{'total_norm': tensor(1.2036e-06, device='cuda:0')}
INFO:root:{'total_norm': tensor(4.6882e-05, device='cuda:0')}
INFO:root:{'total_norm': tensor(5.2041e-06, device='cuda:0')}
INFO:root:{'total_norm': tensor(0.0014, device='cuda:0')}
INFO:root:{'total_norm': tensor(9.4788e-05, device='cuda:0')}
INFO:root:{'total_norm': tensor(0.0001, device='cuda:0')}
INFO:root:{'total_norm': tensor(0.0007, device='cuda:0')}
INFO:root:{'total_norm': tensor(0.0004, device='cuda:0')}
INFO:root:lr=0.1
INFO:root:Round 18's server1 train acc:  17.96%, train loss: 2.2906
INFO:root:Round 18's server2 train acc:  17.96%, train loss: 2.2906
INFO:root:Round 18's server  test  acc:  20.18%, test  loss: 2.2880
INFO:root:selected clients: [9 5 1 3 6 4 8 2 0 7]
INFO:root:{'total_norm': tensor(1.1679e-06, device='cuda:0')}
INFO:root:{'total_norm': tensor(0.0003, device='cuda:0')}
INFO:root:{'total_norm': tensor(1.0192e-05, device='cuda:0')}
INFO:root:{'total_norm': tensor(1.2048e-07, device='cuda:0')}
INFO:root:{'total_norm': tensor(0.0032, device='cuda:0')}
INFO:root:{'total_norm': tensor(2.9339e-05, device='cuda:0')}
INFO:root:{'total_norm': tensor(0.0001, device='cuda:0')}
INFO:root:{'total_norm': tensor(0.0005, device='cuda:0')}
INFO:root:{'total_norm': tensor(4.4831e-05, device='cuda:0')}
INFO:root:{'total_norm': tensor(0.0032, device='cuda:0')}
INFO:root:lr=0.1
INFO:root:Round 19's server1 train acc:  17.93%, train loss: 2.2895
INFO:root:Round 19's server2 train acc:  17.93%, train loss: 2.2895
INFO:root:Round 19's server  test  acc:  21.05%, test  loss: 2.2867
INFO:root:selected clients: [3 4 2 5 8 6 7 0 9 1]
INFO:root:{'total_norm': tensor(4.4496e-06, device='cuda:0')}
INFO:root:{'total_norm': tensor(0.0002, device='cuda:0')}
INFO:root:{'total_norm': tensor(5.2639e-05, device='cuda:0')}
INFO:root:{'total_norm': tensor(7.7794e-05, device='cuda:0')}
INFO:root:{'total_norm': tensor(4.3144e-05, device='cuda:0')}
INFO:root:{'total_norm': tensor(0.0004, device='cuda:0')}
INFO:root:{'total_norm': tensor(0.0003, device='cuda:0')}
INFO:root:{'total_norm': tensor(3.1402e-06, device='cuda:0')}
INFO:root:{'total_norm': tensor(1.6508e-06, device='cuda:0')}
INFO:root:{'total_norm': tensor(2.6641e-05, device='cuda:0')}
INFO:root:lr=0.1
INFO:root:Round 20's server1 train acc:  18.72%, train loss: 2.2883
INFO:root:Round 20's server2 train acc:  18.72%, train loss: 2.2883
INFO:root:Round 20's server  test  acc:  21.61%, test  loss: 2.2855
INFO:root:selected clients: [4 7 9 8 6 2 5 3 0 1]
INFO:root:{'total_norm': tensor(0.0004, device='cuda:0')}
INFO:root:{'total_norm': tensor(0.0003, device='cuda:0')}
INFO:root:{'total_norm': tensor(3.2098e-08, device='cuda:0')}
INFO:root:{'total_norm': tensor(6.2084e-05, device='cuda:0')}
INFO:root:{'total_norm': tensor(0.0002, device='cuda:0')}
INFO:root:{'total_norm': tensor(0.0006, device='cuda:0')}
INFO:root:{'total_norm': tensor(0.0004, device='cuda:0')}
INFO:root:{'total_norm': tensor(6.0547e-07, device='cuda:0')}
INFO:root:{'total_norm': tensor(1.4282e-05, device='cuda:0')}
INFO:root:{'total_norm': tensor(2.3747e-05, device='cuda:0')}
INFO:root:lr=0.1
INFO:root:Round 21's server1 train acc:  18.69%, train loss: 2.2875
INFO:root:Round 21's server2 train acc:  18.69%, train loss: 2.2875
INFO:root:Round 21's server  test  acc:  21.40%, test  loss: 2.2847
INFO:root:selected clients: [0 7 3 2 6 9 8 4 5 1]
INFO:root:{'total_norm': tensor(0.0003, device='cuda:0')}
INFO:root:{'total_norm': tensor(0.0003, device='cuda:0')}
INFO:root:{'total_norm': tensor(3.0837e-06, device='cuda:0')}
INFO:root:{'total_norm': tensor(0.0011, device='cuda:0')}
INFO:root:{'total_norm': tensor(0.0017, device='cuda:0')}
INFO:root:{'total_norm': tensor(8.2405e-06, device='cuda:0')}
INFO:root:{'total_norm': tensor(1.2844e-05, device='cuda:0')}
INFO:root:{'total_norm': tensor(2.8104e-05, device='cuda:0')}
INFO:root:{'total_norm': tensor(0.0005, device='cuda:0')}
INFO:root:{'total_norm': tensor(0.0010, device='cuda:0')}
INFO:root:lr=0.1
INFO:root:Round 22's server1 train acc:  18.73%, train loss: 2.2863
INFO:root:Round 22's server2 train acc:  18.73%, train loss: 2.2863
INFO:root:Round 22's server  test  acc:  23.11%, test  loss: 2.2831
INFO:root:selected clients: [4 0 7 5 8 2 9 3 1 6]
INFO:root:{'total_norm': tensor(3.4483e-05, device='cuda:0')}
INFO:root:{'total_norm': tensor(0.0001, device='cuda:0')}
INFO:root:{'total_norm': tensor(0.0008, device='cuda:0')}
INFO:root:{'total_norm': tensor(0.0005, device='cuda:0')}
INFO:root:{'total_norm': tensor(5.6203e-05, device='cuda:0')}
INFO:root:{'total_norm': tensor(0.0028, device='cuda:0')}
INFO:root:{'total_norm': tensor(1.3658e-07, device='cuda:0')}
INFO:root:{'total_norm': tensor(3.0078e-06, device='cuda:0')}
INFO:root:{'total_norm': tensor(8.6194e-05, device='cuda:0')}
INFO:root:{'total_norm': tensor(0.0011, device='cuda:0')}
INFO:root:lr=0.1
INFO:root:Round 23's server1 train acc:  19.15%, train loss: 2.2851
INFO:root:Round 23's server2 train acc:  19.15%, train loss: 2.2851
INFO:root:Round 23's server  test  acc:  20.87%, test  loss: 2.2819
INFO:root:selected clients: [0 3 1 8 4 5 7 2 9 6]
INFO:root:{'total_norm': tensor(0.0111, device='cuda:0')}
INFO:root:{'total_norm': tensor(5.8176e-06, device='cuda:0')}
INFO:root:{'total_norm': tensor(2.1031e-05, device='cuda:0')}
INFO:root:{'total_norm': tensor(6.5639e-05, device='cuda:0')}
INFO:root:{'total_norm': tensor(1.1047e-05, device='cuda:0')}
INFO:root:{'total_norm': tensor(0.0001, device='cuda:0')}
INFO:root:{'total_norm': tensor(0.0004, device='cuda:0')}
INFO:root:{'total_norm': tensor(0.0008, device='cuda:0')}
INFO:root:{'total_norm': tensor(6.7439e-06, device='cuda:0')}
INFO:root:{'total_norm': tensor(0.0001, device='cuda:0')}
INFO:root:lr=0.1
INFO:root:Round 24's server1 train acc:  18.97%, train loss: 2.2834
INFO:root:Round 24's server2 train acc:  18.97%, train loss: 2.2834
INFO:root:Round 24's server  test  acc:  22.30%, test  loss: 2.2797
INFO:root:selected clients: [6 1 7 4 8 3 9 5 2 0]
INFO:root:{'total_norm': tensor(3.8357e-05, device='cuda:0')}
INFO:root:{'total_norm': tensor(6.3733e-06, device='cuda:0')}
INFO:root:{'total_norm': tensor(1.8530e-05, device='cuda:0')}
INFO:root:{'total_norm': tensor(1.1760e-06, device='cuda:0')}
INFO:root:{'total_norm': tensor(6.1162e-05, device='cuda:0')}
INFO:root:{'total_norm': tensor(6.6246e-07, device='cuda:0')}
INFO:root:{'total_norm': tensor(5.4928e-07, device='cuda:0')}
INFO:root:{'total_norm': tensor(0.0006, device='cuda:0')}
INFO:root:{'total_norm': tensor(0.0002, device='cuda:0')}
INFO:root:{'total_norm': tensor(1.0908e-05, device='cuda:0')}
INFO:root:lr=0.1
INFO:root:Round 25's server1 train acc:  19.11%, train loss: 2.2820
INFO:root:Round 25's server2 train acc:  19.11%, train loss: 2.2820
INFO:root:Round 25's server  test  acc:  21.16%, test  loss: 2.2781
INFO:root:selected clients: [2 0 3 7 4 9 5 6 8 1]
INFO:root:{'total_norm': tensor(0.0004, device='cuda:0')}
INFO:root:{'total_norm': tensor(2.2845e-05, device='cuda:0')}
INFO:root:{'total_norm': tensor(5.9645e-07, device='cuda:0')}
INFO:root:{'total_norm': tensor(0.0002, device='cuda:0')}
INFO:root:{'total_norm': tensor(6.8391e-08, device='cuda:0')}
INFO:root:{'total_norm': tensor(6.1019e-07, device='cuda:0')}
INFO:root:{'total_norm': tensor(7.1083e-05, device='cuda:0')}
INFO:root:{'total_norm': tensor(2.0849e-05, device='cuda:0')}
INFO:root:{'total_norm': tensor(0.0003, device='cuda:0')}
INFO:root:{'total_norm': tensor(0.0007, device='cuda:0')}
INFO:root:lr=0.1
INFO:root:Round 26's server1 train acc:  19.16%, train loss: 2.2803
INFO:root:Round 26's server2 train acc:  19.16%, train loss: 2.2803
INFO:root:Round 26's server  test  acc:  22.83%, test  loss: 2.2763
INFO:root:selected clients: [4 7 1 2 0 9 8 5 6 3]
INFO:root:{'total_norm': tensor(1.5942e-05, device='cuda:0')}
INFO:root:{'total_norm': tensor(8.5009e-05, device='cuda:0')}
INFO:root:{'total_norm': tensor(1.3494e-05, device='cuda:0')}
INFO:root:{'total_norm': tensor(0.0003, device='cuda:0')}
INFO:root:{'total_norm': tensor(0.0001, device='cuda:0')}
INFO:root:{'total_norm': tensor(3.4308e-06, device='cuda:0')}
INFO:root:{'total_norm': tensor(9.4132e-06, device='cuda:0')}
INFO:root:{'total_norm': tensor(0.0029, device='cuda:0')}
INFO:root:{'total_norm': tensor(2.7586e-05, device='cuda:0')}
INFO:root:{'total_norm': tensor(0.0001, device='cuda:0')}
INFO:root:lr=0.1
INFO:root:Round 27's server1 train acc:  18.98%, train loss: 2.2779
INFO:root:Round 27's server2 train acc:  18.98%, train loss: 2.2779
INFO:root:Round 27's server  test  acc:  22.56%, test  loss: 2.2732
INFO:root:selected clients: [7 2 6 4 9 5 1 0 8 3]
INFO:root:{'total_norm': tensor(0.0002, device='cuda:0')}
INFO:root:{'total_norm': tensor(0.0002, device='cuda:0')}
INFO:root:{'total_norm': tensor(8.2140e-06, device='cuda:0')}
INFO:root:{'total_norm': tensor(0.0007, device='cuda:0')}
INFO:root:{'total_norm': tensor(3.5446e-06, device='cuda:0')}
INFO:root:{'total_norm': tensor(0.0002, device='cuda:0')}
INFO:root:{'total_norm': tensor(0.0001, device='cuda:0')}
INFO:root:{'total_norm': tensor(5.1815e-06, device='cuda:0')}
INFO:root:{'total_norm': tensor(4.0543e-05, device='cuda:0')}
INFO:root:{'total_norm': tensor(1.1039e-06, device='cuda:0')}
INFO:root:lr=0.1
INFO:root:Round 28's server1 train acc:  19.57%, train loss: 2.2761
INFO:root:Round 28's server2 train acc:  19.57%, train loss: 2.2761
INFO:root:Round 28's server  test  acc:  22.29%, test  loss: 2.2711
INFO:root:selected clients: [4 2 7 8 9 6 5 3 1 0]
INFO:root:{'total_norm': tensor(6.7896e-06, device='cuda:0')}
INFO:root:{'total_norm': tensor(0.0005, device='cuda:0')}
INFO:root:{'total_norm': tensor(1.6906e-05, device='cuda:0')}
INFO:root:{'total_norm': tensor(8.6655e-05, device='cuda:0')}
INFO:root:{'total_norm': tensor(8.7993e-08, device='cuda:0')}
INFO:root:{'total_norm': tensor(0.0010, device='cuda:0')}
INFO:root:{'total_norm': tensor(1.6779e-05, device='cuda:0')}
INFO:root:{'total_norm': tensor(8.4703e-09, device='cuda:0')}
INFO:root:{'total_norm': tensor(0.0003, device='cuda:0')}
INFO:root:{'total_norm': tensor(1.2848e-05, device='cuda:0')}
INFO:root:lr=0.1
INFO:root:Round 29's server1 train acc:  17.58%, train loss: 2.2752
INFO:root:Round 29's server2 train acc:  17.58%, train loss: 2.2752
INFO:root:Round 29's server  test  acc:  20.80%, test  loss: 2.2696
INFO:root:selected clients: [7 9 8 5 1 3 0 2 6 4]
INFO:root:{'total_norm': tensor(0.0001, device='cuda:0')}
INFO:root:{'total_norm': tensor(5.6411e-07, device='cuda:0')}
INFO:root:{'total_norm': tensor(3.4238e-05, device='cuda:0')}
INFO:root:{'total_norm': tensor(8.2099e-05, device='cuda:0')}
INFO:root:{'total_norm': tensor(1.5881e-05, device='cuda:0')}
INFO:root:{'total_norm': tensor(3.3456e-08, device='cuda:0')}
INFO:root:{'total_norm': tensor(0.0001, device='cuda:0')}
INFO:root:{'total_norm': tensor(0.0018, device='cuda:0')}
INFO:root:{'total_norm': tensor(0.0016, device='cuda:0')}
INFO:root:{'total_norm': tensor(0.0002, device='cuda:0')}
INFO:root:lr=0.1
INFO:root:Round 30's server1 train acc:  18.68%, train loss: 2.2733
INFO:root:Round 30's server2 train acc:  18.68%, train loss: 2.2733
INFO:root:Round 30's server  test  acc:  20.75%, test  loss: 2.2677
INFO:root:selected clients: [5 4 2 3 7 6 0 8 9 1]
INFO:root:{'total_norm': tensor(0.0005, device='cuda:0')}
INFO:root:{'total_norm': tensor(9.4741e-06, device='cuda:0')}
INFO:root:{'total_norm': tensor(1.9078e-05, device='cuda:0')}
INFO:root:{'total_norm': tensor(3.2158e-08, device='cuda:0')}
INFO:root:{'total_norm': tensor(6.9693e-06, device='cuda:0')}
INFO:root:{'total_norm': tensor(0.0093, device='cuda:0')}
INFO:root:{'total_norm': tensor(8.4185e-05, device='cuda:0')}
INFO:root:{'total_norm': tensor(2.4579e-05, device='cuda:0')}
INFO:root:{'total_norm': tensor(1.4544e-08, device='cuda:0')}
INFO:root:{'total_norm': tensor(1.6183e-05, device='cuda:0')}
INFO:root:lr=0.1
INFO:root:Round 31's server1 train acc:  15.52%, train loss: 2.2743
INFO:root:Round 31's server2 train acc:  15.52%, train loss: 2.2743
INFO:root:Round 31's server  test  acc:  18.93%, test  loss: 2.2665
INFO:root:selected clients: [0 8 2 9 7 3 5 6 1 4]
INFO:root:{'total_norm': tensor(5.6349e-08, device='cuda:0')}
INFO:root:{'total_norm': tensor(5.3603e-06, device='cuda:0')}
INFO:root:{'total_norm': tensor(0.0003, device='cuda:0')}
INFO:root:{'total_norm': tensor(6.1686e-07, device='cuda:0')}
INFO:root:{'total_norm': tensor(2.5265e-05, device='cuda:0')}
INFO:root:{'total_norm': tensor(2.2519e-08, device='cuda:0')}
INFO:root:{'total_norm': tensor(0.0002, device='cuda:0')}
INFO:root:{'total_norm': tensor(8.9866e-05, device='cuda:0')}
INFO:root:{'total_norm': tensor(8.9949e-06, device='cuda:0')}
INFO:root:{'total_norm': tensor(9.8155e-07, device='cuda:0')}
INFO:root:lr=0.1
INFO:root:Round 32's server1 train acc:  13.46%, train loss: 2.2753
INFO:root:Round 32's server2 train acc:  13.46%, train loss: 2.2753
INFO:root:Round 32's server  test  acc:  14.54%, test  loss: 2.2685
INFO:root:selected clients: [4 0 1 6 9 3 8 7 5 2]
INFO:root:{'total_norm': tensor(5.5090e-06, device='cuda:0')}
INFO:root:{'total_norm': tensor(9.0382e-05, device='cuda:0')}
INFO:root:{'total_norm': tensor(0.0007, device='cuda:0')}
INFO:root:{'total_norm': tensor(4.6374e-08, device='cuda:0')}
INFO:root:{'total_norm': tensor(7.9426e-10, device='cuda:0')}
INFO:root:{'total_norm': tensor(3.7638e-08, device='cuda:0')}
INFO:root:{'total_norm': tensor(9.2542e-05, device='cuda:0')}
INFO:root:{'total_norm': tensor(0.0103, device='cuda:0')}
INFO:root:{'total_norm': tensor(4.6042e-06, device='cuda:0')}
INFO:root:{'total_norm': tensor(0.0006, device='cuda:0')}
INFO:root:lr=0.1
INFO:root:Round 33's server1 train acc:  12.26%, train loss: 2.2805
INFO:root:Round 33's server2 train acc:  12.26%, train loss: 2.2805
INFO:root:Round 33's server  test  acc:  13.78%, test  loss: 2.2683
INFO:root:selected clients: [9 0 1 5 2 7 8 3 4 6]
INFO:root:{'total_norm': tensor(4.4599e-06, device='cuda:0')}
INFO:root:{'total_norm': tensor(5.5631e-07, device='cuda:0')}
INFO:root:{'total_norm': tensor(3.6860e-08, device='cuda:0')}
INFO:root:{'total_norm': tensor(7.5860e-05, device='cuda:0')}
INFO:root:{'total_norm': tensor(1.6313e-05, device='cuda:0')}
INFO:root:{'total_norm': tensor(2.8071e-05, device='cuda:0')}
INFO:root:{'total_norm': tensor(2.3062e-06, device='cuda:0')}
INFO:root:{'total_norm': tensor(5.8718e-07, device='cuda:0')}
INFO:root:{'total_norm': tensor(4.6956e-08, device='cuda:0')}
INFO:root:{'total_norm': tensor(0.0003, device='cuda:0')}
INFO:root:lr=0.1
INFO:root:Round 34's server1 train acc:  10.32%, train loss: 2.2957
INFO:root:Round 34's server2 train acc:  10.32%, train loss: 2.2957
INFO:root:Round 34's server  test  acc:  10.84%, test  loss: 2.2839
INFO:root:selected clients: [2 0 6 8 3 5 4 7 1 9]
INFO:root:{'total_norm': tensor(0.0032, device='cuda:0')}
INFO:root:{'total_norm': tensor(9.0518e-05, device='cuda:0')}
INFO:root:{'total_norm': tensor(4.2063e-09, device='cuda:0')}
INFO:root:{'total_norm': tensor(2.9558e-05, device='cuda:0')}
INFO:root:{'total_norm': tensor(1.2037e-09, device='cuda:0')}
INFO:root:{'total_norm': tensor(2.1778e-05, device='cuda:0')}
INFO:root:{'total_norm': tensor(3.9529e-05, device='cuda:0')}
INFO:root:{'total_norm': tensor(0.0006, device='cuda:0')}
INFO:root:{'total_norm': tensor(0.0001, device='cuda:0')}
INFO:root:{'total_norm': tensor(2.5916e-09, device='cuda:0')}
INFO:root:lr=0.1
INFO:root:Round 35's server1 train acc:  11.63%, train loss: 2.3335
INFO:root:Round 35's server2 train acc:  11.63%, train loss: 2.3335
INFO:root:Round 35's server  test  acc:  12.48%, test  loss: 2.3044
INFO:root:selected clients: [3 0 5 7 1 4 2 8 6 9]
INFO:root:{'total_norm': tensor(0.0002, device='cuda:0')}
INFO:root:{'total_norm': tensor(4.9724e-08, device='cuda:0')}
INFO:root:{'total_norm': tensor(0.0056, device='cuda:0')}
INFO:root:{'total_norm': tensor(1.0201e-05, device='cuda:0')}
INFO:root:{'total_norm': tensor(5.5963e-06, device='cuda:0')}
INFO:root:{'total_norm': tensor(8.4606e-06, device='cuda:0')}
INFO:root:{'total_norm': tensor(3.9492e-05, device='cuda:0')}
INFO:root:{'total_norm': tensor(0.0019, device='cuda:0')}
INFO:root:{'total_norm': tensor(0.0336, device='cuda:0')}
INFO:root:{'total_norm': tensor(0.0004, device='cuda:0')}
INFO:root:lr=0.1
INFO:root:Round 36's server1 train acc:  11.03%, train loss: 2.3520
INFO:root:Round 36's server2 train acc:  11.03%, train loss: 2.3520
INFO:root:Round 36's server  test  acc:  12.27%, test  loss: 2.3289
INFO:root:selected clients: [9 0 6 4 3 5 7 8 1 2]
INFO:root:{'total_norm': tensor(1.3537e-10, device='cuda:0')}
INFO:root:{'total_norm': tensor(0.0069, device='cuda:0')}
INFO:root:{'total_norm': tensor(1.8593e-05, device='cuda:0')}
INFO:root:{'total_norm': tensor(0.0005, device='cuda:0')}
INFO:root:{'total_norm': tensor(9.2655e-10, device='cuda:0')}
INFO:root:{'total_norm': tensor(1.8433e-08, device='cuda:0')}
INFO:root:{'total_norm': tensor(0.0637, device='cuda:0')}
INFO:root:{'total_norm': tensor(0.0077, device='cuda:0')}
INFO:root:{'total_norm': tensor(0.0200, device='cuda:0')}
INFO:root:{'total_norm': tensor(0.0018, device='cuda:0')}
INFO:root:lr=0.1
INFO:root:Round 37's server1 train acc:  11.72%, train loss: 2.3617
INFO:root:Round 37's server2 train acc:  11.72%, train loss: 2.3617
INFO:root:Round 37's server  test  acc:  12.56%, test  loss: 2.3262
INFO:root:selected clients: [4 5 9 1 6 2 0 7 8 3]
INFO:root:{'total_norm': tensor(1.0011e-05, device='cuda:0')}
INFO:root:{'total_norm': tensor(0.0584, device='cuda:0')}
INFO:root:{'total_norm': tensor(0.0113, device='cuda:0')}
INFO:root:{'total_norm': tensor(2.5330e-06, device='cuda:0')}
INFO:root:{'total_norm': tensor(0.0532, device='cuda:0')}
INFO:root:{'total_norm': tensor(0.0003, device='cuda:0')}
INFO:root:{'total_norm': tensor(0.0001, device='cuda:0')}
INFO:root:{'total_norm': tensor(0.0026, device='cuda:0')}
INFO:root:{'total_norm': tensor(0.0001, device='cuda:0')}
INFO:root:{'total_norm': tensor(0.0451, device='cuda:0')}
INFO:root:lr=0.1
INFO:root:Round 38's server1 train acc:  15.05%, train loss: 2.3067
INFO:root:Round 38's server2 train acc:  15.05%, train loss: 2.3067
INFO:root:Round 38's server  test  acc:  15.40%, test  loss: 2.2955
INFO:root:selected clients: [3 7 0 2 8 9 6 5 1 4]
INFO:root:{'total_norm': tensor(6.8506e-10, device='cuda:0')}
INFO:root:{'total_norm': tensor(0.0133, device='cuda:0')}
INFO:root:{'total_norm': tensor(0.0088, device='cuda:0')}
INFO:root:{'total_norm': tensor(0.0143, device='cuda:0')}
INFO:root:{'total_norm': tensor(0.0281, device='cuda:0')}
INFO:root:{'total_norm': tensor(5.4107e-10, device='cuda:0')}
INFO:root:{'total_norm': tensor(6.5431e-06, device='cuda:0')}
INFO:root:{'total_norm': tensor(5.9612e-05, device='cuda:0')}
INFO:root:{'total_norm': tensor(0.0136, device='cuda:0')}
INFO:root:{'total_norm': tensor(0.0112, device='cuda:0')}
INFO:root:lr=0.1
INFO:root:Round 39's server1 train acc:  12.79%, train loss: 2.2862
INFO:root:Round 39's server2 train acc:  12.79%, train loss: 2.2862
INFO:root:Round 39's server  test  acc:  13.98%, test  loss: 2.2730
INFO:root:selected clients: [1 8 6 2 9 7 4 3 5 0]
INFO:root:{'total_norm': tensor(3.1852e-05, device='cuda:0')}
INFO:root:{'total_norm': tensor(4.2285e-05, device='cuda:0')}
INFO:root:{'total_norm': tensor(0.0259, device='cuda:0')}
INFO:root:{'total_norm': tensor(0.0008, device='cuda:0')}
INFO:root:{'total_norm': tensor(0.0036, device='cuda:0')}
INFO:root:{'total_norm': tensor(0.0002, device='cuda:0')}
INFO:root:{'total_norm': tensor(0.0003, device='cuda:0')}
INFO:root:{'total_norm': tensor(0.0005, device='cuda:0')}
INFO:root:{'total_norm': tensor(0.0214, device='cuda:0')}
INFO:root:{'total_norm': tensor(6.8010e-05, device='cuda:0')}
INFO:root:lr=0.1
INFO:root:Round 40's server1 train acc:  15.54%, train loss: 2.2732
INFO:root:Round 40's server2 train acc:  15.54%, train loss: 2.2732
INFO:root:Round 40's server  test  acc:  15.83%, test  loss: 2.2679
INFO:root:selected clients: [3 0 9 4 2 1 8 7 5 6]
INFO:root:{'total_norm': tensor(5.7888e-06, device='cuda:0')}
INFO:root:{'total_norm': tensor(0.0012, device='cuda:0')}
INFO:root:{'total_norm': tensor(6.0589e-07, device='cuda:0')}
INFO:root:{'total_norm': tensor(0.0014, device='cuda:0')}
INFO:root:{'total_norm': tensor(0.0017, device='cuda:0')}
INFO:root:{'total_norm': tensor(0.0073, device='cuda:0')}
INFO:root:{'total_norm': tensor(0.0077, device='cuda:0')}
INFO:root:{'total_norm': tensor(0.0047, device='cuda:0')}
INFO:root:{'total_norm': tensor(3.8673e-05, device='cuda:0')}
INFO:root:{'total_norm': tensor(1.2769e-05, device='cuda:0')}
INFO:root:lr=0.1
INFO:root:Round 41's server1 train acc:  16.03%, train loss: 2.2673
INFO:root:Round 41's server2 train acc:  16.03%, train loss: 2.2673
INFO:root:Round 41's server  test  acc:  20.39%, test  loss: 2.2580
INFO:root:selected clients: [6 2 9 7 1 4 3 8 0 5]
INFO:root:{'total_norm': tensor(0.0042, device='cuda:0')}
INFO:root:{'total_norm': tensor(0.0002, device='cuda:0')}
INFO:root:{'total_norm': tensor(0.0002, device='cuda:0')}
INFO:root:{'total_norm': tensor(0.0011, device='cuda:0')}
INFO:root:{'total_norm': tensor(6.5319e-06, device='cuda:0')}
INFO:root:{'total_norm': tensor(1.1225e-06, device='cuda:0')}
INFO:root:{'total_norm': tensor(0.0019, device='cuda:0')}
INFO:root:{'total_norm': tensor(0.0008, device='cuda:0')}
INFO:root:{'total_norm': tensor(0.0002, device='cuda:0')}
INFO:root:{'total_norm': tensor(0.0051, device='cuda:0')}
INFO:root:lr=0.1
INFO:root:Round 42's server1 train acc:  17.65%, train loss: 2.2629
INFO:root:Round 42's server2 train acc:  17.65%, train loss: 2.2629
INFO:root:Round 42's server  test  acc:  19.41%, test  loss: 2.2573
INFO:root:selected clients: [6 3 1 7 0 9 8 4 2 5]
INFO:root:{'total_norm': tensor(1.8888e-05, device='cuda:0')}
INFO:root:{'total_norm': tensor(4.6271e-08, device='cuda:0')}
INFO:root:{'total_norm': tensor(0.0097, device='cuda:0')}
INFO:root:{'total_norm': tensor(0.0056, device='cuda:0')}
INFO:root:{'total_norm': tensor(0.0005, device='cuda:0')}
INFO:root:{'total_norm': tensor(4.1865e-06, device='cuda:0')}
INFO:root:{'total_norm': tensor(0.0003, device='cuda:0')}
INFO:root:{'total_norm': tensor(0.0007, device='cuda:0')}
INFO:root:{'total_norm': tensor(0.0208, device='cuda:0')}
INFO:root:{'total_norm': tensor(0.0001, device='cuda:0')}
INFO:root:lr=0.1
INFO:root:Round 43's server1 train acc:  17.23%, train loss: 2.2584
INFO:root:Round 43's server2 train acc:  17.23%, train loss: 2.2584
INFO:root:Round 43's server  test  acc:  21.23%, test  loss: 2.2484
INFO:root:selected clients: [1 4 0 8 9 6 3 5 2 7]
INFO:root:{'total_norm': tensor(1.2842e-05, device='cuda:0')}
INFO:root:{'total_norm': tensor(2.1688e-05, device='cuda:0')}
INFO:root:{'total_norm': tensor(6.6894e-05, device='cuda:0')}
INFO:root:{'total_norm': tensor(0.0006, device='cuda:0')}
INFO:root:{'total_norm': tensor(1.0774e-05, device='cuda:0')}
INFO:root:{'total_norm': tensor(0.0082, device='cuda:0')}
INFO:root:{'total_norm': tensor(0.0001, device='cuda:0')}
INFO:root:{'total_norm': tensor(0.0004, device='cuda:0')}
INFO:root:{'total_norm': tensor(8.4889e-05, device='cuda:0')}
INFO:root:{'total_norm': tensor(0.0007, device='cuda:0')}
INFO:root:lr=0.1
INFO:root:Round 44's server1 train acc:  19.05%, train loss: 2.2528
INFO:root:Round 44's server2 train acc:  19.05%, train loss: 2.2528
INFO:root:Round 44's server  test  acc:  20.75%, test  loss: 2.2463
INFO:root:selected clients: [0 4 8 9 3 2 7 1 6 5]
INFO:root:{'total_norm': tensor(0.0002, device='cuda:0')}
INFO:root:{'total_norm': tensor(2.6757e-05, device='cuda:0')}
INFO:root:{'total_norm': tensor(0.0033, device='cuda:0')}
INFO:root:{'total_norm': tensor(1.9988e-06, device='cuda:0')}
INFO:root:{'total_norm': tensor(4.7880e-08, device='cuda:0')}
INFO:root:{'total_norm': tensor(0.0141, device='cuda:0')}
INFO:root:{'total_norm': tensor(0.0086, device='cuda:0')}
INFO:root:{'total_norm': tensor(0.0016, device='cuda:0')}
INFO:root:{'total_norm': tensor(5.3605e-08, device='cuda:0')}
INFO:root:{'total_norm': tensor(4.7704e-05, device='cuda:0')}
INFO:root:lr=0.1
INFO:root:Round 45's server1 train acc:  19.73%, train loss: 2.2472
INFO:root:Round 45's server2 train acc:  19.73%, train loss: 2.2472
INFO:root:Round 45's server  test  acc:  24.26%, test  loss: 2.2370
INFO:root:selected clients: [6 4 7 1 9 8 2 0 3 5]
INFO:root:{'total_norm': tensor(0.0006, device='cuda:0')}
INFO:root:{'total_norm': tensor(1.1737e-07, device='cuda:0')}
INFO:root:{'total_norm': tensor(6.7552e-06, device='cuda:0')}
INFO:root:{'total_norm': tensor(0.0008, device='cuda:0')}
INFO:root:{'total_norm': tensor(4.6042e-06, device='cuda:0')}
INFO:root:{'total_norm': tensor(3.9056e-05, device='cuda:0')}
INFO:root:{'total_norm': tensor(0.0026, device='cuda:0')}
INFO:root:{'total_norm': tensor(4.6889e-06, device='cuda:0')}
INFO:root:{'total_norm': tensor(7.9716e-06, device='cuda:0')}
INFO:root:{'total_norm': tensor(0.0004, device='cuda:0')}
INFO:root:lr=0.1
INFO:root:Round 46's server1 train acc:  20.01%, train loss: 2.2429
INFO:root:Round 46's server2 train acc:  20.01%, train loss: 2.2429
INFO:root:Round 46's server  test  acc:  22.23%, test  loss: 2.2360
INFO:root:selected clients: [4 9 1 6 0 7 3 5 8 2]
INFO:root:{'total_norm': tensor(0.0015, device='cuda:0')}
INFO:root:{'total_norm': tensor(1.5852e-06, device='cuda:0')}
INFO:root:{'total_norm': tensor(0.0002, device='cuda:0')}
INFO:root:{'total_norm': tensor(2.4191e-06, device='cuda:0')}
INFO:root:{'total_norm': tensor(5.6607e-06, device='cuda:0')}
INFO:root:{'total_norm': tensor(0.0001, device='cuda:0')}
INFO:root:{'total_norm': tensor(1.4931e-06, device='cuda:0')}
INFO:root:{'total_norm': tensor(1.0803e-07, device='cuda:0')}
INFO:root:{'total_norm': tensor(6.1537e-05, device='cuda:0')}
INFO:root:{'total_norm': tensor(0.0023, device='cuda:0')}
INFO:root:lr=0.1
INFO:root:Round 47's server1 train acc:  17.73%, train loss: 2.2440
INFO:root:Round 47's server2 train acc:  17.73%, train loss: 2.2440
INFO:root:Round 47's server  test  acc:  21.88%, test  loss: 2.2296
INFO:root:selected clients: [8 7 5 4 3 6 1 0 9 2]
INFO:root:{'total_norm': tensor(6.7640e-08, device='cuda:0')}
INFO:root:{'total_norm': tensor(0.0006, device='cuda:0')}
INFO:root:{'total_norm': tensor(0.0008, device='cuda:0')}
INFO:root:{'total_norm': tensor(4.5850e-06, device='cuda:0')}
INFO:root:{'total_norm': tensor(2.6146e-06, device='cuda:0')}
INFO:root:{'total_norm': tensor(0.0003, device='cuda:0')}
INFO:root:{'total_norm': tensor(0.0002, device='cuda:0')}
INFO:root:{'total_norm': tensor(0.0002, device='cuda:0')}
INFO:root:{'total_norm': tensor(1.1211e-05, device='cuda:0')}
INFO:root:{'total_norm': tensor(3.3004e-05, device='cuda:0')}
INFO:root:lr=0.1
INFO:root:Round 48's server1 train acc:  16.60%, train loss: 2.2508
INFO:root:Round 48's server2 train acc:  16.60%, train loss: 2.2508
INFO:root:Round 48's server  test  acc:  17.52%, test  loss: 2.2419
INFO:root:selected clients: [6 0 3 7 4 8 2 1 5 9]
INFO:root:{'total_norm': tensor(2.4602e-06, device='cuda:0')}
INFO:root:{'total_norm': tensor(8.9350e-05, device='cuda:0')}
INFO:root:{'total_norm': tensor(4.2605e-09, device='cuda:0')}
INFO:root:{'total_norm': tensor(0.0013, device='cuda:0')}
INFO:root:{'total_norm': tensor(1.9683e-05, device='cuda:0')}
INFO:root:{'total_norm': tensor(0.0010, device='cuda:0')}
INFO:root:{'total_norm': tensor(0.0040, device='cuda:0')}
INFO:root:{'total_norm': tensor(0.0095, device='cuda:0')}
INFO:root:{'total_norm': tensor(2.8184e-05, device='cuda:0')}
INFO:root:{'total_norm': tensor(4.0213e-06, device='cuda:0')}
INFO:root:lr=0.1
INFO:root:Round 49's server1 train acc:  12.86%, train loss: 2.2844
INFO:root:Round 49's server2 train acc:  12.86%, train loss: 2.2844
INFO:root:Round 49's server  test  acc:  14.98%, test  loss: 2.2533
INFO:root:selected clients: [2 3 5 6 1 4 7 0 9 8]
INFO:root:{'total_norm': tensor(0.0016, device='cuda:0')}
INFO:root:{'total_norm': tensor(0.0006, device='cuda:0')}
INFO:root:{'total_norm': tensor(0.0035, device='cuda:0')}
INFO:root:{'total_norm': tensor(0.0125, device='cuda:0')}
INFO:root:{'total_norm': tensor(9.6624e-07, device='cuda:0')}
INFO:root:{'total_norm': tensor(2.6341e-06, device='cuda:0')}
INFO:root:{'total_norm': tensor(4.9144e-06, device='cuda:0')}
INFO:root:{'total_norm': tensor(4.3203e-06, device='cuda:0')}
INFO:root:{'total_norm': tensor(0.0003, device='cuda:0')}
INFO:root:{'total_norm': tensor(1.9553e-06, device='cuda:0')}
INFO:root:lr=0.1
INFO:root:Round 50's server1 train acc:  13.70%, train loss: 2.3140
INFO:root:Round 50's server2 train acc:  13.70%, train loss: 2.3140
INFO:root:Round 50's server  test  acc:  14.53%, test  loss: 2.2949
INFO:root:selected clients: [1 8 4 5 7 9 6 0 3 2]
INFO:root:{'total_norm': tensor(0.0165, device='cuda:0')}
INFO:root:{'total_norm': tensor(0.0600, device='cuda:0')}
INFO:root:{'total_norm': tensor(0.0103, device='cuda:0')}
INFO:root:{'total_norm': tensor(2.5835e-06, device='cuda:0')}
INFO:root:{'total_norm': tensor(0.0333, device='cuda:0')}
INFO:root:{'total_norm': tensor(5.5237e-07, device='cuda:0')}
INFO:root:{'total_norm': tensor(1.8404e-09, device='cuda:0')}
INFO:root:{'total_norm': tensor(0.0093, device='cuda:0')}
INFO:root:{'total_norm': tensor(1.2515e-09, device='cuda:0')}
INFO:root:{'total_norm': tensor(0.0077, device='cuda:0')}
INFO:root:lr=0.1
INFO:root:Round 51's server1 train acc:  12.88%, train loss: 2.3593
INFO:root:Round 51's server2 train acc:  12.88%, train loss: 2.3593
INFO:root:Round 51's server  test  acc:  14.13%, test  loss: 2.3087
INFO:root:selected clients: [3 8 1 7 6 2 5 4 0 9]
INFO:root:{'total_norm': tensor(0.0430, device='cuda:0')}
INFO:root:{'total_norm': tensor(4.2464e-05, device='cuda:0')}
INFO:root:{'total_norm': tensor(3.5806e-08, device='cuda:0')}
INFO:root:{'total_norm': tensor(0.0021, device='cuda:0')}
INFO:root:{'total_norm': tensor(0.0500, device='cuda:0')}
INFO:root:{'total_norm': tensor(0.0022, device='cuda:0')}
INFO:root:{'total_norm': tensor(0.0454, device='cuda:0')}
INFO:root:{'total_norm': tensor(4.2644e-05, device='cuda:0')}
INFO:root:{'total_norm': tensor(0.0002, device='cuda:0')}
INFO:root:{'total_norm': tensor(0.0169, device='cuda:0')}
INFO:root:lr=0.1
INFO:root:Round 52's server1 train acc:  15.42%, train loss: 2.2780
INFO:root:Round 52's server2 train acc:  15.42%, train loss: 2.2780
INFO:root:Round 52's server  test  acc:  15.56%, test  loss: 2.2684
INFO:root:selected clients: [3 4 2 9 6 8 5 0 1 7]
INFO:root:{'total_norm': tensor(2.6484e-10, device='cuda:0')}
INFO:root:{'total_norm': tensor(0.0057, device='cuda:0')}
INFO:root:{'total_norm': tensor(0.0079, device='cuda:0')}
INFO:root:{'total_norm': tensor(1.0375e-06, device='cuda:0')}
INFO:root:{'total_norm': tensor(2.4510e-06, device='cuda:0')}
INFO:root:{'total_norm': tensor(0.0052, device='cuda:0')}
INFO:root:{'total_norm': tensor(7.6856e-10, device='cuda:0')}
INFO:root:{'total_norm': tensor(0.0230, device='cuda:0')}
INFO:root:{'total_norm': tensor(0.0601, device='cuda:0')}
INFO:root:{'total_norm': tensor(0.1538, device='cuda:0')}
INFO:root:lr=0.1
INFO:root:Round 53's server1 train acc:  15.32%, train loss: 2.2633
INFO:root:Round 53's server2 train acc:  15.32%, train loss: 2.2633
INFO:root:Round 53's server  test  acc:  19.26%, test  loss: 2.2438
INFO:root:selected clients: [3 0 5 8 7 1 9 2 4 6]
INFO:root:{'total_norm': tensor(0.0135, device='cuda:0')}
INFO:root:{'total_norm': tensor(0.0002, device='cuda:0')}
INFO:root:{'total_norm': tensor(0.0258, device='cuda:0')}
INFO:root:{'total_norm': tensor(0.0002, device='cuda:0')}
INFO:root:{'total_norm': tensor(0.0011, device='cuda:0')}
INFO:root:{'total_norm': tensor(3.7221e-05, device='cuda:0')}
INFO:root:{'total_norm': tensor(0.0056, device='cuda:0')}
INFO:root:{'total_norm': tensor(0.0002, device='cuda:0')}
INFO:root:{'total_norm': tensor(1.5980e-05, device='cuda:0')}
INFO:root:{'total_norm': tensor(0.0261, device='cuda:0')}
INFO:root:lr=0.1
INFO:root:Round 54's server1 train acc:  16.75%, train loss: 2.2464
INFO:root:Round 54's server2 train acc:  16.75%, train loss: 2.2464
INFO:root:Round 54's server  test  acc:  17.49%, test  loss: 2.2412
INFO:root:selected clients: [3 7 1 9 4 6 2 8 0 5]
INFO:root:{'total_norm': tensor(1.0660e-08, device='cuda:0')}
INFO:root:{'total_norm': tensor(0.0045, device='cuda:0')}
INFO:root:{'total_norm': tensor(0.0022, device='cuda:0')}
INFO:root:{'total_norm': tensor(1.4213e-07, device='cuda:0')}
INFO:root:{'total_norm': tensor(0.0165, device='cuda:0')}
INFO:root:{'total_norm': tensor(5.8144e-07, device='cuda:0')}
INFO:root:{'total_norm': tensor(0.0110, device='cuda:0')}
INFO:root:{'total_norm': tensor(0.0044, device='cuda:0')}
INFO:root:{'total_norm': tensor(0.0014, device='cuda:0')}
INFO:root:{'total_norm': tensor(5.3889e-07, device='cuda:0')}
INFO:root:lr=0.1
INFO:root:Round 55's server1 train acc:  19.48%, train loss: 2.2340
INFO:root:Round 55's server2 train acc:  19.48%, train loss: 2.2340
INFO:root:Round 55's server  test  acc:  22.96%, test  loss: 2.2202
INFO:root:selected clients: [4 1 5 8 3 7 6 9 0 2]
INFO:root:{'total_norm': tensor(1.1728e-06, device='cuda:0')}
INFO:root:{'total_norm': tensor(3.8529e-05, device='cuda:0')}
INFO:root:{'total_norm': tensor(0.0091, device='cuda:0')}
INFO:root:{'total_norm': tensor(0.0002, device='cuda:0')}
INFO:root:{'total_norm': tensor(1.8389e-05, device='cuda:0')}
INFO:root:{'total_norm': tensor(0.0011, device='cuda:0')}
INFO:root:{'total_norm': tensor(0.0004, device='cuda:0')}
INFO:root:{'total_norm': tensor(0.0001, device='cuda:0')}
INFO:root:{'total_norm': tensor(0.0002, device='cuda:0')}
INFO:root:{'total_norm': tensor(0.0039, device='cuda:0')}
INFO:root:lr=0.1
INFO:root:Round 56's server1 train acc:  20.49%, train loss: 2.2197
INFO:root:Round 56's server2 train acc:  20.49%, train loss: 2.2197
INFO:root:Round 56's server  test  acc:  22.64%, test  loss: 2.2129
INFO:root:selected clients: [1 7 5 4 0 6 3 8 9 2]
INFO:root:{'total_norm': tensor(0.0005, device='cuda:0')}
INFO:root:{'total_norm': tensor(0.0137, device='cuda:0')}
INFO:root:{'total_norm': tensor(4.6297e-05, device='cuda:0')}
INFO:root:{'total_norm': tensor(0.0002, device='cuda:0')}
INFO:root:{'total_norm': tensor(0.0002, device='cuda:0')}
INFO:root:{'total_norm': tensor(1.3613e-08, device='cuda:0')}
INFO:root:{'total_norm': tensor(6.6923e-10, device='cuda:0')}
INFO:root:{'total_norm': tensor(0.0004, device='cuda:0')}
INFO:root:{'total_norm': tensor(8.1730e-06, device='cuda:0')}
INFO:root:{'total_norm': tensor(0.0016, device='cuda:0')}
INFO:root:lr=0.1
INFO:root:Round 57's server1 train acc:  21.38%, train loss: 2.2160
INFO:root:Round 57's server2 train acc:  21.38%, train loss: 2.2160
INFO:root:Round 57's server  test  acc:  25.14%, test  loss: 2.1998
INFO:root:selected clients: [3 6 9 0 5 4 7 1 2 8]
INFO:root:{'total_norm': tensor(1.0374e-06, device='cuda:0')}
INFO:root:{'total_norm': tensor(0.0005, device='cuda:0')}
INFO:root:{'total_norm': tensor(0.0001, device='cuda:0')}
INFO:root:{'total_norm': tensor(0.0001, device='cuda:0')}
INFO:root:{'total_norm': tensor(3.8261e-05, device='cuda:0')}
INFO:root:{'total_norm': tensor(0.0028, device='cuda:0')}
INFO:root:{'total_norm': tensor(9.4910e-05, device='cuda:0')}
INFO:root:{'total_norm': tensor(0.0009, device='cuda:0')}
INFO:root:{'total_norm': tensor(0.0090, device='cuda:0')}
INFO:root:{'total_norm': tensor(3.5907e-05, device='cuda:0')}
INFO:root:lr=0.1
INFO:root:Round 58's server1 train acc:  19.58%, train loss: 2.2120
INFO:root:Round 58's server2 train acc:  19.58%, train loss: 2.2120
INFO:root:Round 58's server  test  acc:  21.18%, test  loss: 2.2043
INFO:root:selected clients: [8 7 3 1 0 9 5 2 4 6]
INFO:root:{'total_norm': tensor(0.0003, device='cuda:0')}
INFO:root:{'total_norm': tensor(0.0003, device='cuda:0')}
INFO:root:{'total_norm': tensor(1.2797e-09, device='cuda:0')}
INFO:root:{'total_norm': tensor(0.0031, device='cuda:0')}
INFO:root:{'total_norm': tensor(0.0049, device='cuda:0')}
INFO:root:{'total_norm': tensor(1.5991e-08, device='cuda:0')}
INFO:root:{'total_norm': tensor(2.3555e-06, device='cuda:0')}
INFO:root:{'total_norm': tensor(0.0059, device='cuda:0')}
INFO:root:{'total_norm': tensor(0.0005, device='cuda:0')}
INFO:root:{'total_norm': tensor(2.5187e-06, device='cuda:0')}
INFO:root:lr=0.1
INFO:root:Round 59's server1 train acc:  17.63%, train loss: 2.2418
INFO:root:Round 59's server2 train acc:  17.63%, train loss: 2.2418
INFO:root:Round 59's server  test  acc:  22.08%, test  loss: 2.2085
INFO:root:selected clients: [6 3 4 9 0 2 7 5 8 1]
INFO:root:{'total_norm': tensor(0.0040, device='cuda:0')}
INFO:root:{'total_norm': tensor(0.0032, device='cuda:0')}
INFO:root:{'total_norm': tensor(1.9658e-06, device='cuda:0')}
INFO:root:{'total_norm': tensor(3.1867e-05, device='cuda:0')}
INFO:root:{'total_norm': tensor(1.4328e-06, device='cuda:0')}
INFO:root:{'total_norm': tensor(0.0006, device='cuda:0')}
INFO:root:{'total_norm': tensor(3.0510e-09, device='cuda:0')}
INFO:root:{'total_norm': tensor(0.0328, device='cuda:0')}
INFO:root:{'total_norm': tensor(7.5100e-05, device='cuda:0')}
INFO:root:{'total_norm': tensor(7.3986e-05, device='cuda:0')}
INFO:root:lr=0.1
INFO:root:Round 60's server1 train acc:  14.08%, train loss: 2.2630
INFO:root:Round 60's server2 train acc:  14.08%, train loss: 2.2630
INFO:root:Round 60's server  test  acc:  14.72%, test  loss: 2.2492
INFO:root:selected clients: [4 7 6 1 9 2 3 8 5 0]
INFO:root:{'total_norm': tensor(0.0083, device='cuda:0')}
INFO:root:{'total_norm': tensor(0.0350, device='cuda:0')}
INFO:root:{'total_norm': tensor(6.0611e-12, device='cuda:0')}
INFO:root:{'total_norm': tensor(0.0082, device='cuda:0')}
INFO:root:{'total_norm': tensor(0.0001, device='cuda:0')}
INFO:root:{'total_norm': tensor(0.0013, device='cuda:0')}
INFO:root:{'total_norm': tensor(1.4982e-11, device='cuda:0')}
INFO:root:{'total_norm': tensor(0.0035, device='cuda:0')}
INFO:root:{'total_norm': tensor(6.8376e-10, device='cuda:0')}
INFO:root:{'total_norm': tensor(0.0057, device='cuda:0')}
INFO:root:lr=0.1
INFO:root:Round 61's server1 train acc:  12.94%, train loss: 2.3499
INFO:root:Round 61's server2 train acc:  12.94%, train loss: 2.3499
INFO:root:Round 61's server  test  acc:  14.71%, test  loss: 2.2855
INFO:root:selected clients: [0 7 2 9 1 8 6 3 5 4]
INFO:root:{'total_norm': tensor(7.9109e-06, device='cuda:0')}
INFO:root:{'total_norm': tensor(6.1464e-05, device='cuda:0')}
INFO:root:{'total_norm': tensor(0.0242, device='cuda:0')}
INFO:root:{'total_norm': tensor(0.0241, device='cuda:0')}
INFO:root:{'total_norm': tensor(7.6462e-05, device='cuda:0')}
INFO:root:{'total_norm': tensor(5.4544e-07, device='cuda:0')}
INFO:root:{'total_norm': tensor(0.0533, device='cuda:0')}
INFO:root:{'total_norm': tensor(0.0563, device='cuda:0')}
INFO:root:{'total_norm': tensor(0.0515, device='cuda:0')}
INFO:root:{'total_norm': tensor(4.0731e-05, device='cuda:0')}
INFO:root:lr=0.1
INFO:root:Round 62's server1 train acc:  16.35%, train loss: 2.2523
INFO:root:Round 62's server2 train acc:  16.35%, train loss: 2.2523
INFO:root:Round 62's server  test  acc:  16.83%, test  loss: 2.2439
INFO:root:selected clients: [4 2 6 1 8 3 5 9 7 0]
INFO:root:{'total_norm': tensor(0.0004, device='cuda:0')}
INFO:root:{'total_norm': tensor(0.0138, device='cuda:0')}
INFO:root:{'total_norm': tensor(9.7156e-11, device='cuda:0')}
INFO:root:{'total_norm': tensor(0.0121, device='cuda:0')}
INFO:root:{'total_norm': tensor(0.0248, device='cuda:0')}
INFO:root:{'total_norm': tensor(1.5286e-11, device='cuda:0')}
INFO:root:{'total_norm': tensor(4.2963e-09, device='cuda:0')}
INFO:root:{'total_norm': tensor(1.0328e-05, device='cuda:0')}
INFO:root:{'total_norm': tensor(0.0070, device='cuda:0')}
INFO:root:{'total_norm': tensor(0.1064, device='cuda:0')}
INFO:root:lr=0.1
INFO:root:Round 63's server1 train acc:  16.59%, train loss: 2.2536
INFO:root:Round 63's server2 train acc:  16.59%, train loss: 2.2536
INFO:root:Round 63's server  test  acc:  21.06%, test  loss: 2.2201
INFO:root:selected clients: [3 9 6 0 8 5 2 4 7 1]
INFO:root:{'total_norm': tensor(0.0087, device='cuda:0')}
INFO:root:{'total_norm': tensor(0.0024, device='cuda:0')}
INFO:root:{'total_norm': tensor(0.0013, device='cuda:0')}
INFO:root:{'total_norm': tensor(1.3805e-05, device='cuda:0')}
INFO:root:{'total_norm': tensor(2.0708e-05, device='cuda:0')}
INFO:root:{'total_norm': tensor(0.0033, device='cuda:0')}
INFO:root:{'total_norm': tensor(0.0033, device='cuda:0')}
INFO:root:{'total_norm': tensor(0.0002, device='cuda:0')}
INFO:root:{'total_norm': tensor(9.5980e-06, device='cuda:0')}
INFO:root:{'total_norm': tensor(0.0002, device='cuda:0')}
INFO:root:lr=0.1
INFO:root:Round 64's server1 train acc:  17.45%, train loss: 2.2103
INFO:root:Round 64's server2 train acc:  17.45%, train loss: 2.2103
INFO:root:Round 64's server  test  acc:  17.95%, test  loss: 2.2064
INFO:root:selected clients: [3 8 4 5 0 7 6 1 2 9]
INFO:root:{'total_norm': tensor(0.0007, device='cuda:0')}
INFO:root:{'total_norm': tensor(0.0023, device='cuda:0')}
INFO:root:{'total_norm': tensor(0.0010, device='cuda:0')}
INFO:root:{'total_norm': tensor(3.6304e-09, device='cuda:0')}
INFO:root:{'total_norm': tensor(0.0029, device='cuda:0')}
INFO:root:{'total_norm': tensor(0.0096, device='cuda:0')}
INFO:root:{'total_norm': tensor(4.9886e-07, device='cuda:0')}
INFO:root:{'total_norm': tensor(0.0025, device='cuda:0')}
INFO:root:{'total_norm': tensor(0.0105, device='cuda:0')}
INFO:root:{'total_norm': tensor(3.5913e-06, device='cuda:0')}
INFO:root:lr=0.1
INFO:root:Round 65's server1 train acc:  18.50%, train loss: 2.2261
INFO:root:Round 65's server2 train acc:  18.50%, train loss: 2.2261
INFO:root:Round 65's server  test  acc:  22.24%, test  loss: 2.1944
INFO:root:selected clients: [7 2 3 6 5 4 9 0 1 8]
INFO:root:{'total_norm': tensor(1.8646e-05, device='cuda:0')}
INFO:root:{'total_norm': tensor(0.0102, device='cuda:0')}
INFO:root:{'total_norm': tensor(0.0004, device='cuda:0')}
INFO:root:{'total_norm': tensor(0.0094, device='cuda:0')}
INFO:root:{'total_norm': tensor(0.0016, device='cuda:0')}
INFO:root:{'total_norm': tensor(0.0002, device='cuda:0')}
INFO:root:{'total_norm': tensor(0.0009, device='cuda:0')}
INFO:root:{'total_norm': tensor(0.0032, device='cuda:0')}
INFO:root:{'total_norm': tensor(8.7931e-09, device='cuda:0')}
INFO:root:{'total_norm': tensor(0.0001, device='cuda:0')}
INFO:root:lr=0.1
INFO:root:Round 66's server1 train acc:  17.12%, train loss: 2.2232
INFO:root:Round 66's server2 train acc:  17.12%, train loss: 2.2232
INFO:root:Round 66's server  test  acc:  17.97%, test  loss: 2.2166
INFO:root:selected clients: [5 1 6 9 3 4 0 8 2 7]
INFO:root:{'total_norm': tensor(5.2355e-07, device='cuda:0')}
INFO:root:{'total_norm': tensor(0.0375, device='cuda:0')}
INFO:root:{'total_norm': tensor(1.6009e-10, device='cuda:0')}
INFO:root:{'total_norm': tensor(5.5580e-07, device='cuda:0')}
INFO:root:{'total_norm': tensor(4.6925e-09, device='cuda:0')}
INFO:root:{'total_norm': tensor(0.0054, device='cuda:0')}
INFO:root:{'total_norm': tensor(0.0022, device='cuda:0')}
INFO:root:{'total_norm': tensor(7.0303e-05, device='cuda:0')}
INFO:root:{'total_norm': tensor(0.0236, device='cuda:0')}
INFO:root:{'total_norm': tensor(0.0139, device='cuda:0')}
INFO:root:lr=0.1
INFO:root:Round 67's server1 train acc:  15.72%, train loss: 2.2612
INFO:root:Round 67's server2 train acc:  15.72%, train loss: 2.2612
INFO:root:Round 67's server  test  acc:  19.81%, test  loss: 2.2123
INFO:root:selected clients: [2 1 0 3 9 7 8 5 6 4]
INFO:root:{'total_norm': tensor(0.0034, device='cuda:0')}
INFO:root:{'total_norm': tensor(6.1757e-08, device='cuda:0')}
INFO:root:{'total_norm': tensor(0.0092, device='cuda:0')}
INFO:root:{'total_norm': tensor(0.0100, device='cuda:0')}
INFO:root:{'total_norm': tensor(0.0002, device='cuda:0')}
INFO:root:{'total_norm': tensor(1.0708e-06, device='cuda:0')}
INFO:root:{'total_norm': tensor(0.0011, device='cuda:0')}
INFO:root:{'total_norm': tensor(0.0285, device='cuda:0')}
INFO:root:{'total_norm': tensor(0.0090, device='cuda:0')}
INFO:root:{'total_norm': tensor(0.0008, device='cuda:0')}
INFO:root:lr=0.1
INFO:root:Round 68's server1 train acc:  18.13%, train loss: 2.2147
INFO:root:Round 68's server2 train acc:  18.13%, train loss: 2.2147
INFO:root:Round 68's server  test  acc:  18.70%, test  loss: 2.2090
INFO:root:selected clients: [4 1 2 6 9 0 8 7 5 3]
INFO:root:{'total_norm': tensor(0.0014, device='cuda:0')}
INFO:root:{'total_norm': tensor(0.0510, device='cuda:0')}
INFO:root:{'total_norm': tensor(0.1568, device='cuda:0')}
INFO:root:{'total_norm': tensor(4.4375e-12, device='cuda:0')}
INFO:root:{'total_norm': tensor(2.7346e-05, device='cuda:0')}
INFO:root:{'total_norm': tensor(0.0127, device='cuda:0')}
INFO:root:{'total_norm': tensor(0.0036, device='cuda:0')}
INFO:root:{'total_norm': tensor(0.0621, device='cuda:0')}
INFO:root:{'total_norm': tensor(1.8139e-09, device='cuda:0')}
INFO:root:{'total_norm': tensor(4.0882e-09, device='cuda:0')}
INFO:root:lr=0.1
INFO:root:Round 69's server1 train acc:  17.31%, train loss: 2.2502
INFO:root:Round 69's server2 train acc:  17.31%, train loss: 2.2502
INFO:root:Round 69's server  test  acc:  21.29%, test  loss: 2.2077
INFO:root:selected clients: [1 4 3 8 0 2 9 7 5 6]
INFO:root:{'total_norm': tensor(5.1100e-05, device='cuda:0')}
INFO:root:{'total_norm': tensor(4.2290e-05, device='cuda:0')}
INFO:root:{'total_norm': tensor(0.0029, device='cuda:0')}
INFO:root:{'total_norm': tensor(0.0007, device='cuda:0')}
INFO:root:{'total_norm': tensor(2.3264e-05, device='cuda:0')}
INFO:root:{'total_norm': tensor(0.0071, device='cuda:0')}
INFO:root:{'total_norm': tensor(0.0088, device='cuda:0')}
INFO:root:{'total_norm': tensor(0.0004, device='cuda:0')}
INFO:root:{'total_norm': tensor(0.0315, device='cuda:0')}
INFO:root:{'total_norm': tensor(0.0292, device='cuda:0')}
INFO:root:lr=0.1
INFO:root:Round 70's server1 train acc:  17.31%, train loss: 2.2175
INFO:root:Round 70's server2 train acc:  17.31%, train loss: 2.2175
INFO:root:Round 70's server  test  acc:  18.19%, test  loss: 2.2128
INFO:root:selected clients: [4 8 9 3 1 6 5 0 2 7]
INFO:root:{'total_norm': tensor(0.0034, device='cuda:0')}
INFO:root:{'total_norm': tensor(0.0043, device='cuda:0')}
INFO:root:{'total_norm': tensor(1.6454e-05, device='cuda:0')}
INFO:root:{'total_norm': tensor(1.9024e-09, device='cuda:0')}
INFO:root:{'total_norm': tensor(0.0063, device='cuda:0')}
INFO:root:{'total_norm': tensor(2.0451e-14, device='cuda:0')}
INFO:root:{'total_norm': tensor(5.6221e-08, device='cuda:0')}
INFO:root:{'total_norm': tensor(0.0050, device='cuda:0')}
INFO:root:{'total_norm': tensor(0.0564, device='cuda:0')}
INFO:root:{'total_norm': tensor(0.0317, device='cuda:0')}
INFO:root:lr=0.1
INFO:root:Round 71's server1 train acc:  19.75%, train loss: 2.2220
INFO:root:Round 71's server2 train acc:  19.75%, train loss: 2.2220
INFO:root:Round 71's server  test  acc:  23.50%, test  loss: 2.1853
INFO:root:selected clients: [8 3 1 5 4 0 2 6 7 9]
INFO:root:{'total_norm': tensor(0.0012, device='cuda:0')}
INFO:root:{'total_norm': tensor(0.0231, device='cuda:0')}
INFO:root:{'total_norm': tensor(0.0024, device='cuda:0')}
INFO:root:{'total_norm': tensor(0.0168, device='cuda:0')}
INFO:root:{'total_norm': tensor(0.0004, device='cuda:0')}
INFO:root:{'total_norm': tensor(8.6968e-09, device='cuda:0')}
INFO:root:{'total_norm': tensor(0.0196, device='cuda:0')}
INFO:root:{'total_norm': tensor(0.0027, device='cuda:0')}
INFO:root:{'total_norm': tensor(9.5749e-06, device='cuda:0')}
INFO:root:{'total_norm': tensor(0.0002, device='cuda:0')}
INFO:root:lr=0.1
INFO:root:Round 72's server1 train acc:  16.86%, train loss: 2.2018
INFO:root:Round 72's server2 train acc:  16.86%, train loss: 2.2018
INFO:root:Round 72's server  test  acc:  17.19%, test  loss: 2.1974
INFO:root:selected clients: [1 9 7 4 8 0 2 5 3 6]
INFO:root:{'total_norm': tensor(0.0076, device='cuda:0')}
INFO:root:{'total_norm': tensor(1.4989e-05, device='cuda:0')}
INFO:root:{'total_norm': tensor(0.0807, device='cuda:0')}
INFO:root:{'total_norm': tensor(0.0105, device='cuda:0')}
INFO:root:{'total_norm': tensor(0.0042, device='cuda:0')}
INFO:root:{'total_norm': tensor(0.3386, device='cuda:0')}
INFO:root:{'total_norm': tensor(0.0315, device='cuda:0')}
INFO:root:{'total_norm': tensor(2.0925e-09, device='cuda:0')}
INFO:root:{'total_norm': tensor(1.3361e-09, device='cuda:0')}
INFO:root:{'total_norm': tensor(1.2273e-11, device='cuda:0')}
INFO:root:lr=0.1
INFO:root:Round 73's server1 train acc:  19.68%, train loss: 2.2294
INFO:root:Round 73's server2 train acc:  19.68%, train loss: 2.2294
INFO:root:Round 73's server  test  acc:  22.53%, test  loss: 2.1900
INFO:root:selected clients: [8 6 5 0 7 3 1 2 9 4]
INFO:root:{'total_norm': tensor(0.0003, device='cuda:0')}
INFO:root:{'total_norm': tensor(0.0105, device='cuda:0')}
INFO:root:{'total_norm': tensor(0.0014, device='cuda:0')}
INFO:root:{'total_norm': tensor(1.9054e-05, device='cuda:0')}
INFO:root:{'total_norm': tensor(0.0171, device='cuda:0')}
INFO:root:{'total_norm': tensor(0.0452, device='cuda:0')}
INFO:root:{'total_norm': tensor(0.0013, device='cuda:0')}
INFO:root:{'total_norm': tensor(0.0083, device='cuda:0')}
INFO:root:{'total_norm': tensor(0.0034, device='cuda:0')}
INFO:root:{'total_norm': tensor(1.1905e-05, device='cuda:0')}
INFO:root:lr=0.1
INFO:root:Round 74's server1 train acc:  17.94%, train loss: 2.2022
INFO:root:Round 74's server2 train acc:  17.94%, train loss: 2.2022
INFO:root:Round 74's server  test  acc:  18.46%, test  loss: 2.2002
INFO:root:selected clients: [7 8 0 3 1 2 6 5 4 9]
INFO:root:{'total_norm': tensor(0.0441, device='cuda:0')}
INFO:root:{'total_norm': tensor(0.0159, device='cuda:0')}
INFO:root:{'total_norm': tensor(0.0024, device='cuda:0')}
INFO:root:{'total_norm': tensor(9.2305e-11, device='cuda:0')}
INFO:root:{'total_norm': tensor(0.0853, device='cuda:0')}
INFO:root:{'total_norm': tensor(0.0408, device='cuda:0')}
INFO:root:{'total_norm': tensor(6.2839e-12, device='cuda:0')}
INFO:root:{'total_norm': tensor(1.7865e-09, device='cuda:0')}
INFO:root:{'total_norm': tensor(0.0012, device='cuda:0')}
INFO:root:{'total_norm': tensor(4.9815e-06, device='cuda:0')}
INFO:root:lr=0.1
INFO:root:Round 75's server1 train acc:  19.33%, train loss: 2.2429
INFO:root:Round 75's server2 train acc:  19.33%, train loss: 2.2429
INFO:root:Round 75's server  test  acc:  22.91%, test  loss: 2.1971
INFO:root:selected clients: [7 1 8 5 4 9 2 6 3 0]
INFO:root:{'total_norm': tensor(0.0177, device='cuda:0')}
INFO:root:{'total_norm': tensor(2.1214e-05, device='cuda:0')}
INFO:root:{'total_norm': tensor(0.0004, device='cuda:0')}
INFO:root:{'total_norm': tensor(0.0313, device='cuda:0')}
INFO:root:{'total_norm': tensor(2.0587e-06, device='cuda:0')}
INFO:root:{'total_norm': tensor(0.0056, device='cuda:0')}
INFO:root:{'total_norm': tensor(0.0345, device='cuda:0')}
INFO:root:{'total_norm': tensor(0.0293, device='cuda:0')}
INFO:root:{'total_norm': tensor(0.0213, device='cuda:0')}
INFO:root:{'total_norm': tensor(1.8741e-05, device='cuda:0')}
INFO:root:lr=0.1
INFO:root:Round 76's server1 train acc:  17.65%, train loss: 2.2044
INFO:root:Round 76's server2 train acc:  17.65%, train loss: 2.2044
INFO:root:Round 76's server  test  acc:  17.41%, test  loss: 2.2039
INFO:root:selected clients: [6 8 4 5 2 9 1 0 7 3]
INFO:root:{'total_norm': tensor(2.0294e-10, device='cuda:0')}
INFO:root:{'total_norm': tensor(0.0112, device='cuda:0')}
INFO:root:{'total_norm': tensor(0.0063, device='cuda:0')}
INFO:root:{'total_norm': tensor(8.4295e-09, device='cuda:0')}
INFO:root:{'total_norm': tensor(0.0364, device='cuda:0')}
INFO:root:{'total_norm': tensor(0.0002, device='cuda:0')}
INFO:root:{'total_norm': tensor(0.0773, device='cuda:0')}
INFO:root:{'total_norm': tensor(0.0324, device='cuda:0')}
INFO:root:{'total_norm': tensor(0.0844, device='cuda:0')}
INFO:root:{'total_norm': tensor(4.0832e-11, device='cuda:0')}
INFO:root:lr=0.1
INFO:root:Round 77's server1 train acc:  22.21%, train loss: 2.1761
INFO:root:Round 77's server2 train acc:  22.21%, train loss: 2.1761
INFO:root:Round 77's server  test  acc:  25.19%, test  loss: 2.1522
INFO:root:selected clients: [5 7 1 6 3 2 4 8 9 0]
INFO:root:{'total_norm': tensor(0.0134, device='cuda:0')}
INFO:root:{'total_norm': tensor(0.0006, device='cuda:0')}
INFO:root:{'total_norm': tensor(0.0062, device='cuda:0')}
INFO:root:{'total_norm': tensor(3.0900e-06, device='cuda:0')}
INFO:root:{'total_norm': tensor(0.0004, device='cuda:0')}
INFO:root:{'total_norm': tensor(0.0569, device='cuda:0')}
INFO:root:{'total_norm': tensor(7.6321e-06, device='cuda:0')}
INFO:root:{'total_norm': tensor(0.0004, device='cuda:0')}
INFO:root:{'total_norm': tensor(0.0007, device='cuda:0')}
INFO:root:{'total_norm': tensor(1.1617e-11, device='cuda:0')}
INFO:root:lr=0.1
INFO:root:Round 78's server1 train acc:  19.83%, train loss: 2.1628
INFO:root:Round 78's server2 train acc:  19.83%, train loss: 2.1628
INFO:root:Round 78's server  test  acc:  20.45%, test  loss: 2.1615
INFO:root:selected clients: [7 5 8 3 4 0 9 1 2 6]
INFO:root:{'total_norm': tensor(0.0628, device='cuda:0')}
INFO:root:{'total_norm': tensor(2.9288e-12, device='cuda:0')}
INFO:root:{'total_norm': tensor(0.0008, device='cuda:0')}
INFO:root:{'total_norm': tensor(3.0024e-10, device='cuda:0')}
INFO:root:{'total_norm': tensor(0.0052, device='cuda:0')}
INFO:root:{'total_norm': tensor(0.0659, device='cuda:0')}
INFO:root:{'total_norm': tensor(1.3311e-08, device='cuda:0')}
INFO:root:{'total_norm': tensor(0.0062, device='cuda:0')}
INFO:root:{'total_norm': tensor(0.0104, device='cuda:0')}
INFO:root:{'total_norm': tensor(1.0516e-14, device='cuda:0')}
INFO:root:lr=0.1
INFO:root:Round 79's server1 train acc:  18.98%, train loss: 2.2112
INFO:root:Round 79's server2 train acc:  18.98%, train loss: 2.2112
INFO:root:Round 79's server  test  acc:  22.28%, test  loss: 2.1543
INFO:root:selected clients: [9 7 4 1 3 0 6 2 8 5]
INFO:root:{'total_norm': tensor(0.0031, device='cuda:0')}
INFO:root:{'total_norm': tensor(6.2545e-07, device='cuda:0')}
INFO:root:{'total_norm': tensor(0.0002, device='cuda:0')}
INFO:root:{'total_norm': tensor(0.0013, device='cuda:0')}
INFO:root:{'total_norm': tensor(0.0023, device='cuda:0')}
INFO:root:{'total_norm': tensor(0.0028, device='cuda:0')}
INFO:root:{'total_norm': tensor(0.0023, device='cuda:0')}
INFO:root:{'total_norm': tensor(0.0136, device='cuda:0')}
INFO:root:{'total_norm': tensor(0.0002, device='cuda:0')}
INFO:root:{'total_norm': tensor(9.9480e-05, device='cuda:0')}
INFO:root:lr=0.1
INFO:root:Round 80's server1 train acc:  19.30%, train loss: 2.1790
INFO:root:Round 80's server2 train acc:  19.30%, train loss: 2.1790
INFO:root:Round 80's server  test  acc:  20.11%, test  loss: 2.1771
INFO:root:selected clients: [4 2 6 3 0 1 7 8 5 9]
INFO:root:{'total_norm': tensor(0.0003, device='cuda:0')}
INFO:root:{'total_norm': tensor(0.0139, device='cuda:0')}
INFO:root:{'total_norm': tensor(1.8849e-11, device='cuda:0')}
INFO:root:{'total_norm': tensor(4.6652e-11, device='cuda:0')}
INFO:root:{'total_norm': tensor(0.0137, device='cuda:0')}
INFO:root:{'total_norm': tensor(0.0051, device='cuda:0')}
INFO:root:{'total_norm': tensor(0.0860, device='cuda:0')}
INFO:root:{'total_norm': tensor(0.0012, device='cuda:0')}
INFO:root:{'total_norm': tensor(2.4640e-10, device='cuda:0')}
INFO:root:{'total_norm': tensor(1.4022e-09, device='cuda:0')}
INFO:root:lr=0.1
INFO:root:Round 81's server1 train acc:  22.16%, train loss: 2.1774
INFO:root:Round 81's server2 train acc:  22.16%, train loss: 2.1774
INFO:root:Round 81's server  test  acc:  24.86%, test  loss: 2.1416
INFO:root:selected clients: [7 5 8 9 2 3 0 4 6 1]
INFO:root:{'total_norm': tensor(2.1049e-05, device='cuda:0')}
INFO:root:{'total_norm': tensor(5.1034e-06, device='cuda:0')}
INFO:root:{'total_norm': tensor(1.5056e-06, device='cuda:0')}
INFO:root:{'total_norm': tensor(0.0044, device='cuda:0')}
INFO:root:{'total_norm': tensor(0.0053, device='cuda:0')}
INFO:root:{'total_norm': tensor(0.0079, device='cuda:0')}
INFO:root:{'total_norm': tensor(5.0035e-09, device='cuda:0')}
INFO:root:{'total_norm': tensor(5.1537e-06, device='cuda:0')}
INFO:root:{'total_norm': tensor(9.4557e-05, device='cuda:0')}
INFO:root:{'total_norm': tensor(7.9852e-05, device='cuda:0')}
INFO:root:lr=0.1
INFO:root:Round 82's server1 train acc:  22.94%, train loss: 2.1335
INFO:root:Round 82's server2 train acc:  22.94%, train loss: 2.1335
INFO:root:Round 82's server  test  acc:  24.93%, test  loss: 2.1289
INFO:root:selected clients: [1 5 0 6 9 2 4 8 3 7]
INFO:root:{'total_norm': tensor(0.0004, device='cuda:0')}
INFO:root:{'total_norm': tensor(1.2549e-09, device='cuda:0')}
INFO:root:{'total_norm': tensor(0.0238, device='cuda:0')}
INFO:root:{'total_norm': tensor(7.3116e-10, device='cuda:0')}
INFO:root:{'total_norm': tensor(9.6050e-07, device='cuda:0')}
INFO:root:{'total_norm': tensor(0.0099, device='cuda:0')}
INFO:root:{'total_norm': tensor(0.0061, device='cuda:0')}
INFO:root:{'total_norm': tensor(0.0029, device='cuda:0')}
INFO:root:{'total_norm': tensor(9.5572e-11, device='cuda:0')}
INFO:root:{'total_norm': tensor(0.0163, device='cuda:0')}
INFO:root:lr=0.1
INFO:root:Round 83's server1 train acc:  21.36%, train loss: 2.1698
INFO:root:Round 83's server2 train acc:  21.36%, train loss: 2.1698
INFO:root:Round 83's server  test  acc:  24.70%, test  loss: 2.1291
INFO:root:selected clients: [5 9 7 1 6 0 8 4 3 2]
INFO:root:{'total_norm': tensor(1.0404e-05, device='cuda:0')}
INFO:root:{'total_norm': tensor(6.9661e-06, device='cuda:0')}
INFO:root:{'total_norm': tensor(0.0003, device='cuda:0')}
INFO:root:{'total_norm': tensor(0.0001, device='cuda:0')}
INFO:root:{'total_norm': tensor(0.0088, device='cuda:0')}
INFO:root:{'total_norm': tensor(0.0008, device='cuda:0')}
INFO:root:{'total_norm': tensor(0.0013, device='cuda:0')}
INFO:root:{'total_norm': tensor(0.0001, device='cuda:0')}
INFO:root:{'total_norm': tensor(0.0024, device='cuda:0')}
INFO:root:{'total_norm': tensor(0.0015, device='cuda:0')}
INFO:root:lr=0.1
INFO:root:Round 84's server1 train acc:  21.38%, train loss: 2.1406
INFO:root:Round 84's server2 train acc:  21.38%, train loss: 2.1406
INFO:root:Round 84's server  test  acc:  21.61%, test  loss: 2.1374
INFO:root:selected clients: [2 5 0 4 3 6 1 7 8 9]
INFO:root:{'total_norm': tensor(0.0193, device='cuda:0')}
INFO:root:{'total_norm': tensor(2.6714e-09, device='cuda:0')}
INFO:root:{'total_norm': tensor(0.0025, device='cuda:0')}
INFO:root:{'total_norm': tensor(0.0002, device='cuda:0')}
INFO:root:{'total_norm': tensor(4.7292e-11, device='cuda:0')}
INFO:root:{'total_norm': tensor(1.4185e-11, device='cuda:0')}
INFO:root:{'total_norm': tensor(0.0032, device='cuda:0')}
INFO:root:{'total_norm': tensor(0.0198, device='cuda:0')}
INFO:root:{'total_norm': tensor(2.3295e-05, device='cuda:0')}
INFO:root:{'total_norm': tensor(6.9439e-05, device='cuda:0')}
INFO:root:lr=0.1
INFO:root:Round 85's server1 train acc:  21.51%, train loss: 2.1658
INFO:root:Round 85's server2 train acc:  21.51%, train loss: 2.1658
INFO:root:Round 85's server  test  acc:  24.93%, test  loss: 2.1221
INFO:root:selected clients: [4 9 5 8 0 1 2 6 3 7]
INFO:root:{'total_norm': tensor(0.0017, device='cuda:0')}
INFO:root:{'total_norm': tensor(0.0012, device='cuda:0')}
INFO:root:{'total_norm': tensor(0.0002, device='cuda:0')}
INFO:root:{'total_norm': tensor(0.0003, device='cuda:0')}
INFO:root:{'total_norm': tensor(3.3742e-06, device='cuda:0')}
INFO:root:{'total_norm': tensor(6.2325e-05, device='cuda:0')}
INFO:root:{'total_norm': tensor(0.0002, device='cuda:0')}
INFO:root:{'total_norm': tensor(5.6859e-06, device='cuda:0')}
INFO:root:{'total_norm': tensor(0.0041, device='cuda:0')}
INFO:root:{'total_norm': tensor(0.0001, device='cuda:0')}
INFO:root:lr=0.1
INFO:root:Round 86's server1 train acc:  21.03%, train loss: 2.1443
INFO:root:Round 86's server2 train acc:  21.03%, train loss: 2.1443
INFO:root:Round 86's server  test  acc:  21.69%, test  loss: 2.1424
INFO:root:selected clients: [2 8 9 6 0 3 5 4 1 7]
INFO:root:{'total_norm': tensor(0.0208, device='cuda:0')}
INFO:root:{'total_norm': tensor(0.0012, device='cuda:0')}
INFO:root:{'total_norm': tensor(6.6087e-09, device='cuda:0')}
INFO:root:{'total_norm': tensor(3.2104e-16, device='cuda:0')}
INFO:root:{'total_norm': tensor(2.3067e-05, device='cuda:0')}
INFO:root:{'total_norm': tensor(5.3011e-11, device='cuda:0')}
INFO:root:{'total_norm': tensor(1.1400e-11, device='cuda:0')}
INFO:root:{'total_norm': tensor(0.0015, device='cuda:0')}
INFO:root:{'total_norm': tensor(0.0100, device='cuda:0')}
INFO:root:{'total_norm': tensor(0.0015, device='cuda:0')}
INFO:root:lr=0.1
INFO:root:Round 87's server1 train acc:  21.26%, train loss: 2.1778
INFO:root:Round 87's server2 train acc:  21.26%, train loss: 2.1778
INFO:root:Round 87's server  test  acc:  24.46%, test  loss: 2.1232
INFO:root:selected clients: [3 9 7 0 5 2 1 4 8 6]
INFO:root:{'total_norm': tensor(0.0008, device='cuda:0')}
INFO:root:{'total_norm': tensor(0.0034, device='cuda:0')}
INFO:root:{'total_norm': tensor(6.0441e-07, device='cuda:0')}
INFO:root:{'total_norm': tensor(7.2059e-10, device='cuda:0')}
INFO:root:{'total_norm': tensor(4.9163e-05, device='cuda:0')}
INFO:root:{'total_norm': tensor(0.0003, device='cuda:0')}
INFO:root:{'total_norm': tensor(9.4259e-06, device='cuda:0')}
INFO:root:{'total_norm': tensor(0.0011, device='cuda:0')}
INFO:root:{'total_norm': tensor(0.0001, device='cuda:0')}
INFO:root:{'total_norm': tensor(0.0006, device='cuda:0')}
INFO:root:lr=0.1
INFO:root:Round 88's server1 train acc:  20.03%, train loss: 2.1566
INFO:root:Round 88's server2 train acc:  20.03%, train loss: 2.1566
INFO:root:Round 88's server  test  acc:  19.85%, test  loss: 2.1576
INFO:root:selected clients: [1 9 0 6 3 2 7 8 4 5]
INFO:root:{'total_norm': tensor(0.0050, device='cuda:0')}
INFO:root:{'total_norm': tensor(0.0008, device='cuda:0')}
INFO:root:{'total_norm': tensor(0.0007, device='cuda:0')}
INFO:root:{'total_norm': tensor(5.5896e-11, device='cuda:0')}
INFO:root:{'total_norm': tensor(4.5251e-08, device='cuda:0')}
INFO:root:{'total_norm': tensor(0.1693, device='cuda:0')}
INFO:root:{'total_norm': tensor(0.0883, device='cuda:0')}
INFO:root:{'total_norm': tensor(0.0003, device='cuda:0')}
INFO:root:{'total_norm': tensor(0.0001, device='cuda:0')}
INFO:root:{'total_norm': tensor(1.7733e-12, device='cuda:0')}
INFO:root:lr=0.1
INFO:root:Round 89's server1 train acc:  17.46%, train loss: 2.2425
INFO:root:Round 89's server2 train acc:  17.46%, train loss: 2.2425
INFO:root:Round 89's server  test  acc:  21.95%, test  loss: 2.1686
INFO:root:selected clients: [0 7 1 4 8 9 6 5 3 2]
INFO:root:{'total_norm': tensor(5.4294e-07, device='cuda:0')}
INFO:root:{'total_norm': tensor(0.0001, device='cuda:0')}
INFO:root:{'total_norm': tensor(0.0015, device='cuda:0')}
INFO:root:{'total_norm': tensor(0.0002, device='cuda:0')}
INFO:root:{'total_norm': tensor(0.0008, device='cuda:0')}
INFO:root:{'total_norm': tensor(2.0044e-05, device='cuda:0')}
INFO:root:{'total_norm': tensor(0.0089, device='cuda:0')}
INFO:root:{'total_norm': tensor(0.0176, device='cuda:0')}
INFO:root:{'total_norm': tensor(0.0153, device='cuda:0')}
INFO:root:{'total_norm': tensor(0.0346, device='cuda:0')}
INFO:root:lr=0.1
INFO:root:Round 90's server1 train acc:  19.07%, train loss: 2.1495
INFO:root:Round 90's server2 train acc:  19.07%, train loss: 2.1495
INFO:root:Round 90's server  test  acc:  18.98%, test  loss: 2.1488
INFO:root:selected clients: [4 6 0 9 8 5 3 7 1 2]
INFO:root:{'total_norm': tensor(0.0001, device='cuda:0')}
INFO:root:{'total_norm': tensor(5.0206e-14, device='cuda:0')}
INFO:root:{'total_norm': tensor(0.0548, device='cuda:0')}
INFO:root:{'total_norm': tensor(5.8825e-08, device='cuda:0')}
INFO:root:{'total_norm': tensor(0.0283, device='cuda:0')}
INFO:root:{'total_norm': tensor(1.3914e-08, device='cuda:0')}
INFO:root:{'total_norm': tensor(6.2892e-11, device='cuda:0')}
INFO:root:{'total_norm': tensor(0.0389, device='cuda:0')}
INFO:root:{'total_norm': tensor(0.0023, device='cuda:0')}
INFO:root:{'total_norm': tensor(0.0626, device='cuda:0')}
INFO:root:lr=0.1
INFO:root:Round 91's server1 train acc:  20.73%, train loss: 2.1712
INFO:root:Round 91's server2 train acc:  20.73%, train loss: 2.1712
INFO:root:Round 91's server  test  acc:  23.82%, test  loss: 2.1227
INFO:root:selected clients: [1 3 4 2 9 0 7 8 5 6]
INFO:root:{'total_norm': tensor(9.7650e-05, device='cuda:0')}
INFO:root:{'total_norm': tensor(0.0262, device='cuda:0')}
INFO:root:{'total_norm': tensor(0.0002, device='cuda:0')}
INFO:root:{'total_norm': tensor(0.0202, device='cuda:0')}
INFO:root:{'total_norm': tensor(0.0072, device='cuda:0')}
INFO:root:{'total_norm': tensor(2.1157e-06, device='cuda:0')}
INFO:root:{'total_norm': tensor(0.0008, device='cuda:0')}
INFO:root:{'total_norm': tensor(0.0001, device='cuda:0')}
INFO:root:{'total_norm': tensor(1.5336e-05, device='cuda:0')}
INFO:root:{'total_norm': tensor(0.0022, device='cuda:0')}
INFO:root:lr=0.1
INFO:root:Round 92's server1 train acc:  21.95%, train loss: 2.1356
INFO:root:Round 92's server2 train acc:  21.95%, train loss: 2.1356
INFO:root:Round 92's server  test  acc:  22.28%, test  loss: 2.1386
INFO:root:selected clients: [7 1 5 8 0 6 4 2 9 3]
INFO:root:{'total_norm': tensor(0.0089, device='cuda:0')}
INFO:root:{'total_norm': tensor(0.0262, device='cuda:0')}
INFO:root:{'total_norm': tensor(1.3627e-17, device='cuda:0')}
INFO:root:{'total_norm': tensor(0.0246, device='cuda:0')}
INFO:root:{'total_norm': tensor(3.6780e-05, device='cuda:0')}
INFO:root:{'total_norm': tensor(4.9946e-11, device='cuda:0')}
INFO:root:{'total_norm': tensor(0.0013, device='cuda:0')}
INFO:root:{'total_norm': tensor(0.1080, device='cuda:0')}
INFO:root:{'total_norm': tensor(9.4999e-06, device='cuda:0')}
INFO:root:{'total_norm': tensor(1.5196e-06, device='cuda:0')}
INFO:root:lr=0.1
INFO:root:Round 93's server1 train acc:  22.24%, train loss: 2.1417
INFO:root:Round 93's server2 train acc:  22.24%, train loss: 2.1417
INFO:root:Round 93's server  test  acc:  25.27%, test  loss: 2.1015
INFO:root:selected clients: [5 8 1 7 0 9 2 3 6 4]
INFO:root:{'total_norm': tensor(0.0003, device='cuda:0')}
INFO:root:{'total_norm': tensor(7.3876e-05, device='cuda:0')}
INFO:root:{'total_norm': tensor(0.0036, device='cuda:0')}
INFO:root:{'total_norm': tensor(0.0013, device='cuda:0')}
INFO:root:{'total_norm': tensor(4.5647e-12, device='cuda:0')}
INFO:root:{'total_norm': tensor(1.2909e-05, device='cuda:0')}
INFO:root:{'total_norm': tensor(0.0242, device='cuda:0')}
INFO:root:{'total_norm': tensor(0.0049, device='cuda:0')}
INFO:root:{'total_norm': tensor(0.0005, device='cuda:0')}
INFO:root:{'total_norm': tensor(3.1656e-06, device='cuda:0')}
INFO:root:lr=0.1
INFO:root:Round 94's server1 train acc:  22.35%, train loss: 2.1283
INFO:root:Round 94's server2 train acc:  22.35%, train loss: 2.1283
INFO:root:Round 94's server  test  acc:  23.27%, test  loss: 2.1286
INFO:root:selected clients: [0 5 3 9 1 7 6 2 8 4]
INFO:root:{'total_norm': tensor(0.0005, device='cuda:0')}
INFO:root:{'total_norm': tensor(1.6440e-09, device='cuda:0')}
INFO:root:{'total_norm': tensor(8.2887e-10, device='cuda:0')}
INFO:root:{'total_norm': tensor(2.4505e-05, device='cuda:0')}
INFO:root:{'total_norm': tensor(0.0037, device='cuda:0')}
INFO:root:{'total_norm': tensor(0.0378, device='cuda:0')}
INFO:root:{'total_norm': tensor(9.5830e-15, device='cuda:0')}
INFO:root:{'total_norm': tensor(0.0187, device='cuda:0')}
INFO:root:{'total_norm': tensor(0.0154, device='cuda:0')}
INFO:root:{'total_norm': tensor(0.0001, device='cuda:0')}
INFO:root:lr=0.1
INFO:root:Round 95's server1 train acc:  23.91%, train loss: 2.1390
INFO:root:Round 95's server2 train acc:  23.91%, train loss: 2.1390
INFO:root:Round 95's server  test  acc:  26.34%, test  loss: 2.1056
INFO:root:selected clients: [6 0 7 5 9 1 8 3 2 4]
INFO:root:{'total_norm': tensor(1.4563e-06, device='cuda:0')}
INFO:root:{'total_norm': tensor(0.0055, device='cuda:0')}
INFO:root:{'total_norm': tensor(6.1947e-05, device='cuda:0')}
INFO:root:{'total_norm': tensor(1.2434e-11, device='cuda:0')}
INFO:root:{'total_norm': tensor(0.0171, device='cuda:0')}
INFO:root:{'total_norm': tensor(0.0002, device='cuda:0')}
INFO:root:{'total_norm': tensor(0.0002, device='cuda:0')}
INFO:root:{'total_norm': tensor(0.0050, device='cuda:0')}
INFO:root:{'total_norm': tensor(0.0185, device='cuda:0')}
INFO:root:{'total_norm': tensor(1.2891e-05, device='cuda:0')}
INFO:root:lr=0.1
INFO:root:Round 96's server1 train acc:  24.03%, train loss: 2.0940
INFO:root:Round 96's server2 train acc:  24.03%, train loss: 2.0940
INFO:root:Round 96's server  test  acc:  24.98%, test  loss: 2.0920
INFO:root:selected clients: [2 7 1 3 4 5 9 6 0 8]
INFO:root:{'total_norm': tensor(0.0196, device='cuda:0')}
INFO:root:{'total_norm': tensor(0.0027, device='cuda:0')}
INFO:root:{'total_norm': tensor(0.0003, device='cuda:0')}
INFO:root:{'total_norm': tensor(3.2669e-10, device='cuda:0')}
INFO:root:{'total_norm': tensor(1.1213e-06, device='cuda:0')}
INFO:root:{'total_norm': tensor(1.1496e-11, device='cuda:0')}
INFO:root:{'total_norm': tensor(6.9191e-09, device='cuda:0')}
INFO:root:{'total_norm': tensor(1.5336e-14, device='cuda:0')}
INFO:root:{'total_norm': tensor(5.2399e-05, device='cuda:0')}
INFO:root:{'total_norm': tensor(0.0028, device='cuda:0')}
INFO:root:lr=0.1
INFO:root:Round 97's server1 train acc:  22.69%, train loss: 2.1520
INFO:root:Round 97's server2 train acc:  22.69%, train loss: 2.1520
INFO:root:Round 97's server  test  acc:  26.45%, test  loss: 2.1007
INFO:root:selected clients: [1 7 4 6 0 3 2 8 5 9]
INFO:root:{'total_norm': tensor(0.0011, device='cuda:0')}
INFO:root:{'total_norm': tensor(5.6238e-05, device='cuda:0')}
INFO:root:{'total_norm': tensor(4.1206e-06, device='cuda:0')}
INFO:root:{'total_norm': tensor(7.2702e-06, device='cuda:0')}
INFO:root:{'total_norm': tensor(6.9326e-09, device='cuda:0')}
INFO:root:{'total_norm': tensor(0.0001, device='cuda:0')}
INFO:root:{'total_norm': tensor(0.0343, device='cuda:0')}
INFO:root:{'total_norm': tensor(0.0002, device='cuda:0')}
INFO:root:{'total_norm': tensor(8.0914e-06, device='cuda:0')}
INFO:root:{'total_norm': tensor(0.0003, device='cuda:0')}
INFO:root:lr=0.1
INFO:root:Round 98's server1 train acc:  22.01%, train loss: 2.1249
INFO:root:Round 98's server2 train acc:  22.01%, train loss: 2.1249
INFO:root:Round 98's server  test  acc:  22.10%, test  loss: 2.1247
INFO:root:selected clients: [1 9 6 2 3 8 4 7 5 0]
INFO:root:{'total_norm': tensor(0.0005, device='cuda:0')}
INFO:root:{'total_norm': tensor(2.8975e-05, device='cuda:0')}
INFO:root:{'total_norm': tensor(2.4563e-14, device='cuda:0')}
INFO:root:{'total_norm': tensor(0.0024, device='cuda:0')}
INFO:root:{'total_norm': tensor(1.1773e-08, device='cuda:0')}
INFO:root:{'total_norm': tensor(6.3894e-05, device='cuda:0')}
INFO:root:{'total_norm': tensor(0.0129, device='cuda:0')}
INFO:root:{'total_norm': tensor(0.1344, device='cuda:0')}
INFO:root:{'total_norm': tensor(1.8129e-14, device='cuda:0')}
INFO:root:{'total_norm': tensor(1.0988e-06, device='cuda:0')}
INFO:root:lr=0.1
INFO:root:Round 99's server1 train acc:  16.20%, train loss: 2.2799
INFO:root:Round 99's server2 train acc:  16.20%, train loss: 2.2799
INFO:root:Round 99's server  test  acc:  19.40%, test  loss: 2.1805
INFO:root:selected clients: [1 3 6 8 5 9 2 4 7 0]
INFO:root:{'total_norm': tensor(0.0002, device='cuda:0')}
INFO:root:{'total_norm': tensor(0.0259, device='cuda:0')}
INFO:root:{'total_norm': tensor(0.1165, device='cuda:0')}
INFO:root:{'total_norm': tensor(0.0058, device='cuda:0')}
INFO:root:{'total_norm': tensor(0.0094, device='cuda:0')}
INFO:root:{'total_norm': tensor(0.0120, device='cuda:0')}
INFO:root:{'total_norm': tensor(0.0059, device='cuda:0')}
INFO:root:{'total_norm': tensor(0.0236, device='cuda:0')}
INFO:root:{'total_norm': tensor(0.0001, device='cuda:0')}
INFO:root:{'total_norm': tensor(2.4340e-09, device='cuda:0')}
INFO:root:lr=0.1
INFO:root:Round 100's server1 train acc:  21.43%, train loss: 2.1257
INFO:root:Round 100's server2 train acc:  21.43%, train loss: 2.1257
INFO:root:Round 100's server  test  acc:  21.25%, test  loss: 2.1262
INFO:root:TrainingTime: 492.74130177497864 sec
